Best trial: 94. Best value: 0.858131:  98%|#########8| 98/100 [26:19<00:28, 14.43s/it]Best trial: 94. Best value: 0.858131:  98%|#########8| 98/100 [26:19<00:28, 14.43s/it]Best trial: 94. Best value: 0.858131:  99%|#########9| 99/100 [26:19<00:13, 13.30s/it]                                                                                      [32m[I 2026-07-20 14:45:07,930][0m Trial 99 finished with value: 0.8384910863784103 and parameters: {'depth': 5, 'learning_rate': 0.06773886505346029, 'l2_leaf_reg': 3.391769889550911, 'random_strength': 0.6383882960224037}. Best is trial 94 with value: 0.8581306017925737.[0m
Best trial: 94. Best value: 0.858131:  99%|#########9| 99/100 [26:34<00:13, 13.30s/it]Best trial: 94. Best value: 0.858131:  99%|#########9| 99/100 [26:34<00:13, 13.30s/it]Best trial: 94. Best value: 0.858131: 100%|##########| 100/100 [26:34<00:00, 13.63s/it]Best trial: 94. Best value: 0.858131: 100%|##########| 100/100 [26:34<00:00, 15.94s/it]

======================================================================
Saving Optuna Results
======================================================================
Trials saved to: ./outputs/optuna/199_catboost_optuna.csv
Best parameters saved to: ./outputs/optuna/199_catboost_optuna_best_params.yaml

======================================================================
Optuna Results
======================================================================

Best trial:
Trial number: 94
CV Accuracy: 0.8581
CV STD: 0.0207
Fold scores:
Fold 0: 0.8601
Fold 1: 0.8671
Fold 2: 0.8521
Fold 3: 0.8873
Fold 4: 0.8239

Best parameters:
depth: 5
learning_rate: 0.09984993623369727
l2_leaf_reg: 3.1197576358329733
random_strength: 0.2403295819462555

Top 10 trials:
 trial_number  cv_score   cv_std  params_depth  params_l2_leaf_reg  params_learning_rate  params_random_strength
           94  0.858131 0.020699             5            3.119758              0.099850                0.240330
           68  0.856742 0.018136             5            3.378510              0.085605                0.043072
           31  0.856732 0.017653             4            3.237027              0.099322                0.116843
           35  0.855343 0.018630             5            4.157693              0.067910                0.008753
           12  0.853935 0.018547             4            3.239036              0.096368                0.265290
           85  0.853925 0.018089             6            3.599784              0.080674                0.396488
           36  0.853915 0.012307             5            4.183138              0.064715                0.022054
           62  0.853915 0.021184             5            3.880041              0.076126                0.045509
           22  0.853905 0.015911             4            2.824209              0.098890                0.129360
            0  0.853905 0.019786             7            3.000000              0.050000                0.000000
