Best trial: 31. Best value: 0.856732:  33%|###3      | 33/100 [09:11<18:10, 16.27s/it]Best trial: 31. Best value: 0.856732:  33%|###3      | 33/100 [09:11<18:10, 16.27s/it]Best trial: 31. Best value: 0.856732:  34%|###4      | 34/100 [09:11<16:14, 14.76s/it]                                                                                      [32m[I 2026-07-20 14:28:01,054][0m Trial 34 finished with value: 0.8497094454840933 and parameters: {'depth': 5, 'learning_rate': 0.08477248675978527, 'l2_leaf_reg': 3.2245651191018627, 'random_strength': 0.09132616621273126}. Best is trial 31 with value: 0.8567320003939722.[0m
Best trial: 31. Best value: 0.856732:  34%|###4      | 34/100 [09:27<16:14, 14.76s/it]Best trial: 31. Best value: 0.856732:  34%|###4      | 34/100 [09:27<16:14, 14.76s/it]Best trial: 31. Best value: 0.856732:  35%|###5      | 35/100 [09:27<16:25, 15.15s/it]                                                                                      [32m[I 2026-07-20 14:28:18,853][0m Trial 35 finished with value: 0.8553432483009947 and parameters: {'depth': 5, 'learning_rate': 0.06791033701681794, 'l2_leaf_reg': 4.157692627101967, 'random_strength': 0.008753113271588342}. Best is trial 31 with value: 0.8567320003939722.[0m
Best trial: 31. Best value: 0.856732:  35%|###5      | 35/100 [09:45<16:25, 15.15s/it]Best trial: 31. Best value: 0.856732:  35%|###5      | 35/100 [09:45<16:25, 15.15s/it]Best trial: 31. Best value: 0.856732:  36%|###6      | 36/100 [09:45<17:00, 15.95s/it]                                                                                      [32m[I 2026-07-20 14:28:35,145][0m Trial 36 finished with value: 0.8539150989855214 and parameters: {'depth': 5, 'learning_rate': 0.06471471754853117, 'l2_leaf_reg': 4.18313836893011, 'random_strength': 0.022054142796235746}. Best is trial 31 with value: 0.8567320003939722.[0m
Best trial: 31. Best value: 0.856732:  36%|###6      | 36/100 [10:01<17:00, 15.95s/it]Best trial: 31. Best value: 0.856732:  36%|###6      | 36/100 [10:01<17:00, 15.95s/it]Best trial: 31. Best value: 0.856732:  37%|###7      | 37/100 [10:01<16:51, 16.05s/it]                                                                                      [32m[I 2026-07-20 14:28:53,871][0m Trial 37 finished with value: 0.852506648281296 and parameters: {'depth': 5, 'learning_rate': 0.06599399655572225, 'l2_leaf_reg': 4.213098446489759, 'random_strength': 0.0012253602796672425}. Best is trial 31 with value: 0.8567320003939722.[0m
Best trial: 31. Best value: 0.856732:  37%|###7      | 37/100 [10:20<16:51, 16.05s/it]Best trial: 31. Best value: 0.856732:  37%|###7      | 37/100 [10:20<16:51, 16.05s/it]Best trial: 31. Best value: 0.856732:  38%|###8      | 38/100 [10:20<17:24, 16.85s/it]                                                                                      [32m[I 2026-07-20 14:29:13,039][0m Trial 38 finished with value: 0.8469122426868907 and parameters: {'depth': 5, 'learning_rate': 0.07005853886380517, 'l2_leaf_reg': 5.1790933652627, 'random_strength': 0.28943462822676047}. Best is trial 31 with value: 0.8567320003939722.[0m
Best trial: 31. Best value: 0.856732:  38%|###8      | 38/100 [10:39<17:24, 16.85s/it]Best trial: 31. Best value: 0.856732:  38%|###8      | 38/100 [10:39<17:24, 16.85s/it]Best trial: 31. Best value: 0.856732:  39%|###9      | 39/100 [10:39<17:50, 17.55s/it]                                                                                      [32m[I 2026-07-20 14:29:29,600][0m Trial 39 finished with value: 0.845513641288289 and parameters: {'depth': 5, 'learning_rate': 0.08494157171392487, 'l2_leaf_reg': 5.335673134420344, 'random_strength': 0.37503410295689943}. Best is trial 31 with value: 0.8567320003939722.[0m
Best trial: 31. Best value: 0.856732:  39%|###9      | 39/100 [10:55<17:50, 17.55s/it]Best trial: 31. Best value: 0.856732:  39%|###9      | 39/100 [10:55<17:50, 17.55s/it]Best trial: 31. Best value: 0.856732:  40%|####      | 40/100 [10:55<17:15, 17.25s/it]                                                                                      [32m[I 2026-07-20 14:29:43,084][0m Trial 40 finished with value: 0.8412882891756132 and parameters: {'depth': 6, 'learning_rate': 0.05702085425497781, 'l2_leaf_reg': 3.9772776539223154, 'random_strength': 0.6200966403009869}. Best is trial 31 with value: 0.8567320003939722.[0m
Best trial: 31. Best value: 0.856732:  40%|####      | 40/100 [11:09<17:15, 17.25s/it]Best trial: 31. Best value: 0.856732:  40%|####      | 40/100 [11:09<17:15, 17.25s/it]Best trial: 31. Best value: 0.856732:  41%|####1     | 41/100 [11:09<15:51, 16.12s/it]                                                                                      [32m[I 2026-07-20 14:29:54,185][0m Trial 41 finished with value: 0.8398601398601399 and parameters: {'depth': 4, 'learning_rate': 0.036551209529394245, 'l2_leaf_reg': 3.4419699999654862, 'random_strength': 0.20473538910362352}. Best is trial 31 with value: 0.8567320003939722.[0m
Best trial: 31. Best value: 0.856732:  41%|####1     | 41/100 [11:20<15:51, 16.12s/it]Best trial: 31. Best value: 0.856732:  41%|####1     | 41/100 [11:20<15:51, 16.12s/it]Best trial: 31. Best value: 0.856732:  42%|####2     | 42/100 [11:20<14:07, 14.62s/it]                                                                                      [32m[I 2026-07-20 14:30:07,807][0m Trial 42 finished with value: 0.8412784398699891 and parameters: {'depth': 5, 'learning_rate': 0.04715262107698179, 'l2_leaf_reg': 4.408577908181286, 'random_strength': 0.07782614963403414}. Best is trial 31 with value: 0.8567320003939722.[0m
Best trial: 31. Best value: 0.856732:  42%|####2     | 42/100 [11:34<14:07, 14.62s/it]Best trial: 31. Best value: 0.856732:  42%|####2     | 42/100 [11:34<14:07, 14.62s/it]Best trial: 31. Best value: 0.856732:  43%|####3     | 43/100 [11:34<13:36, 14.32s/it]                                                                                      [32m[I 2026-07-20 14:30:23,879][0m Trial 43 finished with value: 0.8412882891756132 and parameters: {'depth': 6, 'learning_rate': 0.07726579810131094, 'l2_leaf_reg': 3.5589268952634523, 'random_strength': 1.9794967375963362}. Best is trial 31 with value: 0.8567320003939722.[0m
Best trial: 31. Best value: 0.856732:  43%|####3     | 43/100 [11:50<13:36, 14.32s/it]Best trial: 31. Best value: 0.856732:  43%|####3     | 43/100 [11:50<13:36, 14.32s/it]Best trial: 31. Best value: 0.856732:  44%|####4     | 44/100 [11:50<13:51, 14.84s/it]                                                                                      [32m[I 2026-07-20 14:30:42,738][0m Trial 44 finished with value: 0.8398896877770117 and parameters: {'depth': 7, 'learning_rate': 0.012303605068792616, 'l2_leaf_reg': 5.96284880194804, 'random_strength': 0.1879325525013819}. Best is trial 31 with value: 0.8567320003939722.[0m
Best trial: 31. Best value: 0.856732:  44%|####4     | 44/100 [12:09<13:51, 14.84s/it]Best trial: 31. Best value: 0.856732:  44%|####4     | 44/100 [12:09<13:51, 14.84s/it]Best trial: 31. Best value: 0.856732:  45%|####5     | 45/100 [12:09<14:42, 16.05s/it]                                                                                      [32m[I 2026-07-20 14:31:02,555][0m Trial 45 finished with value: 0.8314488328572835 and parameters: {'depth': 9, 'learning_rate': 0.06442218795946243, 'l2_leaf_reg': 3.049865823775352, 'random_strength': 1.810687765154778}. Best is trial 31 with value: 0.8567320003939722.[0m
Best trial: 31. Best value: 0.856732:  45%|####5     | 45/100 [12:28<14:42, 16.05s/it]Best trial: 31. Best value: 0.856732:  45%|####5     | 45/100 [12:28<14:42, 16.05s/it]Best trial: 31. Best value: 0.856732:  46%|####6     | 46/100 [12:28<15:27, 17.18s/it]                                                                                      [32m[I 2026-07-20 14:31:22,167][0m Trial 46 finished with value: 0.8469122426868907 and parameters: {'depth': 7, 'learning_rate': 0.08912480037845331, 'l2_leaf_reg': 4.944277581261627, 'random_strength': 0.0754328808928139}. Best is trial 31 with value: 0.8567320003939722.[0m
Best trial: 31. Best value: 0.856732:  46%|####6     | 46/100 [12:48<15:27, 17.18s/it]Best trial: 31. Best value: 0.856732:  46%|####6     | 46/100 [12:48<15:27, 17.18s/it]Best trial: 31. Best value: 0.856732:  47%|####6     | 47/100 [12:48<15:49, 17.91s/it]                                                                                      [32m[I 2026-07-20 14:31:32,632][0m Trial 47 finished with value: 0.832837584950261 and parameters: {'depth': 4, 'learning_rate': 0.04855227873414366, 'l2_leaf_reg': 2.489030280186693, 'random_strength': 1.3789009931922163}. Best is trial 31 with value: 0.8567320003939722.[0m
Best trial: 31. Best value: 0.856732:  47%|####6     | 47/100 [12:58<15:49, 17.91s/it]Best trial: 31. Best value: 0.856732:  47%|####6     | 47/100 [12:59<15:49, 17.91s/it]Best trial: 31. Best value: 0.856732:  48%|####8     | 48/100 [12:59<13:35, 15.68s/it]                                                                                      [32m[I 2026-07-20 14:31:46,897][0m Trial 48 finished with value: 0.8398699891657637 and parameters: {'depth': 5, 'learning_rate': 0.03650493461151393, 'l2_leaf_reg': 2.0543923298077065, 'random_strength': 0.4836411810338462}. Best is trial 31 with value: 0.8567320003939722.[0m
Best trial: 31. Best value: 0.856732:  48%|####8     | 48/100 [13:13<13:35, 15.68s/it]Best trial: 31. Best value: 0.856732:  48%|####8     | 48/100 [13:13<13:35, 15.68s/it]Best trial: 31. Best value: 0.856732:  49%|####9     | 49/100 [13:13<12:57, 15.25s/it]                                                                                      [32m[I 2026-07-20 14:31:59,688][0m Trial 49 finished with value: 0.8440854919728158 and parameters: {'depth': 4, 'learning_rate': 0.054458016831365905, 'l2_leaf_reg': 4.233941917737238, 'random_strength': 0.26048433134001864}. Best is trial 31 with value: 0.8567320003939722.[0m
Best trial: 31. Best value: 0.856732:  49%|####9     | 49/100 [13:25<12:57, 15.25s/it]Best trial: 31. Best value: 0.856732:  49%|####9     | 49/100 [13:26<12:57, 15.25s/it]Best trial: 31. Best value: 0.856732:  50%|#####     | 50/100 [13:26<12:05, 14.51s/it]                                                                                      [32m[I 2026-07-20 14:32:15,629][0m Trial 50 finished with value: 0.8398896877770117 and parameters: {'depth': 6, 'learning_rate': 0.024090570178234568, 'l2_leaf_reg': 3.122755724980997, 'random_strength': 0.3729151994828643}. Best is trial 31 with value: 0.8567320003939722.[0m
Best trial: 31. Best value: 0.856732:  50%|#####     | 50/100 [13:41<12:05, 14.51s/it]Best trial: 31. Best value: 0.856732:  50%|#####     | 50/100 [13:42<12:05, 14.51s/it]Best trial: 31. Best value: 0.856732:  51%|#####1    | 51/100 [13:42<12:12, 14.94s/it]                                                                                      [32m[I 2026-07-20 14:32:29,923][0m Trial 51 finished with value: 0.8510981975770708 and parameters: {'depth': 4, 'learning_rate': 0.09210521584515578, 'l2_leaf_reg': 2.944035999567224, 'random_strength': 0.1300065101386254}. Best is trial 31 with value: 0.8567320003939722.[0m
Best trial: 31. Best value: 0.856732:  51%|#####1    | 51/100 [13:56<12:12, 14.94s/it]Best trial: 31. Best value: 0.856732:  51%|#####1    | 51/100 [13:56<12:12, 14.94s/it]Best trial: 31. Best value: 0.856732:  52%|#####2    | 52/100 [13:56<11:47, 14.75s/it]                                                                                      [32m[I 2026-07-20 14:32:44,553][0m Trial 52 finished with value: 0.8510981975770708 and parameters: {'depth': 4, 'learning_rate': 0.09290456344374308, 'l2_leaf_reg': 3.681321475489165, 'random_strength': 0.0009275196501559724}. Best is trial 31 with value: 0.8567320003939722.[0m
Best trial: 31. Best value: 0.856732:  52%|#####2    | 52/100 [14:10<11:47, 14.75s/it]Best trial: 31. Best value: 0.856732:  52%|#####2    | 52/100 [14:10<11:47, 14.75s/it]Best trial: 31. Best value: 0.856732:  53%|#####3    | 53/100 [14:10<11:31, 14.71s/it]                                                                                      [32m[I 2026-07-20 14:32:57,835][0m Trial 53 finished with value: 0.8496798975672215 and parameters: {'depth': 4, 'learning_rate': 0.07639495601298871, 'l2_leaf_reg': 2.7619109750371433, 'random_strength': 0.0716897324879879}. Best is trial 31 with value: 0.8567320003939722.[0m
Best trial: 31. Best value: 0.856732:  53%|#####3    | 53/100 [14:24<11:31, 14.71s/it]Best trial: 31. Best value: 0.856732:  53%|#####3    | 53/100 [14:24<11:31, 14.71s/it]Best trial: 31. Best value: 0.856732:  54%|#####4    | 54/100 [14:24<10:56, 14.28s/it]                                                                                      [32m[I 2026-07-20 14:33:10,416][0m Trial 54 finished with value: 0.8426967398798386 and parameters: {'depth': 4, 'learning_rate': 0.04172376432584486, 'l2_leaf_reg': 2.2976180415030067, 'random_strength': 0.1661330670280466}. Best is trial 31 with value: 0.8567320003939722.[0m
Best trial: 31. Best value: 0.856732:  54%|#####4    | 54/100 [14:36<10:56, 14.28s/it]Best trial: 31. Best value: 0.856732:  54%|#####4    | 54/100 [14:36<10:56, 14.28s/it]Best trial: 31. Best value: 0.856732:  55%|#####5    | 55/100 [14:36<10:19, 13.77s/it]                                                                                      [32m[I 2026-07-20 14:33:24,722][0m Trial 55 finished with value: 0.8511080468826948 and parameters: {'depth': 5, 'learning_rate': 0.09840052439695651, 'l2_leaf_reg': 3.21395954599579, 'random_strength': 0.2472056193314597}. Best is trial 31 with value: 0.8567320003939722.[0m
Best trial: 31. Best value: 0.856732:  55%|#####5    | 55/100 [14:51<10:19, 13.77s/it]Best trial: 31. Best value: 0.856732:  55%|#####5    | 55/100 [14:51<10:19, 13.77s/it]Best trial: 31. Best value: 0.856732:  56%|#####6    | 56/100 [14:51<10:13, 13.94s/it]                                                                                      [32m[I 2026-07-20 14:33:47,877][0m Trial 56 finished with value: 0.8441248891953117 and parameters: {'depth': 8, 'learning_rate': 0.08081650300474122, 'l2_leaf_reg': 4.1006094304062515, 'random_strength': 0.3445819592779872}. Best is trial 31 with value: 0.8567320003939722.[0m
Best trial: 31. Best value: 0.856732:  56%|#####6    | 56/100 [15:14<10:13, 13.94s/it]Best trial: 31. Best value: 0.856732:  56%|#####6    | 56/100 [15:14<10:13, 13.94s/it]Best trial: 31. Best value: 0.856732:  57%|#####6    | 57/100 [15:14<11:58, 16.70s/it]                                                                                      [32m[I 2026-07-20 14:33:59,431][0m Trial 57 finished with value: 0.8441051905840637 and parameters: {'depth': 4, 'learning_rate': 0.061240993773293624, 'l2_leaf_reg': 3.6704774555923096, 'random_strength': 0.07157580422167495}. Best is trial 31 with value: 0.8567320003939722.[0m
Best trial: 31. Best value: 0.856732:  57%|#####6    | 57/100 [15:25<11:58, 16.70s/it]Best trial: 31. Best value: 0.856732:  57%|#####6    | 57/100 [15:25<11:58, 16.70s/it]Best trial: 31. Best value: 0.856732:  58%|#####8    | 58/100 [15:25<10:36, 15.15s/it]                                                                                      [32m[I 2026-07-20 14:34:14,538][0m Trial 58 finished with value: 0.8469122426868905 and parameters: {'depth': 5, 'learning_rate': 0.06853202242701283, 'l2_leaf_reg': 4.779899197831935, 'random_strength': 0.13783254251399876}. Best is trial 31 with value: 0.8567320003939722.[0m
Best trial: 31. Best value: 0.856732:  58%|#####8    | 58/100 [15:40<10:36, 15.15s/it]Best trial: 31. Best value: 0.856732:  58%|#####8    | 58/100 [15:40<10:36, 15.15s/it]Best trial: 31. Best value: 0.856732:  59%|#####8    | 59/100 [15:40<10:20, 15.14s/it]                                                                                      [32m[I 2026-07-20 14:34:28,930][0m Trial 59 finished with value: 0.8468826947700187 and parameters: {'depth': 4, 'learning_rate': 0.05180921878254761, 'l2_leaf_reg': 2.739644361242835, 'random_strength': 0.2465422884266056}. Best is trial 31 with value: 0.8567320003939722.[0m
Best trial: 31. Best value: 0.856732:  59%|#####8    | 59/100 [15:55<10:20, 15.14s/it]Best trial: 31. Best value: 0.856732:  59%|#####8    | 59/100 [15:55<10:20, 15.14s/it]Best trial: 31. Best value: 0.856732:  60%|######    | 60/100 [15:55<09:56, 14.92s/it]                                                                                      [32m[I 2026-07-20 14:34:53,801][0m Trial 60 finished with value: 0.8469122426868905 and parameters: {'depth': 7, 'learning_rate': 0.09108397662173798, 'l2_leaf_reg': 2.495107736887265, 'random_strength': 0.4353206963383971}. Best is trial 31 with value: 0.8567320003939722.[0m
Best trial: 31. Best value: 0.856732:  60%|######    | 60/100 [16:20<09:56, 14.92s/it]Best trial: 31. Best value: 0.856732:  60%|######    | 60/100 [16:20<09:56, 14.92s/it]Best trial: 31. Best value: 0.856732:  61%|######1   | 61/100 [16:20<11:38, 17.90s/it]                                                                                      [32m[I 2026-07-20 14:35:08,477][0m Trial 61 finished with value: 0.8440460947503201 and parameters: {'depth': 5, 'learning_rate': 0.0661059020550408, 'l2_leaf_reg': 4.2290398001012495, 'random_strength': 0.001206274368854593}. Best is trial 31 with value: 0.8567320003939722.[0m
Best trial: 31. Best value: 0.856732:  61%|######1   | 61/100 [16:34<11:38, 17.90s/it]Best trial: 31. Best value: 0.856732:  61%|######1   | 61/100 [16:34<11:38, 17.90s/it]Best trial: 31. Best value: 0.856732:  62%|######2   | 62/100 [16:34<10:43, 16.94s/it]                                                                                      [32m[I 2026-07-20 14:35:25,979][0m Trial 62 finished with value: 0.8539150989855214 and parameters: {'depth': 5, 'learning_rate': 0.07612566580275783, 'l2_leaf_reg': 3.8800409320612235, 'random_strength': 0.0455087376035538}. Best is trial 31 with value: 0.8567320003939722.[0m
Best trial: 31. Best value: 0.856732:  62%|######2   | 62/100 [16:52<10:43, 16.94s/it]Best trial: 31. Best value: 0.856732:  62%|######2   | 62/100 [16:52<10:43, 16.94s/it]Best trial: 31. Best value: 0.856732:  63%|######3   | 63/100 [16:52<10:32, 17.10s/it]                                                                                      [32m[I 2026-07-20 14:35:40,617][0m Trial 63 finished with value: 0.8454840933714174 and parameters: {'depth': 5, 'learning_rate': 0.07682757237244284, 'l2_leaf_reg': 3.835573206024201, 'random_strength': 0.18461114260604367}. Best is trial 31 with value: 0.8567320003939722.[0m
Best trial: 31. Best value: 0.856732:  63%|######3   | 63/100 [17:06<10:32, 17.10s/it]Best trial: 31. Best value: 0.856732:  63%|######3   | 63/100 [17:06<10:32, 17.10s/it]Best trial: 31. Best value: 0.856732:  64%|######4   | 64/100 [17:06<09:49, 16.36s/it]                                                                                      [32m[I 2026-07-20 14:35:55,846][0m Trial 64 finished with value: 0.8412882891756132 and parameters: {'depth': 6, 'learning_rate': 0.08012199778521294, 'l2_leaf_reg': 3.4949538313749042, 'random_strength': 0.06360896106862102}. Best is trial 31 with value: 0.8567320003939722.[0m
Best trial: 31. Best value: 0.856732:  64%|######4   | 64/100 [17:22<09:49, 16.36s/it]Best trial: 31. Best value: 0.856732:  64%|######4   | 64/100 [17:22<09:49, 16.36s/it]Best trial: 31. Best value: 0.856732:  65%|######5   | 65/100 [17:22<09:20, 16.02s/it]                                                                                      [32m[I 2026-07-20 14:36:09,968][0m Trial 65 finished with value: 0.8511178961883188 and parameters: {'depth': 4, 'learning_rate': 0.07268754819059146, 'l2_leaf_reg': 2.925352522418618, 'random_strength': 0.1442463967277382}. Best is trial 31 with value: 0.8567320003939722.[0m
Best trial: 31. Best value: 0.856732:  65%|######5   | 65/100 [17:36<09:20, 16.02s/it]Best trial: 31. Best value: 0.856732:  65%|######5   | 65/100 [17:36<09:20, 16.02s/it]Best trial: 31. Best value: 0.856732:  66%|######6   | 66/100 [17:36<08:45, 15.45s/it]                                                                                      [32m[I 2026-07-20 14:36:23,458][0m Trial 66 finished with value: 0.8455037919826653 and parameters: {'depth': 5, 'learning_rate': 0.05768988772326071, 'l2_leaf_reg': 5.792345629358843, 'random_strength': 0.21045011682288356}. Best is trial 31 with value: 0.8567320003939722.[0m
Best trial: 31. Best value: 0.856732:  66%|######6   | 66/100 [17:49<08:45, 15.45s/it]Best trial: 31. Best value: 0.856732:  66%|######6   | 66/100 [17:49<08:45, 15.45s/it]Best trial: 31. Best value: 0.856732:  67%|######7   | 67/100 [17:49<08:10, 14.87s/it]                                                                                      [32m[I 2026-07-20 14:36:36,602][0m Trial 67 finished with value: 0.8525263468925439 and parameters: {'depth': 4, 'learning_rate': 0.0935939115727636, 'l2_leaf_reg': 1.0327611004706647, 'random_strength': 0.30166173640091287}. Best is trial 31 with value: 0.8567320003939722.[0m
