Best trial: 31. Best value: 0.856732:  67%|######7   | 67/100 [18:02<08:10, 14.87s/it]Best trial: 31. Best value: 0.856732:  67%|######7   | 67/100 [18:02<08:10, 14.87s/it]Best trial: 31. Best value: 0.856732:  68%|######8   | 68/100 [18:02<07:39, 14.35s/it]                                                                                      [32m[I 2026-07-20 14:36:56,684][0m Trial 68 finished with value: 0.8567418496995961 and parameters: {'depth': 5, 'learning_rate': 0.0856053715643557, 'l2_leaf_reg': 3.378509669675795, 'random_strength': 0.04307244404938169}. Best is trial 68 with value: 0.8567418496995961.[0m
Best trial: 31. Best value: 0.856732:  68%|######8   | 68/100 [18:22<07:39, 14.35s/it]Best trial: 68. Best value: 0.856742:  68%|######8   | 68/100 [18:23<07:39, 14.35s/it]Best trial: 68. Best value: 0.856742:  69%|######9   | 69/100 [18:23<08:18, 16.07s/it]                                                                                      [32m[I 2026-07-20 14:37:13,129][0m Trial 69 finished with value: 0.8454939426770413 and parameters: {'depth': 6, 'learning_rate': 0.06103721150597943, 'l2_leaf_reg': 6.745125187090184, 'random_strength': 0.05407422962526163}. Best is trial 68 with value: 0.8567418496995961.[0m
Best trial: 68. Best value: 0.856742:  69%|######9   | 69/100 [18:39<08:18, 16.07s/it]Best trial: 68. Best value: 0.856742:  69%|######9   | 69/100 [18:39<08:18, 16.07s/it]Best trial: 68. Best value: 0.856742:  70%|#######   | 70/100 [18:39<08:05, 16.18s/it]                                                                                      [32m[I 2026-07-20 14:37:29,877][0m Trial 70 finished with value: 0.8455037919826651 and parameters: {'depth': 5, 'learning_rate': 0.04420978442903484, 'l2_leaf_reg': 4.516711680292848, 'random_strength': 0.031326281340915654}. Best is trial 68 with value: 0.8567418496995961.[0m
Best trial: 68. Best value: 0.856742:  70%|#######   | 70/100 [18:56<08:05, 16.18s/it]Best trial: 68. Best value: 0.856742:  70%|#######   | 70/100 [18:56<08:05, 16.18s/it]Best trial: 68. Best value: 0.856742:  71%|#######1  | 71/100 [18:56<07:54, 16.35s/it]                                                                                      [32m[I 2026-07-20 14:37:47,947][0m Trial 71 finished with value: 0.8510981975770708 and parameters: {'depth': 5, 'learning_rate': 0.08470141945341521, 'l2_leaf_reg': 3.3889415509906766, 'random_strength': 0.13453873450625234}. Best is trial 68 with value: 0.8567418496995961.[0m
Best trial: 68. Best value: 0.856742:  71%|#######1  | 71/100 [19:14<07:54, 16.35s/it]Best trial: 68. Best value: 0.856742:  71%|#######1  | 71/100 [19:14<07:54, 16.35s/it]Best trial: 68. Best value: 0.856742:  72%|#######2  | 72/100 [19:14<07:52, 16.87s/it]                                                                                      [32m[I 2026-07-20 14:38:03,544][0m Trial 72 finished with value: 0.8496995961784692 and parameters: {'depth': 5, 'learning_rate': 0.08878017755921783, 'l2_leaf_reg': 3.2502761737419497, 'random_strength': 0.1001703795985304}. Best is trial 68 with value: 0.8567418496995961.[0m
Best trial: 68. Best value: 0.856742:  72%|#######2  | 72/100 [19:29<07:52, 16.87s/it]Best trial: 68. Best value: 0.856742:  72%|#######2  | 72/100 [19:29<07:52, 16.87s/it]Best trial: 68. Best value: 0.856742:  73%|#######3  | 73/100 [19:29<07:25, 16.49s/it]                                                                                      [32m[I 2026-07-20 14:38:16,414][0m Trial 73 finished with value: 0.8440854919728158 and parameters: {'depth': 4, 'learning_rate': 0.09840519647312591, 'l2_leaf_reg': 3.801122991255039, 'random_strength': 0.2646818832317791}. Best is trial 68 with value: 0.8567418496995961.[0m
Best trial: 68. Best value: 0.856742:  73%|#######3  | 73/100 [19:42<07:25, 16.49s/it]Best trial: 68. Best value: 0.856742:  73%|#######3  | 73/100 [19:42<07:25, 16.49s/it]Best trial: 68. Best value: 0.856742:  74%|#######4  | 74/100 [19:42<06:40, 15.40s/it]                                                                                      [32m[I 2026-07-20 14:38:31,185][0m Trial 74 finished with value: 0.8455037919826651 and parameters: {'depth': 5, 'learning_rate': 0.07195044795237045, 'l2_leaf_reg': 2.9956333008006184, 'random_strength': 0.1787272308214715}. Best is trial 68 with value: 0.8567418496995961.[0m
Best trial: 68. Best value: 0.856742:  74%|#######4  | 74/100 [19:57<06:40, 15.40s/it]Best trial: 68. Best value: 0.856742:  74%|#######4  | 74/100 [19:57<06:40, 15.40s/it]Best trial: 68. Best value: 0.856742:  75%|#######5  | 75/100 [19:57<06:20, 15.21s/it]                                                                                      [32m[I 2026-07-20 14:38:48,881][0m Trial 75 finished with value: 0.8538954003742735 and parameters: {'depth': 6, 'learning_rate': 0.07828352643766646, 'l2_leaf_reg': 2.6665457928677685, 'random_strength': 0.0019555776681964704}. Best is trial 68 with value: 0.8567418496995961.[0m
Best trial: 68. Best value: 0.856742:  75%|#######5  | 75/100 [20:15<06:20, 15.21s/it]Best trial: 68. Best value: 0.856742:  75%|#######5  | 75/100 [20:15<06:20, 15.21s/it]Best trial: 68. Best value: 0.856742:  76%|#######6  | 76/100 [20:15<06:22, 15.96s/it]                                                                                      [32m[I 2026-07-20 14:39:03,335][0m Trial 76 finished with value: 0.8468826947700187 and parameters: {'depth': 4, 'learning_rate': 0.08471260632652977, 'l2_leaf_reg': 3.990928630701287, 'random_strength': 0.3248701162718157}. Best is trial 68 with value: 0.8567418496995961.[0m
Best trial: 68. Best value: 0.856742:  76%|#######6  | 76/100 [20:29<06:22, 15.96s/it]Best trial: 68. Best value: 0.856742:  76%|#######6  | 76/100 [20:29<06:22, 15.96s/it]Best trial: 68. Best value: 0.856742:  77%|#######7  | 77/100 [20:29<05:56, 15.51s/it]                                                                                      [32m[I 2026-07-20 14:39:22,542][0m Trial 77 finished with value: 0.85251649758692 and parameters: {'depth': 5, 'learning_rate': 0.0698172867756118, 'l2_leaf_reg': 5.104717617781054, 'random_strength': 0.11526423177600645}. Best is trial 68 with value: 0.8567418496995961.[0m
Best trial: 68. Best value: 0.856742:  77%|#######7  | 77/100 [20:48<05:56, 15.51s/it]Best trial: 68. Best value: 0.856742:  77%|#######7  | 77/100 [20:48<05:56, 15.51s/it]Best trial: 68. Best value: 0.856742:  78%|#######8  | 78/100 [20:48<06:05, 16.62s/it]                                                                                      [32m[I 2026-07-20 14:39:43,701][0m Trial 78 finished with value: 0.8469122426868905 and parameters: {'depth': 8, 'learning_rate': 0.09387351118604503, 'l2_leaf_reg': 3.3429949829395254, 'random_strength': 0.04605198438958391}. Best is trial 68 with value: 0.8567418496995961.[0m
Best trial: 68. Best value: 0.856742:  78%|#######8  | 78/100 [21:10<06:05, 16.62s/it]Best trial: 68. Best value: 0.856742:  78%|#######8  | 78/100 [21:10<06:05, 16.62s/it]Best trial: 68. Best value: 0.856742:  79%|#######9  | 79/100 [21:10<06:17, 17.98s/it]                                                                                      [32m[I 2026-07-20 14:39:53,533][0m Trial 79 finished with value: 0.8398896877770117 and parameters: {'depth': 4, 'learning_rate': 0.06407136675339818, 'l2_leaf_reg': 2.8591511501556033, 'random_strength': 0.2051267034266111}. Best is trial 68 with value: 0.8567418496995961.[0m
Best trial: 68. Best value: 0.856742:  79%|#######9  | 79/100 [21:19<06:17, 17.98s/it]Best trial: 68. Best value: 0.856742:  79%|#######9  | 79/100 [21:19<06:17, 17.98s/it]Best trial: 68. Best value: 0.856742:  80%|########  | 80/100 [21:19<05:10, 15.53s/it]                                                                                      [32m[I 2026-07-20 14:40:05,732][0m Trial 80 finished with value: 0.8384615384615385 and parameters: {'depth': 5, 'learning_rate': 0.08100654481530008, 'l2_leaf_reg': 4.481571354835048, 'random_strength': 0.5337044616996307}. Best is trial 68 with value: 0.8567418496995961.[0m
Best trial: 68. Best value: 0.856742:  80%|########  | 80/100 [21:32<05:10, 15.53s/it]Best trial: 68. Best value: 0.856742:  80%|########  | 80/100 [21:32<05:10, 15.53s/it]Best trial: 68. Best value: 0.856742:  81%|########1 | 81/100 [21:32<04:36, 14.53s/it]                                                                                      [32m[I 2026-07-20 14:40:24,706][0m Trial 81 finished with value: 0.8511277454939427 and parameters: {'depth': 6, 'learning_rate': 0.07392512786408803, 'l2_leaf_reg': 2.606136672436747, 'random_strength': 0.03991793440902842}. Best is trial 68 with value: 0.8567418496995961.[0m
Best trial: 68. Best value: 0.856742:  81%|########1 | 81/100 [21:51<04:36, 14.53s/it]Best trial: 68. Best value: 0.856742:  81%|########1 | 81/100 [21:51<04:36, 14.53s/it]Best trial: 68. Best value: 0.856742:  82%|########2 | 82/100 [21:51<04:45, 15.87s/it]                                                                                      [32m[I 2026-07-20 14:40:48,347][0m Trial 82 finished with value: 0.8497094454840933 and parameters: {'depth': 6, 'learning_rate': 0.0883874360138589, 'l2_leaf_reg': 2.1323259816240325, 'random_strength': 0.104554883329179}. Best is trial 68 with value: 0.8567418496995961.[0m
Best trial: 68. Best value: 0.856742:  82%|########2 | 82/100 [22:14<04:45, 15.87s/it]Best trial: 68. Best value: 0.856742:  82%|########2 | 82/100 [22:14<04:45, 15.87s/it]Best trial: 68. Best value: 0.856742:  83%|########2 | 83/100 [22:14<05:09, 18.21s/it]                                                                                      [32m[I 2026-07-20 14:41:06,859][0m Trial 83 finished with value: 0.8511375947995667 and parameters: {'depth': 7, 'learning_rate': 0.07758221824922684, 'l2_leaf_reg': 2.3930789009782303, 'random_strength': 0.15732260723202673}. Best is trial 68 with value: 0.8567418496995961.[0m
Best trial: 68. Best value: 0.856742:  83%|########2 | 83/100 [22:33<05:09, 18.21s/it]Best trial: 68. Best value: 0.856742:  83%|########2 | 83/100 [22:33<05:09, 18.21s/it]Best trial: 68. Best value: 0.856742:  84%|########4 | 84/100 [22:33<04:52, 18.29s/it]                                                                                      [32m[I 2026-07-20 14:41:23,635][0m Trial 84 finished with value: 0.8511277454939427 and parameters: {'depth': 6, 'learning_rate': 0.09831925241293, 'l2_leaf_reg': 3.0880802356265016, 'random_strength': 0.002343265102093075}. Best is trial 68 with value: 0.8567418496995961.[0m
Best trial: 68. Best value: 0.856742:  84%|########4 | 84/100 [22:49<04:52, 18.29s/it]Best trial: 68. Best value: 0.856742:  84%|########4 | 84/100 [22:50<04:52, 18.29s/it]Best trial: 68. Best value: 0.856742:  85%|########5 | 85/100 [22:50<04:27, 17.83s/it]                                                                                      [32m[I 2026-07-20 14:41:45,935][0m Trial 85 finished with value: 0.8539249482911455 and parameters: {'depth': 6, 'learning_rate': 0.08067449553510984, 'l2_leaf_reg': 3.599784350973886, 'random_strength': 0.3964883670915473}. Best is trial 68 with value: 0.8567418496995961.[0m
Best trial: 68. Best value: 0.856742:  85%|########5 | 85/100 [23:12<04:27, 17.83s/it]Best trial: 68. Best value: 0.856742:  85%|########5 | 85/100 [23:12<04:27, 17.83s/it]Best trial: 68. Best value: 0.856742:  86%|########6 | 86/100 [23:12<04:28, 19.17s/it]                                                                                      [32m[I 2026-07-20 14:42:04,007][0m Trial 86 finished with value: 0.8427065891854625 and parameters: {'depth': 7, 'learning_rate': 0.05409712145970197, 'l2_leaf_reg': 3.6377094315588847, 'random_strength': 0.4068827566047254}. Best is trial 68 with value: 0.8567418496995961.[0m
Best trial: 68. Best value: 0.856742:  86%|########6 | 86/100 [23:30<04:28, 19.17s/it]Best trial: 68. Best value: 0.856742:  86%|########6 | 86/100 [23:30<04:28, 19.17s/it]Best trial: 68. Best value: 0.856742:  87%|########7 | 87/100 [23:30<04:04, 18.84s/it]                                                                                      [32m[I 2026-07-20 14:42:14,694][0m Trial 87 finished with value: 0.8370530877573131 and parameters: {'depth': 4, 'learning_rate': 0.08692746870724039, 'l2_leaf_reg': 3.9480857231146476, 'random_strength': 0.7383955089006295}. Best is trial 68 with value: 0.8567418496995961.[0m
Best trial: 68. Best value: 0.856742:  87%|########7 | 87/100 [23:40<04:04, 18.84s/it]Best trial: 68. Best value: 0.856742:  87%|########7 | 87/100 [23:41<04:04, 18.84s/it]Best trial: 68. Best value: 0.856742:  88%|########8 | 88/100 [23:41<03:16, 16.40s/it]                                                                                      [32m[I 2026-07-20 14:42:29,633][0m Trial 88 finished with value: 0.8454840933714174 and parameters: {'depth': 5, 'learning_rate': 0.06882485152534948, 'l2_leaf_reg': 3.5089444804880388, 'random_strength': 0.3525576898230761}. Best is trial 68 with value: 0.8567418496995961.[0m
Best trial: 68. Best value: 0.856742:  88%|########8 | 88/100 [23:55<03:16, 16.40s/it]Best trial: 68. Best value: 0.856742:  88%|########8 | 88/100 [23:56<03:16, 16.40s/it]Best trial: 68. Best value: 0.856742:  89%|########9 | 89/100 [23:56<02:55, 15.96s/it]                                                                                      [32m[I 2026-07-20 14:42:40,672][0m Trial 89 finished with value: 0.8398601398601399 and parameters: {'depth': 4, 'learning_rate': 0.0824269156097256, 'l2_leaf_reg': 4.81602523227257, 'random_strength': 1.220493367173189}. Best is trial 68 with value: 0.8567418496995961.[0m
Best trial: 68. Best value: 0.856742:  89%|########9 | 89/100 [24:06<02:55, 15.96s/it]Best trial: 68. Best value: 0.856742:  89%|########9 | 89/100 [24:07<02:55, 15.96s/it]Best trial: 68. Best value: 0.856742:  90%|######### | 90/100 [24:07<02:24, 14.48s/it]                                                                                      [32m[I 2026-07-20 14:42:56,627][0m Trial 90 finished with value: 0.8482911454742441 and parameters: {'depth': 5, 'learning_rate': 0.09425792621443478, 'l2_leaf_reg': 3.2428557593958556, 'random_strength': 0.2732845076984677}. Best is trial 68 with value: 0.8567418496995961.[0m
Best trial: 68. Best value: 0.856742:  90%|######### | 90/100 [24:22<02:24, 14.48s/it]Best trial: 68. Best value: 0.856742:  90%|######### | 90/100 [24:23<02:24, 14.48s/it]Best trial: 68. Best value: 0.856742:  91%|#########1| 91/100 [24:23<02:14, 14.93s/it]                                                                                      [32m[I 2026-07-20 14:43:13,210][0m Trial 91 finished with value: 0.8426868905742146 and parameters: {'depth': 6, 'learning_rate': 0.07504447019081875, 'l2_leaf_reg': 2.5932589251738167, 'random_strength': 0.08788702212496204}. Best is trial 68 with value: 0.8567418496995961.[0m
Best trial: 68. Best value: 0.856742:  91%|#########1| 91/100 [24:39<02:14, 14.93s/it]Best trial: 68. Best value: 0.856742:  91%|#########1| 91/100 [24:39<02:14, 14.93s/it]Best trial: 68. Best value: 0.856742:  92%|#########2| 92/100 [24:39<02:03, 15.42s/it]                                                                                      [32m[I 2026-07-20 14:43:30,655][0m Trial 92 finished with value: 0.84833054269674 and parameters: {'depth': 7, 'learning_rate': 0.07939180495598305, 'l2_leaf_reg': 2.796894834610106, 'random_strength': 0.0368840237438145}. Best is trial 68 with value: 0.8567418496995961.[0m
Best trial: 68. Best value: 0.856742:  92%|#########2| 92/100 [24:56<02:03, 15.42s/it]Best trial: 68. Best value: 0.856742:  92%|#########2| 92/100 [24:57<02:03, 15.42s/it]Best trial: 68. Best value: 0.856742:  93%|#########3| 93/100 [24:57<01:52, 16.03s/it]                                                                                      [32m[I 2026-07-20 14:43:44,483][0m Trial 93 finished with value: 0.8398798384713878 and parameters: {'depth': 6, 'learning_rate': 0.08884398315054653, 'l2_leaf_reg': 4.236325726838122, 'random_strength': 0.15242884716443508}. Best is trial 68 with value: 0.8567418496995961.[0m
Best trial: 68. Best value: 0.856742:  93%|#########3| 93/100 [25:10<01:52, 16.03s/it]Best trial: 68. Best value: 0.856742:  93%|#########3| 93/100 [25:10<01:52, 16.03s/it]Best trial: 68. Best value: 0.856742:  94%|#########3| 94/100 [25:10<01:32, 15.38s/it]                                                                                      [32m[I 2026-07-20 14:44:03,194][0m Trial 94 finished with value: 0.8581306017925737 and parameters: {'depth': 5, 'learning_rate': 0.09984993623369727, 'l2_leaf_reg': 3.1197576358329733, 'random_strength': 0.2403295819462555}. Best is trial 94 with value: 0.8581306017925737.[0m
Best trial: 68. Best value: 0.856742:  94%|#########3| 94/100 [25:29<01:32, 15.38s/it]Best trial: 94. Best value: 0.858131:  94%|#########3| 94/100 [25:29<01:32, 15.38s/it]Best trial: 94. Best value: 0.858131:  95%|#########5| 95/100 [25:29<01:21, 16.37s/it]                                                                                      [32m[I 2026-07-20 14:44:15,486][0m Trial 95 finished with value: 0.8440854919728158 and parameters: {'depth': 5, 'learning_rate': 0.09882900912251155, 'l2_leaf_reg': 3.6796575759111927, 'random_strength': 0.2102115346964817}. Best is trial 94 with value: 0.8581306017925737.[0m
Best trial: 94. Best value: 0.858131:  95%|#########5| 95/100 [25:41<01:21, 16.37s/it]Best trial: 94. Best value: 0.858131:  95%|#########5| 95/100 [25:41<01:21, 16.37s/it]Best trial: 94. Best value: 0.858131:  96%|#########6| 96/100 [25:41<01:00, 15.14s/it]                                                                                      [32m[I 2026-07-20 14:44:28,920][0m Trial 96 finished with value: 0.8441051905840637 and parameters: {'depth': 5, 'learning_rate': 0.09338024229530795, 'l2_leaf_reg': 3.0567946455461827, 'random_strength': 0.29186404621011497}. Best is trial 94 with value: 0.8581306017925737.[0m
Best trial: 94. Best value: 0.858131:  96%|#########6| 96/100 [25:55<01:00, 15.14s/it]Best trial: 94. Best value: 0.858131:  96%|#########6| 96/100 [25:55<01:00, 15.14s/it]Best trial: 94. Best value: 0.858131:  97%|#########7| 97/100 [25:55<00:43, 14.63s/it]                                                                                      [32m[I 2026-07-20 14:44:42,862][0m Trial 97 finished with value: 0.8483108440854921 and parameters: {'depth': 5, 'learning_rate': 0.08419157577233821, 'l2_leaf_reg': 3.2269671059346927, 'random_strength': 0.3966015320141173}. Best is trial 94 with value: 0.8581306017925737.[0m
Best trial: 94. Best value: 0.858131:  97%|#########7| 97/100 [26:09<00:43, 14.63s/it]Best trial: 94. Best value: 0.858131:  97%|#########7| 97/100 [26:09<00:43, 14.63s/it]Best trial: 94. Best value: 0.858131:  98%|#########8| 98/100 [26:09<00:28, 14.43s/it]                                                                                      [32m[I 2026-07-20 14:44:53,523][0m Trial 98 finished with value: 0.8342558849601105 and parameters: {'depth': 4, 'learning_rate': 0.018436261259418323, 'l2_leaf_reg': 4.0674298667690865, 'random_strength': 0.49099001378590224}. Best is trial 94 with value: 0.8581306017925737.[0m
