
======================================================================
Experiment: 199_catboost_optuna
======================================================================

======================================================================
Optuna Study
======================================================================
Study name: catboost_tuning
Direction: maximize
Number of trials: 100
CV folds: 5
Holdout evaluation: disabled during tuning
  0%|          | 0/100 [00:00<?, ?it/s]                                       [32m[I 2026-07-20 14:19:00,436][0m Trial 0 finished with value: 0.8539052496798976 and parameters: {'depth': 7, 'learning_rate': 0.05, 'l2_leaf_reg': 3.0, 'random_strength': 0}. Best is trial 0 with value: 0.8539052496798976.[0m
  0%|          | 0/100 [00:26<?, ?it/s]Best trial: 0. Best value: 0.853905:   0%|          | 0/100 [00:26<?, ?it/s]Best trial: 0. Best value: 0.853905:   1%|1         | 1/100 [00:26<44:15, 26.83s/it]                                                                                    [32m[I 2026-07-20 14:19:18,127][0m Trial 1 finished with value: 0.8427065891854623 and parameters: {'depth': 7, 'learning_rate': 0.0653423948139648, 'l2_leaf_reg': 8.430450083918066, 'random_strength': 0.18717918727517024}. Best is trial 0 with value: 0.8539052496798976.[0m
Best trial: 0. Best value: 0.853905:   1%|1         | 1/100 [00:44<44:15, 26.83s/it]Best trial: 0. Best value: 0.853905:   1%|1         | 1/100 [00:44<44:15, 26.83s/it]Best trial: 0. Best value: 0.853905:   2%|2         | 2/100 [00:44<35:01, 21.45s/it]                                                                                    [32m[I 2026-07-20 14:19:34,361][0m Trial 2 finished with value: 0.8510981975770708 and parameters: {'depth': 5, 'learning_rate': 0.09132648946208811, 'l2_leaf_reg': 2.2063679744189586, 'random_strength': 0.01563918163916811}. Best is trial 0 with value: 0.8539052496798976.[0m
Best trial: 0. Best value: 0.853905:   2%|2         | 2/100 [01:00<35:01, 21.45s/it]Best trial: 0. Best value: 0.853905:   2%|2         | 2/100 [01:00<35:01, 21.45s/it]Best trial: 0. Best value: 0.853905:   3%|3         | 3/100 [01:00<30:49, 19.07s/it]                                                                                    [32m[I 2026-07-20 14:19:56,214][0m Trial 3 finished with value: 0.8455136412882892 and parameters: {'depth': 9, 'learning_rate': 0.03839172063267207, 'l2_leaf_reg': 3.748684830940672, 'random_strength': 0.6272418852224153}. Best is trial 0 with value: 0.8539052496798976.[0m
Best trial: 0. Best value: 0.853905:   3%|3         | 3/100 [01:22<30:49, 19.07s/it]Best trial: 0. Best value: 0.853905:   3%|3         | 3/100 [01:22<30:49, 19.07s/it]Best trial: 0. Best value: 0.853905:   4%|4         | 4/100 [01:22<32:16, 20.17s/it]                                                                                    [32m[I 2026-07-20 14:20:08,543][0m Trial 4 finished with value: 0.8384615384615385 and parameters: {'depth': 6, 'learning_rate': 0.06542898855114446, 'l2_leaf_reg': 6.7408647742825645, 'random_strength': 1.4958938993910582}. Best is trial 0 with value: 0.8539052496798976.[0m
Best trial: 0. Best value: 0.853905:   4%|4         | 4/100 [01:34<32:16, 20.17s/it]Best trial: 0. Best value: 0.853905:   4%|4         | 4/100 [01:34<32:16, 20.17s/it]Best trial: 0. Best value: 0.853905:   5%|5         | 5/100 [01:34<27:27, 17.34s/it]                                                                                    [32m[I 2026-07-20 14:20:33,219][0m Trial 5 finished with value: 0.832837584950261 and parameters: {'depth': 9, 'learning_rate': 0.016645501861910748, 'l2_leaf_reg': 4.47717588973061, 'random_strength': 1.9698002732889037}. Best is trial 0 with value: 0.8539052496798976.[0m
Best trial: 0. Best value: 0.853905:   5%|5         | 5/100 [01:59<27:27, 17.34s/it]Best trial: 0. Best value: 0.853905:   5%|5         | 5/100 [01:59<27:27, 17.34s/it]Best trial: 0. Best value: 0.853905:   6%|6         | 6/100 [01:59<31:04, 19.83s/it]                                                                                    [32m[I 2026-07-20 14:20:51,552][0m Trial 6 finished with value: 0.8328277356446371 and parameters: {'depth': 8, 'learning_rate': 0.017687016776019616, 'l2_leaf_reg': 2.17089685069267, 'random_strength': 1.388809073339246}. Best is trial 0 with value: 0.8539052496798976.[0m
Best trial: 0. Best value: 0.853905:   6%|6         | 6/100 [02:17<31:04, 19.83s/it]Best trial: 0. Best value: 0.853905:   6%|6         | 6/100 [02:17<31:04, 19.83s/it]Best trial: 0. Best value: 0.853905:   7%|7         | 7/100 [02:17<29:59, 19.35s/it]                                                                                    [32m[I 2026-07-20 14:21:03,528][0m Trial 7 finished with value: 0.8300305328474344 and parameters: {'depth': 6, 'learning_rate': 0.01104183545230317, 'l2_leaf_reg': 5.548254695932044, 'random_strength': 1.6522335631579088}. Best is trial 0 with value: 0.8539052496798976.[0m
Best trial: 0. Best value: 0.853905:   7%|7         | 7/100 [02:29<29:59, 19.35s/it]Best trial: 0. Best value: 0.853905:   7%|7         | 7/100 [02:29<29:59, 19.35s/it]Best trial: 0. Best value: 0.853905:   8%|8         | 8/100 [02:29<26:03, 17.00s/it]                                                                                    [32m[I 2026-07-20 14:21:17,482][0m Trial 8 finished with value: 0.8328375849502612 and parameters: {'depth': 5, 'learning_rate': 0.04323838665308306, 'l2_leaf_reg': 1.7988044198326512, 'random_strength': 1.1380710745784113}. Best is trial 0 with value: 0.8539052496798976.[0m
Best trial: 0. Best value: 0.853905:   8%|8         | 8/100 [02:43<26:03, 17.00s/it]Best trial: 0. Best value: 0.853905:   8%|8         | 8/100 [02:43<26:03, 17.00s/it]Best trial: 0. Best value: 0.853905:   9%|9         | 9/100 [02:43<24:20, 16.05s/it]                                                                                    [32m[I 2026-07-20 14:21:31,642][0m Trial 9 finished with value: 0.8370530877573131 and parameters: {'depth': 7, 'learning_rate': 0.024263078479545244, 'l2_leaf_reg': 2.31630728041473, 'random_strength': 0.769536997498343}. Best is trial 0 with value: 0.8539052496798976.[0m
Best trial: 0. Best value: 0.853905:   9%|9         | 9/100 [02:57<24:20, 16.05s/it]Best trial: 0. Best value: 0.853905:   9%|9         | 9/100 [02:58<24:20, 16.05s/it]Best trial: 0. Best value: 0.853905:  10%|#         | 10/100 [02:58<23:11, 15.46s/it]                                                                                     [32m[I 2026-07-20 14:21:43,138][0m Trial 10 finished with value: 0.8384615384615384 and parameters: {'depth': 4, 'learning_rate': 0.03142162350507296, 'l2_leaf_reg': 1.0002599918769344, 'random_strength': 0.4500258890730505}. Best is trial 0 with value: 0.8539052496798976.[0m
Best trial: 0. Best value: 0.853905:  10%|#         | 10/100 [03:09<23:11, 15.46s/it]Best trial: 0. Best value: 0.853905:  10%|#         | 10/100 [03:09<23:11, 15.46s/it]Best trial: 0. Best value: 0.853905:  11%|#1        | 11/100 [03:09<21:07, 14.25s/it]                                                                                     [32m[I 2026-07-20 14:21:57,852][0m Trial 11 finished with value: 0.8524967989756721 and parameters: {'depth': 4, 'learning_rate': 0.09929898751091674, 'l2_leaf_reg': 3.063049119085515, 'random_strength': 0.09437894199609617}. Best is trial 0 with value: 0.8539052496798976.[0m
Best trial: 0. Best value: 0.853905:  11%|#1        | 11/100 [03:24<21:07, 14.25s/it]Best trial: 0. Best value: 0.853905:  11%|#1        | 11/100 [03:24<21:07, 14.25s/it]Best trial: 0. Best value: 0.853905:  12%|#2        | 12/100 [03:24<21:06, 14.39s/it]                                                                                     [32m[I 2026-07-20 14:22:14,069][0m Trial 12 finished with value: 0.8539347975967694 and parameters: {'depth': 4, 'learning_rate': 0.09636812902092426, 'l2_leaf_reg': 3.2390362150500747, 'random_strength': 0.26529004470855244}. Best is trial 12 with value: 0.8539347975967694.[0m
Best trial: 0. Best value: 0.853905:  12%|#2        | 12/100 [03:40<21:06, 14.39s/it]Best trial: 12. Best value: 0.853935:  12%|#2        | 12/100 [03:40<21:06, 14.39s/it]Best trial: 12. Best value: 0.853935:  13%|#3        | 13/100 [03:40<21:40, 14.95s/it]                                                                                      [32m[I 2026-07-20 14:22:32,032][0m Trial 13 finished with value: 0.8427065891854625 and parameters: {'depth': 7, 'learning_rate': 0.0553929622708809, 'l2_leaf_reg': 1.3088091552059964, 'random_strength': 0.3920346967641068}. Best is trial 12 with value: 0.8539347975967694.[0m
Best trial: 12. Best value: 0.853935:  13%|#3        | 13/100 [03:58<21:40, 14.95s/it]Best trial: 12. Best value: 0.853935:  13%|#3        | 13/100 [03:58<21:40, 14.95s/it]Best trial: 12. Best value: 0.853935:  14%|#4        | 14/100 [03:58<22:43, 15.85s/it]                                                                                      [32m[I 2026-07-20 14:22:46,590][0m Trial 14 finished with value: 0.8426770412685904 and parameters: {'depth': 5, 'learning_rate': 0.07767394411277964, 'l2_leaf_reg': 3.312105672404003, 'random_strength': 0.8999950265275972}. Best is trial 12 with value: 0.8539347975967694.[0m
Best trial: 12. Best value: 0.853935:  14%|#4        | 14/100 [04:12<22:43, 15.85s/it]Best trial: 12. Best value: 0.853935:  14%|#4        | 14/100 [04:12<22:43, 15.85s/it]Best trial: 12. Best value: 0.853935:  15%|#5        | 15/100 [04:12<21:54, 15.46s/it]                                                                                      [32m[I 2026-07-20 14:23:08,518][0m Trial 15 finished with value: 0.8441051905840637 and parameters: {'depth': 8, 'learning_rate': 0.05028356316164968, 'l2_leaf_reg': 4.740142194832999, 'random_strength': 0.3301564940442473}. Best is trial 12 with value: 0.8539347975967694.[0m
Best trial: 12. Best value: 0.853935:  15%|#5        | 15/100 [04:34<21:54, 15.46s/it]Best trial: 12. Best value: 0.853935:  15%|#5        | 15/100 [04:34<21:54, 15.46s/it]Best trial: 12. Best value: 0.853935:  16%|#6        | 16/100 [04:34<24:23, 17.42s/it]                                                                                      [32m[I 2026-07-20 14:23:23,451][0m Trial 16 finished with value: 0.8426967398798386 and parameters: {'depth': 6, 'learning_rate': 0.03053877397821072, 'l2_leaf_reg': 2.8004903304677486, 'random_strength': 0.551903802630517}. Best is trial 12 with value: 0.8539347975967694.[0m
Best trial: 12. Best value: 0.853935:  16%|#6        | 16/100 [04:49<24:23, 17.42s/it]Best trial: 12. Best value: 0.853935:  16%|#6        | 16/100 [04:49<24:23, 17.42s/it]Best trial: 12. Best value: 0.853935:  17%|#7        | 17/100 [04:49<23:03, 16.66s/it]                                                                                      [32m[I 2026-07-20 14:23:38,503][0m Trial 17 finished with value: 0.8496503496503497 and parameters: {'depth': 4, 'learning_rate': 0.07196105392768051, 'l2_leaf_reg': 1.643018262531463, 'random_strength': 0.005172776890281283}. Best is trial 12 with value: 0.8539347975967694.[0m
Best trial: 12. Best value: 0.853935:  17%|#7        | 17/100 [05:04<23:03, 16.66s/it]Best trial: 12. Best value: 0.853935:  17%|#7        | 17/100 [05:04<23:03, 16.66s/it]Best trial: 12. Best value: 0.853935:  18%|#8        | 18/100 [05:04<22:06, 16.18s/it]                                                                                      [32m[I 2026-07-20 14:23:58,695][0m Trial 18 finished with value: 0.8412882891756132 and parameters: {'depth': 8, 'learning_rate': 0.05287277188007191, 'l2_leaf_reg': 3.867952276918773, 'random_strength': 0.2442709099228343}. Best is trial 12 with value: 0.8539347975967694.[0m
Best trial: 12. Best value: 0.853935:  18%|#8        | 18/100 [05:24<22:06, 16.18s/it]Best trial: 12. Best value: 0.853935:  18%|#8        | 18/100 [05:25<22:06, 16.18s/it]Best trial: 12. Best value: 0.853935:  19%|#9        | 19/100 [05:25<23:27, 17.38s/it]                                                                                      [32m[I 2026-07-20 14:24:12,427][0m Trial 19 finished with value: 0.8342558849601103 and parameters: {'depth': 5, 'learning_rate': 0.08251224161580559, 'l2_leaf_reg': 9.532778548412324, 'random_strength': 0.9696855826414852}. Best is trial 12 with value: 0.8539347975967694.[0m
Best trial: 12. Best value: 0.853935:  19%|#9        | 19/100 [05:38<23:27, 17.38s/it]Best trial: 12. Best value: 0.853935:  19%|#9        | 19/100 [05:38<23:27, 17.38s/it]Best trial: 12. Best value: 0.853935:  20%|##        | 20/100 [05:38<21:43, 16.29s/it]                                                                                      [32m[I 2026-07-20 14:24:27,628][0m Trial 20 finished with value: 0.8384713877671626 and parameters: {'depth': 6, 'learning_rate': 0.0414694143617917, 'l2_leaf_reg': 6.099969078797895, 'random_strength': 0.5610143034290616}. Best is trial 12 with value: 0.8539347975967694.[0m
Best trial: 12. Best value: 0.853935:  20%|##        | 20/100 [05:53<21:43, 16.29s/it]Best trial: 12. Best value: 0.853935:  20%|##        | 20/100 [05:54<21:43, 16.29s/it]Best trial: 12. Best value: 0.853935:  21%|##1       | 21/100 [05:54<21:01, 15.96s/it]                                                                                      [32m[I 2026-07-20 14:24:39,900][0m Trial 21 finished with value: 0.8440854919728158 and parameters: {'depth': 4, 'learning_rate': 0.09747511174265243, 'l2_leaf_reg': 2.885956797600968, 'random_strength': 0.16415340964544306}. Best is trial 12 with value: 0.8539347975967694.[0m
Best trial: 12. Best value: 0.853935:  21%|##1       | 21/100 [06:06<21:01, 15.96s/it]Best trial: 12. Best value: 0.853935:  21%|##1       | 21/100 [06:06<21:01, 15.96s/it]Best trial: 12. Best value: 0.853935:  22%|##2       | 22/100 [06:06<19:18, 14.85s/it]                                                                                      [32m[I 2026-07-20 14:24:52,715][0m Trial 22 finished with value: 0.8539052496798976 and parameters: {'depth': 4, 'learning_rate': 0.0988900422553593, 'l2_leaf_reg': 2.8242092231962785, 'random_strength': 0.12936027865285682}. Best is trial 12 with value: 0.8539347975967694.[0m
Best trial: 12. Best value: 0.853935:  22%|##2       | 22/100 [06:19<19:18, 14.85s/it]Best trial: 12. Best value: 0.853935:  22%|##2       | 22/100 [06:19<19:18, 14.85s/it]Best trial: 12. Best value: 0.853935:  23%|##3       | 23/100 [06:19<18:16, 14.24s/it]                                                                                      [32m[I 2026-07-20 14:25:03,247][0m Trial 23 finished with value: 0.8441051905840637 and parameters: {'depth': 4, 'learning_rate': 0.05917063900770874, 'l2_leaf_reg': 2.3750936204916346, 'random_strength': 0.321545747830967}. Best is trial 12 with value: 0.8539347975967694.[0m
Best trial: 12. Best value: 0.853935:  23%|##3       | 23/100 [06:29<18:16, 14.24s/it]Best trial: 12. Best value: 0.853935:  23%|##3       | 23/100 [06:29<18:16, 14.24s/it]Best trial: 12. Best value: 0.853935:  24%|##4       | 24/100 [06:29<16:37, 13.13s/it]                                                                                      [32m[I 2026-07-20 14:25:18,063][0m Trial 24 finished with value: 0.8468925440756425 and parameters: {'depth': 5, 'learning_rate': 0.07408801209716469, 'l2_leaf_reg': 3.8064217937151192, 'random_strength': 0.19868678324521127}. Best is trial 12 with value: 0.8539347975967694.[0m
Best trial: 12. Best value: 0.853935:  24%|##4       | 24/100 [06:44<16:37, 13.13s/it]Best trial: 12. Best value: 0.853935:  24%|##4       | 24/100 [06:44<16:37, 13.13s/it]Best trial: 12. Best value: 0.853935:  25%|##5       | 25/100 [06:44<17:02, 13.64s/it]                                                                                      [32m[I 2026-07-20 14:25:32,397][0m Trial 25 finished with value: 0.8510686496601991 and parameters: {'depth': 4, 'learning_rate': 0.08296147299821227, 'l2_leaf_reg': 2.658743440687073, 'random_strength': 0.43335453931835016}. Best is trial 12 with value: 0.8539347975967694.[0m
Best trial: 12. Best value: 0.853935:  25%|##5       | 25/100 [06:58<17:02, 13.64s/it]Best trial: 12. Best value: 0.853935:  25%|##5       | 25/100 [06:58<17:02, 13.64s/it]Best trial: 12. Best value: 0.853935:  26%|##6       | 26/100 [06:58<17:04, 13.85s/it]                                                                                      [32m[I 2026-07-20 14:25:44,857][0m Trial 26 finished with value: 0.8384615384615385 and parameters: {'depth': 5, 'learning_rate': 0.03189108305582496, 'l2_leaf_reg': 1.7915976758034298, 'random_strength': 0.012126660113540244}. Best is trial 12 with value: 0.8539347975967694.[0m
Best trial: 12. Best value: 0.853935:  26%|##6       | 26/100 [07:11<17:04, 13.85s/it]Best trial: 12. Best value: 0.853935:  26%|##6       | 26/100 [07:11<17:04, 13.85s/it]Best trial: 12. Best value: 0.853935:  27%|##7       | 27/100 [07:11<16:20, 13.43s/it]                                                                                      [32m[I 2026-07-20 14:26:05,802][0m Trial 27 finished with value: 0.841307987786861 and parameters: {'depth': 7, 'learning_rate': 0.04712697493937877, 'l2_leaf_reg': 4.5896609923880245, 'random_strength': 0.22493478377197806}. Best is trial 12 with value: 0.8539347975967694.[0m
Best trial: 12. Best value: 0.853935:  27%|##7       | 27/100 [07:32<16:20, 13.43s/it]Best trial: 12. Best value: 0.853935:  27%|##7       | 27/100 [07:32<16:20, 13.43s/it]Best trial: 12. Best value: 0.853935:  28%|##8       | 28/100 [07:32<18:49, 15.68s/it]                                                                                      [32m[I 2026-07-20 14:26:21,344][0m Trial 28 finished with value: 0.8426770412685904 and parameters: {'depth': 6, 'learning_rate': 0.06110176974450481, 'l2_leaf_reg': 3.489312789782136, 'random_strength': 0.7259479914731407}. Best is trial 12 with value: 0.8539347975967694.[0m
Best trial: 12. Best value: 0.853935:  28%|##8       | 28/100 [07:47<18:49, 15.68s/it]Best trial: 12. Best value: 0.853935:  28%|##8       | 28/100 [07:47<18:49, 15.68s/it]Best trial: 12. Best value: 0.853935:  29%|##9       | 29/100 [07:47<18:30, 15.64s/it]                                                                                      [32m[I 2026-07-20 14:26:43,020][0m Trial 29 finished with value: 0.8511375947995667 and parameters: {'depth': 8, 'learning_rate': 0.06471527180915047, 'l2_leaf_reg': 7.363229594858585, 'random_strength': 0.1190962912030279}. Best is trial 12 with value: 0.8539347975967694.[0m
Best trial: 12. Best value: 0.853935:  29%|##9       | 29/100 [08:09<18:30, 15.64s/it]Best trial: 12. Best value: 0.853935:  29%|##9       | 29/100 [08:09<18:30, 15.64s/it]Best trial: 12. Best value: 0.853935:  30%|###       | 30/100 [08:09<20:21, 17.45s/it]                                                                                      [32m[I 2026-07-20 14:27:06,847][0m Trial 30 finished with value: 0.8399093863882596 and parameters: {'depth': 9, 'learning_rate': 0.0866696359062055, 'l2_leaf_reg': 1.4516691213132187, 'random_strength': 0.3014707629651107}. Best is trial 12 with value: 0.8539347975967694.[0m
Best trial: 12. Best value: 0.853935:  30%|###       | 30/100 [08:33<20:21, 17.45s/it]Best trial: 12. Best value: 0.853935:  30%|###       | 30/100 [08:33<20:21, 17.45s/it]Best trial: 12. Best value: 0.853935:  31%|###1      | 31/100 [08:33<22:16, 19.37s/it]                                                                                      [32m[I 2026-07-20 14:27:21,129][0m Trial 31 finished with value: 0.8567320003939722 and parameters: {'depth': 4, 'learning_rate': 0.09932220009851249, 'l2_leaf_reg': 3.237026773521992, 'random_strength': 0.11684326433533654}. Best is trial 31 with value: 0.8567320003939722.[0m
Best trial: 12. Best value: 0.853935:  31%|###1      | 31/100 [08:47<22:16, 19.37s/it]Best trial: 31. Best value: 0.856732:  31%|###1      | 31/100 [08:47<22:16, 19.37s/it]Best trial: 31. Best value: 0.856732:  32%|###2      | 32/100 [08:47<20:12, 17.84s/it]                                                                                      [32m[I 2026-07-20 14:27:33,716][0m Trial 32 finished with value: 0.8524967989756721 and parameters: {'depth': 4, 'learning_rate': 0.09930377258762557, 'l2_leaf_reg': 2.585174621440031, 'random_strength': 0.1207290877727694}. Best is trial 31 with value: 0.8567320003939722.[0m
Best trial: 31. Best value: 0.856732:  32%|###2      | 32/100 [09:00<20:12, 17.84s/it]Best trial: 31. Best value: 0.856732:  32%|###2      | 32/100 [09:00<20:12, 17.84s/it]Best trial: 31. Best value: 0.856732:  33%|###3      | 33/100 [09:00<18:10, 16.27s/it]                                                                                      [32m[I 2026-07-20 14:27:44,957][0m Trial 33 finished with value: 0.8426967398798384 and parameters: {'depth': 4, 'learning_rate': 0.0716392194682305, 'l2_leaf_reg': 2.0311627688264933, 'random_strength': 0.4761735478688206}. Best is trial 31 with value: 0.8567320003939722.[0m
