Best trial: 81. Best value: 0.860938:  37%|###6      | 110/300 [01:07<02:05,  1.52it/s]Best trial: 81. Best value: 0.860938:  37%|###6      | 110/300 [01:07<02:05,  1.52it/s]Best trial: 81. Best value: 0.860938:  37%|###7      | 111/300 [01:07<02:09,  1.46it/s]                                                                                       [32m[I 2026-07-24 17:46:28,187][0m Trial 111 finished with value: 0.8623658032108736 and parameters: {'max_depth': 7, 'subsample_freq': 1, 'learning_rate': 0.06415589255560915, 'num_leaves': 5, 'min_child_samples': 10, 'min_child_weight': 1.3284856101181381, 'min_split_gain': 0.05954220779641291, 'colsample_bytree': 0.8824366205211784, 'reg_alpha': 0.05, 'reg_lambda': 0.05, 'cat_smooth': 29.486134506510904, 'cat_l2': 9.404203748603695, 'min_data_per_group': 50, 'max_cat_to_onehot': 10, 'max_cat_threshold': 8, 'max_bin': 255, 'subsample': 0.9262378051239301}. Best is trial 111 with value: 0.8623658032108736.[0m
Best trial: 81. Best value: 0.860938:  37%|###7      | 111/300 [01:08<02:09,  1.46it/s]Best trial: 111. Best value: 0.862366:  37%|###7      | 111/300 [01:08<02:09,  1.46it/s]Best trial: 111. Best value: 0.862366:  37%|###7      | 112/300 [01:08<02:09,  1.45it/s]                                                                                        [32m[I 2026-07-24 17:46:28,862][0m Trial 112 finished with value: 0.8553530976066188 and parameters: {'max_depth': 7, 'subsample_freq': 1, 'learning_rate': 0.052923787641470134, 'num_leaves': 5, 'min_child_samples': 10, 'min_child_weight': 1.4039656521697292, 'min_split_gain': 0.05581175180802577, 'colsample_bytree': 0.9031568976511006, 'reg_alpha': 0.05, 'reg_lambda': 0.05, 'cat_smooth': 29.533260719948608, 'cat_l2': 9.510017213607155, 'min_data_per_group': 50, 'max_cat_to_onehot': 10, 'max_cat_threshold': 8, 'max_bin': 255, 'subsample': 0.9167407274193592}. Best is trial 111 with value: 0.8623658032108736.[0m
Best trial: 111. Best value: 0.862366:  37%|###7      | 112/300 [01:08<02:09,  1.45it/s]Best trial: 111. Best value: 0.862366:  37%|###7      | 112/300 [01:08<02:09,  1.45it/s]Best trial: 111. Best value: 0.862366:  38%|###7      | 113/300 [01:08<02:08,  1.45it/s]                                                                                        [32m[I 2026-07-24 17:46:29,504][0m Trial 113 finished with value: 0.8539446469023935 and parameters: {'max_depth': 7, 'subsample_freq': 1, 'learning_rate': 0.04315269740623643, 'num_leaves': 4, 'min_child_samples': 5, 'min_child_weight': 1.250811231528671, 'min_split_gain': 0.06561884771081562, 'colsample_bytree': 0.8827428153945134, 'reg_alpha': 0.05, 'reg_lambda': 0.05, 'cat_smooth': 29.19853850919831, 'cat_l2': 9.943879259935477, 'min_data_per_group': 50, 'max_cat_to_onehot': 10, 'max_cat_threshold': 8, 'max_bin': 255, 'subsample': 0.9287407744203213}. Best is trial 111 with value: 0.8623658032108736.[0m
Best trial: 111. Best value: 0.862366:  38%|###7      | 113/300 [01:09<02:08,  1.45it/s]Best trial: 111. Best value: 0.862366:  38%|###7      | 113/300 [01:09<02:08,  1.45it/s]Best trial: 111. Best value: 0.862366:  38%|###8      | 114/300 [01:09<02:05,  1.48it/s]                                                                                        [32m[I 2026-07-24 17:46:30,196][0m Trial 114 finished with value: 0.855323549689747 and parameters: {'max_depth': 7, 'subsample_freq': 1, 'learning_rate': 0.06404564278122658, 'num_leaves': 6, 'min_child_samples': 10, 'min_child_weight': 1.0195462795953203, 'min_split_gain': 0.046710946483212744, 'colsample_bytree': 0.8748951723960141, 'reg_alpha': 0.1, 'reg_lambda': 0.05, 'cat_smooth': 26.469558752531974, 'cat_l2': 12.12793489001118, 'min_data_per_group': 50, 'max_cat_to_onehot': 10, 'max_cat_threshold': 8, 'max_bin': 255, 'subsample': 0.9345474382248846}. Best is trial 111 with value: 0.8623658032108736.[0m
Best trial: 111. Best value: 0.862366:  38%|###8      | 114/300 [01:10<02:05,  1.48it/s]Best trial: 111. Best value: 0.862366:  38%|###8      | 114/300 [01:10<02:05,  1.48it/s]Best trial: 111. Best value: 0.862366:  38%|###8      | 115/300 [01:10<02:05,  1.47it/s]                                                                                        [32m[I 2026-07-24 17:46:30,984][0m Trial 115 finished with value: 0.8567320003939722 and parameters: {'max_depth': 7, 'subsample_freq': 1, 'learning_rate': 0.05705783664740609, 'num_leaves': 5, 'min_child_samples': 5, 'min_child_weight': 1.9907859151959533, 'min_split_gain': 0.05797641334749806, 'colsample_bytree': 0.8935689650039447, 'reg_alpha': 0.05, 'reg_lambda': 0.01, 'cat_smooth': 29.955016751780597, 'cat_l2': 9.003720218411722, 'min_data_per_group': 40, 'max_cat_to_onehot': 10, 'max_cat_threshold': 8, 'max_bin': 255, 'subsample': 0.9096410973616376}. Best is trial 111 with value: 0.8623658032108736.[0m
Best trial: 111. Best value: 0.862366:  38%|###8      | 115/300 [01:10<02:05,  1.47it/s]Best trial: 111. Best value: 0.862366:  38%|###8      | 115/300 [01:11<02:05,  1.47it/s]Best trial: 111. Best value: 0.862366:  39%|###8      | 116/300 [01:11<02:10,  1.41it/s]                                                                                        [32m[I 2026-07-24 17:46:31,633][0m Trial 116 finished with value: 0.8567320003939722 and parameters: {'max_depth': 7, 'subsample_freq': 1, 'learning_rate': 0.06801324985767923, 'num_leaves': 4, 'min_child_samples': 10, 'min_child_weight': 0.8088115741443338, 'min_split_gain': 0.06760671848824931, 'colsample_bytree': 0.8833076050429981, 'reg_alpha': 0.05, 'reg_lambda': 0.1, 'cat_smooth': 17.01541226868858, 'cat_l2': 10.38509758580934, 'min_data_per_group': 50, 'max_cat_to_onehot': 10, 'max_cat_threshold': 8, 'max_bin': 255, 'subsample': 0.8994172769012276}. Best is trial 111 with value: 0.8623658032108736.[0m
Best trial: 111. Best value: 0.862366:  39%|###8      | 116/300 [01:11<02:10,  1.41it/s]Best trial: 111. Best value: 0.862366:  39%|###8      | 116/300 [01:11<02:10,  1.41it/s]Best trial: 111. Best value: 0.862366:  39%|###9      | 117/300 [01:11<02:06,  1.45it/s]                                                                                        [32m[I 2026-07-24 17:46:32,284][0m Trial 117 finished with value: 0.8581404510981976 and parameters: {'max_depth': 7, 'subsample_freq': 1, 'learning_rate': 0.05962718798617828, 'num_leaves': 6, 'min_child_samples': 5, 'min_child_weight': 1.5346222789194508, 'min_split_gain': 0.05287509029946143, 'colsample_bytree': 0.8878117379855837, 'reg_alpha': 0.05, 'reg_lambda': 0.01, 'cat_smooth': 18.063604787910617, 'cat_l2': 15.304309098393308, 'min_data_per_group': 40, 'max_cat_to_onehot': 10, 'max_cat_threshold': 8, 'max_bin': 255, 'subsample': 0.8880851319157811}. Best is trial 111 with value: 0.8623658032108736.[0m
Best trial: 111. Best value: 0.862366:  39%|###9      | 117/300 [01:12<02:06,  1.45it/s]Best trial: 111. Best value: 0.862366:  39%|###9      | 117/300 [01:12<02:06,  1.45it/s]Best trial: 111. Best value: 0.862366:  39%|###9      | 118/300 [01:12<02:03,  1.48it/s]                                                                                        [32m[I 2026-07-24 17:46:32,932][0m Trial 118 finished with value: 0.8553235496897468 and parameters: {'max_depth': 7, 'subsample_freq': 1, 'learning_rate': 0.07333507359114666, 'num_leaves': 7, 'min_child_samples': 15, 'min_child_weight': 1.3313788518689378, 'min_split_gain': 0.10245849223427358, 'colsample_bytree': 0.9092544435965216, 'reg_alpha': 0.05, 'reg_lambda': 0.05, 'cat_smooth': 15.46588268346928, 'cat_l2': 17.703294848924234, 'min_data_per_group': 50, 'max_cat_to_onehot': 10, 'max_cat_threshold': 8, 'max_bin': 127, 'subsample': 0.9568217611936036}. Best is trial 111 with value: 0.8623658032108736.[0m
Best trial: 111. Best value: 0.862366:  39%|###9      | 118/300 [01:12<02:03,  1.48it/s]Best trial: 111. Best value: 0.862366:  39%|###9      | 118/300 [01:12<02:03,  1.48it/s]Best trial: 111. Best value: 0.862366:  40%|###9      | 119/300 [01:12<02:01,  1.49it/s]                                                                                        [32m[I 2026-07-24 17:46:33,588][0m Trial 119 finished with value: 0.8539446469023935 and parameters: {'max_depth': 7, 'subsample_freq': 1, 'learning_rate': 0.06871385273218251, 'num_leaves': 5, 'min_child_samples': 10, 'min_child_weight': 0.608458208904131, 'min_split_gain': 0.10697266172819629, 'colsample_bytree': 0.8695741827991861, 'reg_alpha': 0.05, 'reg_lambda': 0.001, 'cat_smooth': 25.5052559742543, 'cat_l2': 8.02226653116499, 'min_data_per_group': 40, 'max_cat_to_onehot': 10, 'max_cat_threshold': 8, 'max_bin': 255, 'subsample': 0.9268381418779044}. Best is trial 111 with value: 0.8623658032108736.[0m
Best trial: 111. Best value: 0.862366:  40%|###9      | 119/300 [01:13<02:01,  1.49it/s]Best trial: 111. Best value: 0.862366:  40%|###9      | 119/300 [01:13<02:01,  1.49it/s]Best trial: 111. Best value: 0.862366:  40%|####      | 120/300 [01:13<02:00,  1.50it/s]                                                                                        [32m[I 2026-07-24 17:46:34,274][0m Trial 120 finished with value: 0.8539446469023935 and parameters: {'max_depth': 7, 'subsample_freq': 1, 'learning_rate': 0.05141685561727834, 'num_leaves': 6, 'min_child_samples': 5, 'min_child_weight': 0.9538084735897828, 'min_split_gain': 0.060344176341204564, 'colsample_bytree': 0.8575355673498176, 'reg_alpha': 0.05, 'reg_lambda': 0.01, 'cat_smooth': 27.511672459872656, 'cat_l2': 11.2971104284184, 'min_data_per_group': 50, 'max_cat_to_onehot': 10, 'max_cat_threshold': 8, 'max_bin': 255, 'subsample': 0.9134169043695034}. Best is trial 111 with value: 0.8623658032108736.[0m
Best trial: 111. Best value: 0.862366:  40%|####      | 120/300 [01:14<02:00,  1.50it/s]Best trial: 111. Best value: 0.862366:  40%|####      | 120/300 [01:14<02:00,  1.50it/s]Best trial: 111. Best value: 0.862366:  40%|####      | 121/300 [01:14<02:00,  1.48it/s]                                                                                        [32m[I 2026-07-24 17:46:34,985][0m Trial 121 finished with value: 0.8553235496897468 and parameters: {'max_depth': 7, 'subsample_freq': 1, 'learning_rate': 0.08014387891708066, 'num_leaves': 8, 'min_child_samples': 10, 'min_child_weight': 1.119434288004642, 'min_split_gain': 0.05020666508188529, 'colsample_bytree': 0.880446787401504, 'reg_alpha': 0.05, 'reg_lambda': 0.05, 'cat_smooth': 28.2716967506107, 'cat_l2': 14.043276905128726, 'min_data_per_group': 60, 'max_cat_to_onehot': 10, 'max_cat_threshold': 8, 'max_bin': 255, 'subsample': 0.9474243329698617}. Best is trial 111 with value: 0.8623658032108736.[0m
Best trial: 111. Best value: 0.862366:  40%|####      | 121/300 [01:14<02:00,  1.48it/s]Best trial: 111. Best value: 0.862366:  40%|####      | 121/300 [01:15<02:00,  1.48it/s]Best trial: 111. Best value: 0.862366:  41%|####      | 122/300 [01:15<02:01,  1.46it/s]                                                                                        [32m[I 2026-07-24 17:46:35,673][0m Trial 122 finished with value: 0.8567418496995962 and parameters: {'max_depth': 7, 'subsample_freq': 1, 'learning_rate': 0.062217880297174545, 'num_leaves': 7, 'min_child_samples': 10, 'min_child_weight': 1.1485689728451858, 'min_split_gain': 0.07954327794276111, 'colsample_bytree': 0.8595127527271098, 'reg_alpha': 0.05, 'reg_lambda': 0.05, 'cat_smooth': 28.653710120463217, 'cat_l2': 6.1986566036958735, 'min_data_per_group': 60, 'max_cat_to_onehot': 10, 'max_cat_threshold': 8, 'max_bin': 255, 'subsample': 0.9393539839680956}. Best is trial 111 with value: 0.8623658032108736.[0m
Best trial: 111. Best value: 0.862366:  41%|####      | 122/300 [01:15<02:01,  1.46it/s]Best trial: 111. Best value: 0.862366:  41%|####      | 122/300 [01:15<02:01,  1.46it/s]Best trial: 111. Best value: 0.862366:  41%|####1     | 123/300 [01:15<02:01,  1.46it/s]                                                                                        [32m[I 2026-07-24 17:46:36,285][0m Trial 123 finished with value: 0.8553333989953709 and parameters: {'max_depth': 7, 'subsample_freq': 1, 'learning_rate': 0.07639267278402867, 'num_leaves': 5, 'min_child_samples': 10, 'min_child_weight': 1.7343502199142566, 'min_split_gain': 0.09098634605771344, 'colsample_bytree': 0.8228134858294559, 'reg_alpha': 0.05, 'reg_lambda': 0.05, 'cat_smooth': 29.521188928530947, 'cat_l2': 13.028140398636296, 'min_data_per_group': 40, 'max_cat_to_onehot': 10, 'max_cat_threshold': 8, 'max_bin': 255, 'subsample': 0.925953985976229}. Best is trial 111 with value: 0.8623658032108736.[0m
Best trial: 111. Best value: 0.862366:  41%|####1     | 123/300 [01:16<02:01,  1.46it/s]Best trial: 111. Best value: 0.862366:  41%|####1     | 123/300 [01:16<02:01,  1.46it/s]Best trial: 111. Best value: 0.862366:  41%|####1     | 124/300 [01:16<01:56,  1.52it/s]                                                                                        [32m[I 2026-07-24 17:46:36,893][0m Trial 124 finished with value: 0.8525263468925441 and parameters: {'max_depth': 7, 'subsample_freq': 1, 'learning_rate': 0.06511026109636797, 'num_leaves': 7, 'min_child_samples': 15, 'min_child_weight': 1.4747776124871632, 'min_split_gain': 0.13065251416078744, 'colsample_bytree': 0.8451460842738714, 'reg_alpha': 0.001, 'reg_lambda': 0.05, 'cat_smooth': 16.613373952379774, 'cat_l2': 8.393153774961268, 'min_data_per_group': 50, 'max_cat_to_onehot': 10, 'max_cat_threshold': 8, 'max_bin': 255, 'subsample': 0.950723402159033}. Best is trial 111 with value: 0.8623658032108736.[0m
Best trial: 111. Best value: 0.862366:  41%|####1     | 124/300 [01:16<01:56,  1.52it/s]Best trial: 111. Best value: 0.862366:  41%|####1     | 124/300 [01:16<01:56,  1.52it/s]Best trial: 111. Best value: 0.862366:  42%|####1     | 125/300 [01:16<01:52,  1.55it/s]                                                                                        [32m[I 2026-07-24 17:46:37,514][0m Trial 125 finished with value: 0.8497094454840933 and parameters: {'max_depth': 7, 'subsample_freq': 1, 'learning_rate': 0.08615890822735321, 'num_leaves': 8, 'min_child_samples': 5, 'min_child_weight': 0.7201398538354843, 'min_split_gain': 0.09577757312227639, 'colsample_bytree': 0.8721766965174433, 'reg_alpha': 0.05, 'reg_lambda': 0.5, 'cat_smooth': 27.982176366302152, 'cat_l2': 9.212190579329283, 'min_data_per_group': 30, 'max_cat_to_onehot': 10, 'max_cat_threshold': 8, 'max_bin': 255, 'subsample': 0.9374842389029323}. Best is trial 111 with value: 0.8623658032108736.[0m
Best trial: 111. Best value: 0.862366:  42%|####1     | 125/300 [01:17<01:52,  1.55it/s]Best trial: 111. Best value: 0.862366:  42%|####1     | 125/300 [01:17<01:52,  1.55it/s]Best trial: 111. Best value: 0.862366:  42%|####2     | 126/300 [01:17<01:51,  1.56it/s]                                                                                        [32m[I 2026-07-24 17:46:38,201][0m Trial 126 finished with value: 0.8567516990052202 and parameters: {'max_depth': 7, 'subsample_freq': 1, 'learning_rate': 0.07004179676847756, 'num_leaves': 4, 'min_child_samples': 10, 'min_child_weight': 1.279359290661714, 'min_split_gain': 0.04355166302116025, 'colsample_bytree': 0.8670169925558385, 'reg_alpha': 0.05, 'reg_lambda': 0.01, 'cat_smooth': 28.647729342362563, 'cat_l2': 6.872403208089993, 'min_data_per_group': 60, 'max_cat_to_onehot': 10, 'max_cat_threshold': 8, 'max_bin': 255, 'subsample': 0.9613036444448868}. Best is trial 111 with value: 0.8623658032108736.[0m
Best trial: 111. Best value: 0.862366:  42%|####2     | 126/300 [01:18<01:51,  1.56it/s]Best trial: 111. Best value: 0.862366:  42%|####2     | 126/300 [01:18<01:51,  1.56it/s]Best trial: 111. Best value: 0.862366:  42%|####2     | 127/300 [01:18<01:52,  1.53it/s]                                                                                        [32m[I 2026-07-24 17:46:38,838][0m Trial 127 finished with value: 0.8553137003841229 and parameters: {'max_depth': 7, 'subsample_freq': 1, 'learning_rate': 0.0932724950687049, 'num_leaves': 6, 'min_child_samples': 5, 'min_child_weight': 1.7363847375801553, 'min_split_gain': 0.08530626879098117, 'colsample_bytree': 0.8936778693592577, 'reg_alpha': 0.05, 'reg_lambda': 0.05, 'cat_smooth': 17.770920001576755, 'cat_l2': 10.594589263767743, 'min_data_per_group': 40, 'max_cat_to_onehot': 10, 'max_cat_threshold': 8, 'max_bin': 31, 'subsample': 0.9040341899680872}. Best is trial 111 with value: 0.8623658032108736.[0m
Best trial: 111. Best value: 0.862366:  42%|####2     | 127/300 [01:18<01:52,  1.53it/s]Best trial: 111. Best value: 0.862366:  42%|####2     | 127/300 [01:18<01:52,  1.53it/s]Best trial: 111. Best value: 0.862366:  43%|####2     | 128/300 [01:18<01:51,  1.54it/s]                                                                                        [32m[I 2026-07-24 17:46:39,433][0m Trial 128 finished with value: 0.8511375947995667 and parameters: {'max_depth': 7, 'subsample_freq': 1, 'learning_rate': 0.11000747809062032, 'num_leaves': 9, 'min_child_samples': 10, 'min_child_weight': 0.8640421921376783, 'min_split_gain': 0.10057183439832569, 'colsample_bytree': 0.9024195826829117, 'reg_alpha': 0.05, 'reg_lambda': 0.01, 'cat_smooth': 26.809421446229567, 'cat_l2': 7.150410523065693, 'min_data_per_group': 50, 'max_cat_to_onehot': 10, 'max_cat_threshold': 8, 'max_bin': 255, 'subsample': 0.9212230571095529}. Best is trial 111 with value: 0.8623658032108736.[0m
Best trial: 111. Best value: 0.862366:  43%|####2     | 128/300 [01:19<01:51,  1.54it/s]Best trial: 111. Best value: 0.862366:  43%|####2     | 128/300 [01:19<01:51,  1.54it/s]Best trial: 111. Best value: 0.862366:  43%|####3     | 129/300 [01:19<01:48,  1.58it/s]                                                                                        [32m[I 2026-07-24 17:46:40,018][0m Trial 129 finished with value: 0.8384516891559144 and parameters: {'max_depth': 7, 'subsample_freq': 1, 'learning_rate': 0.07934452955627094, 'num_leaves': 5, 'min_child_samples': 5, 'min_child_weight': 1.9973301522996698, 'min_split_gain': 0.11786534335168622, 'colsample_bytree': 0.8792152267113629, 'reg_alpha': 2.0, 'reg_lambda': 1.0, 'cat_smooth': 27.447394652008082, 'cat_l2': 12.148274965743173, 'min_data_per_group': 40, 'max_cat_to_onehot': 10, 'max_cat_threshold': 8, 'max_bin': 255, 'subsample': 0.9708717687687503}. Best is trial 111 with value: 0.8623658032108736.[0m
Best trial: 111. Best value: 0.862366:  43%|####3     | 129/300 [01:19<01:48,  1.58it/s]Best trial: 111. Best value: 0.862366:  43%|####3     | 129/300 [01:20<01:48,  1.58it/s]Best trial: 111. Best value: 0.862366:  43%|####3     | 130/300 [01:20<01:44,  1.62it/s]                                                                                        [32m[I 2026-07-24 17:46:40,769][0m Trial 130 finished with value: 0.8511178961883188 and parameters: {'max_depth': 7, 'subsample_freq': 1, 'learning_rate': 0.01910245534523311, 'num_leaves': 7, 'min_child_samples': 10, 'min_child_weight': 1.0761815407380102, 'min_split_gain': 0.10381106929798063, 'colsample_bytree': 0.887013399254072, 'reg_alpha': 0.05, 'reg_lambda': 0.05, 'cat_smooth': 18.39188405275399, 'cat_l2': 7.552912936149985, 'min_data_per_group': 50, 'max_cat_to_onehot': 10, 'max_cat_threshold': 8, 'max_bin': 255, 'subsample': 0.9483118583433776}. Best is trial 111 with value: 0.8623658032108736.[0m
Best trial: 111. Best value: 0.862366:  43%|####3     | 130/300 [01:20<01:44,  1.62it/s]Best trial: 111. Best value: 0.862366:  43%|####3     | 130/300 [01:20<01:44,  1.62it/s]Best trial: 111. Best value: 0.862366:  44%|####3     | 131/300 [01:20<01:51,  1.52it/s]                                                                                        [32m[I 2026-07-24 17:46:41,440][0m Trial 131 finished with value: 0.8553333989953709 and parameters: {'max_depth': 7, 'subsample_freq': 1, 'learning_rate': 0.07607280027789895, 'num_leaves': 8, 'min_child_samples': 10, 'min_child_weight': 1.1958980801920553, 'min_split_gain': 0.14098465315005035, 'colsample_bytree': 0.8535192881682683, 'reg_alpha': 0.05, 'reg_lambda': 0.05, 'cat_smooth': 29.289721898995452, 'cat_l2': 8.208806551198869, 'min_data_per_group': 70, 'max_cat_to_onehot': 10, 'max_cat_threshold': 8, 'max_bin': 255, 'subsample': 0.9323580926776496}. Best is trial 111 with value: 0.8623658032108736.[0m
Best trial: 111. Best value: 0.862366:  44%|####3     | 131/300 [01:21<01:51,  1.52it/s]Best trial: 111. Best value: 0.862366:  44%|####3     | 131/300 [01:21<01:51,  1.52it/s]Best trial: 111. Best value: 0.862366:  44%|####4     | 132/300 [01:21<01:50,  1.51it/s]                                                                                        [32m[I 2026-07-24 17:46:42,066][0m Trial 132 finished with value: 0.8539347975967694 and parameters: {'max_depth': 7, 'subsample_freq': 1, 'learning_rate': 0.07245672140138698, 'num_leaves': 7, 'min_child_samples': 15, 'min_child_weight': 1.3362219993007427, 'min_split_gain': 0.14007858577779694, 'colsample_bytree': 0.8578693075699909, 'reg_alpha': 0.05, 'reg_lambda': 0.05, 'cat_smooth': 28.27728482396337, 'cat_l2': 8.62307971086635, 'min_data_per_group': 60, 'max_cat_to_onehot': 10, 'max_cat_threshold': 8, 'max_bin': 255, 'subsample': 0.9542915744533267}. Best is trial 111 with value: 0.8623658032108736.[0m
