Best trial: 111. Best value: 0.862366:  66%|######6   | 198/300 [02:06<01:07,  1.52it/s]Best trial: 111. Best value: 0.862366:  66%|######6   | 198/300 [02:06<01:07,  1.52it/s]Best trial: 111. Best value: 0.862366:  66%|######6   | 199/300 [02:06<01:06,  1.53it/s]                                                                                        [32m[I 2026-07-24 17:47:26,929][0m Trial 199 finished with value: 0.8623461045996258 and parameters: {'max_depth': 7, 'subsample_freq': 1, 'learning_rate': 0.12135397476496647, 'num_leaves': 4, 'min_child_samples': 10, 'min_child_weight': 0.8913385471494968, 'min_split_gain': 0.09680211703988155, 'colsample_bytree': 0.8896700245949554, 'reg_alpha': 0.001, 'reg_lambda': 0.05, 'cat_smooth': 29.43395946229507, 'cat_l2': 8.314239289721916, 'min_data_per_group': 60, 'max_cat_to_onehot': 10, 'max_cat_threshold': 8, 'max_bin': 255, 'subsample': 0.972499684920482}. Best is trial 111 with value: 0.8623658032108736.[0m
Best trial: 111. Best value: 0.862366:  66%|######6   | 199/300 [02:06<01:06,  1.53it/s]Best trial: 111. Best value: 0.862366:  66%|######6   | 199/300 [02:07<01:06,  1.53it/s]Best trial: 111. Best value: 0.862366:  67%|######6   | 200/300 [02:07<01:07,  1.49it/s]                                                                                        [32m[I 2026-07-24 17:47:27,577][0m Trial 200 finished with value: 0.8609672018122723 and parameters: {'max_depth': 7, 'subsample_freq': 1, 'learning_rate': 0.104665467623694, 'num_leaves': 4, 'min_child_samples': 10, 'min_child_weight': 0.6711428872889121, 'min_split_gain': 0.08543771928979958, 'colsample_bytree': 0.9003318145518321, 'reg_alpha': 0.001, 'reg_lambda': 0.05, 'cat_smooth': 29.993348746003907, 'cat_l2': 7.832831988214041, 'min_data_per_group': 60, 'max_cat_to_onehot': 10, 'max_cat_threshold': 8, 'max_bin': 255, 'subsample': 0.979235378011197}. Best is trial 111 with value: 0.8623658032108736.[0m
Best trial: 111. Best value: 0.862366:  67%|######6   | 200/300 [02:07<01:07,  1.49it/s]Best trial: 111. Best value: 0.862366:  67%|######6   | 200/300 [02:07<01:07,  1.49it/s]Best trial: 111. Best value: 0.862366:  67%|######7   | 201/300 [02:07<01:05,  1.50it/s]                                                                                        [32m[I 2026-07-24 17:47:28,249][0m Trial 201 finished with value: 0.8595489018024229 and parameters: {'max_depth': 7, 'subsample_freq': 1, 'learning_rate': 0.11300897528690447, 'num_leaves': 4, 'min_child_samples': 10, 'min_child_weight': 0.6605027580454308, 'min_split_gain': 0.08241507120137984, 'colsample_bytree': 0.8927269188285747, 'reg_alpha': 0.001, 'reg_lambda': 0.05, 'cat_smooth': 29.750269656877887, 'cat_l2': 8.132245262645561, 'min_data_per_group': 60, 'max_cat_to_onehot': 10, 'max_cat_threshold': 8, 'max_bin': 255, 'subsample': 0.9811591939971407}. Best is trial 111 with value: 0.8623658032108736.[0m
Best trial: 111. Best value: 0.862366:  67%|######7   | 201/300 [02:08<01:05,  1.50it/s]Best trial: 111. Best value: 0.862366:  67%|######7   | 201/300 [02:08<01:05,  1.50it/s]Best trial: 111. Best value: 0.862366:  67%|######7   | 202/300 [02:08<01:04,  1.51it/s]                                                                                        [32m[I 2026-07-24 17:47:28,879][0m Trial 202 finished with value: 0.8539249482911455 and parameters: {'max_depth': 7, 'subsample_freq': 1, 'learning_rate': 0.12595535285945517, 'num_leaves': 4, 'min_child_samples': 10, 'min_child_weight': 0.5788419503610983, 'min_split_gain': 0.07710970810794865, 'colsample_bytree': 0.8998943003985375, 'reg_alpha': 0.001, 'reg_lambda': 0.05, 'cat_smooth': 29.317375810364435, 'cat_l2': 8.21762388630609, 'min_data_per_group': 60, 'max_cat_to_onehot': 10, 'max_cat_threshold': 8, 'max_bin': 255, 'subsample': 0.9887069465569034}. Best is trial 111 with value: 0.8623658032108736.[0m
Best trial: 111. Best value: 0.862366:  67%|######7   | 202/300 [02:08<01:04,  1.51it/s]Best trial: 111. Best value: 0.862366:  67%|######7   | 202/300 [02:08<01:04,  1.51it/s]Best trial: 111. Best value: 0.862366:  68%|######7   | 203/300 [02:08<01:03,  1.52it/s]                                                                                        [32m[I 2026-07-24 17:47:29,607][0m Trial 203 finished with value: 0.8567320003939722 and parameters: {'max_depth': 7, 'subsample_freq': 1, 'learning_rate': 0.1191428977953108, 'num_leaves': 4, 'min_child_samples': 10, 'min_child_weight': 0.6788626390906004, 'min_split_gain': 0.07999290934764931, 'colsample_bytree': 0.9104008340786791, 'reg_alpha': 0.001, 'reg_lambda': 0.05, 'cat_smooth': 29.899014336161095, 'cat_l2': 8.696691103500623, 'min_data_per_group': 70, 'max_cat_to_onehot': 10, 'max_cat_threshold': 8, 'max_bin': 255, 'subsample': 0.9814403174991271}. Best is trial 111 with value: 0.8623658032108736.[0m
Best trial: 111. Best value: 0.862366:  68%|######7   | 203/300 [02:09<01:03,  1.52it/s]Best trial: 111. Best value: 0.862366:  68%|######7   | 203/300 [02:09<01:03,  1.52it/s]Best trial: 111. Best value: 0.862366:  68%|######8   | 204/300 [02:09<01:04,  1.48it/s]                                                                                        [32m[I 2026-07-24 17:47:30,229][0m Trial 204 finished with value: 0.8553333989953709 and parameters: {'max_depth': 7, 'subsample_freq': 1, 'learning_rate': 0.10193233932381311, 'num_leaves': 4, 'min_child_samples': 10, 'min_child_weight': 0.8653188159638268, 'min_split_gain': 0.08489876663751737, 'colsample_bytree': 0.8882145471622097, 'reg_alpha': 0.001, 'reg_lambda': 0.05, 'cat_smooth': 28.7944705273221, 'cat_l2': 7.836651660209859, 'min_data_per_group': 60, 'max_cat_to_onehot': 10, 'max_cat_threshold': 8, 'max_bin': 255, 'subsample': 0.9723409524710903}. Best is trial 111 with value: 0.8623658032108736.[0m
Best trial: 111. Best value: 0.862366:  68%|######8   | 204/300 [02:10<01:04,  1.48it/s]Best trial: 111. Best value: 0.862366:  68%|######8   | 204/300 [02:10<01:04,  1.48it/s]Best trial: 111. Best value: 0.862366:  68%|######8   | 205/300 [02:10<01:02,  1.52it/s]                                                                                        [32m[I 2026-07-24 17:47:30,845][0m Trial 205 finished with value: 0.8567516990052202 and parameters: {'max_depth': 7, 'subsample_freq': 1, 'learning_rate': 0.1222327414870723, 'num_leaves': 4, 'min_child_samples': 10, 'min_child_weight': 0.5879158487806746, 'min_split_gain': 0.08143137100362946, 'colsample_bytree': 0.895250262106125, 'reg_alpha': 0.001, 'reg_lambda': 0.05, 'cat_smooth': 28.1911448275606, 'cat_l2': 8.533845497472077, 'min_data_per_group': 60, 'max_cat_to_onehot': 10, 'max_cat_threshold': 8, 'max_bin': 255, 'subsample': 0.9874353425808208}. Best is trial 111 with value: 0.8623658032108736.[0m
Best trial: 111. Best value: 0.862366:  68%|######8   | 205/300 [02:10<01:02,  1.52it/s]Best trial: 111. Best value: 0.862366:  68%|######8   | 205/300 [02:10<01:02,  1.52it/s]Best trial: 111. Best value: 0.862366:  69%|######8   | 206/300 [02:10<01:00,  1.54it/s]                                                                                        [32m[I 2026-07-24 17:47:31,528][0m Trial 206 finished with value: 0.85251649758692 and parameters: {'max_depth': 7, 'subsample_freq': 1, 'learning_rate': 0.11337907434509994, 'num_leaves': 5, 'min_child_samples': 15, 'min_child_weight': 0.6918828849989745, 'min_split_gain': 0.08628655149581597, 'colsample_bytree': 0.9024939714290859, 'reg_alpha': 0.001, 'reg_lambda': 0.05, 'cat_smooth': 29.160417436499884, 'cat_l2': 9.281834880821027, 'min_data_per_group': 60, 'max_cat_to_onehot': 10, 'max_cat_threshold': 8, 'max_bin': 255, 'subsample': 0.9787157884962172}. Best is trial 111 with value: 0.8623658032108736.[0m
Best trial: 111. Best value: 0.862366:  69%|######8   | 206/300 [02:11<01:00,  1.54it/s]Best trial: 111. Best value: 0.862366:  69%|######8   | 206/300 [02:11<01:00,  1.54it/s]Best trial: 111. Best value: 0.862366:  69%|######9   | 207/300 [02:11<01:01,  1.52it/s]                                                                                        [32m[I 2026-07-24 17:47:32,172][0m Trial 207 finished with value: 0.8609573525066484 and parameters: {'max_depth': 7, 'subsample_freq': 1, 'learning_rate': 0.10415236139424157, 'num_leaves': 4, 'min_child_samples': 10, 'min_child_weight': 0.9505352282696382, 'min_split_gain': 0.09167701837804076, 'colsample_bytree': 0.8923168039085578, 'reg_alpha': 0.001, 'reg_lambda': 0.05, 'cat_smooth': 29.94878220590208, 'cat_l2': 7.592286458674563, 'min_data_per_group': 60, 'max_cat_to_onehot': 10, 'max_cat_threshold': 8, 'max_bin': 127, 'subsample': 0.9752415926872833}. Best is trial 111 with value: 0.8623658032108736.[0m
Best trial: 111. Best value: 0.862366:  69%|######9   | 207/300 [02:12<01:01,  1.52it/s]Best trial: 111. Best value: 0.862366:  69%|######9   | 207/300 [02:12<01:01,  1.52it/s]Best trial: 111. Best value: 0.862366:  69%|######9   | 208/300 [02:12<01:00,  1.53it/s]                                                                                        [32m[I 2026-07-24 17:47:32,740][0m Trial 208 finished with value: 0.8567516990052202 and parameters: {'max_depth': 7, 'subsample_freq': 1, 'learning_rate': 0.10557180816810431, 'num_leaves': 4, 'min_child_samples': 10, 'min_child_weight': 0.9046247351970124, 'min_split_gain': 0.08792710344044198, 'colsample_bytree': 0.8908517784147785, 'reg_alpha': 0.001, 'reg_lambda': 0.0, 'cat_smooth': 28.623960263923895, 'cat_l2': 7.551032136330551, 'min_data_per_group': 60, 'max_cat_to_onehot': 10, 'max_cat_threshold': 8, 'max_bin': 127, 'subsample': 0.9995386360120714}. Best is trial 111 with value: 0.8623658032108736.[0m
Best trial: 111. Best value: 0.862366:  69%|######9   | 208/300 [02:12<01:00,  1.53it/s]Best trial: 111. Best value: 0.862366:  69%|######9   | 208/300 [02:12<01:00,  1.53it/s]Best trial: 111. Best value: 0.862366:  70%|######9   | 209/300 [02:12<00:56,  1.60it/s]                                                                                        [32m[I 2026-07-24 17:47:33,352][0m Trial 209 finished with value: 0.8412587412587411 and parameters: {'max_depth': 7, 'subsample_freq': 1, 'learning_rate': 0.10829729253274155, 'num_leaves': 5, 'min_child_samples': 35, 'min_child_weight': 0.750425160073596, 'min_split_gain': 0.08268551039567822, 'colsample_bytree': 0.8977426760518091, 'reg_alpha': 0.001, 'reg_lambda': 0.05, 'cat_smooth': 29.407931447601698, 'cat_l2': 8.04947927526533, 'min_data_per_group': 60, 'max_cat_to_onehot': 10, 'max_cat_threshold': 8, 'max_bin': 127, 'subsample': 0.9820196226945709}. Best is trial 111 with value: 0.8623658032108736.[0m
Best trial: 111. Best value: 0.862366:  70%|######9   | 209/300 [02:13<00:56,  1.60it/s]Best trial: 111. Best value: 0.862366:  70%|######9   | 209/300 [02:13<00:56,  1.60it/s]Best trial: 111. Best value: 0.862366:  70%|#######   | 210/300 [02:13<00:55,  1.61it/s]                                                                                        [32m[I 2026-07-24 17:47:33,975][0m Trial 210 finished with value: 0.8581601497094455 and parameters: {'max_depth': 7, 'subsample_freq': 1, 'learning_rate': 0.13095025771255142, 'num_leaves': 4, 'min_child_samples': 10, 'min_child_weight': 0.4801534058982956, 'min_split_gain': 0.09065787465085531, 'colsample_bytree': 0.8859751121256428, 'reg_alpha': 0.001, 'reg_lambda': 0.05, 'cat_smooth': 27.671221770005392, 'cat_l2': 10.303196124500317, 'min_data_per_group': 70, 'max_cat_to_onehot': 10, 'max_cat_threshold': 8, 'max_bin': 127, 'subsample': 0.9684183333464433}. Best is trial 111 with value: 0.8623658032108736.[0m
Best trial: 111. Best value: 0.862366:  70%|#######   | 210/300 [02:13<00:55,  1.61it/s]Best trial: 111. Best value: 0.862366:  70%|#######   | 210/300 [02:14<00:55,  1.61it/s]Best trial: 111. Best value: 0.862366:  70%|#######   | 211/300 [02:14<00:55,  1.60it/s]                                                                                        [32m[I 2026-07-24 17:47:34,597][0m Trial 211 finished with value: 0.8567123017827243 and parameters: {'max_depth': 7, 'subsample_freq': 1, 'learning_rate': 0.1322068878140523, 'num_leaves': 4, 'min_child_samples': 10, 'min_child_weight': 0.60739528595705, 'min_split_gain': 0.09064886952476686, 'colsample_bytree': 0.8851695306353341, 'reg_alpha': 0.001, 'reg_lambda': 0.05, 'cat_smooth': 27.65167986511686, 'cat_l2': 10.162766344857765, 'min_data_per_group': 70, 'max_cat_to_onehot': 10, 'max_cat_threshold': 8, 'max_bin': 127, 'subsample': 0.9726337587289842}. Best is trial 111 with value: 0.8623658032108736.[0m
Best trial: 111. Best value: 0.862366:  70%|#######   | 211/300 [02:14<00:55,  1.60it/s]Best trial: 111. Best value: 0.862366:  70%|#######   | 211/300 [02:14<00:55,  1.60it/s]Best trial: 111. Best value: 0.862366:  71%|#######   | 212/300 [02:14<00:54,  1.60it/s]                                                                                        [32m[I 2026-07-24 17:47:35,205][0m Trial 212 finished with value: 0.8553432483009947 and parameters: {'max_depth': 7, 'subsample_freq': 1, 'learning_rate': 0.11424046971847922, 'num_leaves': 4, 'min_child_samples': 10, 'min_child_weight': 0.9682836608540396, 'min_split_gain': 0.09080126325952352, 'colsample_bytree': 0.8915604297165706, 'reg_alpha': 0.001, 'reg_lambda': 0.05, 'cat_smooth': 28.248231313317024, 'cat_l2': 9.048737180928825, 'min_data_per_group': 80, 'max_cat_to_onehot': 10, 'max_cat_threshold': 8, 'max_bin': 127, 'subsample': 0.9662213625124229}. Best is trial 111 with value: 0.8623658032108736.[0m
Best trial: 111. Best value: 0.862366:  71%|#######   | 212/300 [02:15<00:54,  1.60it/s]Best trial: 111. Best value: 0.862366:  71%|#######   | 212/300 [02:15<00:54,  1.60it/s]Best trial: 111. Best value: 0.862366:  71%|#######1  | 213/300 [02:15<00:53,  1.61it/s]                                                                                        [32m[I 2026-07-24 17:47:35,877][0m Trial 213 finished with value: 0.8539052496798976 and parameters: {'max_depth': 7, 'subsample_freq': 1, 'learning_rate': 0.12658771191697674, 'num_leaves': 5, 'min_child_samples': 10, 'min_child_weight': 0.46972996697746827, 'min_split_gain': 0.09750599182073305, 'colsample_bytree': 0.8798316691339385, 'reg_alpha': 0.001, 'reg_lambda': 0.05, 'cat_smooth': 29.534000504819314, 'cat_l2': 10.401727076338155, 'min_data_per_group': 70, 'max_cat_to_onehot': 10, 'max_cat_threshold': 8, 'max_bin': 127, 'subsample': 0.9755382710593188}. Best is trial 111 with value: 0.8623658032108736.[0m
Best trial: 111. Best value: 0.862366:  71%|#######1  | 213/300 [02:15<00:53,  1.61it/s]Best trial: 111. Best value: 0.862366:  71%|#######1  | 213/300 [02:15<00:53,  1.61it/s]Best trial: 111. Best value: 0.862366:  71%|#######1  | 214/300 [02:15<00:54,  1.58it/s]                                                                                        [32m[I 2026-07-24 17:47:36,510][0m Trial 214 finished with value: 0.8595587511080469 and parameters: {'max_depth': 7, 'subsample_freq': 1, 'learning_rate': 0.11962083299916465, 'num_leaves': 4, 'min_child_samples': 10, 'min_child_weight': 0.44404593109901874, 'min_split_gain': 0.09379810499126369, 'colsample_bytree': 0.8716812916515301, 'reg_alpha': 0.001, 'reg_lambda': 0.05, 'cat_smooth': 28.92824346077451, 'cat_l2': 8.661119549689598, 'min_data_per_group': 60, 'max_cat_to_onehot': 10, 'max_cat_threshold': 8, 'max_bin': 127, 'subsample': 0.9688567185322945}. Best is trial 111 with value: 0.8623658032108736.[0m
Best trial: 111. Best value: 0.862366:  71%|#######1  | 214/300 [02:16<00:54,  1.58it/s]Best trial: 111. Best value: 0.862366:  71%|#######1  | 214/300 [02:16<00:54,  1.58it/s]Best trial: 111. Best value: 0.862366:  72%|#######1  | 215/300 [02:16<00:53,  1.58it/s]                                                                                        [32m[I 2026-07-24 17:47:37,094][0m Trial 215 finished with value: 0.8581503004038215 and parameters: {'max_depth': 7, 'subsample_freq': 1, 'learning_rate': 0.13387856645552174, 'num_leaves': 4, 'min_child_samples': 10, 'min_child_weight': 0.34616034439429816, 'min_split_gain': 0.09365171649945372, 'colsample_bytree': 0.8737821949489373, 'reg_alpha': 0.001, 'reg_lambda': 1.0, 'cat_smooth': 28.71047888828491, 'cat_l2': 8.3466950432646, 'min_data_per_group': 70, 'max_cat_to_onehot': 10, 'max_cat_threshold': 8, 'max_bin': 127, 'subsample': 0.9850085836952223}. Best is trial 111 with value: 0.8623658032108736.[0m
Best trial: 111. Best value: 0.862366:  72%|#######1  | 215/300 [02:17<00:53,  1.58it/s]Best trial: 111. Best value: 0.862366:  72%|#######1  | 215/300 [02:17<00:53,  1.58it/s]Best trial: 111. Best value: 0.862366:  72%|#######2  | 216/300 [02:17<00:52,  1.61it/s]                                                                                        [32m[I 2026-07-24 17:47:37,785][0m Trial 216 finished with value: 0.863754555303851 and parameters: {'max_depth': 7, 'subsample_freq': 1, 'learning_rate': 0.11784745281602944, 'num_leaves': 4, 'min_child_samples': 10, 'min_child_weight': 0.43511604559295053, 'min_split_gain': 0.08776787070217627, 'colsample_bytree': 0.8869339873610533, 'reg_alpha': 0.001, 'reg_lambda': 0.05, 'cat_smooth': 28.83549369109806, 'cat_l2': 7.399983164441014, 'min_data_per_group': 60, 'max_cat_to_onehot': 10, 'max_cat_threshold': 8, 'max_bin': 127, 'subsample': 0.9696707640811784}. Best is trial 216 with value: 0.863754555303851.[0m
Best trial: 111. Best value: 0.862366:  72%|#######2  | 216/300 [02:17<00:52,  1.61it/s]Best trial: 216. Best value: 0.863755:  72%|#######2  | 216/300 [02:17<00:52,  1.61it/s]Best trial: 216. Best value: 0.863755:  72%|#######2  | 217/300 [02:17<00:53,  1.56it/s]                                                                                        [32m[I 2026-07-24 17:47:38,376][0m Trial 217 finished with value: 0.8581503004038217 and parameters: {'max_depth': 7, 'subsample_freq': 1, 'learning_rate': 0.11559651919418815, 'num_leaves': 4, 'min_child_samples': 10, 'min_child_weight': 0.45811965956054446, 'min_split_gain': 0.08673503001219675, 'colsample_bytree': 0.9065704091666449, 'reg_alpha': 0.001, 'reg_lambda': 0.05, 'cat_smooth': 29.101117198746316, 'cat_l2': 7.860232116486003, 'min_data_per_group': 60, 'max_cat_to_onehot': 10, 'max_cat_threshold': 8, 'max_bin': 127, 'subsample': 0.9701170125283087}. Best is trial 216 with value: 0.863754555303851.[0m
Best trial: 216. Best value: 0.863755:  72%|#######2  | 217/300 [02:18<00:53,  1.56it/s]Best trial: 216. Best value: 0.863755:  72%|#######2  | 217/300 [02:18<00:53,  1.56it/s]Best trial: 216. Best value: 0.863755:  73%|#######2  | 218/300 [02:18<00:50,  1.61it/s]                                                                                        [32m[I 2026-07-24 17:47:38,979][0m Trial 218 finished with value: 0.8567320003939722 and parameters: {'max_depth': 7, 'subsample_freq': 1, 'learning_rate': 0.13842449590577488, 'num_leaves': 4, 'min_child_samples': 10, 'min_child_weight': 0.3521325734168315, 'min_split_gain': 0.07439426679248314, 'colsample_bytree': 0.8865129573488945, 'reg_alpha': 0.001, 'reg_lambda': 0.05, 'cat_smooth': 29.01035309138348, 'cat_l2': 7.304693614497434, 'min_data_per_group': 60, 'max_cat_to_onehot': 10, 'max_cat_threshold': 8, 'max_bin': 127, 'subsample': 0.9765406825007306}. Best is trial 216 with value: 0.863754555303851.[0m
Best trial: 216. Best value: 0.863755:  73%|#######2  | 218/300 [02:18<00:50,  1.61it/s]Best trial: 216. Best value: 0.863755:  73%|#######2  | 218/300 [02:19<00:50,  1.61it/s]Best trial: 216. Best value: 0.863755:  73%|#######3  | 219/300 [02:19<00:50,  1.61it/s]                                                                                        [32m[I 2026-07-24 17:47:39,635][0m Trial 219 finished with value: 0.8468728454643948 and parameters: {'max_depth': 7, 'subsample_freq': 1, 'learning_rate': 0.11994464543909304, 'num_leaves': 5, 'min_child_samples': 50, 'min_child_weight': 0.4971959946910247, 'min_split_gain': 0.09302368215015445, 'colsample_bytree': 0.8927774493959567, 'reg_alpha': 0.001, 'reg_lambda': 0.05, 'cat_smooth': 29.540584300371624, 'cat_l2': 8.714447700555503, 'min_data_per_group': 60, 'max_cat_to_onehot': 10, 'max_cat_threshold': 8, 'max_bin': 127, 'subsample': 0.9637162973475044}. Best is trial 216 with value: 0.863754555303851.[0m
Best trial: 216. Best value: 0.863755:  73%|#######3  | 219/300 [02:19<00:50,  1.61it/s]Best trial: 216. Best value: 0.863755:  73%|#######3  | 219/300 [02:19<00:50,  1.61it/s]Best trial: 216. Best value: 0.863755:  73%|#######3  | 220/300 [02:19<00:50,  1.59it/s]                                                                                        [32m[I 2026-07-24 17:47:40,170][0m Trial 220 finished with value: 0.8440953412784399 and parameters: {'max_depth': 7, 'subsample_freq': 1, 'learning_rate': 0.1011048192155324, 'num_leaves': 4, 'min_child_samples': 10, 'min_child_weight': 0.3791682040879174, 'min_split_gain': 0.08848251717954787, 'colsample_bytree': 0.8795474653812811, 'reg_alpha': 0.001, 'reg_lambda': 0.05, 'cat_smooth': 28.41995019489984, 'cat_l2': 9.468285959736397, 'min_data_per_group': 70, 'max_cat_to_onehot': 4, 'max_cat_threshold': 8, 'max_bin': 127, 'subsample': 0.9904228297753496}. Best is trial 216 with value: 0.863754555303851.[0m
