Best trial: 111. Best value: 0.862366:  51%|#####1    | 154/300 [01:36<01:34,  1.55it/s]Best trial: 111. Best value: 0.862366:  51%|#####1    | 154/300 [01:36<01:34,  1.55it/s]Best trial: 111. Best value: 0.862366:  52%|#####1    | 155/300 [01:36<01:31,  1.59it/s]                                                                                        [32m[I 2026-07-24 17:46:57,319][0m Trial 155 finished with value: 0.8567320003939722 and parameters: {'max_depth': 7, 'subsample_freq': 1, 'learning_rate': 0.10183247990379442, 'num_leaves': 7, 'min_child_samples': 10, 'min_child_weight': 0.8407281241006769, 'min_split_gain': 0.1499329071344764, 'colsample_bytree': 0.8718621578774749, 'reg_alpha': 0.05, 'reg_lambda': 0.01, 'cat_smooth': 27.829666372546534, 'cat_l2': 2.802968108876817, 'min_data_per_group': 40, 'max_cat_to_onehot': 10, 'max_cat_threshold': 8, 'max_bin': 255, 'subsample': 0.9230815608084846}. Best is trial 111 with value: 0.8623658032108736.[0m
Best trial: 111. Best value: 0.862366:  52%|#####1    | 155/300 [01:37<01:31,  1.59it/s]Best trial: 111. Best value: 0.862366:  52%|#####1    | 155/300 [01:37<01:31,  1.59it/s]Best trial: 111. Best value: 0.862366:  52%|#####2    | 156/300 [01:37<01:31,  1.57it/s]                                                                                        [32m[I 2026-07-24 17:46:57,949][0m Trial 156 finished with value: 0.8511178961883186 and parameters: {'max_depth': 7, 'subsample_freq': 1, 'learning_rate': 0.07928935287223213, 'num_leaves': 5, 'min_child_samples': 5, 'min_child_weight': 0.011674398150425973, 'min_split_gain': 0.11353461636332932, 'colsample_bytree': 0.7850743733883296, 'reg_alpha': 0.001, 'reg_lambda': 0.05, 'cat_smooth': 13.428507821923002, 'cat_l2': 1.7584966605086587, 'min_data_per_group': 70, 'max_cat_to_onehot': 10, 'max_cat_threshold': 8, 'max_bin': 31, 'subsample': 0.9038532569153812}. Best is trial 111 with value: 0.8623658032108736.[0m
Best trial: 111. Best value: 0.862366:  52%|#####2    | 156/300 [01:37<01:31,  1.57it/s]Best trial: 111. Best value: 0.862366:  52%|#####2    | 156/300 [01:38<01:31,  1.57it/s]Best trial: 111. Best value: 0.862366:  52%|#####2    | 157/300 [01:38<01:30,  1.58it/s]                                                                                        [32m[I 2026-07-24 17:46:58,624][0m Trial 157 finished with value: 0.8483009947798681 and parameters: {'max_depth': 7, 'subsample_freq': 1, 'learning_rate': 0.09357833156630309, 'num_leaves': 9, 'min_child_samples': 15, 'min_child_weight': 1.7249119292515442, 'min_split_gain': 0.10472636844405624, 'colsample_bytree': 0.8840957302524957, 'reg_alpha': 0.05, 'reg_lambda': 0.5, 'cat_smooth': 15.243060691141924, 'cat_l2': 9.176798176431905, 'min_data_per_group': 50, 'max_cat_to_onehot': 10, 'max_cat_threshold': 8, 'max_bin': 255, 'subsample': 0.9414020733571922}. Best is trial 111 with value: 0.8623658032108736.[0m
Best trial: 111. Best value: 0.862366:  52%|#####2    | 157/300 [01:38<01:30,  1.58it/s]Best trial: 111. Best value: 0.862366:  52%|#####2    | 157/300 [01:38<01:30,  1.58it/s]Best trial: 111. Best value: 0.862366:  53%|#####2    | 158/300 [01:38<01:31,  1.55it/s]                                                                                        [32m[I 2026-07-24 17:46:59,273][0m Trial 158 finished with value: 0.8398798384713878 and parameters: {'max_depth': 7, 'subsample_freq': 1, 'learning_rate': 0.06009985597494775, 'num_leaves': 4, 'min_child_samples': 5, 'min_child_weight': 1.00394241420466, 'min_split_gain': 0.11889509545144017, 'colsample_bytree': 0.7215825199965505, 'reg_alpha': 1.0, 'reg_lambda': 0.01, 'cat_smooth': 18.99335493978755, 'cat_l2': 2.011526784549953, 'min_data_per_group': 40, 'max_cat_to_onehot': 10, 'max_cat_threshold': 8, 'max_bin': 255, 'subsample': 0.9310437748542196}. Best is trial 111 with value: 0.8623658032108736.[0m
Best trial: 111. Best value: 0.862366:  53%|#####2    | 158/300 [01:39<01:31,  1.55it/s]Best trial: 111. Best value: 0.862366:  53%|#####2    | 158/300 [01:39<01:31,  1.55it/s]Best trial: 111. Best value: 0.862366:  53%|#####3    | 159/300 [01:39<01:30,  1.55it/s]                                                                                        [32m[I 2026-07-24 17:46:59,920][0m Trial 159 finished with value: 0.8567320003939722 and parameters: {'max_depth': 7, 'subsample_freq': 1, 'learning_rate': 0.07471943736330623, 'num_leaves': 7, 'min_child_samples': 10, 'min_child_weight': 1.4336204977935834, 'min_split_gain': 0.1433100771977019, 'colsample_bytree': 0.8955796467870356, 'reg_alpha': 0.05, 'reg_lambda': 0.05, 'cat_smooth': 17.06663732103128, 'cat_l2': 9.560639380712463, 'min_data_per_group': 60, 'max_cat_to_onehot': 10, 'max_cat_threshold': 8, 'max_bin': 255, 'subsample': 0.8848204622021099}. Best is trial 111 with value: 0.8623658032108736.[0m
Best trial: 111. Best value: 0.862366:  53%|#####3    | 159/300 [01:39<01:30,  1.55it/s]Best trial: 111. Best value: 0.862366:  53%|#####3    | 159/300 [01:39<01:30,  1.55it/s]Best trial: 111. Best value: 0.862366:  53%|#####3    | 160/300 [01:39<01:30,  1.54it/s]                                                                                        [32m[I 2026-07-24 17:47:00,620][0m Trial 160 finished with value: 0.8581306017925735 and parameters: {'max_depth': 7, 'subsample_freq': 1, 'learning_rate': 0.0672145719566538, 'num_leaves': 8, 'min_child_samples': 5, 'min_child_weight': 1.1647702272843388, 'min_split_gain': 0.061462392767636154, 'colsample_bytree': 0.7562143429321344, 'reg_alpha': 0.05, 'reg_lambda': 0.01, 'cat_smooth': 24.870381473984114, 'cat_l2': 14.246418172769339, 'min_data_per_group': 50, 'max_cat_to_onehot': 10, 'max_cat_threshold': 8, 'max_bin': 255, 'subsample': 0.9166695868593946}. Best is trial 111 with value: 0.8623658032108736.[0m
Best trial: 111. Best value: 0.862366:  53%|#####3    | 160/300 [01:40<01:30,  1.54it/s]Best trial: 111. Best value: 0.862366:  53%|#####3    | 160/300 [01:40<01:30,  1.54it/s]Best trial: 111. Best value: 0.862366:  54%|#####3    | 161/300 [01:40<01:32,  1.50it/s]                                                                                        [32m[I 2026-07-24 17:47:01,296][0m Trial 161 finished with value: 0.8609573525066484 and parameters: {'max_depth': 7, 'subsample_freq': 1, 'learning_rate': 0.08278542459518808, 'num_leaves': 8, 'min_child_samples': 10, 'min_child_weight': 1.0973006458447359, 'min_split_gain': 0.14188809469689861, 'colsample_bytree': 0.7975063447689451, 'reg_alpha': 0.05, 'reg_lambda': 0.05, 'cat_smooth': 28.448048203781475, 'cat_l2': 7.998924470522543, 'min_data_per_group': 60, 'max_cat_to_onehot': 10, 'max_cat_threshold': 8, 'max_bin': 255, 'subsample': 0.9467572193367021}. Best is trial 111 with value: 0.8623658032108736.[0m
Best trial: 111. Best value: 0.862366:  54%|#####3    | 161/300 [01:41<01:32,  1.50it/s]Best trial: 111. Best value: 0.862366:  54%|#####3    | 161/300 [01:41<01:32,  1.50it/s]Best trial: 111. Best value: 0.862366:  54%|#####4    | 162/300 [01:41<01:31,  1.51it/s]                                                                                        [32m[I 2026-07-24 17:47:01,948][0m Trial 162 finished with value: 0.8553530976066188 and parameters: {'max_depth': 7, 'subsample_freq': 1, 'learning_rate': 0.08370820857301023, 'num_leaves': 7, 'min_child_samples': 10, 'min_child_weight': 1.9908752726102201, 'min_split_gain': 0.1390773413178829, 'colsample_bytree': 0.7927886578457758, 'reg_alpha': 0.05, 'reg_lambda': 0.05, 'cat_smooth': 28.958273893757983, 'cat_l2': 1.3450366541971086, 'min_data_per_group': 60, 'max_cat_to_onehot': 10, 'max_cat_threshold': 8, 'max_bin': 255, 'subsample': 0.9443947082486531}. Best is trial 111 with value: 0.8623658032108736.[0m
Best trial: 111. Best value: 0.862366:  54%|#####4    | 162/300 [01:41<01:31,  1.51it/s]Best trial: 111. Best value: 0.862366:  54%|#####4    | 162/300 [01:42<01:31,  1.51it/s]Best trial: 111. Best value: 0.862366:  54%|#####4    | 163/300 [01:42<01:30,  1.51it/s]                                                                                        [32m[I 2026-07-24 17:47:02,629][0m Trial 163 finished with value: 0.8539249482911455 and parameters: {'max_depth': 7, 'subsample_freq': 1, 'learning_rate': 0.07732247642881128, 'num_leaves': 6, 'min_child_samples': 10, 'min_child_weight': 0.9146373284732047, 'min_split_gain': 0.13298398516862395, 'colsample_bytree': 0.8117951696993211, 'reg_alpha': 0.05, 'reg_lambda': 0.05, 'cat_smooth': 27.358381032867644, 'cat_l2': 2.4833143432234697, 'min_data_per_group': 60, 'max_cat_to_onehot': 10, 'max_cat_threshold': 8, 'max_bin': 255, 'subsample': 0.9492546061905119}. Best is trial 111 with value: 0.8623658032108736.[0m
Best trial: 111. Best value: 0.862366:  54%|#####4    | 163/300 [01:42<01:30,  1.51it/s]Best trial: 111. Best value: 0.862366:  54%|#####4    | 163/300 [01:42<01:30,  1.51it/s]Best trial: 111. Best value: 0.862366:  55%|#####4    | 164/300 [01:42<01:30,  1.50it/s]                                                                                        [32m[I 2026-07-24 17:47:03,333][0m Trial 164 finished with value: 0.8567320003939722 and parameters: {'max_depth': 7, 'subsample_freq': 1, 'learning_rate': 0.07139292303175533, 'num_leaves': 8, 'min_child_samples': 10, 'min_child_weight': 1.313914522570185, 'min_split_gain': 0.1418570698063609, 'colsample_bytree': 0.8037442712629885, 'reg_alpha': 0.05, 'reg_lambda': 0.05, 'cat_smooth': 28.370821525708312, 'cat_l2': 7.889943897395869, 'min_data_per_group': 50, 'max_cat_to_onehot': 10, 'max_cat_threshold': 8, 'max_bin': 255, 'subsample': 0.9567556235622369}. Best is trial 111 with value: 0.8623658032108736.[0m
Best trial: 111. Best value: 0.862366:  55%|#####4    | 164/300 [01:43<01:30,  1.50it/s]Best trial: 111. Best value: 0.862366:  55%|#####4    | 164/300 [01:43<01:30,  1.50it/s]Best trial: 111. Best value: 0.862366:  55%|#####5    | 165/300 [01:43<01:32,  1.46it/s]                                                                                        [32m[I 2026-07-24 17:47:03,984][0m Trial 165 finished with value: 0.8567320003939722 and parameters: {'max_depth': 7, 'subsample_freq': 1, 'learning_rate': 0.08554829456165385, 'num_leaves': 6, 'min_child_samples': 10, 'min_child_weight': 0.0527913522146216, 'min_split_gain': 0.10833179418040634, 'colsample_bytree': 0.7770159298968881, 'reg_alpha': 0.05, 'reg_lambda': 1.0, 'cat_smooth': 29.515891298979838, 'cat_l2': 8.693638660100936, 'min_data_per_group': 60, 'max_cat_to_onehot': 10, 'max_cat_threshold': 8, 'max_bin': 255, 'subsample': 0.9355954706227644}. Best is trial 111 with value: 0.8623658032108736.[0m
Best trial: 111. Best value: 0.862366:  55%|#####5    | 165/300 [01:43<01:32,  1.46it/s]Best trial: 111. Best value: 0.862366:  55%|#####5    | 165/300 [01:44<01:32,  1.46it/s]Best trial: 111. Best value: 0.862366:  55%|#####5    | 166/300 [01:44<01:30,  1.49it/s]                                                                                        [32m[I 2026-07-24 17:47:04,539][0m Trial 166 finished with value: 0.8384713877671626 and parameters: {'max_depth': 7, 'subsample_freq': 1, 'learning_rate': 0.08962154341966795, 'num_leaves': 5, 'min_child_samples': 5, 'min_child_weight': 1.5792936660715373, 'min_split_gain': 0.12623896722978115, 'colsample_bytree': 0.830813816144337, 'reg_alpha': 2.0, 'reg_lambda': 0.05, 'cat_smooth': 27.821316818521982, 'cat_l2': 10.474888700165964, 'min_data_per_group': 70, 'max_cat_to_onehot': 10, 'max_cat_threshold': 8, 'max_bin': 127, 'subsample': 0.9224384893843547}. Best is trial 111 with value: 0.8623658032108736.[0m
Best trial: 111. Best value: 0.862366:  55%|#####5    | 166/300 [01:44<01:30,  1.49it/s]Best trial: 111. Best value: 0.862366:  55%|#####5    | 166/300 [01:44<01:30,  1.49it/s]Best trial: 111. Best value: 0.862366:  56%|#####5    | 167/300 [01:44<01:24,  1.58it/s]                                                                                        [32m[I 2026-07-24 17:47:05,203][0m Trial 167 finished with value: 0.8510883482714467 and parameters: {'max_depth': 7, 'subsample_freq': 0, 'learning_rate': 0.040874937785824565, 'num_leaves': 9, 'min_child_samples': 10, 'min_child_weight': 0.007404320018198778, 'min_split_gain': 0.09928513783335462, 'colsample_bytree': 0.8779204826563353, 'reg_alpha': 0.05, 'reg_lambda': 0.01, 'cat_smooth': 27.074257447037752, 'cat_l2': 7.051952378666509, 'min_data_per_group': 40, 'max_cat_to_onehot': 10, 'max_cat_threshold': 16, 'max_bin': 255}. Best is trial 111 with value: 0.8623658032108736.[0m
Best trial: 111. Best value: 0.862366:  56%|#####5    | 167/300 [01:45<01:24,  1.58it/s]Best trial: 111. Best value: 0.862366:  56%|#####5    | 167/300 [01:45<01:24,  1.58it/s]Best trial: 111. Best value: 0.862366:  56%|#####6    | 168/300 [01:45<01:25,  1.54it/s]                                                                                        [32m[I 2026-07-24 17:47:06,017][0m Trial 168 finished with value: 0.8539347975967694 and parameters: {'max_depth': 7, 'subsample_freq': 1, 'learning_rate': 0.06306387950283902, 'num_leaves': 8, 'min_child_samples': 15, 'min_child_weight': 1.0929805813669535, 'min_split_gain': 0.056470534647135126, 'colsample_bytree': 0.8034234914297954, 'reg_alpha': 0.05, 'reg_lambda': 0.05, 'cat_smooth': 28.672779629385897, 'cat_l2': 8.233782259662718, 'min_data_per_group': 40, 'max_cat_to_onehot': 10, 'max_cat_threshold': 8, 'max_bin': 255, 'subsample': 0.9403609404461112}. Best is trial 111 with value: 0.8623658032108736.[0m
Best trial: 111. Best value: 0.862366:  56%|#####6    | 168/300 [01:45<01:25,  1.54it/s]Best trial: 111. Best value: 0.862366:  56%|#####6    | 168/300 [01:46<01:25,  1.54it/s]Best trial: 111. Best value: 0.862366:  56%|#####6    | 169/300 [01:46<01:31,  1.43it/s]                                                                                        [32m[I 2026-07-24 17:47:06,731][0m Trial 169 finished with value: 0.8553137003841229 and parameters: {'max_depth': 7, 'subsample_freq': 1, 'learning_rate': 0.04805431414974948, 'num_leaves': 7, 'min_child_samples': 5, 'min_child_weight': 1.7234731582450267, 'min_split_gain': 0.09480327694860669, 'colsample_bytree': 0.8157861815531429, 'reg_alpha': 0.05, 'reg_lambda': 0.05, 'cat_smooth': 22.328208549957825, 'cat_l2': 7.382505290806548, 'min_data_per_group': 50, 'max_cat_to_onehot': 10, 'max_cat_threshold': 8, 'max_bin': 255, 'subsample': 0.9656382535442302}. Best is trial 111 with value: 0.8623658032108736.[0m
Best trial: 111. Best value: 0.862366:  56%|#####6    | 169/300 [01:46<01:31,  1.43it/s]Best trial: 111. Best value: 0.862366:  56%|#####6    | 169/300 [01:46<01:31,  1.43it/s]Best trial: 111. Best value: 0.862366:  57%|#####6    | 170/300 [01:46<01:30,  1.43it/s]                                                                                        [32m[I 2026-07-24 17:47:07,361][0m Trial 170 finished with value: 0.852536196198168 and parameters: {'max_depth': 7, 'subsample_freq': 1, 'learning_rate': 0.0809974849378304, 'num_leaves': 4, 'min_child_samples': 10, 'min_child_weight': 1.3292974394225296, 'min_split_gain': 0.1452576159255218, 'colsample_bytree': 0.8397391701296291, 'reg_alpha': 0.01, 'reg_lambda': 0.01, 'cat_smooth': 20.629448444382326, 'cat_l2': 3.1690326724067526, 'min_data_per_group': 60, 'max_cat_to_onehot': 10, 'max_cat_threshold': 8, 'max_bin': 255, 'subsample': 0.9291921940261116}. Best is trial 111 with value: 0.8623658032108736.[0m
Best trial: 111. Best value: 0.862366:  57%|#####6    | 170/300 [01:47<01:30,  1.43it/s]Best trial: 111. Best value: 0.862366:  57%|#####6    | 170/300 [01:47<01:30,  1.43it/s]Best trial: 111. Best value: 0.862366:  57%|#####6    | 171/300 [01:47<01:27,  1.47it/s]                                                                                        [32m[I 2026-07-24 17:47:08,062][0m Trial 171 finished with value: 0.8553432483009947 and parameters: {'max_depth': 7, 'subsample_freq': 1, 'learning_rate': 0.07802059745415539, 'num_leaves': 8, 'min_child_samples': 10, 'min_child_weight': 1.1364627659193591, 'min_split_gain': 0.1461235053277903, 'colsample_bytree': 0.8689188608064162, 'reg_alpha': 0.05, 'reg_lambda': 0.05, 'cat_smooth': 28.552171303534443, 'cat_l2': 5.991860720476474, 'min_data_per_group': 60, 'max_cat_to_onehot': 10, 'max_cat_threshold': 8, 'max_bin': 255, 'subsample': 0.947300452831732}. Best is trial 111 with value: 0.8623658032108736.[0m
Best trial: 111. Best value: 0.862366:  57%|#####6    | 171/300 [01:48<01:27,  1.47it/s]Best trial: 111. Best value: 0.862366:  57%|#####6    | 171/300 [01:48<01:27,  1.47it/s]Best trial: 111. Best value: 0.862366:  57%|#####7    | 172/300 [01:48<01:27,  1.46it/s]                                                                                        [32m[I 2026-07-24 17:47:08,745][0m Trial 172 finished with value: 0.8567221510883483 and parameters: {'max_depth': 7, 'subsample_freq': 1, 'learning_rate': 0.07371908131593066, 'num_leaves': 7, 'min_child_samples': 10, 'min_child_weight': 1.0313624722453762, 'min_split_gain': 0.13721437671702055, 'colsample_bytree': 0.8640044091076117, 'reg_alpha': 0.05, 'reg_lambda': 0.05, 'cat_smooth': 28.103157458237316, 'cat_l2': 12.250713092693138, 'min_data_per_group': 60, 'max_cat_to_onehot': 10, 'max_cat_threshold': 8, 'max_bin': 255, 'subsample': 0.9533005893204582}. Best is trial 111 with value: 0.8623658032108736.[0m
Best trial: 111. Best value: 0.862366:  57%|#####7    | 172/300 [01:48<01:27,  1.46it/s]Best trial: 111. Best value: 0.862366:  57%|#####7    | 172/300 [01:48<01:27,  1.46it/s]Best trial: 111. Best value: 0.862366:  58%|#####7    | 173/300 [01:48<01:26,  1.46it/s]                                                                                        [32m[I 2026-07-24 17:47:09,401][0m Trial 173 finished with value: 0.8539446469023935 and parameters: {'max_depth': 7, 'subsample_freq': 1, 'learning_rate': 0.08231979776456302, 'num_leaves': 6, 'min_child_samples': 10, 'min_child_weight': 0.7893505839325742, 'min_split_gain': 0.1430870307029104, 'colsample_bytree': 0.8611833455938344, 'reg_alpha': 0.05, 'reg_lambda': 0.05, 'cat_smooth': 29.160132103791515, 'cat_l2': 13.25255156712452, 'min_data_per_group': 60, 'max_cat_to_onehot': 10, 'max_cat_threshold': 8, 'max_bin': 255, 'subsample': 0.9419031320586858}. Best is trial 111 with value: 0.8623658032108736.[0m
Best trial: 111. Best value: 0.862366:  58%|#####7    | 173/300 [01:49<01:26,  1.46it/s]Best trial: 111. Best value: 0.862366:  58%|#####7    | 173/300 [01:49<01:26,  1.46it/s]Best trial: 111. Best value: 0.862366:  58%|#####8    | 174/300 [01:49<01:25,  1.48it/s]                                                                                        [32m[I 2026-07-24 17:47:10,042][0m Trial 174 finished with value: 0.8567320003939723 and parameters: {'max_depth': 7, 'subsample_freq': 1, 'learning_rate': 0.0960175970956294, 'num_leaves': 8, 'min_child_samples': 10, 'min_child_weight': 1.5284293303789416, 'min_split_gain': 0.14750270274929625, 'colsample_bytree': 0.8755953470772228, 'reg_alpha': 0.05, 'reg_lambda': 0.05, 'cat_smooth': 26.567959311987234, 'cat_l2': 9.2583191921868, 'min_data_per_group': 70, 'max_cat_to_onehot': 10, 'max_cat_threshold': 8, 'max_bin': 255, 'subsample': 0.9582116887673198}. Best is trial 111 with value: 0.8623658032108736.[0m
Best trial: 111. Best value: 0.862366:  58%|#####8    | 174/300 [01:49<01:25,  1.48it/s]Best trial: 111. Best value: 0.862366:  58%|#####8    | 174/300 [01:50<01:25,  1.48it/s]Best trial: 111. Best value: 0.862366:  58%|#####8    | 175/300 [01:50<01:23,  1.51it/s]                                                                                        [32m[I 2026-07-24 17:47:10,694][0m Trial 175 finished with value: 0.8581503004038215 and parameters: {'max_depth': 7, 'subsample_freq': 1, 'learning_rate': 0.06710069039204462, 'num_leaves': 9, 'min_child_samples': 5, 'min_child_weight': 1.2526737093407785, 'min_split_gain': 0.10317537643933852, 'colsample_bytree': 0.70003808551248, 'reg_alpha': 0.5, 'reg_lambda': 0.05, 'cat_smooth': 29.975414768093703, 'cat_l2': 6.798196756321373, 'min_data_per_group': 50, 'max_cat_to_onehot': 10, 'max_cat_threshold': 8, 'max_bin': 255, 'subsample': 0.9342884851102701}. Best is trial 111 with value: 0.8623658032108736.[0m
Best trial: 111. Best value: 0.862366:  58%|#####8    | 175/300 [01:50<01:23,  1.51it/s]Best trial: 111. Best value: 0.862366:  58%|#####8    | 175/300 [01:50<01:23,  1.51it/s]Best trial: 111. Best value: 0.862366:  59%|#####8    | 176/300 [01:50<01:21,  1.52it/s]                                                                                        [32m[I 2026-07-24 17:47:11,311][0m Trial 176 finished with value: 0.8511277454939428 and parameters: {'max_depth': 7, 'subsample_freq': 1, 'learning_rate': 0.06963285349870896, 'num_leaves': 10, 'min_child_samples': 5, 'min_child_weight': 1.2548485426961056, 'min_split_gain': 0.10336762567934718, 'colsample_bytree': 0.8820355691277951, 'reg_alpha': 0.5, 'reg_lambda': 2.0, 'cat_smooth': 29.37681154236067, 'cat_l2': 7.55387293242449, 'min_data_per_group': 50, 'max_cat_to_onehot': 10, 'max_cat_threshold': 8, 'max_bin': 255, 'subsample': 0.9273161484664622}. Best is trial 111 with value: 0.8623658032108736.[0m
