Best trial: 111. Best value: 0.862366:  59%|#####8    | 176/300 [01:51<01:21,  1.52it/s]Best trial: 111. Best value: 0.862366:  59%|#####8    | 176/300 [01:51<01:21,  1.52it/s]Best trial: 111. Best value: 0.862366:  59%|#####8    | 177/300 [01:51<01:19,  1.55it/s]                                                                                        [32m[I 2026-07-24 17:47:12,015][0m Trial 177 finished with value: 0.8553235496897468 and parameters: {'max_depth': 7, 'subsample_freq': 1, 'learning_rate': 0.06574483755307102, 'num_leaves': 11, 'min_child_samples': 5, 'min_child_weight': 1.7862552765759556, 'min_split_gain': 0.09839082289809895, 'colsample_bytree': 0.7045759363740614, 'reg_alpha': 0.5, 'reg_lambda': 0.01, 'cat_smooth': 29.860998895256174, 'cat_l2': 6.891966063436923, 'min_data_per_group': 50, 'max_cat_to_onehot': 10, 'max_cat_threshold': 8, 'max_bin': 255, 'subsample': 0.9330708823603858}. Best is trial 111 with value: 0.8623658032108736.[0m
Best trial: 111. Best value: 0.862366:  59%|#####8    | 177/300 [01:51<01:19,  1.55it/s]Best trial: 111. Best value: 0.862366:  59%|#####8    | 177/300 [01:52<01:19,  1.55it/s]Best trial: 111. Best value: 0.862366:  59%|#####9    | 178/300 [01:52<01:21,  1.50it/s]                                                                                        [32m[I 2026-07-24 17:47:12,732][0m Trial 178 finished with value: 0.8539249482911455 and parameters: {'max_depth': 7, 'subsample_freq': 1, 'learning_rate': 0.05382349933256343, 'num_leaves': 9, 'min_child_samples': 5, 'min_child_weight': 1.3473782371409575, 'min_split_gain': 0.10732804934183172, 'colsample_bytree': 0.7146578315406411, 'reg_alpha': 0.5, 'reg_lambda': 0.05, 'cat_smooth': 18.326732086650598, 'cat_l2': 8.44606898355874, 'min_data_per_group': 50, 'max_cat_to_onehot': 10, 'max_cat_threshold': 8, 'max_bin': 255, 'subsample': 0.9375409784039516}. Best is trial 111 with value: 0.8623658032108736.[0m
Best trial: 111. Best value: 0.862366:  59%|#####9    | 178/300 [01:52<01:21,  1.50it/s]Best trial: 111. Best value: 0.862366:  59%|#####9    | 178/300 [01:52<01:21,  1.50it/s]Best trial: 111. Best value: 0.862366:  60%|#####9    | 179/300 [01:52<01:22,  1.47it/s]                                                                                        [32m[I 2026-07-24 17:47:13,384][0m Trial 179 finished with value: 0.8553530976066188 and parameters: {'max_depth': 7, 'subsample_freq': 1, 'learning_rate': 0.0678137666418969, 'num_leaves': 5, 'min_child_samples': 5, 'min_child_weight': 0.9089446723967517, 'min_split_gain': 0.11150395702572367, 'colsample_bytree': 0.7004397736101341, 'reg_alpha': 0.5, 'reg_lambda': 0.01, 'cat_smooth': 17.628336036322917, 'cat_l2': 11.164622182367724, 'min_data_per_group': 40, 'max_cat_to_onehot': 10, 'max_cat_threshold': 8, 'max_bin': 255, 'subsample': 0.9121612764692852}. Best is trial 111 with value: 0.8623658032108736.[0m
Best trial: 111. Best value: 0.862366:  60%|#####9    | 179/300 [01:53<01:22,  1.47it/s]Best trial: 111. Best value: 0.862366:  60%|#####9    | 179/300 [01:53<01:22,  1.47it/s]Best trial: 111. Best value: 0.862366:  60%|######    | 180/300 [01:53<01:20,  1.50it/s]                                                                                        [32m[I 2026-07-24 17:47:14,077][0m Trial 180 finished with value: 0.8581306017925737 and parameters: {'max_depth': 7, 'subsample_freq': 1, 'learning_rate': 0.058789868929508576, 'num_leaves': 7, 'min_child_samples': 5, 'min_child_weight': 1.638789454848543, 'min_split_gain': 0.0905430912352916, 'colsample_bytree': 0.7922654067500685, 'reg_alpha': 0.0, 'reg_lambda': 0.05, 'cat_smooth': 16.22235051899527, 'cat_l2': 9.92826844905097, 'min_data_per_group': 40, 'max_cat_to_onehot': 10, 'max_cat_threshold': 8, 'max_bin': 127, 'subsample': 0.9481471888042529}. Best is trial 111 with value: 0.8623658032108736.[0m
Best trial: 111. Best value: 0.862366:  60%|######    | 180/300 [01:54<01:20,  1.50it/s]Best trial: 111. Best value: 0.862366:  60%|######    | 180/300 [01:54<01:20,  1.50it/s]Best trial: 111. Best value: 0.862366:  60%|######    | 181/300 [01:54<01:20,  1.47it/s]                                                                                        [32m[I 2026-07-24 17:47:14,817][0m Trial 181 finished with value: 0.8581503004038215 and parameters: {'max_depth': 7, 'subsample_freq': 1, 'learning_rate': 0.0771681163737331, 'num_leaves': 9, 'min_child_samples': 10, 'min_child_weight': 1.1069950448812693, 'min_split_gain': 0.10182077020895988, 'colsample_bytree': 0.7232779851185757, 'reg_alpha': 0.05, 'reg_lambda': 0.05, 'cat_smooth': 29.678612077957087, 'cat_l2': 6.226005231751521, 'min_data_per_group': 50, 'max_cat_to_onehot': 10, 'max_cat_threshold': 8, 'max_bin': 255, 'subsample': 0.9439387669794356}. Best is trial 111 with value: 0.8623658032108736.[0m
Best trial: 111. Best value: 0.862366:  60%|######    | 181/300 [01:54<01:20,  1.47it/s]Best trial: 111. Best value: 0.862366:  60%|######    | 181/300 [01:54<01:20,  1.47it/s]Best trial: 111. Best value: 0.862366:  61%|######    | 182/300 [01:54<01:21,  1.44it/s]                                                                                        [32m[I 2026-07-24 17:47:15,539][0m Trial 182 finished with value: 0.8567418496995962 and parameters: {'max_depth': 7, 'subsample_freq': 1, 'learning_rate': 0.07354593958871174, 'num_leaves': 9, 'min_child_samples': 10, 'min_child_weight': 1.1129360058536886, 'min_split_gain': 0.10349162663856011, 'colsample_bytree': 0.7248966382706801, 'reg_alpha': 0.05, 'reg_lambda': 0.05, 'cat_smooth': 29.807184178187697, 'cat_l2': 6.528989712107721, 'min_data_per_group': 50, 'max_cat_to_onehot': 10, 'max_cat_threshold': 8, 'max_bin': 255, 'subsample': 0.8974244060201401}. Best is trial 111 with value: 0.8623658032108736.[0m
Best trial: 111. Best value: 0.862366:  61%|######    | 182/300 [01:55<01:21,  1.44it/s]Best trial: 111. Best value: 0.862366:  61%|######    | 182/300 [01:55<01:21,  1.44it/s]Best trial: 111. Best value: 0.862366:  61%|######1   | 183/300 [01:55<01:22,  1.41it/s]                                                                                        [32m[I 2026-07-24 17:47:16,284][0m Trial 183 finished with value: 0.8539249482911455 and parameters: {'max_depth': 7, 'subsample_freq': 1, 'learning_rate': 0.07657865481955974, 'num_leaves': 9, 'min_child_samples': 10, 'min_child_weight': 1.4411854712969405, 'min_split_gain': 0.09799678812162566, 'colsample_bytree': 0.7356313604681682, 'reg_alpha': 0.05, 'reg_lambda': 0.05, 'cat_smooth': 28.705213378063075, 'cat_l2': 5.7308513225907, 'min_data_per_group': 50, 'max_cat_to_onehot': 10, 'max_cat_threshold': 8, 'max_bin': 255, 'subsample': 0.9433886547254595}. Best is trial 111 with value: 0.8623658032108736.[0m
Best trial: 111. Best value: 0.862366:  61%|######1   | 183/300 [01:56<01:22,  1.41it/s]Best trial: 111. Best value: 0.862366:  61%|######1   | 183/300 [01:56<01:22,  1.41it/s]Best trial: 111. Best value: 0.862366:  61%|######1   | 184/300 [01:56<01:23,  1.40it/s]                                                                                        [32m[I 2026-07-24 17:47:16,962][0m Trial 184 finished with value: 0.8581306017925735 and parameters: {'max_depth': 7, 'subsample_freq': 1, 'learning_rate': 0.06301784426236204, 'num_leaves': 6, 'min_child_samples': 5, 'min_child_weight': 1.258796995272436, 'min_split_gain': 0.052868601590414066, 'colsample_bytree': 0.7107659172007779, 'reg_alpha': 0.1, 'reg_lambda': 0.05, 'cat_smooth': 29.38676319723679, 'cat_l2': 7.928802270464063, 'min_data_per_group': 50, 'max_cat_to_onehot': 10, 'max_cat_threshold': 8, 'max_bin': 255, 'subsample': 0.9343738609823771}. Best is trial 111 with value: 0.8623658032108736.[0m
Best trial: 111. Best value: 0.862366:  61%|######1   | 184/300 [01:56<01:23,  1.40it/s]Best trial: 111. Best value: 0.862366:  61%|######1   | 184/300 [01:57<01:23,  1.40it/s]Best trial: 111. Best value: 0.862366:  62%|######1   | 185/300 [01:57<01:21,  1.42it/s]                                                                                        [32m[I 2026-07-24 17:47:17,597][0m Trial 185 finished with value: 0.8539347975967694 and parameters: {'max_depth': 7, 'subsample_freq': 1, 'learning_rate': 0.06908111727396112, 'num_leaves': 5, 'min_child_samples': 10, 'min_child_weight': 0.9804827428245193, 'min_split_gain': 0.10165939493149634, 'colsample_bytree': 0.7281322225101234, 'reg_alpha': 0.05, 'reg_lambda': 0.001, 'cat_smooth': 28.971767123745416, 'cat_l2': 17.051266464148572, 'min_data_per_group': 50, 'max_cat_to_onehot': 10, 'max_cat_threshold': 8, 'max_bin': 255, 'subsample': 0.9246520114934902}. Best is trial 111 with value: 0.8623658032108736.[0m
Best trial: 111. Best value: 0.862366:  62%|######1   | 185/300 [01:57<01:21,  1.42it/s]Best trial: 111. Best value: 0.862366:  62%|######1   | 185/300 [01:57<01:21,  1.42it/s]Best trial: 111. Best value: 0.862366:  62%|######2   | 186/300 [01:57<01:17,  1.47it/s]                                                                                        [32m[I 2026-07-24 17:47:18,242][0m Trial 186 finished with value: 0.8553137003841229 and parameters: {'max_depth': 7, 'subsample_freq': 1, 'learning_rate': 0.08641979981320105, 'num_leaves': 10, 'min_child_samples': 5, 'min_child_weight': 1.5326447988184018, 'min_split_gain': 0.09541397267498317, 'colsample_bytree': 0.718921637189847, 'reg_alpha': 0.05, 'reg_lambda': 0.1, 'cat_smooth': 16.752491338550254, 'cat_l2': 5.033889993694773, 'min_data_per_group': 40, 'max_cat_to_onehot': 10, 'max_cat_threshold': 8, 'max_bin': 255, 'subsample': 0.9519301211337988}. Best is trial 111 with value: 0.8623658032108736.[0m
Best trial: 111. Best value: 0.862366:  62%|######2   | 186/300 [01:58<01:17,  1.47it/s]Best trial: 111. Best value: 0.862366:  62%|######2   | 186/300 [01:58<01:17,  1.47it/s]Best trial: 111. Best value: 0.862366:  62%|######2   | 187/300 [01:58<01:16,  1.48it/s]                                                                                        [32m[I 2026-07-24 17:47:18,885][0m Trial 187 finished with value: 0.85251649758692 and parameters: {'max_depth': 7, 'subsample_freq': 1, 'learning_rate': 0.0726451420789227, 'num_leaves': 6, 'min_child_samples': 10, 'min_child_weight': 0.683233136376901, 'min_split_gain': 0.10633884871374866, 'colsample_bytree': 0.8251594616277748, 'reg_alpha': 0.05, 'reg_lambda': 0.05, 'cat_smooth': 29.934352606390537, 'cat_l2': 8.870932327386024, 'min_data_per_group': 50, 'max_cat_to_onehot': 10, 'max_cat_threshold': 8, 'max_bin': 31, 'subsample': 0.9184061214050316}. Best is trial 111 with value: 0.8623658032108736.[0m
Best trial: 111. Best value: 0.862366:  62%|######2   | 187/300 [01:58<01:16,  1.48it/s]Best trial: 111. Best value: 0.862366:  62%|######2   | 187/300 [01:58<01:16,  1.48it/s]Best trial: 111. Best value: 0.862366:  63%|######2   | 188/300 [01:58<01:14,  1.50it/s]                                                                                        [32m[I 2026-07-24 17:47:19,557][0m Trial 188 finished with value: 0.8496897468728456 and parameters: {'max_depth': 7, 'subsample_freq': 1, 'learning_rate': 0.07932431342288077, 'num_leaves': 8, 'min_child_samples': 5, 'min_child_weight': 0.8647376437773676, 'min_split_gain': 0.11047577849587596, 'colsample_bytree': 0.8882856566882474, 'reg_alpha': 0.05, 'reg_lambda': 0.01, 'cat_smooth': 27.729653857768202, 'cat_l2': 15.321950059814881, 'min_data_per_group': 40, 'max_cat_to_onehot': 10, 'max_cat_threshold': 8, 'max_bin': 255, 'subsample': 0.9619182187647592}. Best is trial 111 with value: 0.8623658032108736.[0m
Best trial: 111. Best value: 0.862366:  63%|######2   | 188/300 [01:59<01:14,  1.50it/s]Best trial: 111. Best value: 0.862366:  63%|######2   | 188/300 [01:59<01:14,  1.50it/s]Best trial: 111. Best value: 0.862366:  63%|######3   | 189/300 [01:59<01:13,  1.50it/s]                                                                                        [32m[I 2026-07-24 17:47:20,245][0m Trial 189 finished with value: 0.8496995961784695 and parameters: {'max_depth': 7, 'subsample_freq': 1, 'learning_rate': 0.0649004327728633, 'num_leaves': 7, 'min_child_samples': 10, 'min_child_weight': 1.9813304962725722, 'min_split_gain': 0.03812691053918853, 'colsample_bytree': 0.737080316778995, 'reg_alpha': 0.5, 'reg_lambda': 0.05, 'cat_smooth': 29.072511623512014, 'cat_l2': 7.196527021328615, 'min_data_per_group': 50, 'max_cat_to_onehot': 10, 'max_cat_threshold': 8, 'max_bin': 63, 'subsample': 0.9409295972434876}. Best is trial 111 with value: 0.8623658032108736.[0m
Best trial: 111. Best value: 0.862366:  63%|######3   | 189/300 [02:00<01:13,  1.50it/s]Best trial: 111. Best value: 0.862366:  63%|######3   | 189/300 [02:00<01:13,  1.50it/s]Best trial: 111. Best value: 0.862366:  63%|######3   | 190/300 [02:00<01:14,  1.48it/s]                                                                                        [32m[I 2026-07-24 17:47:20,926][0m Trial 190 finished with value: 0.8553530976066188 and parameters: {'max_depth': 7, 'subsample_freq': 1, 'learning_rate': 0.0773975758886499, 'num_leaves': 5, 'min_child_samples': 5, 'min_child_weight': 1.1661442557376425, 'min_split_gain': 0.10514743188266805, 'colsample_bytree': 0.7078588341501026, 'reg_alpha': 0.05, 'reg_lambda': 0.01, 'cat_smooth': 15.633372688318723, 'cat_l2': 9.686536782435105, 'min_data_per_group': 30, 'max_cat_to_onehot': 10, 'max_cat_threshold': 8, 'max_bin': 255, 'subsample': 0.9681427445382769}. Best is trial 111 with value: 0.8623658032108736.[0m
Best trial: 111. Best value: 0.862366:  63%|######3   | 190/300 [02:00<01:14,  1.48it/s]Best trial: 111. Best value: 0.862366:  63%|######3   | 190/300 [02:00<01:14,  1.48it/s]Best trial: 111. Best value: 0.862366:  64%|######3   | 191/300 [02:00<01:13,  1.48it/s]                                                                                        [32m[I 2026-07-24 17:47:21,584][0m Trial 191 finished with value: 0.8609475032010245 and parameters: {'max_depth': 7, 'subsample_freq': 1, 'learning_rate': 0.08204103437697831, 'num_leaves': 8, 'min_child_samples': 10, 'min_child_weight': 1.0438702247888676, 'min_split_gain': 0.13935305580103113, 'colsample_bytree': 0.8691371939640584, 'reg_alpha': 0.05, 'reg_lambda': 0.05, 'cat_smooth': 28.317843489439536, 'cat_l2': 6.048002032241794, 'min_data_per_group': 60, 'max_cat_to_onehot': 10, 'max_cat_threshold': 8, 'max_bin': 255, 'subsample': 0.9484277630725941}. Best is trial 111 with value: 0.8623658032108736.[0m
Best trial: 111. Best value: 0.862366:  64%|######3   | 191/300 [02:01<01:13,  1.48it/s]Best trial: 111. Best value: 0.862366:  64%|######3   | 191/300 [02:01<01:13,  1.48it/s]Best trial: 111. Best value: 0.862366:  64%|######4   | 192/300 [02:01<01:12,  1.49it/s]                                                                                        [32m[I 2026-07-24 17:47:22,256][0m Trial 192 finished with value: 0.8553432483009947 and parameters: {'max_depth': 7, 'subsample_freq': 1, 'learning_rate': 0.08249282923526617, 'num_leaves': 8, 'min_child_samples': 10, 'min_child_weight': 1.0210131234669595, 'min_split_gain': 0.13560974081077962, 'colsample_bytree': 0.8729510989249089, 'reg_alpha': 0.05, 'reg_lambda': 0.05, 'cat_smooth': 28.122027088805844, 'cat_l2': 6.375246217365086, 'min_data_per_group': 60, 'max_cat_to_onehot': 10, 'max_cat_threshold': 8, 'max_bin': 255, 'subsample': 0.9339009481253276}. Best is trial 111 with value: 0.8623658032108736.[0m
Best trial: 111. Best value: 0.862366:  64%|######4   | 192/300 [02:02<01:12,  1.49it/s]Best trial: 111. Best value: 0.862366:  64%|######4   | 192/300 [02:02<01:12,  1.49it/s]Best trial: 111. Best value: 0.862366:  64%|######4   | 193/300 [02:02<01:11,  1.50it/s]                                                                                        [32m[I 2026-07-24 17:47:22,952][0m Trial 193 finished with value: 0.8567320003939722 and parameters: {'max_depth': 7, 'subsample_freq': 1, 'learning_rate': 0.07190596567175368, 'num_leaves': 9, 'min_child_samples': 10, 'min_child_weight': 1.4038414686286982, 'min_split_gain': 0.14042146539797196, 'colsample_bytree': 0.7485642873815623, 'reg_alpha': 0.05, 'reg_lambda': 0.05, 'cat_smooth': 27.073697950368786, 'cat_l2': 5.831648875674721, 'min_data_per_group': 60, 'max_cat_to_onehot': 10, 'max_cat_threshold': 8, 'max_bin': 255, 'subsample': 0.9467520157688701}. Best is trial 111 with value: 0.8623658032108736.[0m
Best trial: 111. Best value: 0.862366:  64%|######4   | 193/300 [02:02<01:11,  1.50it/s]Best trial: 111. Best value: 0.862366:  64%|######4   | 193/300 [02:03<01:11,  1.50it/s]Best trial: 111. Best value: 0.862366:  65%|######4   | 194/300 [02:03<01:11,  1.47it/s]                                                                                        [32m[I 2026-07-24 17:47:23,642][0m Trial 194 finished with value: 0.8581503004038217 and parameters: {'max_depth': 7, 'subsample_freq': 1, 'learning_rate': 0.11135112478152996, 'num_leaves': 7, 'min_child_samples': 10, 'min_child_weight': 1.1808305648268904, 'min_split_gain': 0.1009527215188497, 'colsample_bytree': 0.8809000497545626, 'reg_alpha': 0.05, 'reg_lambda': 0.05, 'cat_smooth': 28.404770638153945, 'cat_l2': 6.802857016130424, 'min_data_per_group': 50, 'max_cat_to_onehot': 10, 'max_cat_threshold': 8, 'max_bin': 255, 'subsample': 0.9529902892722705}. Best is trial 111 with value: 0.8623658032108736.[0m
Best trial: 111. Best value: 0.862366:  65%|######4   | 194/300 [02:03<01:11,  1.47it/s]Best trial: 111. Best value: 0.862366:  65%|######4   | 194/300 [02:03<01:11,  1.47it/s]Best trial: 111. Best value: 0.862366:  65%|######5   | 195/300 [02:03<01:11,  1.47it/s]                                                                                        [32m[I 2026-07-24 17:47:24,340][0m Trial 195 finished with value: 0.859529203191175 and parameters: {'max_depth': 7, 'subsample_freq': 1, 'learning_rate': 0.11325893103361323, 'num_leaves': 6, 'min_child_samples': 15, 'min_child_weight': 0.7811815459346451, 'min_split_gain': 0.10018238974520008, 'colsample_bytree': 0.878204185379761, 'reg_alpha': 0.05, 'reg_lambda': 0.05, 'cat_smooth': 29.069631770547296, 'cat_l2': 7.646322634449994, 'min_data_per_group': 60, 'max_cat_to_onehot': 10, 'max_cat_threshold': 8, 'max_bin': 255, 'subsample': 0.9573985253352238}. Best is trial 111 with value: 0.8623658032108736.[0m
Best trial: 111. Best value: 0.862366:  65%|######5   | 195/300 [02:04<01:11,  1.47it/s]Best trial: 111. Best value: 0.862366:  65%|######5   | 195/300 [02:04<01:11,  1.47it/s]Best trial: 111. Best value: 0.862366:  65%|######5   | 196/300 [02:04<01:11,  1.46it/s]                                                                                        [32m[I 2026-07-24 17:47:24,893][0m Trial 196 finished with value: 0.8483108440854921 and parameters: {'max_depth': 7, 'subsample_freq': 0, 'learning_rate': 0.10703346584559167, 'num_leaves': 6, 'min_child_samples': 15, 'min_child_weight': 0.5544121788787421, 'min_split_gain': 0.10187728124544375, 'colsample_bytree': 0.8833059813933868, 'reg_alpha': 0.05, 'reg_lambda': 0.5, 'cat_smooth': 29.416964956306344, 'cat_l2': 6.799329985129081, 'min_data_per_group': 60, 'max_cat_to_onehot': 10, 'max_cat_threshold': 16, 'max_bin': 255}. Best is trial 111 with value: 0.8623658032108736.[0m
Best trial: 111. Best value: 0.862366:  65%|######5   | 196/300 [02:04<01:11,  1.46it/s]Best trial: 111. Best value: 0.862366:  65%|######5   | 196/300 [02:04<01:11,  1.46it/s]Best trial: 111. Best value: 0.862366:  66%|######5   | 197/300 [02:04<01:06,  1.54it/s]                                                                                        [32m[I 2026-07-24 17:47:25,587][0m Trial 197 finished with value: 0.8581306017925737 and parameters: {'max_depth': 7, 'subsample_freq': 1, 'learning_rate': 0.11182448606286804, 'num_leaves': 7, 'min_child_samples': 15, 'min_child_weight': 0.817318036317152, 'min_split_gain': 0.09376051141766188, 'colsample_bytree': 0.8672064965664189, 'reg_alpha': 0.05, 'reg_lambda': 0.05, 'cat_smooth': 28.94214854255209, 'cat_l2': 1.0069541194898546, 'min_data_per_group': 60, 'max_cat_to_onehot': 10, 'max_cat_threshold': 8, 'max_bin': 255, 'subsample': 0.9573814200958234}. Best is trial 111 with value: 0.8623658032108736.[0m
Best trial: 111. Best value: 0.862366:  66%|######5   | 197/300 [02:05<01:06,  1.54it/s]Best trial: 111. Best value: 0.862366:  66%|######5   | 197/300 [02:05<01:06,  1.54it/s]Best trial: 111. Best value: 0.862366:  66%|######6   | 198/300 [02:05<01:07,  1.52it/s]                                                                                        [32m[I 2026-07-24 17:47:26,221][0m Trial 198 finished with value: 0.8581404510981976 and parameters: {'max_depth': 7, 'subsample_freq': 1, 'learning_rate': 0.11597669403237752, 'num_leaves': 6, 'min_child_samples': 15, 'min_child_weight': 0.7470668224872078, 'min_split_gain': 0.10226545193349507, 'colsample_bytree': 0.8766736668483894, 'reg_alpha': 0.05, 'reg_lambda': 0.01, 'cat_smooth': 28.470552106783988, 'cat_l2': 7.316901305647622, 'min_data_per_group': 60, 'max_cat_to_onehot': 10, 'max_cat_threshold': 8, 'max_bin': 255, 'subsample': 0.9531141757581504}. Best is trial 111 with value: 0.8623658032108736.[0m
