Best trial: 216. Best value: 0.863755:  73%|#######3  | 220/300 [02:20<00:50,  1.59it/s]Best trial: 216. Best value: 0.863755:  73%|#######3  | 220/300 [02:20<00:50,  1.59it/s]Best trial: 216. Best value: 0.863755:  74%|#######3  | 221/300 [02:20<00:47,  1.65it/s]                                                                                        [32m[I 2026-07-24 17:47:40,746][0m Trial 221 finished with value: 0.8511277454939427 and parameters: {'max_depth': 7, 'subsample_freq': 1, 'learning_rate': 0.11669239618896203, 'num_leaves': 4, 'min_child_samples': 10, 'min_child_weight': 0.39727907752567926, 'min_split_gain': 0.0859963579290559, 'colsample_bytree': 0.9046056810049058, 'reg_alpha': 0.001, 'reg_lambda': 0.05, 'cat_smooth': 29.022967397634197, 'cat_l2': 7.8091321988872835, 'min_data_per_group': 60, 'max_cat_to_onehot': 10, 'max_cat_threshold': 8, 'max_bin': 127, 'subsample': 0.9716353916613206}. Best is trial 216 with value: 0.863754555303851.[0m
Best trial: 216. Best value: 0.863755:  74%|#######3  | 221/300 [02:20<00:47,  1.65it/s]Best trial: 216. Best value: 0.863755:  74%|#######3  | 221/300 [02:20<00:47,  1.65it/s]Best trial: 216. Best value: 0.863755:  74%|#######4  | 222/300 [02:20<00:46,  1.68it/s]                                                                                        [32m[I 2026-07-24 17:47:41,408][0m Trial 222 finished with value: 0.8553235496897468 and parameters: {'max_depth': 7, 'subsample_freq': 1, 'learning_rate': 0.10894096161194573, 'num_leaves': 5, 'min_child_samples': 10, 'min_child_weight': 0.44840097637320503, 'min_split_gain': 0.08337919036328492, 'colsample_bytree': 0.8976739061029324, 'reg_alpha': 0.001, 'reg_lambda': 0.05, 'cat_smooth': 29.915299976942624, 'cat_l2': 7.629012520128987, 'min_data_per_group': 60, 'max_cat_to_onehot': 10, 'max_cat_threshold': 8, 'max_bin': 127, 'subsample': 0.969179922287905}. Best is trial 216 with value: 0.863754555303851.[0m
Best trial: 216. Best value: 0.863755:  74%|#######4  | 222/300 [02:21<00:46,  1.68it/s]Best trial: 216. Best value: 0.863755:  74%|#######4  | 222/300 [02:21<00:46,  1.68it/s]Best trial: 216. Best value: 0.863755:  74%|#######4  | 223/300 [02:21<00:47,  1.63it/s]                                                                                        [32m[I 2026-07-24 17:47:42,046][0m Trial 223 finished with value: 0.8581404510981976 and parameters: {'max_depth': 7, 'subsample_freq': 1, 'learning_rate': 0.11958476416576838, 'num_leaves': 4, 'min_child_samples': 10, 'min_child_weight': 0.4872263130396537, 'min_split_gain': 0.09581359986241614, 'colsample_bytree': 0.9091767959737795, 'reg_alpha': 0.001, 'reg_lambda': 0.05, 'cat_smooth': 29.203763648590677, 'cat_l2': 8.159404408605715, 'min_data_per_group': 60, 'max_cat_to_onehot': 10, 'max_cat_threshold': 8, 'max_bin': 127, 'subsample': 0.9606626474644372}. Best is trial 216 with value: 0.863754555303851.[0m
Best trial: 216. Best value: 0.863755:  74%|#######4  | 223/300 [02:21<00:47,  1.63it/s]Best trial: 216. Best value: 0.863755:  74%|#######4  | 223/300 [02:22<00:47,  1.63it/s]Best trial: 216. Best value: 0.863755:  75%|#######4  | 224/300 [02:22<00:47,  1.61it/s]                                                                                        [32m[I 2026-07-24 17:47:42,753][0m Trial 224 finished with value: 0.8581503004038215 and parameters: {'max_depth': 7, 'subsample_freq': 1, 'learning_rate': 0.12639265193658897, 'num_leaves': 5, 'min_child_samples': 10, 'min_child_weight': 0.3044424463593244, 'min_split_gain': 0.08891897972009477, 'colsample_bytree': 0.8847218409631342, 'reg_alpha': 0.001, 'reg_lambda': 0.05, 'cat_smooth': 29.993957712257473, 'cat_l2': 8.905022916051164, 'min_data_per_group': 60, 'max_cat_to_onehot': 10, 'max_cat_threshold': 8, 'max_bin': 127, 'subsample': 0.9787898061578395}. Best is trial 216 with value: 0.863754555303851.[0m
Best trial: 216. Best value: 0.863755:  75%|#######4  | 224/300 [02:22<00:47,  1.61it/s]Best trial: 216. Best value: 0.863755:  75%|#######4  | 224/300 [02:22<00:47,  1.61it/s]Best trial: 216. Best value: 0.863755:  75%|#######5  | 225/300 [02:22<00:48,  1.54it/s]                                                                                        [32m[I 2026-07-24 17:47:43,484][0m Trial 225 finished with value: 0.8609672018122723 and parameters: {'max_depth': 7, 'subsample_freq': 1, 'learning_rate': 0.10638502275192067, 'num_leaves': 4, 'min_child_samples': 10, 'min_child_weight': 0.535551250300806, 'min_split_gain': 0.09093086771668271, 'colsample_bytree': 0.889681792912353, 'reg_alpha': 0.001, 'reg_lambda': 0.05, 'cat_smooth': 28.01522501758909, 'cat_l2': 7.1157949573608965, 'min_data_per_group': 60, 'max_cat_to_onehot': 10, 'max_cat_threshold': 8, 'max_bin': 127, 'subsample': 0.9674610542267802}. Best is trial 216 with value: 0.863754555303851.[0m
Best trial: 216. Best value: 0.863755:  75%|#######5  | 225/300 [02:23<00:48,  1.54it/s]Best trial: 216. Best value: 0.863755:  75%|#######5  | 225/300 [02:23<00:48,  1.54it/s]Best trial: 216. Best value: 0.863755:  75%|#######5  | 226/300 [02:23<00:49,  1.49it/s]                                                                                        [32m[I 2026-07-24 17:47:44,139][0m Trial 226 finished with value: 0.8426671919629666 and parameters: {'max_depth': 7, 'subsample_freq': 1, 'learning_rate': 0.10327581603018511, 'num_leaves': 5, 'min_child_samples': 40, 'min_child_weight': 0.5759354896327403, 'min_split_gain': 0.09149116181823494, 'colsample_bytree': 0.8878739450730951, 'reg_alpha': 0.001, 'reg_lambda': 2.0, 'cat_smooth': 21.36888249877839, 'cat_l2': 7.189904546525976, 'min_data_per_group': 60, 'max_cat_to_onehot': 10, 'max_cat_threshold': 8, 'max_bin': 127, 'subsample': 0.9648712941671663}. Best is trial 216 with value: 0.863754555303851.[0m
Best trial: 216. Best value: 0.863755:  75%|#######5  | 226/300 [02:24<00:49,  1.49it/s]Best trial: 216. Best value: 0.863755:  75%|#######5  | 226/300 [02:24<00:49,  1.49it/s]Best trial: 216. Best value: 0.863755:  76%|#######5  | 227/300 [02:24<00:48,  1.50it/s]                                                                                        [32m[I 2026-07-24 17:47:44,814][0m Trial 227 finished with value: 0.8553432483009947 and parameters: {'max_depth': 7, 'subsample_freq': 1, 'learning_rate': 0.09636105541880081, 'num_leaves': 4, 'min_child_samples': 10, 'min_child_weight': 0.510834482345623, 'min_split_gain': 0.09637491841198548, 'colsample_bytree': 0.8734899498751886, 'reg_alpha': 0.001, 'reg_lambda': 0.05, 'cat_smooth': 28.1778451163671, 'cat_l2': 8.46725251368205, 'min_data_per_group': 60, 'max_cat_to_onehot': 10, 'max_cat_threshold': 8, 'max_bin': 127, 'subsample': 0.9943568984210374}. Best is trial 216 with value: 0.863754555303851.[0m
Best trial: 216. Best value: 0.863755:  76%|#######5  | 227/300 [02:24<00:48,  1.50it/s]Best trial: 216. Best value: 0.863755:  76%|#######5  | 227/300 [02:24<00:48,  1.50it/s]Best trial: 216. Best value: 0.863755:  76%|#######6  | 228/300 [02:24<00:47,  1.50it/s]                                                                                        [32m[I 2026-07-24 17:47:45,411][0m Trial 228 finished with value: 0.8581404510981976 and parameters: {'max_depth': 7, 'subsample_freq': 1, 'learning_rate': 0.1474085053507536, 'num_leaves': 5, 'min_child_samples': 10, 'min_child_weight': 0.42818499744575506, 'min_split_gain': 0.09295153605943354, 'colsample_bytree': 0.8804170593613633, 'reg_alpha': 0.001, 'reg_lambda': 0.05, 'cat_smooth': 28.596256524505623, 'cat_l2': 6.900050571928076, 'min_data_per_group': 60, 'max_cat_to_onehot': 10, 'max_cat_threshold': 8, 'max_bin': 127, 'subsample': 0.975191992298987}. Best is trial 216 with value: 0.863754555303851.[0m
Best trial: 216. Best value: 0.863755:  76%|#######6  | 228/300 [02:25<00:47,  1.50it/s]Best trial: 216. Best value: 0.863755:  76%|#######6  | 228/300 [02:25<00:47,  1.50it/s]Best trial: 216. Best value: 0.863755:  76%|#######6  | 229/300 [02:25<00:46,  1.54it/s]                                                                                        [32m[I 2026-07-24 17:47:46,081][0m Trial 229 finished with value: 0.8553235496897468 and parameters: {'max_depth': 7, 'subsample_freq': 1, 'learning_rate': 0.10794239832985829, 'num_leaves': 4, 'min_child_samples': 10, 'min_child_weight': 0.6236657690088798, 'min_split_gain': 0.09845522232768802, 'colsample_bytree': 0.8967078048697319, 'reg_alpha': 0.001, 'reg_lambda': 0.01, 'cat_smooth': 27.834956409703793, 'cat_l2': 9.496491066322015, 'min_data_per_group': 60, 'max_cat_to_onehot': 10, 'max_cat_threshold': 8, 'max_bin': 127, 'subsample': 0.9607243536034303}. Best is trial 216 with value: 0.863754555303851.[0m
Best trial: 216. Best value: 0.863755:  76%|#######6  | 229/300 [02:26<00:46,  1.54it/s]Best trial: 216. Best value: 0.863755:  76%|#######6  | 229/300 [02:26<00:46,  1.54it/s]Best trial: 216. Best value: 0.863755:  77%|#######6  | 230/300 [02:26<00:45,  1.53it/s]                                                                                        [32m[I 2026-07-24 17:47:46,655][0m Trial 230 finished with value: 0.8567418496995962 and parameters: {'max_depth': 7, 'subsample_freq': 0, 'learning_rate': 0.11237404507178146, 'num_leaves': 5, 'min_child_samples': 10, 'min_child_weight': 0.7388662080051176, 'min_split_gain': 0.09552681744848637, 'colsample_bytree': 0.8914670042353203, 'reg_alpha': 0.001, 'reg_lambda': 0.05, 'cat_smooth': 17.481483399641053, 'cat_l2': 7.366362909483144, 'min_data_per_group': 80, 'max_cat_to_onehot': 10, 'max_cat_threshold': 8, 'max_bin': 255}. Best is trial 216 with value: 0.863754555303851.[0m
Best trial: 216. Best value: 0.863755:  77%|#######6  | 230/300 [02:26<00:45,  1.53it/s]Best trial: 216. Best value: 0.863755:  77%|#######6  | 230/300 [02:26<00:45,  1.53it/s]Best trial: 216. Best value: 0.863755:  77%|#######7  | 231/300 [02:26<00:43,  1.58it/s]                                                                                        [32m[I 2026-07-24 17:47:47,269][0m Trial 231 finished with value: 0.8553432483009947 and parameters: {'max_depth': 7, 'subsample_freq': 1, 'learning_rate': 0.11848087356894423, 'num_leaves': 4, 'min_child_samples': 10, 'min_child_weight': 0.2753521472692183, 'min_split_gain': 0.08830337090074894, 'colsample_bytree': 0.9024800957681721, 'reg_alpha': 0.001, 'reg_lambda': 0.05, 'cat_smooth': 28.93783461320068, 'cat_l2': 7.862992553996025, 'min_data_per_group': 60, 'max_cat_to_onehot': 10, 'max_cat_threshold': 8, 'max_bin': 127, 'subsample': 0.9689542989240936}. Best is trial 216 with value: 0.863754555303851.[0m
Best trial: 216. Best value: 0.863755:  77%|#######7  | 231/300 [02:27<00:43,  1.58it/s]Best trial: 216. Best value: 0.863755:  77%|#######7  | 231/300 [02:27<00:43,  1.58it/s]Best trial: 216. Best value: 0.863755:  77%|#######7  | 232/300 [02:27<00:42,  1.60it/s]                                                                                        [32m[I 2026-07-24 17:47:47,895][0m Trial 232 finished with value: 0.8539347975967694 and parameters: {'max_depth': 7, 'subsample_freq': 1, 'learning_rate': 0.11279130185489977, 'num_leaves': 4, 'min_child_samples': 10, 'min_child_weight': 0.5281838566936119, 'min_split_gain': 0.08631625270694616, 'colsample_bytree': 0.9174504711489149, 'reg_alpha': 0.001, 'reg_lambda': 0.05, 'cat_smooth': 29.462049866275024, 'cat_l2': 8.126954724720022, 'min_data_per_group': 60, 'max_cat_to_onehot': 10, 'max_cat_threshold': 8, 'max_bin': 127, 'subsample': 0.9827581270469588}. Best is trial 216 with value: 0.863754555303851.[0m
Best trial: 216. Best value: 0.863755:  77%|#######7  | 232/300 [02:27<00:42,  1.60it/s]Best trial: 216. Best value: 0.863755:  77%|#######7  | 232/300 [02:27<00:42,  1.60it/s]Best trial: 216. Best value: 0.863755:  78%|#######7  | 233/300 [02:27<00:41,  1.60it/s]                                                                                        [32m[I 2026-07-24 17:47:48,530][0m Trial 233 finished with value: 0.8581503004038217 and parameters: {'max_depth': 7, 'subsample_freq': 1, 'learning_rate': 0.09986931592879209, 'num_leaves': 5, 'min_child_samples': 10, 'min_child_weight': 0.8399068333665051, 'min_split_gain': 0.08362098729130799, 'colsample_bytree': 0.8819450243652698, 'reg_alpha': 0.001, 'reg_lambda': 0.05, 'cat_smooth': 28.586605978544817, 'cat_l2': 8.996136830248203, 'min_data_per_group': 60, 'max_cat_to_onehot': 10, 'max_cat_threshold': 8, 'max_bin': 127, 'subsample': 0.9688419281867865}. Best is trial 216 with value: 0.863754555303851.[0m
Best trial: 216. Best value: 0.863755:  78%|#######7  | 233/300 [02:28<00:41,  1.60it/s]Best trial: 216. Best value: 0.863755:  78%|#######7  | 233/300 [02:28<00:41,  1.60it/s]Best trial: 216. Best value: 0.863755:  78%|#######8  | 234/300 [02:28<00:41,  1.60it/s]                                                                                        [32m[I 2026-07-24 17:47:49,259][0m Trial 234 finished with value: 0.8567320003939722 and parameters: {'max_depth': 7, 'subsample_freq': 1, 'learning_rate': 0.10556258308427928, 'num_leaves': 4, 'min_child_samples': 10, 'min_child_weight': 0.4239217821094638, 'min_split_gain': 0.09096790808748079, 'colsample_bytree': 0.8762399054592356, 'reg_alpha': 0.001, 'reg_lambda': 0.05, 'cat_smooth': 27.996281867115485, 'cat_l2': 7.511920560537874, 'min_data_per_group': 60, 'max_cat_to_onehot': 10, 'max_cat_threshold': 8, 'max_bin': 127, 'subsample': 0.9741419643744501}. Best is trial 216 with value: 0.863754555303851.[0m
Best trial: 216. Best value: 0.863755:  78%|#######8  | 234/300 [02:29<00:41,  1.60it/s]Best trial: 216. Best value: 0.863755:  78%|#######8  | 234/300 [02:29<00:41,  1.60it/s]Best trial: 216. Best value: 0.863755:  78%|#######8  | 235/300 [02:29<00:43,  1.51it/s]                                                                                        [32m[I 2026-07-24 17:47:49,952][0m Trial 235 finished with value: 0.8581404510981976 and parameters: {'max_depth': 7, 'subsample_freq': 1, 'learning_rate': 0.12483892440060394, 'num_leaves': 5, 'min_child_samples': 10, 'min_child_weight': 0.43835699690208285, 'min_split_gain': 0.08102672718996652, 'colsample_bytree': 0.8897816948767855, 'reg_alpha': 0.001, 'reg_lambda': 0.001, 'cat_smooth': 29.237169836990923, 'cat_l2': 8.415000066388618, 'min_data_per_group': 60, 'max_cat_to_onehot': 10, 'max_cat_threshold': 8, 'max_bin': 127, 'subsample': 0.9576157896289413}. Best is trial 216 with value: 0.863754555303851.[0m
Best trial: 216. Best value: 0.863755:  78%|#######8  | 235/300 [02:29<00:43,  1.51it/s]Best trial: 216. Best value: 0.863755:  78%|#######8  | 235/300 [02:30<00:43,  1.51it/s]Best trial: 216. Best value: 0.863755:  79%|#######8  | 236/300 [02:30<00:42,  1.49it/s]                                                                                        [32m[I 2026-07-24 17:47:50,593][0m Trial 236 finished with value: 0.8384713877671623 and parameters: {'max_depth': 7, 'subsample_freq': 1, 'learning_rate': 0.13117148753534885, 'num_leaves': 4, 'min_child_samples': 10, 'min_child_weight': 0.6375575021838611, 'min_split_gain': 0.09919509818195922, 'colsample_bytree': 0.8697548164856574, 'reg_alpha': 1.0, 'reg_lambda': 0.05, 'cat_smooth': 27.45751745303653, 'cat_l2': 1.5790802710175615, 'min_data_per_group': 60, 'max_cat_to_onehot': 10, 'max_cat_threshold': 8, 'max_bin': 63, 'subsample': 0.9639700562083443}. Best is trial 216 with value: 0.863754555303851.[0m
Best trial: 216. Best value: 0.863755:  79%|#######8  | 236/300 [02:30<00:42,  1.49it/s]Best trial: 216. Best value: 0.863755:  79%|#######8  | 236/300 [02:30<00:42,  1.49it/s]Best trial: 216. Best value: 0.863755:  79%|#######9  | 237/300 [02:30<00:41,  1.51it/s]                                                                                        [32m[I 2026-07-24 17:47:51,246][0m Trial 237 finished with value: 0.8511178961883188 and parameters: {'max_depth': 7, 'subsample_freq': 1, 'learning_rate': 0.11457517815425106, 'num_leaves': 5, 'min_child_samples': 15, 'min_child_weight': 0.5194453479444481, 'min_split_gain': 0.07816896006398699, 'colsample_bytree': 0.8843342362692724, 'reg_alpha': 0.001, 'reg_lambda': 0.1, 'cat_smooth': 17.923553797206203, 'cat_l2': 6.915267213723018, 'min_data_per_group': 60, 'max_cat_to_onehot': 10, 'max_cat_threshold': 16, 'max_bin': 31, 'subsample': 0.9694027632217977}. Best is trial 216 with value: 0.863754555303851.[0m
Best trial: 216. Best value: 0.863755:  79%|#######9  | 237/300 [02:31<00:41,  1.51it/s]Best trial: 216. Best value: 0.863755:  79%|#######9  | 237/300 [02:31<00:41,  1.51it/s]Best trial: 216. Best value: 0.863755:  79%|#######9  | 238/300 [02:31<00:40,  1.52it/s]                                                                                        [32m[I 2026-07-24 17:47:51,951][0m Trial 238 finished with value: 0.8539249482911455 and parameters: {'max_depth': 7, 'subsample_freq': 1, 'learning_rate': 0.0986428965137987, 'num_leaves': 6, 'min_child_samples': 10, 'min_child_weight': 1.0065753629759278, 'min_split_gain': 0.08672816570473682, 'colsample_bytree': 0.8952741200090928, 'reg_alpha': 0.001, 'reg_lambda': 0.01, 'cat_smooth': 29.544365255240564, 'cat_l2': 10.871057702333177, 'min_data_per_group': 70, 'max_cat_to_onehot': 10, 'max_cat_threshold': 8, 'max_bin': 255, 'subsample': 0.9794798108515113}. Best is trial 216 with value: 0.863754555303851.[0m
Best trial: 216. Best value: 0.863755:  79%|#######9  | 238/300 [02:31<00:40,  1.52it/s]Best trial: 216. Best value: 0.863755:  79%|#######9  | 238/300 [02:32<00:40,  1.52it/s]Best trial: 216. Best value: 0.863755:  80%|#######9  | 239/300 [02:32<00:41,  1.48it/s]                                                                                        [32m[I 2026-07-24 17:47:52,652][0m Trial 239 finished with value: 0.8539052496798977 and parameters: {'max_depth': 7, 'subsample_freq': 1, 'learning_rate': 0.12070109207335766, 'num_leaves': 4, 'min_child_samples': 15, 'min_child_weight': 0.7715137074836658, 'min_split_gain': 0.09201001350275993, 'colsample_bytree': 0.8695409404149805, 'reg_alpha': 0.001, 'reg_lambda': 0.05, 'cat_smooth': 28.773343284422435, 'cat_l2': 9.285413161255395, 'min_data_per_group': 60, 'max_cat_to_onehot': 10, 'max_cat_threshold': 8, 'max_bin': 255, 'subsample': 0.9554241704374746}. Best is trial 216 with value: 0.863754555303851.[0m
Best trial: 216. Best value: 0.863755:  80%|#######9  | 239/300 [02:32<00:41,  1.48it/s]Best trial: 216. Best value: 0.863755:  80%|#######9  | 239/300 [02:32<00:41,  1.48it/s]Best trial: 216. Best value: 0.863755:  80%|########  | 240/300 [02:32<00:40,  1.48it/s]                                                                                        [32m[I 2026-07-24 17:47:53,430][0m Trial 240 finished with value: 0.8496798975672215 and parameters: {'max_depth': 7, 'subsample_freq': 1, 'learning_rate': 0.11196487514280863, 'num_leaves': 28, 'min_child_samples': 10, 'min_child_weight': 1.0829589922772789, 'min_split_gain': 0.07030553609244913, 'colsample_bytree': 0.8779400697721789, 'reg_alpha': 0.01, 'reg_lambda': 0.05, 'cat_smooth': 28.992522947815072, 'cat_l2': 7.637196730519855, 'min_data_per_group': 60, 'max_cat_to_onehot': 10, 'max_cat_threshold': 8, 'max_bin': 127, 'subsample': 0.904309666646966}. Best is trial 216 with value: 0.863754555303851.[0m
Best trial: 216. Best value: 0.863755:  80%|########  | 240/300 [02:33<00:40,  1.48it/s]Best trial: 216. Best value: 0.863755:  80%|########  | 240/300 [02:33<00:40,  1.48it/s]Best trial: 216. Best value: 0.863755:  80%|########  | 241/300 [02:33<00:41,  1.41it/s]                                                                                        [32m[I 2026-07-24 17:47:54,079][0m Trial 241 finished with value: 0.8609573525066482 and parameters: {'max_depth': 7, 'subsample_freq': 1, 'learning_rate': 0.10460436236333938, 'num_leaves': 5, 'min_child_samples': 10, 'min_child_weight': 0.8609641112383144, 'min_split_gain': 0.0836753110910818, 'colsample_bytree': 0.8831999090244933, 'reg_alpha': 0.001, 'reg_lambda': 0.05, 'cat_smooth': 28.42011290425229, 'cat_l2': 8.937293356886187, 'min_data_per_group': 60, 'max_cat_to_onehot': 10, 'max_cat_threshold': 8, 'max_bin': 127, 'subsample': 0.9639841140573041}. Best is trial 216 with value: 0.863754555303851.[0m
Best trial: 216. Best value: 0.863755:  80%|########  | 241/300 [02:34<00:41,  1.41it/s]Best trial: 216. Best value: 0.863755:  80%|########  | 241/300 [02:34<00:41,  1.41it/s]Best trial: 216. Best value: 0.863755:  81%|########  | 242/300 [02:34<00:40,  1.44it/s]                                                                                        [32m[I 2026-07-24 17:47:54,829][0m Trial 242 finished with value: 0.8581503004038215 and parameters: {'max_depth': 7, 'subsample_freq': 1, 'learning_rate': 0.10358976826813364, 'num_leaves': 5, 'min_child_samples': 10, 'min_child_weight': 0.8919293345263714, 'min_split_gain': 0.08319550034057664, 'colsample_bytree': 0.8859171473423444, 'reg_alpha': 0.001, 'reg_lambda': 0.05, 'cat_smooth': 29.47397751145813, 'cat_l2': 8.763588160548734, 'min_data_per_group': 60, 'max_cat_to_onehot': 10, 'max_cat_threshold': 8, 'max_bin': 127, 'subsample': 0.9651356061655336}. Best is trial 216 with value: 0.863754555303851.[0m
