Best trial: 22. Best value: 0.858121:  15%|#4        | 44/300 [00:26<02:44,  1.55it/s]Best trial: 22. Best value: 0.858121:  15%|#4        | 44/300 [00:26<02:44,  1.55it/s]Best trial: 22. Best value: 0.858121:  15%|#5        | 45/300 [00:26<02:36,  1.63it/s]                                                                                      [32m[I 2026-07-24 17:45:46,856][0m Trial 45 finished with value: 0.8455037919826651 and parameters: {'max_depth': 4, 'subsample_freq': 0, 'learning_rate': 0.13065209743387562, 'num_leaves': 8, 'min_child_samples': 20, 'min_child_weight': 1.4179563126553882, 'min_split_gain': 0.08351527085218026, 'colsample_bytree': 0.8917269639428965, 'reg_alpha': 0.0, 'reg_lambda': 0.01, 'cat_smooth': 16.873105739252875, 'cat_l2': 9.366608535691281, 'min_data_per_group': 100, 'max_cat_to_onehot': 4, 'max_cat_threshold': 32, 'max_bin': 255}. Best is trial 22 with value: 0.8581207524869496.[0m
Best trial: 22. Best value: 0.858121:  15%|#5        | 45/300 [00:26<02:36,  1.63it/s]Best trial: 22. Best value: 0.858121:  15%|#5        | 45/300 [00:26<02:36,  1.63it/s]Best trial: 22. Best value: 0.858121:  15%|#5        | 46/300 [00:26<02:27,  1.72it/s]                                                                                      [32m[I 2026-07-24 17:45:47,511][0m Trial 46 finished with value: 0.8567221510883483 and parameters: {'max_depth': 4, 'subsample_freq': 1, 'learning_rate': 0.08989696660385732, 'num_leaves': 9, 'min_child_samples': 20, 'min_child_weight': 0.920016876006934, 'min_split_gain': 0.10210462452334987, 'colsample_bytree': 0.9219953534718954, 'reg_alpha': 0.05, 'reg_lambda': 0.01, 'cat_smooth': 13.81066536335536, 'cat_l2': 12.343024085854909, 'min_data_per_group': 30, 'max_cat_to_onehot': 10, 'max_cat_threshold': 32, 'max_bin': 255, 'subsample': 0.880764375951724}. Best is trial 22 with value: 0.8581207524869496.[0m
Best trial: 22. Best value: 0.858121:  15%|#5        | 46/300 [00:27<02:27,  1.72it/s]Best trial: 22. Best value: 0.858121:  15%|#5        | 46/300 [00:27<02:27,  1.72it/s]Best trial: 22. Best value: 0.858121:  16%|#5        | 47/300 [00:27<02:31,  1.67it/s]                                                                                      [32m[I 2026-07-24 17:45:48,067][0m Trial 47 finished with value: 0.8497192947897172 and parameters: {'max_depth': 3, 'subsample_freq': 1, 'learning_rate': 0.0781654616664329, 'num_leaves': 6, 'min_child_samples': 25, 'min_child_weight': 0.9124485951678522, 'min_split_gain': 0.11154029647882845, 'colsample_bytree': 0.9874415937484838, 'reg_alpha': 0.05, 'reg_lambda': 0.01, 'cat_smooth': 15.132272679035191, 'cat_l2': 10.25232942489292, 'min_data_per_group': 30, 'max_cat_to_onehot': 10, 'max_cat_threshold': 32, 'max_bin': 255, 'subsample': 0.9093232706878808}. Best is trial 22 with value: 0.8581207524869496.[0m
Best trial: 22. Best value: 0.858121:  16%|#5        | 47/300 [00:28<02:31,  1.67it/s]Best trial: 22. Best value: 0.858121:  16%|#5        | 47/300 [00:28<02:31,  1.67it/s]Best trial: 22. Best value: 0.858121:  16%|#6        | 48/300 [00:28<02:28,  1.70it/s]                                                                                      [32m[I 2026-07-24 17:45:48,534][0m Trial 48 finished with value: 0.8455037919826651 and parameters: {'max_depth': 4, 'subsample_freq': 0, 'learning_rate': 0.09210292481665615, 'num_leaves': 15, 'min_child_samples': 20, 'min_child_weight': 0.7071982341679741, 'min_split_gain': 0.13381227747358115, 'colsample_bytree': 0.7580198029456697, 'reg_alpha': 0.05, 'reg_lambda': 1.0, 'cat_smooth': 18.56547434643069, 'cat_l2': 8.444555383182683, 'min_data_per_group': 20, 'max_cat_to_onehot': 10, 'max_cat_threshold': 16, 'max_bin': 255}. Best is trial 22 with value: 0.8581207524869496.[0m
Best trial: 22. Best value: 0.858121:  16%|#6        | 48/300 [00:28<02:28,  1.70it/s]Best trial: 22. Best value: 0.858121:  16%|#6        | 48/300 [00:28<02:28,  1.70it/s]Best trial: 22. Best value: 0.858121:  16%|#6        | 49/300 [00:28<02:18,  1.81it/s]                                                                                      [32m[I 2026-07-24 17:45:49,112][0m Trial 49 finished with value: 0.8539446469023935 and parameters: {'max_depth': 7, 'subsample_freq': 1, 'learning_rate': 0.06208038204595165, 'num_leaves': 4, 'min_child_samples': 10, 'min_child_weight': 1.4572970472360998, 'min_split_gain': 0.07355382250304207, 'colsample_bytree': 0.8713731662567219, 'reg_alpha': 0.05, 'reg_lambda': 0.01, 'cat_smooth': 16.24020325917481, 'cat_l2': 10.804948673730435, 'min_data_per_group': 40, 'max_cat_to_onehot': 10, 'max_cat_threshold': 8, 'max_bin': 255, 'subsample': 0.951141081201358}. Best is trial 22 with value: 0.8581207524869496.[0m
Best trial: 22. Best value: 0.858121:  16%|#6        | 49/300 [00:29<02:18,  1.81it/s]Best trial: 22. Best value: 0.858121:  16%|#6        | 49/300 [00:29<02:18,  1.81it/s]Best trial: 22. Best value: 0.858121:  17%|#6        | 50/300 [00:29<02:19,  1.79it/s]                                                                                      [32m[I 2026-07-24 17:45:49,590][0m Trial 50 finished with value: 0.8370333891460653 and parameters: {'max_depth': 4, 'subsample_freq': 0, 'learning_rate': 0.10649488074914464, 'num_leaves': 8, 'min_child_samples': 50, 'min_child_weight': 0.19495567649029552, 'min_split_gain': 0.09694807981770559, 'colsample_bytree': 0.8257181875223033, 'reg_alpha': 0.0, 'reg_lambda': 0.5, 'cat_smooth': 7.085254321156552, 'cat_l2': 7.1036760339525475, 'min_data_per_group': 30, 'max_cat_to_onehot': 10, 'max_cat_threshold': 32, 'max_bin': 255}. Best is trial 22 with value: 0.8581207524869496.[0m
Best trial: 22. Best value: 0.858121:  17%|#6        | 50/300 [00:29<02:19,  1.79it/s]Best trial: 22. Best value: 0.858121:  17%|#6        | 50/300 [00:29<02:19,  1.79it/s]Best trial: 22. Best value: 0.858121:  17%|#7        | 51/300 [00:29<02:13,  1.86it/s]                                                                                      [32m[I 2026-07-24 17:45:50,173][0m Trial 51 finished with value: 0.8525263468925441 and parameters: {'max_depth': 7, 'subsample_freq': 1, 'learning_rate': 0.06023295754169163, 'num_leaves': 4, 'min_child_samples': 10, 'min_child_weight': 1.6331265458327502, 'min_split_gain': 0.0710631023792292, 'colsample_bytree': 0.8726820107428579, 'reg_alpha': 0.05, 'reg_lambda': 0.01, 'cat_smooth': 16.331646727366767, 'cat_l2': 11.066454804168243, 'min_data_per_group': 40, 'max_cat_to_onehot': 10, 'max_cat_threshold': 8, 'max_bin': 255, 'subsample': 0.9517319201747847}. Best is trial 22 with value: 0.8581207524869496.[0m
Best trial: 22. Best value: 0.858121:  17%|#7        | 51/300 [00:30<02:13,  1.86it/s]Best trial: 22. Best value: 0.858121:  17%|#7        | 51/300 [00:30<02:13,  1.86it/s]Best trial: 22. Best value: 0.858121:  17%|#7        | 52/300 [00:30<02:16,  1.82it/s]                                                                                      [32m[I 2026-07-24 17:45:50,802][0m Trial 52 finished with value: 0.852536196198168 and parameters: {'max_depth': 7, 'subsample_freq': 1, 'learning_rate': 0.03868243236820675, 'num_leaves': 4, 'min_child_samples': 5, 'min_child_weight': 1.0353030081064538, 'min_split_gain': 0.09289324858555656, 'colsample_bytree': 0.8039960047289272, 'reg_alpha': 0.05, 'reg_lambda': 0.01, 'cat_smooth': 20.16883674406212, 'cat_l2': 14.192728214143624, 'min_data_per_group': 20, 'max_cat_to_onehot': 10, 'max_cat_threshold': 8, 'max_bin': 255, 'subsample': 0.9574404189238704}. Best is trial 22 with value: 0.8581207524869496.[0m
Best trial: 22. Best value: 0.858121:  17%|#7        | 52/300 [00:30<02:16,  1.82it/s]Best trial: 22. Best value: 0.858121:  17%|#7        | 52/300 [00:30<02:16,  1.82it/s]Best trial: 22. Best value: 0.858121:  18%|#7        | 53/300 [00:30<02:20,  1.75it/s]                                                                                      [32m[I 2026-07-24 17:45:51,489][0m Trial 53 finished with value: 0.8553333989953709 and parameters: {'max_depth': 7, 'subsample_freq': 1, 'learning_rate': 0.04945641492370942, 'num_leaves': 10, 'min_child_samples': 10, 'min_child_weight': 1.3140761177948839, 'min_split_gain': 0.12315163523256978, 'colsample_bytree': 0.8592996232547344, 'reg_alpha': 0.05, 'reg_lambda': 0.01, 'cat_smooth': 12.146181966602114, 'cat_l2': 16.858877780307086, 'min_data_per_group': 40, 'max_cat_to_onehot': 10, 'max_cat_threshold': 8, 'max_bin': 255, 'subsample': 0.9227203005713251}. Best is trial 22 with value: 0.8581207524869496.[0m
Best trial: 22. Best value: 0.858121:  18%|#7        | 53/300 [00:31<02:20,  1.75it/s]Best trial: 22. Best value: 0.858121:  18%|#7        | 53/300 [00:31<02:20,  1.75it/s]Best trial: 22. Best value: 0.858121:  18%|#8        | 54/300 [00:31<02:30,  1.64it/s]                                                                                      [32m[I 2026-07-24 17:45:52,223][0m Trial 54 finished with value: 0.8469220919925146 and parameters: {'max_depth': 6, 'subsample_freq': 1, 'learning_rate': 0.027357620892347424, 'num_leaves': 10, 'min_child_samples': 15, 'min_child_weight': 0.6784879812185051, 'min_split_gain': 0.12864827765547107, 'colsample_bytree': 0.8474864268699641, 'reg_alpha': 0.05, 'reg_lambda': 2.0, 'cat_smooth': 12.238490635858142, 'cat_l2': 16.931094431639455, 'min_data_per_group': 30, 'max_cat_to_onehot': 10, 'max_cat_threshold': 8, 'max_bin': 255, 'subsample': 0.9199988061662199}. Best is trial 22 with value: 0.8581207524869496.[0m
Best trial: 22. Best value: 0.858121:  18%|#8        | 54/300 [00:32<02:30,  1.64it/s]Best trial: 22. Best value: 0.858121:  18%|#8        | 54/300 [00:32<02:30,  1.64it/s]Best trial: 22. Best value: 0.858121:  18%|#8        | 55/300 [00:32<02:37,  1.55it/s]                                                                                      [32m[I 2026-07-24 17:45:52,859][0m Trial 55 finished with value: 0.8299911356249383 and parameters: {'max_depth': 7, 'subsample_freq': 1, 'learning_rate': 0.015014637423022911, 'num_leaves': 20, 'min_child_samples': 45, 'min_child_weight': 0.4736126586176961, 'min_split_gain': 0.14971503396145014, 'colsample_bytree': 0.8982808450086217, 'reg_alpha': 0.01, 'reg_lambda': 0.01, 'cat_smooth': 13.697871670167162, 'cat_l2': 22.294902952542785, 'min_data_per_group': 20, 'max_cat_to_onehot': 10, 'max_cat_threshold': 8, 'max_bin': 127, 'subsample': 0.7169504158378158}. Best is trial 22 with value: 0.8581207524869496.[0m
Best trial: 22. Best value: 0.858121:  18%|#8        | 55/300 [00:32<02:37,  1.55it/s]Best trial: 22. Best value: 0.858121:  18%|#8        | 55/300 [00:32<02:37,  1.55it/s]Best trial: 22. Best value: 0.858121:  19%|#8        | 56/300 [00:32<02:37,  1.55it/s]                                                                                      [32m[I 2026-07-24 17:45:53,514][0m Trial 56 finished with value: 0.8510981975770708 and parameters: {'max_depth': 6, 'subsample_freq': 1, 'learning_rate': 0.04372488550006178, 'num_leaves': 12, 'min_child_samples': 15, 'min_child_weight': 1.1117765752098105, 'min_split_gain': 0.12159308054694952, 'colsample_bytree': 0.860004616050185, 'reg_alpha': 0.1, 'reg_lambda': 0.05, 'cat_smooth': 9.342439007310627, 'cat_l2': 13.012414066666423, 'min_data_per_group': 30, 'max_cat_to_onehot': 10, 'max_cat_threshold': 16, 'max_bin': 255, 'subsample': 0.8902098605857772}. Best is trial 22 with value: 0.8581207524869496.[0m
Best trial: 22. Best value: 0.858121:  19%|#8        | 56/300 [00:33<02:37,  1.55it/s]Best trial: 22. Best value: 0.858121:  19%|#8        | 56/300 [00:33<02:37,  1.55it/s]Best trial: 22. Best value: 0.858121:  19%|#9        | 57/300 [00:33<02:37,  1.54it/s]                                                                                      [32m[I 2026-07-24 17:45:54,089][0m Trial 57 finished with value: 0.8384615384615385 and parameters: {'max_depth': 4, 'subsample_freq': 1, 'learning_rate': 0.030440225051458745, 'num_leaves': 10, 'min_child_samples': 20, 'min_child_weight': 0.6326955452799874, 'min_split_gain': 0.14356338261115287, 'colsample_bytree': 0.8116347855639853, 'reg_alpha': 1.0, 'reg_lambda': 0.1, 'cat_smooth': 11.972604562519974, 'cat_l2': 25.244895578290564, 'min_data_per_group': 40, 'max_cat_to_onehot': 10, 'max_cat_threshold': 32, 'max_bin': 255, 'subsample': 0.8790522287311069}. Best is trial 22 with value: 0.8581207524869496.[0m
Best trial: 22. Best value: 0.858121:  19%|#9        | 57/300 [00:34<02:37,  1.54it/s]Best trial: 22. Best value: 0.858121:  19%|#9        | 57/300 [00:34<02:37,  1.54it/s]Best trial: 22. Best value: 0.858121:  19%|#9        | 58/300 [00:34<02:30,  1.60it/s]                                                                                      [32m[I 2026-07-24 17:45:54,628][0m Trial 58 finished with value: 0.8483206933911159 and parameters: {'max_depth': 7, 'subsample_freq': 0, 'learning_rate': 0.05084589317511557, 'num_leaves': 8, 'min_child_samples': 10, 'min_child_weight': 0.8745554524253856, 'min_split_gain': 0.10539775801825271, 'colsample_bytree': 0.8392090378655188, 'reg_alpha': 0.0, 'reg_lambda': 0.0, 'cat_smooth': 14.923132104717139, 'cat_l2': 16.15144938143195, 'min_data_per_group': 60, 'max_cat_to_onehot': 10, 'max_cat_threshold': 32, 'max_bin': 31}. Best is trial 22 with value: 0.8581207524869496.[0m
Best trial: 22. Best value: 0.858121:  19%|#9        | 58/300 [00:34<02:30,  1.60it/s]Best trial: 22. Best value: 0.858121:  19%|#9        | 58/300 [00:34<02:30,  1.60it/s]Best trial: 22. Best value: 0.858121:  20%|#9        | 59/300 [00:34<02:24,  1.67it/s]                                                                                      [32m[I 2026-07-24 17:45:55,284][0m Trial 59 finished with value: 0.8496995961784695 and parameters: {'max_depth': 6, 'subsample_freq': 1, 'learning_rate': 0.054083567903440787, 'num_leaves': 22, 'min_child_samples': 25, 'min_child_weight': 1.5224379121015832, 'min_split_gain': 0.0051160275383697025, 'colsample_bytree': 0.8633525315467564, 'reg_alpha': 0.05, 'reg_lambda': 0.001, 'cat_smooth': 12.961424298705337, 'cat_l2': 8.514456222773994, 'min_data_per_group': 50, 'max_cat_to_onehot': 10, 'max_cat_threshold': 16, 'max_bin': 255, 'subsample': 0.9259549234696828}. Best is trial 22 with value: 0.8581207524869496.[0m
Best trial: 22. Best value: 0.858121:  20%|#9        | 59/300 [00:35<02:24,  1.67it/s]Best trial: 22. Best value: 0.858121:  20%|#9        | 59/300 [00:35<02:24,  1.67it/s]Best trial: 22. Best value: 0.858121:  20%|##        | 60/300 [00:35<02:26,  1.63it/s]                                                                                      [32m[I 2026-07-24 17:45:55,757][0m Trial 60 finished with value: 0.8384615384615385 and parameters: {'max_depth': 3, 'subsample_freq': 1, 'learning_rate': 0.09205613426738538, 'num_leaves': 7, 'min_child_samples': 5, 'min_child_weight': 0.4082241108487431, 'min_split_gain': 0.06347038848385156, 'colsample_bytree': 0.7027021821908203, 'reg_alpha': 2.0, 'reg_lambda': 0.0, 'cat_smooth': 10.230142445348712, 'cat_l2': 1.071053883605113, 'min_data_per_group': 20, 'max_cat_to_onehot': 10, 'max_cat_threshold': 32, 'max_bin': 127, 'subsample': 0.9718214859193973}. Best is trial 22 with value: 0.8581207524869496.[0m
Best trial: 22. Best value: 0.858121:  20%|##        | 60/300 [00:35<02:26,  1.63it/s]Best trial: 22. Best value: 0.858121:  20%|##        | 60/300 [00:35<02:26,  1.63it/s]Best trial: 22. Best value: 0.858121:  20%|##        | 61/300 [00:35<02:17,  1.74it/s]                                                                                      [32m[I 2026-07-24 17:45:56,361][0m Trial 61 finished with value: 0.8595489018024229 and parameters: {'max_depth': 7, 'subsample_freq': 1, 'learning_rate': 0.07452498061566891, 'num_leaves': 6, 'min_child_samples': 10, 'min_child_weight': 1.4125423550488667, 'min_split_gain': 0.07806382999682797, 'colsample_bytree': 0.8764046881911555, 'reg_alpha': 0.05, 'reg_lambda': 0.01, 'cat_smooth': 15.76831927521591, 'cat_l2': 9.985711929956246, 'min_data_per_group': 40, 'max_cat_to_onehot': 10, 'max_cat_threshold': 8, 'max_bin': 255, 'subsample': 0.9436302150232152}. Best is trial 61 with value: 0.8595489018024229.[0m
Best trial: 22. Best value: 0.858121:  20%|##        | 61/300 [00:36<02:17,  1.74it/s]Best trial: 61. Best value: 0.859549:  20%|##        | 61/300 [00:36<02:17,  1.74it/s]Best trial: 61. Best value: 0.859549:  21%|##        | 62/300 [00:36<02:19,  1.71it/s]                                                                                      [32m[I 2026-07-24 17:45:57,010][0m Trial 62 finished with value: 0.8581404510981976 and parameters: {'max_depth': 7, 'subsample_freq': 1, 'learning_rate': 0.07561817649560026, 'num_leaves': 5, 'min_child_samples': 10, 'min_child_weight': 1.2431946528862385, 'min_split_gain': 0.10586246686018953, 'colsample_bytree': 0.8814713918096916, 'reg_alpha': 0.05, 'reg_lambda': 0.01, 'cat_smooth': 15.811191738481638, 'cat_l2': 13.501471933954155, 'min_data_per_group': 40, 'max_cat_to_onehot': 10, 'max_cat_threshold': 8, 'max_bin': 255, 'subsample': 0.9372472194891611}. Best is trial 61 with value: 0.8595489018024229.[0m
Best trial: 61. Best value: 0.859549:  21%|##        | 62/300 [00:36<02:19,  1.71it/s]Best trial: 61. Best value: 0.859549:  21%|##        | 62/300 [00:37<02:19,  1.71it/s]Best trial: 61. Best value: 0.859549:  21%|##1       | 63/300 [00:37<02:21,  1.67it/s]                                                                                      [32m[I 2026-07-24 17:45:57,644][0m Trial 63 finished with value: 0.8595489018024228 and parameters: {'max_depth': 7, 'subsample_freq': 1, 'learning_rate': 0.06497265819542225, 'num_leaves': 5, 'min_child_samples': 10, 'min_child_weight': 1.1855486023053563, 'min_split_gain': 0.10274492391447244, 'colsample_bytree': 0.8811684941516628, 'reg_alpha': 0.05, 'reg_lambda': 0.01, 'cat_smooth': 17.397146678899976, 'cat_l2': 14.242336701942293, 'min_data_per_group': 40, 'max_cat_to_onehot': 10, 'max_cat_threshold': 8, 'max_bin': 255, 'subsample': 0.9034387602898165}. Best is trial 61 with value: 0.8595489018024229.[0m
Best trial: 61. Best value: 0.859549:  21%|##1       | 63/300 [00:37<02:21,  1.67it/s]Best trial: 61. Best value: 0.859549:  21%|##1       | 63/300 [00:37<02:21,  1.67it/s]Best trial: 61. Best value: 0.859549:  21%|##1       | 64/300 [00:37<02:24,  1.63it/s]                                                                                      [32m[I 2026-07-24 17:45:58,268][0m Trial 64 finished with value: 0.8595489018024229 and parameters: {'max_depth': 7, 'subsample_freq': 1, 'learning_rate': 0.0658924023331108, 'num_leaves': 5, 'min_child_samples': 5, 'min_child_weight': 1.2270184312509542, 'min_split_gain': 0.10232367839322279, 'colsample_bytree': 0.882748477896273, 'reg_alpha': 0.05, 'reg_lambda': 0.01, 'cat_smooth': 17.74996221782671, 'cat_l2': 13.956697983329798, 'min_data_per_group': 40, 'max_cat_to_onehot': 10, 'max_cat_threshold': 8, 'max_bin': 255, 'subsample': 0.9374939375352954}. Best is trial 61 with value: 0.8595489018024229.[0m
Best trial: 61. Best value: 0.859549:  21%|##1       | 64/300 [00:38<02:24,  1.63it/s]Best trial: 61. Best value: 0.859549:  21%|##1       | 64/300 [00:38<02:24,  1.63it/s]Best trial: 61. Best value: 0.859549:  22%|##1       | 65/300 [00:38<02:24,  1.62it/s]                                                                                      [32m[I 2026-07-24 17:45:58,869][0m Trial 65 finished with value: 0.8581601497094453 and parameters: {'max_depth': 7, 'subsample_freq': 1, 'learning_rate': 0.06944301281040416, 'num_leaves': 5, 'min_child_samples': 5, 'min_child_weight': 0.8790892194155774, 'min_split_gain': 0.10292471193502628, 'colsample_bytree': 0.8812393425167296, 'reg_alpha': 0.05, 'reg_lambda': 0.01, 'cat_smooth': 18.192571362730718, 'cat_l2': 13.19644203243508, 'min_data_per_group': 50, 'max_cat_to_onehot': 10, 'max_cat_threshold': 8, 'max_bin': 255, 'subsample': 0.9402944248972215}. Best is trial 61 with value: 0.8595489018024229.[0m
Best trial: 61. Best value: 0.859549:  22%|##1       | 65/300 [00:38<02:24,  1.62it/s]Best trial: 61. Best value: 0.859549:  22%|##1       | 65/300 [00:38<02:24,  1.62it/s]Best trial: 61. Best value: 0.859549:  22%|##2       | 66/300 [00:38<02:23,  1.63it/s]                                                                                      [32m[I 2026-07-24 17:45:59,404][0m Trial 66 finished with value: 0.8525460455037919 and parameters: {'max_depth': 7, 'subsample_freq': 1, 'learning_rate': 0.06372935795104616, 'num_leaves': 5, 'min_child_samples': 5, 'min_child_weight': 0.010367294050330923, 'min_split_gain': 0.09363143227028756, 'colsample_bytree': 0.9066485161765266, 'reg_alpha': 0.05, 'reg_lambda': 0.01, 'cat_smooth': 17.532302265511774, 'cat_l2': 13.63720465685062, 'min_data_per_group': 50, 'max_cat_to_onehot': 10, 'max_cat_threshold': 8, 'max_bin': 255, 'subsample': 0.9409679148422334}. Best is trial 61 with value: 0.8595489018024229.[0m
