Best trial: 216. Best value: 0.863755:  88%|########8 | 264/300 [02:49<00:23,  1.52it/s]Best trial: 216. Best value: 0.863755:  88%|########8 | 264/300 [02:49<00:23,  1.52it/s]Best trial: 216. Best value: 0.863755:  88%|########8 | 265/300 [02:49<00:22,  1.54it/s]                                                                                        [32m[I 2026-07-24 17:48:09,959][0m Trial 265 finished with value: 0.8497192947897172 and parameters: {'max_depth': 7, 'subsample_freq': 1, 'learning_rate': 0.11126738137528851, 'num_leaves': 6, 'min_child_samples': 10, 'min_child_weight': 1.1738059842777104, 'min_split_gain': 0.09202237476387919, 'colsample_bytree': 0.86791062066681, 'reg_alpha': 0.001, 'reg_lambda': 0.01, 'cat_smooth': 28.977819735255416, 'cat_l2': 26.209552581041795, 'min_data_per_group': 60, 'max_cat_to_onehot': 10, 'max_cat_threshold': 32, 'max_bin': 31, 'subsample': 0.9564443194433515}. Best is trial 216 with value: 0.863754555303851.[0m
Best trial: 216. Best value: 0.863755:  88%|########8 | 265/300 [02:49<00:22,  1.54it/s]Best trial: 216. Best value: 0.863755:  88%|########8 | 265/300 [02:50<00:22,  1.54it/s]Best trial: 216. Best value: 0.863755:  89%|########8 | 266/300 [02:50<00:22,  1.52it/s]                                                                                        [32m[I 2026-07-24 17:48:10,471][0m Trial 266 finished with value: 0.8398699891657639 and parameters: {'max_depth': 7, 'subsample_freq': 1, 'learning_rate': 0.11662601822630522, 'num_leaves': 7, 'min_child_samples': 20, 'min_child_weight': 1.3900893859554326, 'min_split_gain': 0.08772629791056454, 'colsample_bytree': 0.8609703804755673, 'reg_alpha': 2.0, 'reg_lambda': 0.01, 'cat_smooth': 29.50726795892034, 'cat_l2': 28.85952403898972, 'min_data_per_group': 60, 'max_cat_to_onehot': 10, 'max_cat_threshold': 32, 'max_bin': 63, 'subsample': 0.949418774457569}. Best is trial 216 with value: 0.863754555303851.[0m
Best trial: 216. Best value: 0.863755:  89%|########8 | 266/300 [02:50<00:22,  1.52it/s]Best trial: 216. Best value: 0.863755:  89%|########8 | 266/300 [02:50<00:22,  1.52it/s]Best trial: 216. Best value: 0.863755:  89%|########9 | 267/300 [02:50<00:20,  1.62it/s]                                                                                        [32m[I 2026-07-24 17:48:11,124][0m Trial 267 finished with value: 0.8581601497094455 and parameters: {'max_depth': 7, 'subsample_freq': 1, 'learning_rate': 0.10242537587192534, 'num_leaves': 6, 'min_child_samples': 5, 'min_child_weight': 1.018747174619282, 'min_split_gain': 0.08484973260604768, 'colsample_bytree': 0.8723329831843539, 'reg_alpha': 0.001, 'reg_lambda': 0.01, 'cat_smooth': 28.467113072079698, 'cat_l2': 8.318517548321044, 'min_data_per_group': 60, 'max_cat_to_onehot': 10, 'max_cat_threshold': 32, 'max_bin': 63, 'subsample': 0.9564939953593012}. Best is trial 216 with value: 0.863754555303851.[0m
Best trial: 216. Best value: 0.863755:  89%|########9 | 267/300 [02:51<00:20,  1.62it/s]Best trial: 216. Best value: 0.863755:  89%|########9 | 267/300 [02:51<00:20,  1.62it/s]Best trial: 216. Best value: 0.863755:  89%|########9 | 268/300 [02:51<00:20,  1.60it/s]                                                                                        [32m[I 2026-07-24 17:48:11,768][0m Trial 268 finished with value: 0.8567320003939722 and parameters: {'max_depth': 7, 'subsample_freq': 1, 'learning_rate': 0.10925517193129443, 'num_leaves': 6, 'min_child_samples': 10, 'min_child_weight': 1.235476027780674, 'min_split_gain': 0.13749904766219714, 'colsample_bytree': 0.8659940929966911, 'reg_alpha': 0.001, 'reg_lambda': 0.01, 'cat_smooth': 29.2791263357795, 'cat_l2': 20.741750455541908, 'min_data_per_group': 60, 'max_cat_to_onehot': 10, 'max_cat_threshold': 32, 'max_bin': 63, 'subsample': 0.8989667256568945}. Best is trial 216 with value: 0.863754555303851.[0m
Best trial: 216. Best value: 0.863755:  89%|########9 | 268/300 [02:51<00:20,  1.60it/s]Best trial: 216. Best value: 0.863755:  89%|########9 | 268/300 [02:51<00:20,  1.60it/s]Best trial: 216. Best value: 0.863755:  90%|########9 | 269/300 [02:51<00:19,  1.58it/s]                                                                                        [32m[I 2026-07-24 17:48:12,466][0m Trial 269 finished with value: 0.8623362552940017 and parameters: {'max_depth': 7, 'subsample_freq': 1, 'learning_rate': 0.11325255217407268, 'num_leaves': 7, 'min_child_samples': 10, 'min_child_weight': 1.4096160913817761, 'min_split_gain': 0.08859300919461453, 'colsample_bytree': 0.8786373093186646, 'reg_alpha': 0.01, 'reg_lambda': 0.01, 'cat_smooth': 28.71996794107181, 'cat_l2': 17.56617042350864, 'min_data_per_group': 60, 'max_cat_to_onehot': 10, 'max_cat_threshold': 32, 'max_bin': 63, 'subsample': 0.9608806022806734}. Best is trial 216 with value: 0.863754555303851.[0m
Best trial: 216. Best value: 0.863755:  90%|########9 | 269/300 [02:52<00:19,  1.58it/s]Best trial: 216. Best value: 0.863755:  90%|########9 | 269/300 [02:52<00:19,  1.58it/s]Best trial: 216. Best value: 0.863755:  90%|######### | 270/300 [02:52<00:19,  1.53it/s]                                                                                        [32m[I 2026-07-24 17:48:13,123][0m Trial 270 finished with value: 0.8539249482911455 and parameters: {'max_depth': 7, 'subsample_freq': 1, 'learning_rate': 0.08740203003386703, 'num_leaves': 7, 'min_child_samples': 10, 'min_child_weight': 0.02438346584622891, 'min_split_gain': 0.08818340536754136, 'colsample_bytree': 0.8987369142437749, 'reg_alpha': 0.01, 'reg_lambda': 0.01, 'cat_smooth': 28.221246190241427, 'cat_l2': 24.33758811983207, 'min_data_per_group': 60, 'max_cat_to_onehot': 10, 'max_cat_threshold': 32, 'max_bin': 63, 'subsample': 0.9761044071411775}. Best is trial 216 with value: 0.863754555303851.[0m
Best trial: 216. Best value: 0.863755:  90%|######### | 270/300 [02:53<00:19,  1.53it/s]Best trial: 216. Best value: 0.863755:  90%|######### | 270/300 [02:53<00:19,  1.53it/s]Best trial: 216. Best value: 0.863755:  90%|######### | 271/300 [02:53<00:18,  1.53it/s]                                                                                        [32m[I 2026-07-24 17:48:13,854][0m Trial 271 finished with value: 0.8553333989953709 and parameters: {'max_depth': 7, 'subsample_freq': 1, 'learning_rate': 0.10274183574983711, 'num_leaves': 7, 'min_child_samples': 10, 'min_child_weight': 1.5428845778804983, 'min_split_gain': 0.08925828157293579, 'colsample_bytree': 0.8743599424762755, 'reg_alpha': 0.01, 'reg_lambda': 0.01, 'cat_smooth': 28.738136820206925, 'cat_l2': 20.235712532214674, 'min_data_per_group': 60, 'max_cat_to_onehot': 10, 'max_cat_threshold': 32, 'max_bin': 63, 'subsample': 0.9626614823617071}. Best is trial 216 with value: 0.863754555303851.[0m
Best trial: 216. Best value: 0.863755:  90%|######### | 271/300 [02:53<00:18,  1.53it/s]Best trial: 216. Best value: 0.863755:  90%|######### | 271/300 [02:53<00:18,  1.53it/s]Best trial: 216. Best value: 0.863755:  91%|######### | 272/300 [02:53<00:18,  1.48it/s]                                                                                        [32m[I 2026-07-24 17:48:14,571][0m Trial 272 finished with value: 0.84833054269674 and parameters: {'max_depth': 7, 'subsample_freq': 1, 'learning_rate': 0.0240181909880341, 'num_leaves': 5, 'min_child_samples': 10, 'min_child_weight': 1.4089237653848998, 'min_split_gain': 0.08114887689271275, 'colsample_bytree': 0.8531052256557209, 'reg_alpha': 0.01, 'reg_lambda': 0.01, 'cat_smooth': 28.045007631904397, 'cat_l2': 16.831052394709783, 'min_data_per_group': 60, 'max_cat_to_onehot': 10, 'max_cat_threshold': 32, 'max_bin': 63, 'subsample': 0.9484113225334194}. Best is trial 216 with value: 0.863754555303851.[0m
Best trial: 216. Best value: 0.863755:  91%|######### | 272/300 [02:54<00:18,  1.48it/s]Best trial: 216. Best value: 0.863755:  91%|######### | 272/300 [02:54<00:18,  1.48it/s]Best trial: 216. Best value: 0.863755:  91%|#########1| 273/300 [02:54<00:18,  1.45it/s]                                                                                        [32m[I 2026-07-24 17:48:15,275][0m Trial 273 finished with value: 0.8581306017925737 and parameters: {'max_depth': 7, 'subsample_freq': 1, 'learning_rate': 0.1152446090573294, 'num_leaves': 7, 'min_child_samples': 10, 'min_child_weight': 1.1535438662958994, 'min_split_gain': 0.08519782400216043, 'colsample_bytree': 0.904091420936173, 'reg_alpha': 0.001, 'reg_lambda': 0.01, 'cat_smooth': 29.977312855267627, 'cat_l2': 17.827243963112743, 'min_data_per_group': 60, 'max_cat_to_onehot': 4, 'max_cat_threshold': 32, 'max_bin': 63, 'subsample': 0.9149704936103891}. Best is trial 216 with value: 0.863754555303851.[0m
Best trial: 216. Best value: 0.863755:  91%|#########1| 273/300 [02:55<00:18,  1.45it/s]Best trial: 216. Best value: 0.863755:  91%|#########1| 273/300 [02:55<00:18,  1.45it/s]Best trial: 216. Best value: 0.863755:  91%|#########1| 274/300 [02:55<00:18,  1.44it/s]                                                                                        [32m[I 2026-07-24 17:48:15,864][0m Trial 274 finished with value: 0.8525263468925441 and parameters: {'max_depth': 7, 'subsample_freq': 1, 'learning_rate': 0.11976938622011238, 'num_leaves': 5, 'min_child_samples': 10, 'min_child_weight': 0.0022910833185334502, 'min_split_gain': 0.09345072247142253, 'colsample_bytree': 0.8813766048082585, 'reg_alpha': 0.01, 'reg_lambda': 0.01, 'cat_smooth': 22.722303018963352, 'cat_l2': 17.996609220999325, 'min_data_per_group': 40, 'max_cat_to_onehot': 10, 'max_cat_threshold': 32, 'max_bin': 63, 'subsample': 0.971910211519116}. Best is trial 216 with value: 0.863754555303851.[0m
Best trial: 216. Best value: 0.863755:  91%|#########1| 274/300 [02:55<00:18,  1.44it/s]Best trial: 216. Best value: 0.863755:  91%|#########1| 274/300 [02:55<00:18,  1.44it/s]Best trial: 216. Best value: 0.863755:  92%|#########1| 275/300 [02:55<00:16,  1.51it/s]                                                                                        [32m[I 2026-07-24 17:48:16,503][0m Trial 275 finished with value: 0.8581404510981976 and parameters: {'max_depth': 7, 'subsample_freq': 1, 'learning_rate': 0.09604937124816552, 'num_leaves': 7, 'min_child_samples': 10, 'min_child_weight': 1.4740220661831223, 'min_split_gain': 0.14248286895797782, 'colsample_bytree': 0.9132996895370221, 'reg_alpha': 0.01, 'reg_lambda': 0.01, 'cat_smooth': 28.738010513579994, 'cat_l2': 20.075113122752903, 'min_data_per_group': 60, 'max_cat_to_onehot': 10, 'max_cat_threshold': 32, 'max_bin': 63, 'subsample': 0.9625631983066816}. Best is trial 216 with value: 0.863754555303851.[0m
Best trial: 216. Best value: 0.863755:  92%|#########1| 275/300 [02:56<00:16,  1.51it/s]Best trial: 216. Best value: 0.863755:  92%|#########1| 275/300 [02:56<00:16,  1.51it/s]Best trial: 216. Best value: 0.863755:  92%|#########2| 276/300 [02:56<00:15,  1.52it/s]                                                                                        [32m[I 2026-07-24 17:48:17,191][0m Trial 276 finished with value: 0.8623559539052497 and parameters: {'max_depth': 7, 'subsample_freq': 1, 'learning_rate': 0.1071852498566946, 'num_leaves': 4, 'min_child_samples': 10, 'min_child_weight': 1.3058999928868709, 'min_split_gain': 0.07827487888402482, 'colsample_bytree': 0.7833722864679933, 'reg_alpha': 0.001, 'reg_lambda': 0.01, 'cat_smooth': 29.491199663798312, 'cat_l2': 2.0933722840894085, 'min_data_per_group': 60, 'max_cat_to_onehot': 10, 'max_cat_threshold': 32, 'max_bin': 63, 'subsample': 0.980954521282409}. Best is trial 216 with value: 0.863754555303851.[0m
Best trial: 216. Best value: 0.863755:  92%|#########2| 276/300 [02:57<00:15,  1.52it/s]Best trial: 216. Best value: 0.863755:  92%|#########2| 276/300 [02:57<00:15,  1.52it/s]Best trial: 216. Best value: 0.863755:  92%|#########2| 277/300 [02:57<00:15,  1.51it/s]                                                                                        [32m[I 2026-07-24 17:48:17,808][0m Trial 277 finished with value: 0.8553333989953709 and parameters: {'max_depth': 7, 'subsample_freq': 1, 'learning_rate': 0.10756543717048456, 'num_leaves': 4, 'min_child_samples': 10, 'min_child_weight': 1.0582851489663956, 'min_split_gain': 0.07852245211788457, 'colsample_bytree': 0.7796227298290168, 'reg_alpha': 0.001, 'reg_lambda': 0.1, 'cat_smooth': 29.45273088046253, 'cat_l2': 2.050764908994364, 'min_data_per_group': 60, 'max_cat_to_onehot': 10, 'max_cat_threshold': 32, 'max_bin': 63, 'subsample': 0.991470822604725}. Best is trial 216 with value: 0.863754555303851.[0m
Best trial: 216. Best value: 0.863755:  92%|#########2| 277/300 [02:57<00:15,  1.51it/s]Best trial: 216. Best value: 0.863755:  92%|#########2| 277/300 [02:57<00:15,  1.51it/s]Best trial: 216. Best value: 0.863755:  93%|#########2| 278/300 [02:57<00:14,  1.53it/s]                                                                                        [32m[I 2026-07-24 17:48:18,438][0m Trial 278 finished with value: 0.8525460455037919 and parameters: {'max_depth': 7, 'subsample_freq': 1, 'learning_rate': 0.09918234038964972, 'num_leaves': 4, 'min_child_samples': 10, 'min_child_weight': 1.3344482324689286, 'min_split_gain': 0.07537960475992324, 'colsample_bytree': 0.771774648759294, 'reg_alpha': 0.001, 'reg_lambda': 0.001, 'cat_smooth': 29.577698387516083, 'cat_l2': 22.811187027963175, 'min_data_per_group': 60, 'max_cat_to_onehot': 10, 'max_cat_threshold': 32, 'max_bin': 63, 'subsample': 0.9812391243405104}. Best is trial 216 with value: 0.863754555303851.[0m
Best trial: 216. Best value: 0.863755:  93%|#########2| 278/300 [02:58<00:14,  1.53it/s]Best trial: 216. Best value: 0.863755:  93%|#########2| 278/300 [02:58<00:14,  1.53it/s]Best trial: 216. Best value: 0.863755:  93%|#########3| 279/300 [02:58<00:13,  1.55it/s]                                                                                        [32m[I 2026-07-24 17:48:19,030][0m Trial 279 finished with value: 0.8511178961883188 and parameters: {'max_depth': 7, 'subsample_freq': 0, 'learning_rate': 0.11056471032863674, 'num_leaves': 5, 'min_child_samples': 10, 'min_child_weight': 1.655053970585576, 'min_split_gain': 0.07746294686956866, 'colsample_bytree': 0.7884268707460342, 'reg_alpha': 0.001, 'reg_lambda': 0.01, 'cat_smooth': 29.981778747164366, 'cat_l2': 1.1729589954385617, 'min_data_per_group': 60, 'max_cat_to_onehot': 10, 'max_cat_threshold': 32, 'max_bin': 63}. Best is trial 216 with value: 0.863754555303851.[0m
Best trial: 216. Best value: 0.863755:  93%|#########3| 279/300 [02:58<00:13,  1.55it/s]Best trial: 216. Best value: 0.863755:  93%|#########3| 279/300 [02:59<00:13,  1.55it/s]Best trial: 216. Best value: 0.863755:  93%|#########3| 280/300 [02:59<00:12,  1.59it/s]                                                                                        [32m[I 2026-07-24 17:48:19,695][0m Trial 280 finished with value: 0.8553530976066186 and parameters: {'max_depth': 7, 'subsample_freq': 1, 'learning_rate': 0.10582629298822373, 'num_leaves': 4, 'min_child_samples': 10, 'min_child_weight': 0.9457040003998655, 'min_split_gain': 0.08513112483954753, 'colsample_bytree': 0.784539635376362, 'reg_alpha': 0.001, 'reg_lambda': 0.01, 'cat_smooth': 29.13599253603164, 'cat_l2': 1.5388642582619312, 'min_data_per_group': 60, 'max_cat_to_onehot': 10, 'max_cat_threshold': 32, 'max_bin': 63, 'subsample': 0.9747020297169918}. Best is trial 216 with value: 0.863754555303851.[0m
Best trial: 216. Best value: 0.863755:  93%|#########3| 280/300 [02:59<00:12,  1.59it/s]Best trial: 216. Best value: 0.863755:  93%|#########3| 280/300 [02:59<00:12,  1.59it/s]Best trial: 216. Best value: 0.863755:  94%|#########3| 281/300 [02:59<00:12,  1.57it/s]                                                                                        [32m[I 2026-07-24 17:48:20,296][0m Trial 281 finished with value: 0.8440460947503201 and parameters: {'max_depth': 7, 'subsample_freq': 1, 'learning_rate': 0.12328302370151084, 'num_leaves': 5, 'min_child_samples': 45, 'min_child_weight': 1.2160092707590082, 'min_split_gain': 0.08918316257290944, 'colsample_bytree': 0.7745383588370748, 'reg_alpha': 0.0, 'reg_lambda': 0.5, 'cat_smooth': 28.663849669860063, 'cat_l2': 18.67850414783413, 'min_data_per_group': 30, 'max_cat_to_onehot': 10, 'max_cat_threshold': 32, 'max_bin': 63, 'subsample': 0.806549587046626}. Best is trial 216 with value: 0.863754555303851.[0m
Best trial: 216. Best value: 0.863755:  94%|#########3| 281/300 [03:00<00:12,  1.57it/s]Best trial: 216. Best value: 0.863755:  94%|#########3| 281/300 [03:00<00:12,  1.57it/s]Best trial: 216. Best value: 0.863755:  94%|#########3| 282/300 [03:00<00:11,  1.60it/s]                                                                                        [32m[I 2026-07-24 17:48:20,924][0m Trial 282 finished with value: 0.8497192947897172 and parameters: {'max_depth': 7, 'subsample_freq': 1, 'learning_rate': 0.09389423019487653, 'num_leaves': 4, 'min_child_samples': 10, 'min_child_weight': 1.0977442314192438, 'min_split_gain': 0.0816323501627022, 'colsample_bytree': 0.8694204367205761, 'reg_alpha': 0.1, 'reg_lambda': 0.01, 'cat_smooth': 29.32738229851605, 'cat_l2': 21.544194415270688, 'min_data_per_group': 40, 'max_cat_to_onehot': 10, 'max_cat_threshold': 32, 'max_bin': 63, 'subsample': 0.9863340854048398}. Best is trial 216 with value: 0.863754555303851.[0m
Best trial: 216. Best value: 0.863755:  94%|#########3| 282/300 [03:00<00:11,  1.60it/s]Best trial: 216. Best value: 0.863755:  94%|#########3| 282/300 [03:00<00:11,  1.60it/s]Best trial: 216. Best value: 0.863755:  94%|#########4| 283/300 [03:00<00:10,  1.58it/s]                                                                                        [32m[I 2026-07-24 17:48:21,560][0m Trial 283 finished with value: 0.859558751108047 and parameters: {'max_depth': 7, 'subsample_freq': 1, 'learning_rate': 0.11571299061142085, 'num_leaves': 5, 'min_child_samples': 10, 'min_child_weight': 1.4929869953926738, 'min_split_gain': 0.06740544093780675, 'colsample_bytree': 0.7657547749300938, 'reg_alpha': 0.001, 'reg_lambda': 0.0, 'cat_smooth': 28.94334159443407, 'cat_l2': 2.94969973298472, 'min_data_per_group': 60, 'max_cat_to_onehot': 10, 'max_cat_threshold': 32, 'max_bin': 255, 'subsample': 0.9536261287587088}. Best is trial 216 with value: 0.863754555303851.[0m
Best trial: 216. Best value: 0.863755:  94%|#########4| 283/300 [03:01<00:10,  1.58it/s]Best trial: 216. Best value: 0.863755:  94%|#########4| 283/300 [03:01<00:10,  1.58it/s]Best trial: 216. Best value: 0.863755:  95%|#########4| 284/300 [03:01<00:10,  1.59it/s]                                                                                        [32m[I 2026-07-24 17:48:22,139][0m Trial 284 finished with value: 0.859539052496799 and parameters: {'max_depth': 7, 'subsample_freq': 1, 'learning_rate': 0.11597695121462746, 'num_leaves': 5, 'min_child_samples': 10, 'min_child_weight': 1.5908570291132673, 'min_split_gain': 0.08345963590779046, 'colsample_bytree': 0.7688240320924655, 'reg_alpha': 0.001, 'reg_lambda': 0.0, 'cat_smooth': 28.172014106682134, 'cat_l2': 1.3235542231316928, 'min_data_per_group': 60, 'max_cat_to_onehot': 10, 'max_cat_threshold': 32, 'max_bin': 63, 'subsample': 0.9536598088363315}. Best is trial 216 with value: 0.863754555303851.[0m
Best trial: 216. Best value: 0.863755:  95%|#########4| 284/300 [03:02<00:10,  1.59it/s]Best trial: 216. Best value: 0.863755:  95%|#########4| 284/300 [03:02<00:10,  1.59it/s]Best trial: 216. Best value: 0.863755:  95%|#########5| 285/300 [03:02<00:09,  1.62it/s]                                                                                        [32m[I 2026-07-24 17:48:22,766][0m Trial 285 finished with value: 0.8553333989953709 and parameters: {'max_depth': 7, 'subsample_freq': 1, 'learning_rate': 0.10380753566849515, 'num_leaves': 4, 'min_child_samples': 10, 'min_child_weight': 1.4420627592550042, 'min_split_gain': 0.07183165188802028, 'colsample_bytree': 0.7560416353203653, 'reg_alpha': 0.001, 'reg_lambda': 0.01, 'cat_smooth': 24.07005835016289, 'cat_l2': 1.8895547012911882, 'min_data_per_group': 60, 'max_cat_to_onehot': 10, 'max_cat_threshold': 32, 'max_bin': 255, 'subsample': 0.9467537173192897}. Best is trial 216 with value: 0.863754555303851.[0m
Best trial: 216. Best value: 0.863755:  95%|#########5| 285/300 [03:02<00:09,  1.62it/s]Best trial: 216. Best value: 0.863755:  95%|#########5| 285/300 [03:02<00:09,  1.62it/s]Best trial: 216. Best value: 0.863755:  95%|#########5| 286/300 [03:02<00:08,  1.62it/s]                                                                                        [32m[I 2026-07-24 17:48:23,425][0m Trial 286 finished with value: 0.8539150989855215 and parameters: {'max_depth': 7, 'subsample_freq': 1, 'learning_rate': 0.12317828738323963, 'num_leaves': 6, 'min_child_samples': 10, 'min_child_weight': 1.7598248252430606, 'min_split_gain': 0.06444590671557335, 'colsample_bytree': 0.7773945786168942, 'reg_alpha': 0.001, 'reg_lambda': 0.01, 'cat_smooth': 28.74681332199652, 'cat_l2': 16.116953730674545, 'min_data_per_group': 60, 'max_cat_to_onehot': 10, 'max_cat_threshold': 32, 'max_bin': 255, 'subsample': 0.8669623504383053}. Best is trial 216 with value: 0.863754555303851.[0m
