Best trial: 216. Best value: 0.863755:  95%|#########5| 286/300 [03:03<00:08,  1.62it/s]Best trial: 216. Best value: 0.863755:  95%|#########5| 286/300 [03:03<00:08,  1.62it/s]Best trial: 216. Best value: 0.863755:  96%|#########5| 287/300 [03:03<00:08,  1.58it/s]                                                                                        [32m[I 2026-07-24 17:48:24,071][0m Trial 287 finished with value: 0.8567320003939722 and parameters: {'max_depth': 7, 'subsample_freq': 1, 'learning_rate': 0.11077756815211233, 'num_leaves': 5, 'min_child_samples': 10, 'min_child_weight': 0.8961989394031593, 'min_split_gain': 0.06869225584460116, 'colsample_bytree': 0.7643333430022392, 'reg_alpha': 0.001, 'reg_lambda': 1.0, 'cat_smooth': 28.40239137479593, 'cat_l2': 3.063812730557596, 'min_data_per_group': 60, 'max_cat_to_onehot': 10, 'max_cat_threshold': 32, 'max_bin': 255, 'subsample': 0.8746087637068867}. Best is trial 216 with value: 0.863754555303851.[0m
Best trial: 216. Best value: 0.863755:  96%|#########5| 287/300 [03:04<00:08,  1.58it/s]Best trial: 216. Best value: 0.863755:  96%|#########5| 287/300 [03:04<00:08,  1.58it/s]Best trial: 216. Best value: 0.863755:  96%|#########6| 288/300 [03:04<00:07,  1.57it/s]                                                                                        [32m[I 2026-07-24 17:48:24,679][0m Trial 288 finished with value: 0.8539347975967694 and parameters: {'max_depth': 7, 'subsample_freq': 1, 'learning_rate': 0.09896045680569923, 'num_leaves': 4, 'min_child_samples': 10, 'min_child_weight': 1.078099954713946, 'min_split_gain': 0.06648381788877777, 'colsample_bytree': 0.8927176127841852, 'reg_alpha': 0.001, 'reg_lambda': 0.0, 'cat_smooth': 29.038583018500113, 'cat_l2': 3.2469138054027913, 'min_data_per_group': 60, 'max_cat_to_onehot': 10, 'max_cat_threshold': 32, 'max_bin': 255, 'subsample': 0.9654293509408782}. Best is trial 216 with value: 0.863754555303851.[0m
Best trial: 216. Best value: 0.863755:  96%|#########6| 288/300 [03:04<00:07,  1.57it/s]Best trial: 216. Best value: 0.863755:  96%|#########6| 288/300 [03:04<00:07,  1.57it/s]Best trial: 216. Best value: 0.863755:  96%|#########6| 289/300 [03:04<00:06,  1.59it/s]                                                                                        [32m[I 2026-07-24 17:48:25,361][0m Trial 289 finished with value: 0.8581306017925737 and parameters: {'max_depth': 7, 'subsample_freq': 1, 'learning_rate': 0.11645422430821394, 'num_leaves': 6, 'min_child_samples': 10, 'min_child_weight': 1.378160107601347, 'min_split_gain': 0.07264060861628467, 'colsample_bytree': 0.7661192849261061, 'reg_alpha': 0.001, 'reg_lambda': 0.01, 'cat_smooth': 27.76915219773306, 'cat_l2': 2.5097313399044476, 'min_data_per_group': 60, 'max_cat_to_onehot': 10, 'max_cat_threshold': 32, 'max_bin': 255, 'subsample': 0.9529696041041681}. Best is trial 216 with value: 0.863754555303851.[0m
Best trial: 216. Best value: 0.863755:  96%|#########6| 289/300 [03:05<00:06,  1.59it/s]Best trial: 216. Best value: 0.863755:  96%|#########6| 289/300 [03:05<00:06,  1.59it/s]Best trial: 216. Best value: 0.863755:  97%|#########6| 290/300 [03:05<00:06,  1.55it/s]                                                                                        [32m[I 2026-07-24 17:48:26,083][0m Trial 290 finished with value: 0.8468629961587707 and parameters: {'max_depth': 7, 'subsample_freq': 1, 'learning_rate': 0.08879139110020895, 'num_leaves': 5, 'min_child_samples': 30, 'min_child_weight': 1.1787226561993258, 'min_split_gain': 0.06143868253763826, 'colsample_bytree': 0.782903537679725, 'reg_alpha': 0.001, 'reg_lambda': 0.0, 'cat_smooth': 29.56571276299519, 'cat_l2': 2.3383514082010453, 'min_data_per_group': 60, 'max_cat_to_onehot': 10, 'max_cat_threshold': 32, 'max_bin': 255, 'subsample': 0.9406335277056203}. Best is trial 216 with value: 0.863754555303851.[0m
Best trial: 216. Best value: 0.863755:  97%|#########6| 290/300 [03:06<00:06,  1.55it/s]Best trial: 216. Best value: 0.863755:  97%|#########6| 290/300 [03:06<00:06,  1.55it/s]Best trial: 216. Best value: 0.863755:  97%|#########7| 291/300 [03:06<00:05,  1.51it/s]                                                                                        [32m[I 2026-07-24 17:48:26,740][0m Trial 291 finished with value: 0.8525263468925441 and parameters: {'max_depth': 7, 'subsample_freq': 1, 'learning_rate': 0.10637335347776462, 'num_leaves': 6, 'min_child_samples': 10, 'min_child_weight': 1.7016054945276866, 'min_split_gain': 0.08748288299723415, 'colsample_bytree': 0.7962884030815567, 'reg_alpha': 0.001, 'reg_lambda': 0.0, 'cat_smooth': 28.841305202933377, 'cat_l2': 1.6022118046391427, 'min_data_per_group': 70, 'max_cat_to_onehot': 10, 'max_cat_threshold': 32, 'max_bin': 31, 'subsample': 0.9587403496531534}. Best is trial 216 with value: 0.863754555303851.[0m
Best trial: 216. Best value: 0.863755:  97%|#########7| 291/300 [03:06<00:05,  1.51it/s]Best trial: 216. Best value: 0.863755:  97%|#########7| 291/300 [03:06<00:05,  1.51it/s]Best trial: 216. Best value: 0.863755:  97%|#########7| 292/300 [03:06<00:05,  1.50it/s]                                                                                        [32m[I 2026-07-24 17:48:27,425][0m Trial 292 finished with value: 0.8539249482911455 and parameters: {'max_depth': 7, 'subsample_freq': 1, 'learning_rate': 0.1232632621045555, 'num_leaves': 8, 'min_child_samples': 10, 'min_child_weight': 0.9245346242641719, 'min_split_gain': 0.07678235175385972, 'colsample_bytree': 0.8611962735646197, 'reg_alpha': 0.001, 'reg_lambda': 0.0, 'cat_smooth': 28.179332776719445, 'cat_l2': 3.6714787589450744, 'min_data_per_group': 60, 'max_cat_to_onehot': 10, 'max_cat_threshold': 32, 'max_bin': 255, 'subsample': 0.9800824498671361}. Best is trial 216 with value: 0.863754555303851.[0m
Best trial: 216. Best value: 0.863755:  97%|#########7| 292/300 [03:07<00:05,  1.50it/s]Best trial: 216. Best value: 0.863755:  97%|#########7| 292/300 [03:07<00:05,  1.50it/s]Best trial: 216. Best value: 0.863755:  98%|#########7| 293/300 [03:07<00:04,  1.49it/s]                                                                                        [32m[I 2026-07-24 17:48:28,034][0m Trial 293 finished with value: 0.8510981975770708 and parameters: {'max_depth': 7, 'subsample_freq': 1, 'learning_rate': 0.11256118616407454, 'num_leaves': 4, 'min_child_samples': 10, 'min_child_weight': 1.4431362426338357, 'min_split_gain': 0.09024644079345098, 'colsample_bytree': 0.8876913928796352, 'reg_alpha': 0.001, 'reg_lambda': 0.01, 'cat_smooth': 26.862930535770023, 'cat_l2': 14.240154399303044, 'min_data_per_group': 70, 'max_cat_to_onehot': 4, 'max_cat_threshold': 32, 'max_bin': 63, 'subsample': 0.9729854649819076}. Best is trial 216 with value: 0.863754555303851.[0m
Best trial: 216. Best value: 0.863755:  98%|#########7| 293/300 [03:07<00:04,  1.49it/s]Best trial: 216. Best value: 0.863755:  98%|#########7| 293/300 [03:08<00:04,  1.49it/s]Best trial: 216. Best value: 0.863755:  98%|#########8| 294/300 [03:08<00:03,  1.54it/s]                                                                                        [32m[I 2026-07-24 17:48:28,622][0m Trial 294 finished with value: 0.8539347975967694 and parameters: {'max_depth': 7, 'subsample_freq': 1, 'learning_rate': 0.09999787750916064, 'num_leaves': 5, 'min_child_samples': 10, 'min_child_weight': 1.2559164729792127, 'min_split_gain': 0.09572793525621988, 'colsample_bytree': 0.7609397452365225, 'reg_alpha': 0.001, 'reg_lambda': 0.05, 'cat_smooth': 29.61765941901064, 'cat_l2': 1.424390779479062, 'min_data_per_group': 60, 'max_cat_to_onehot': 10, 'max_cat_threshold': 16, 'max_bin': 127, 'subsample': 0.9629366764085908}. Best is trial 216 with value: 0.863754555303851.[0m
Best trial: 216. Best value: 0.863755:  98%|#########8| 294/300 [03:08<00:03,  1.54it/s]Best trial: 216. Best value: 0.863755:  98%|#########8| 294/300 [03:08<00:03,  1.54it/s]Best trial: 216. Best value: 0.863755:  98%|#########8| 295/300 [03:08<00:03,  1.58it/s]                                                                                        [32m[I 2026-07-24 17:48:29,206][0m Trial 295 finished with value: 0.8384615384615385 and parameters: {'max_depth': 7, 'subsample_freq': 1, 'learning_rate': 0.09271353843548726, 'num_leaves': 4, 'min_child_samples': 10, 'min_child_weight': 1.0198623611313105, 'min_split_gain': 0.0805871631116489, 'colsample_bytree': 0.9417688571934758, 'reg_alpha': 1.0, 'reg_lambda': 0.01, 'cat_smooth': 15.003646570675114, 'cat_l2': 2.117312949074385, 'min_data_per_group': 60, 'max_cat_to_onehot': 10, 'max_cat_threshold': 32, 'max_bin': 255, 'subsample': 0.9672974553250725}. Best is trial 216 with value: 0.863754555303851.[0m
Best trial: 216. Best value: 0.863755:  98%|#########8| 295/300 [03:09<00:03,  1.58it/s]Best trial: 216. Best value: 0.863755:  98%|#########8| 295/300 [03:09<00:03,  1.58it/s]Best trial: 216. Best value: 0.863755:  99%|#########8| 296/300 [03:09<00:02,  1.62it/s]                                                                                        [32m[I 2026-07-24 17:48:29,872][0m Trial 296 finished with value: 0.8539446469023932 and parameters: {'max_depth': 7, 'subsample_freq': 1, 'learning_rate': 0.10762366814454563, 'num_leaves': 5, 'min_child_samples': 10, 'min_child_weight': 0.7534995529825839, 'min_split_gain': 0.09160102464310922, 'colsample_bytree': 0.877143229301603, 'reg_alpha': 0.001, 'reg_lambda': 2.0, 'cat_smooth': 29.987216983042284, 'cat_l2': 1.1632033519625318, 'min_data_per_group': 60, 'max_cat_to_onehot': 10, 'max_cat_threshold': 32, 'max_bin': 255, 'subsample': 0.9462276354484532}. Best is trial 216 with value: 0.863754555303851.[0m
Best trial: 216. Best value: 0.863755:  99%|#########8| 296/300 [03:09<00:02,  1.62it/s]Best trial: 216. Best value: 0.863755:  99%|#########8| 296/300 [03:09<00:02,  1.62it/s]Best trial: 216. Best value: 0.863755:  99%|#########9| 297/300 [03:09<00:01,  1.58it/s]                                                                                        [32m[I 2026-07-24 17:48:30,538][0m Trial 297 finished with value: 0.8525066482812962 and parameters: {'max_depth': 7, 'subsample_freq': 1, 'learning_rate': 0.11511441771496701, 'num_leaves': 8, 'min_child_samples': 10, 'min_child_weight': 0.6607647959231484, 'min_split_gain': 0.09400743935979926, 'colsample_bytree': 0.8680276109683241, 'reg_alpha': 0.001, 'reg_lambda': 0.05, 'cat_smooth': 19.488724118715137, 'cat_l2': 2.758460636349832, 'min_data_per_group': 40, 'max_cat_to_onehot': 10, 'max_cat_threshold': 32, 'max_bin': 255, 'subsample': 0.9527876065249004}. Best is trial 216 with value: 0.863754555303851.[0m
Best trial: 216. Best value: 0.863755:  99%|#########9| 297/300 [03:10<00:01,  1.58it/s]Best trial: 216. Best value: 0.863755:  99%|#########9| 297/300 [03:10<00:01,  1.58it/s]Best trial: 216. Best value: 0.863755:  99%|#########9| 298/300 [03:10<00:01,  1.55it/s]                                                                                        [32m[I 2026-07-24 17:48:31,162][0m Trial 298 finished with value: 0.8581306017925735 and parameters: {'max_depth': 7, 'subsample_freq': 1, 'learning_rate': 0.10262164586402696, 'num_leaves': 6, 'min_child_samples': 10, 'min_child_weight': 0.8753284666791434, 'min_split_gain': 0.08587544821786203, 'colsample_bytree': 0.9008213276941034, 'reg_alpha': 0.01, 'reg_lambda': 0.0, 'cat_smooth': 29.051300048524396, 'cat_l2': 19.39902307706549, 'min_data_per_group': 60, 'max_cat_to_onehot': 10, 'max_cat_threshold': 8, 'max_bin': 127, 'subsample': 0.9784770833199633}. Best is trial 216 with value: 0.863754555303851.[0m
Best trial: 216. Best value: 0.863755:  99%|#########9| 298/300 [03:11<00:01,  1.55it/s]Best trial: 216. Best value: 0.863755:  99%|#########9| 298/300 [03:11<00:01,  1.55it/s]Best trial: 216. Best value: 0.863755: 100%|#########9| 299/300 [03:11<00:00,  1.57it/s]                                                                                        [32m[I 2026-07-24 17:48:31,676][0m Trial 299 finished with value: 0.8398699891657639 and parameters: {'max_depth': 7, 'subsample_freq': 0, 'learning_rate': 0.12949300386560922, 'num_leaves': 5, 'min_child_samples': 10, 'min_child_weight': 1.5467134747085722, 'min_split_gain': 0.0829194468393431, 'colsample_bytree': 0.7506851308331506, 'reg_alpha': 2.0, 'reg_lambda': 0.01, 'cat_smooth': 28.413682923796394, 'cat_l2': 7.361877407678293, 'min_data_per_group': 60, 'max_cat_to_onehot': 10, 'max_cat_threshold': 8, 'max_bin': 255}. Best is trial 216 with value: 0.863754555303851.[0m
Best trial: 216. Best value: 0.863755: 100%|#########9| 299/300 [03:11<00:00,  1.57it/s]Best trial: 216. Best value: 0.863755: 100%|#########9| 299/300 [03:11<00:00,  1.57it/s]Best trial: 216. Best value: 0.863755: 100%|##########| 300/300 [03:11<00:00,  1.66it/s]Best trial: 216. Best value: 0.863755: 100%|##########| 300/300 [03:11<00:00,  1.56it/s]

======================================================================
Saving Optuna Results
======================================================================
Trials saved to: ./outputs/optuna/256_lightgbm_optuna_300_trials.csv
Best parameters saved to: ./outputs/optuna/256_lightgbm_optuna_300_trials_best_params.yaml

======================================================================
Optuna Results
======================================================================

Best trial:
Trial number: 216
CV Accuracy: 0.8638
CV STD: 0.0304
Fold scores:
Fold 0: 0.8531
Fold 1: 0.8811
Fold 2: 0.8592
Fold 3: 0.9085
Fold 4: 0.8169

Best parameters:
max_depth: 7
subsample_freq: 1
learning_rate: 0.11784745281602944
num_leaves: 4
min_child_samples: 10
min_child_weight: 0.43511604559295053
min_split_gain: 0.08776787070217627
colsample_bytree: 0.8869339873610533
reg_alpha: 0.001
reg_lambda: 0.05
cat_smooth: 28.83549369109806
cat_l2: 7.399983164441014
min_data_per_group: 60
max_cat_to_onehot: 10
max_cat_threshold: 8
max_bin: 127
subsample: 0.9696707640811784

Top 10 trials:
 trial_number  cv_score   cv_std  params_cat_l2  params_cat_smooth  params_colsample_bytree  params_learning_rate  params_max_bin  params_max_cat_threshold  params_max_cat_to_onehot  params_max_depth  params_min_child_samples  params_min_child_weight  params_min_data_per_group  params_min_split_gain  params_num_leaves  params_reg_alpha  params_reg_lambda  params_subsample  params_subsample_freq
          216  0.863755 0.030424       7.399983          28.835494                 0.886934              0.117847             127                         8                        10                 7                        10                 0.435116                         60               0.087768                  4             0.001               0.05          0.969671                      1
          111  0.862366 0.027269       9.404204          29.486135                 0.882437              0.064156             255                         8                        10                 7                        10                 1.328486                         50               0.059542                  5             0.050               0.05          0.926238                      1
          276  0.862356 0.024652       2.093372          29.491200                 0.783372              0.107185              63                        32                        10                 7                        10                 1.305900                         60               0.078275                  4             0.001               0.01          0.980955                      1
          199  0.862346 0.027368       8.314239          29.433959                 0.889670              0.121354             255                         8                        10                 7                        10                 0.891339                         60               0.096802                  4             0.001               0.05          0.972500                      1
          269  0.862336 0.028818      17.566170          28.719968                 0.878637              0.113253              63                        32                        10                 7                        10                 1.409616                         60               0.088593                  7             0.010               0.01          0.960881                      1
          225  0.860967 0.022350       7.115795          28.015225                 0.889682              0.106385             127                         8                        10                 7                        10                 0.535551                         60               0.090931                  4             0.001               0.05          0.967461                      1
          200  0.860967 0.025656       7.832832          29.993349                 0.900332              0.104665             255                         8                        10                 7                        10                 0.671143                         60               0.085438                  4             0.001               0.05          0.979235                      1
          161  0.860957 0.026085       7.998924          28.448048                 0.797506              0.082785             255                         8                        10                 7                        10                 1.097301                         60               0.141888                  8             0.050               0.05          0.946757                      1
          207  0.860957 0.027217       7.592286          29.948782                 0.892317              0.104152             127                         8                        10                 7                        10                 0.950535                         60               0.091677                  4             0.001               0.05          0.975242                      1
          241  0.860957 0.027579       8.937293          28.420113                 0.883200              0.104604             127                         8                        10                 7                        10                 0.860964                         60               0.083675                  5             0.001               0.05          0.963984                      1
