
======================================================================
Experiment: 256_lightgbm_optuna_300_trials
======================================================================

======================================================================
Optuna Study
======================================================================
Study name: lightgbm_tuning
Direction: maximize
Number of trials: 300
CV folds: 5
Holdout evaluation: disabled during tuning
  0%|          | 0/300 [00:00<?, ?it/s]                                       [32m[I 2026-07-24 17:45:20,477][0m Trial 0 finished with value: 0.8567320003939722 and parameters: {'max_depth': 4, 'subsample_freq': 0, 'learning_rate': 0.1, 'num_leaves': 7, 'min_child_samples': 20, 'min_child_weight': 1, 'min_split_gain': 0.0, 'colsample_bytree': 1.0, 'reg_alpha': 0.0, 'reg_lambda': 0.0, 'cat_smooth': 10.0, 'cat_l2': 10.0, 'min_data_per_group': 100, 'max_cat_to_onehot': 4, 'max_cat_threshold': 32, 'max_bin': 255}. Best is trial 0 with value: 0.8567320003939722.[0m
  0%|          | 0/300 [00:00<?, ?it/s]Best trial: 0. Best value: 0.856732:   0%|          | 0/300 [00:00<?, ?it/s]Best trial: 0. Best value: 0.856732:   0%|          | 1/300 [00:00<02:31,  1.97it/s]                                                                                    [32m[I 2026-07-24 17:45:21,063][0m Trial 1 finished with value: 0.8257854821235103 and parameters: {'max_depth': 5, 'subsample_freq': 1, 'learning_rate': 0.012884569219917411, 'num_leaves': 11, 'min_child_samples': 50, 'min_child_weight': 0.013629854053684897, 'min_split_gain': 0.001172938622937608, 'colsample_bytree': 0.9595170165314884, 'reg_alpha': 2.0, 'reg_lambda': 0.01, 'cat_smooth': 6.0760317726722315, 'cat_l2': 12.566351968687012, 'min_data_per_group': 110, 'max_cat_to_onehot': 10, 'max_cat_threshold': 32, 'max_bin': 31, 'subsample': 0.8652928556477891}. Best is trial 0 with value: 0.8567320003939722.[0m
Best trial: 0. Best value: 0.856732:   0%|          | 1/300 [00:01<02:31,  1.97it/s]Best trial: 0. Best value: 0.856732:   0%|          | 1/300 [00:01<02:31,  1.97it/s]Best trial: 0. Best value: 0.856732:   1%|          | 2/300 [00:01<02:46,  1.79it/s]                                                                                    [32m[I 2026-07-24 17:45:21,554][0m Trial 2 finished with value: 0.8342361863488625 and parameters: {'max_depth': 4, 'subsample_freq': 0, 'learning_rate': 0.021301506648775892, 'num_leaves': 9, 'min_child_samples': 40, 'min_child_weight': 0.03801075335648979, 'min_split_gain': 0.04192772335190007, 'colsample_bytree': 0.957920207853992, 'reg_alpha': 0.05, 'reg_lambda': 0.05, 'cat_smooth': 8.878800783328249, 'cat_l2': 2.5549891851379063, 'min_data_per_group': 70, 'max_cat_to_onehot': 10, 'max_cat_threshold': 16, 'max_bin': 255}. Best is trial 0 with value: 0.8567320003939722.[0m
Best trial: 0. Best value: 0.856732:   1%|          | 2/300 [00:01<02:46,  1.79it/s]Best trial: 0. Best value: 0.856732:   1%|          | 2/300 [00:01<02:46,  1.79it/s]Best trial: 0. Best value: 0.856732:   1%|1         | 3/300 [00:01<02:39,  1.86it/s]                                                                                    [32m[I 2026-07-24 17:45:22,148][0m Trial 3 finished with value: 0.8426671919629666 and parameters: {'max_depth': 3, 'subsample_freq': 1, 'learning_rate': 0.020862970027005996, 'num_leaves': 8, 'min_child_samples': 20, 'min_child_weight': 0.016909002567346613, 'min_split_gain': 0.1495314661502933, 'colsample_bytree': 0.9311287775558904, 'reg_alpha': 1.0, 'reg_lambda': 2.0, 'cat_smooth': 20.372723463452132, 'cat_l2': 4.323451145942618, 'min_data_per_group': 110, 'max_cat_to_onehot': 4, 'max_cat_threshold': 8, 'max_bin': 127, 'subsample': 0.9305983701944758}. Best is trial 0 with value: 0.8567320003939722.[0m
Best trial: 0. Best value: 0.856732:   1%|1         | 3/300 [00:02<02:39,  1.86it/s]Best trial: 0. Best value: 0.856732:   1%|1         | 3/300 [00:02<02:39,  1.86it/s]Best trial: 0. Best value: 0.856732:   1%|1         | 4/300 [00:02<02:42,  1.82it/s]                                                                                    [32m[I 2026-07-24 17:45:22,686][0m Trial 4 finished with value: 0.8412587412587411 and parameters: {'max_depth': 3, 'subsample_freq': 1, 'learning_rate': 0.021795202942912126, 'num_leaves': 4, 'min_child_samples': 35, 'min_child_weight': 0.1621942874614874, 'min_split_gain': 0.10972933849057206, 'colsample_bytree': 0.9035726341245387, 'reg_alpha': 0.01, 'reg_lambda': 0.05, 'cat_smooth': 7.189759825611653, 'cat_l2': 5.29959971257599, 'min_data_per_group': 120, 'max_cat_to_onehot': 4, 'max_cat_threshold': 8, 'max_bin': 255, 'subsample': 0.9785709002743803}. Best is trial 0 with value: 0.8567320003939722.[0m
Best trial: 0. Best value: 0.856732:   1%|1         | 4/300 [00:02<02:42,  1.82it/s]Best trial: 0. Best value: 0.856732:   1%|1         | 4/300 [00:02<02:42,  1.82it/s]Best trial: 0. Best value: 0.856732:   2%|1         | 5/300 [00:02<02:43,  1.80it/s]                                                                                    [32m[I 2026-07-24 17:45:23,132][0m Trial 5 finished with value: 0.8300108342361863 and parameters: {'max_depth': 3, 'subsample_freq': 0, 'learning_rate': 0.01639790265952251, 'num_leaves': 4, 'min_child_samples': 20, 'min_child_weight': 0.09277291871321285, 'min_split_gain': 0.14393174947870263, 'colsample_bytree': 0.8304559020992359, 'reg_alpha': 0.001, 'reg_lambda': 0.01, 'cat_smooth': 24.599279585861296, 'cat_l2': 1.7963705562696306, 'min_data_per_group': 80, 'max_cat_to_onehot': 4, 'max_cat_threshold': 8, 'max_bin': 127}. Best is trial 0 with value: 0.8567320003939722.[0m
Best trial: 0. Best value: 0.856732:   2%|1         | 5/300 [00:03<02:43,  1.80it/s]Best trial: 0. Best value: 0.856732:   2%|1         | 5/300 [00:03<02:43,  1.80it/s]Best trial: 0. Best value: 0.856732:   2%|2         | 6/300 [00:03<02:30,  1.95it/s]                                                                                    [32m[I 2026-07-24 17:45:23,659][0m Trial 6 finished with value: 0.8468826947700187 and parameters: {'max_depth': 7, 'subsample_freq': 1, 'learning_rate': 0.08134833396487508, 'num_leaves': 17, 'min_child_samples': 45, 'min_child_weight': 0.003331421893687277, 'min_split_gain': 0.03797795990187137, 'colsample_bytree': 0.8761235794564499, 'reg_alpha': 0.0, 'reg_lambda': 0.5, 'cat_smooth': 11.175573660999595, 'cat_l2': 6.368473316185764, 'min_data_per_group': 120, 'max_cat_to_onehot': 10, 'max_cat_threshold': 32, 'max_bin': 255, 'subsample': 0.8056674832270686}. Best is trial 0 with value: 0.8567320003939722.[0m
Best trial: 0. Best value: 0.856732:   2%|2         | 6/300 [00:03<02:30,  1.95it/s]Best trial: 0. Best value: 0.856732:   2%|2         | 6/300 [00:03<02:30,  1.95it/s]Best trial: 0. Best value: 0.856732:   2%|2         | 7/300 [00:03<02:32,  1.92it/s]                                                                                    [32m[I 2026-07-24 17:45:24,154][0m Trial 7 finished with value: 0.8342361863488623 and parameters: {'max_depth': 3, 'subsample_freq': 0, 'learning_rate': 0.023100937359899446, 'num_leaves': 6, 'min_child_samples': 20, 'min_child_weight': 0.08564285158890014, 'min_split_gain': 0.06799828559244712, 'colsample_bytree': 0.7085942114656694, 'reg_alpha': 2.0, 'reg_lambda': 1.0, 'cat_smooth': 21.50384761724077, 'cat_l2': 8.745765415155446, 'min_data_per_group': 40, 'max_cat_to_onehot': 4, 'max_cat_threshold': 8, 'max_bin': 255}. Best is trial 0 with value: 0.8567320003939722.[0m
Best trial: 0. Best value: 0.856732:   2%|2         | 7/300 [00:04<02:32,  1.92it/s]Best trial: 0. Best value: 0.856732:   2%|2         | 7/300 [00:04<02:32,  1.92it/s]Best trial: 0. Best value: 0.856732:   3%|2         | 8/300 [00:04<02:29,  1.95it/s]                                                                                    [32m[I 2026-07-24 17:45:24,685][0m Trial 8 finished with value: 0.841298138481237 and parameters: {'max_depth': 3, 'subsample_freq': 0, 'learning_rate': 0.011233858404968976, 'num_leaves': 7, 'min_child_samples': 10, 'min_child_weight': 0.19676019237130227, 'min_split_gain': 0.13503577478327655, 'colsample_bytree': 0.997529139320637, 'reg_alpha': 0.001, 'reg_lambda': 0.01, 'cat_smooth': 17.79748542452589, 'cat_l2': 14.221689250187023, 'min_data_per_group': 110, 'max_cat_to_onehot': 10, 'max_cat_threshold': 32, 'max_bin': 31}. Best is trial 0 with value: 0.8567320003939722.[0m
Best trial: 0. Best value: 0.856732:   3%|2         | 8/300 [00:04<02:29,  1.95it/s]Best trial: 0. Best value: 0.856732:   3%|2         | 8/300 [00:04<02:29,  1.95it/s]Best trial: 0. Best value: 0.856732:   3%|3         | 9/300 [00:04<02:30,  1.93it/s]                                                                                    [32m[I 2026-07-24 17:45:25,200][0m Trial 9 finished with value: 0.8426770412685904 and parameters: {'max_depth': 7, 'subsample_freq': 0, 'learning_rate': 0.01672370510772653, 'num_leaves': 7, 'min_child_samples': 25, 'min_child_weight': 0.2185317873621817, 'min_split_gain': 0.02096887774579737, 'colsample_bytree': 0.8196036601672188, 'reg_alpha': 0.1, 'reg_lambda': 1.0, 'cat_smooth': 29.478548627739645, 'cat_l2': 2.254979810159162, 'min_data_per_group': 70, 'max_cat_to_onehot': 4, 'max_cat_threshold': 8, 'max_bin': 31}. Best is trial 0 with value: 0.8567320003939722.[0m
Best trial: 0. Best value: 0.856732:   3%|3         | 9/300 [00:05<02:30,  1.93it/s]Best trial: 0. Best value: 0.856732:   3%|3         | 9/300 [00:05<02:30,  1.93it/s]Best trial: 0. Best value: 0.856732:   3%|3         | 10/300 [00:05<02:30,  1.93it/s]                                                                                     [32m[I 2026-07-24 17:45:25,591][0m Trial 10 finished with value: 0.8412587412587411 and parameters: {'max_depth': 5, 'subsample_freq': 0, 'learning_rate': 0.13765654883736977, 'num_leaves': 30, 'min_child_samples': 5, 'min_child_weight': 1.8686354097379643, 'min_split_gain': 0.08519020434983562, 'colsample_bytree': 0.7325705013817302, 'reg_alpha': 0.5, 'reg_lambda': 0.0, 'cat_smooth': 12.469509578650456, 'cat_l2': 25.55738690931781, 'min_data_per_group': 30, 'max_cat_to_onehot': 4, 'max_cat_threshold': 16, 'max_bin': 63}. Best is trial 0 with value: 0.8567320003939722.[0m
Best trial: 0. Best value: 0.856732:   3%|3         | 10/300 [00:05<02:30,  1.93it/s]Best trial: 0. Best value: 0.856732:   3%|3         | 10/300 [00:05<02:30,  1.93it/s]Best trial: 0. Best value: 0.856732:   4%|3         | 11/300 [00:05<02:18,  2.09it/s]                                                                                     [32m[I 2026-07-24 17:45:26,130][0m Trial 11 finished with value: 0.8454643947601694 and parameters: {'max_depth': 7, 'subsample_freq': 1, 'learning_rate': 0.09481490831596734, 'num_leaves': 16, 'min_child_samples': 45, 'min_child_weight': 0.0010625526878825738, 'min_split_gain': 0.03765887193213829, 'colsample_bytree': 0.8596157963033738, 'reg_alpha': 0.0, 'reg_lambda': 0.5, 'cat_smooth': 12.769603363002844, 'cat_l2': 5.597283217685149, 'min_data_per_group': 90, 'max_cat_to_onehot': 10, 'max_cat_threshold': 32, 'max_bin': 255, 'subsample': 0.7043029370966973}. Best is trial 0 with value: 0.8567320003939722.[0m
Best trial: 0. Best value: 0.856732:   4%|3         | 11/300 [00:06<02:18,  2.09it/s]Best trial: 0. Best value: 0.856732:   4%|3         | 11/300 [00:06<02:18,  2.09it/s]Best trial: 0. Best value: 0.856732:   4%|4         | 12/300 [00:06<02:22,  2.02it/s]                                                                                     [32m[I 2026-07-24 17:45:26,774][0m Trial 12 finished with value: 0.8524967989756721 and parameters: {'max_depth': 6, 'subsample_freq': 1, 'learning_rate': 0.0571728254432604, 'num_leaves': 19, 'min_child_samples': 30, 'min_child_weight': 0.0012774512958566352, 'min_split_gain': 0.0001883173224179538, 'colsample_bytree': 0.8708509003937537, 'reg_alpha': 0.0, 'reg_lambda': 0.0, 'cat_smooth': 12.968691788710945, 'cat_l2': 9.778347450509614, 'min_data_per_group': 90, 'max_cat_to_onehot': 10, 'max_cat_threshold': 32, 'max_bin': 255, 'subsample': 0.7483131734203798}. Best is trial 0 with value: 0.8567320003939722.[0m
Best trial: 0. Best value: 0.856732:   4%|4         | 12/300 [00:06<02:22,  2.02it/s]Best trial: 0. Best value: 0.856732:   4%|4         | 12/300 [00:06<02:22,  2.02it/s]Best trial: 0. Best value: 0.856732:   4%|4         | 13/300 [00:06<02:35,  1.85it/s]                                                                                     [32m[I 2026-07-24 17:45:27,396][0m Trial 13 finished with value: 0.8496798975672215 and parameters: {'max_depth': 6, 'subsample_freq': 1, 'learning_rate': 0.045129132226987195, 'num_leaves': 27, 'min_child_samples': 30, 'min_child_weight': 1.3173235678491895, 'min_split_gain': 0.0025882508899085065, 'colsample_bytree': 0.7707486160138216, 'reg_alpha': 0.0, 'reg_lambda': 0.0, 'cat_smooth': 15.544093652271528, 'cat_l2': 19.88371670352423, 'min_data_per_group': 90, 'max_cat_to_onehot': 10, 'max_cat_threshold': 32, 'max_bin': 63, 'subsample': 0.7092198998248236}. Best is trial 0 with value: 0.8567320003939722.[0m
Best trial: 0. Best value: 0.856732:   4%|4         | 13/300 [00:07<02:35,  1.85it/s]Best trial: 0. Best value: 0.856732:   4%|4         | 13/300 [00:07<02:35,  1.85it/s]Best trial: 0. Best value: 0.856732:   5%|4         | 14/300 [00:07<02:42,  1.76it/s]                                                                                     [32m[I 2026-07-24 17:45:28,082][0m Trial 14 finished with value: 0.8524869496700482 and parameters: {'max_depth': 5, 'subsample_freq': 1, 'learning_rate': 0.04663580640096771, 'num_leaves': 22, 'min_child_samples': 30, 'min_child_weight': 0.0035838673289325723, 'min_split_gain': 0.020997960786480523, 'colsample_bytree': 0.7794602658314425, 'reg_alpha': 0.0, 'reg_lambda': 0.0, 'cat_smooth': 15.498531712957647, 'cat_l2': 10.354791279584887, 'min_data_per_group': 50, 'max_cat_to_onehot': 4, 'max_cat_threshold': 32, 'max_bin': 255, 'subsample': 0.8054508783786474}. Best is trial 0 with value: 0.8567320003939722.[0m
Best trial: 0. Best value: 0.856732:   5%|4         | 14/300 [00:08<02:42,  1.76it/s]Best trial: 0. Best value: 0.856732:   5%|4         | 14/300 [00:08<02:42,  1.76it/s]Best trial: 0. Best value: 0.856732:   5%|5         | 15/300 [00:08<02:51,  1.66it/s]                                                                                     [32m[I 2026-07-24 17:45:28,808][0m Trial 15 finished with value: 0.8482911454742441 and parameters: {'max_depth': 6, 'subsample_freq': 0, 'learning_rate': 0.05107927847022873, 'num_leaves': 14, 'min_child_samples': 15, 'min_child_weight': 0.5811898295534321, 'min_split_gain': 0.01691153255247873, 'colsample_bytree': 0.9974698326657048, 'reg_alpha': 0.0, 'reg_lambda': 0.1, 'cat_smooth': 9.802485651318534, 'cat_l2': 3.7566062131772373, 'min_data_per_group': 90, 'max_cat_to_onehot': 10, 'max_cat_threshold': 32, 'max_bin': 255}. Best is trial 0 with value: 0.8567320003939722.[0m
Best trial: 0. Best value: 0.856732:   5%|5         | 15/300 [00:08<02:51,  1.66it/s]Best trial: 0. Best value: 0.856732:   5%|5         | 15/300 [00:08<02:51,  1.66it/s]Best trial: 0. Best value: 0.856732:   5%|5         | 16/300 [00:08<03:03,  1.55it/s]                                                                                     [32m[I 2026-07-24 17:45:29,447][0m Trial 16 finished with value: 0.8482911454742441 and parameters: {'max_depth': 4, 'subsample_freq': 0, 'learning_rate': 0.06825463262180456, 'num_leaves': 11, 'min_child_samples': 30, 'min_child_weight': 0.0010552651308243168, 'min_split_gain': 0.06108380056998441, 'colsample_bytree': 0.9039266399267504, 'reg_alpha': 0.1, 'reg_lambda': 0.001, 'cat_smooth': 5.006702891074124, 'cat_l2': 1.0923811164430024, 'min_data_per_group': 60, 'max_cat_to_onehot': 10, 'max_cat_threshold': 32, 'max_bin': 255}. Best is trial 0 with value: 0.8567320003939722.[0m
Best trial: 0. Best value: 0.856732:   5%|5         | 16/300 [00:09<03:03,  1.55it/s]Best trial: 0. Best value: 0.856732:   5%|5         | 16/300 [00:09<03:03,  1.55it/s]Best trial: 0. Best value: 0.856732:   6%|5         | 17/300 [00:09<02:58,  1.59it/s]                                                                                     [32m[I 2026-07-24 17:45:30,307][0m Trial 17 finished with value: 0.8553235496897468 and parameters: {'max_depth': 6, 'subsample_freq': 1, 'learning_rate': 0.14826618323992116, 'num_leaves': 21, 'min_child_samples': 10, 'min_child_weight': 0.6761193686178997, 'min_split_gain': 0.0019847011971132434, 'colsample_bytree': 0.8191934646877445, 'reg_alpha': 0.5, 'reg_lambda': 0.0, 'cat_smooth': 15.927963865054288, 'cat_l2': 16.398050419407276, 'min_data_per_group': 20, 'max_cat_to_onehot': 4, 'max_cat_threshold': 16, 'max_bin': 63, 'subsample': 0.7873065563895356}. Best is trial 0 with value: 0.8567320003939722.[0m
Best trial: 0. Best value: 0.856732:   6%|5         | 17/300 [00:10<02:58,  1.59it/s]Best trial: 0. Best value: 0.856732:   6%|5         | 17/300 [00:10<02:58,  1.59it/s]Best trial: 0. Best value: 0.856732:   6%|6         | 18/300 [00:10<03:18,  1.42it/s]                                                                                     [32m[I 2026-07-24 17:45:30,871][0m Trial 18 finished with value: 0.8483009947798681 and parameters: {'max_depth': 4, 'subsample_freq': 1, 'learning_rate': 0.14878882253343556, 'num_leaves': 11, 'min_child_samples': 5, 'min_child_weight': 0.640383469001628, 'min_split_gain': 0.019750198461936697, 'colsample_bytree': 0.7878130986044087, 'reg_alpha': 0.5, 'reg_lambda': 0.0, 'cat_smooth': 16.27533589505189, 'cat_l2': 17.653951882968247, 'min_data_per_group': 20, 'max_cat_to_onehot': 4, 'max_cat_threshold': 16, 'max_bin': 63, 'subsample': 0.8919981420733963}. Best is trial 0 with value: 0.8567320003939722.[0m
Best trial: 0. Best value: 0.856732:   6%|6         | 18/300 [00:10<03:18,  1.42it/s]Best trial: 0. Best value: 0.856732:   6%|6         | 18/300 [00:10<03:18,  1.42it/s]Best trial: 0. Best value: 0.856732:   6%|6         | 19/300 [00:10<03:06,  1.51it/s]                                                                                     [32m[I 2026-07-24 17:45:31,298][0m Trial 19 finished with value: 0.8384713877671623 and parameters: {'max_depth': 5, 'subsample_freq': 0, 'learning_rate': 0.11119350251600721, 'num_leaves': 23, 'min_child_samples': 10, 'min_child_weight': 0.5044247303368917, 'min_split_gain': 0.05298538224315341, 'colsample_bytree': 0.7386300080894286, 'reg_alpha': 0.5, 'reg_lambda': 0.1, 'cat_smooth': 19.305001017649502, 'cat_l2': 27.276442208481836, 'min_data_per_group': 20, 'max_cat_to_onehot': 4, 'max_cat_threshold': 16, 'max_bin': 63}. Best is trial 0 with value: 0.8567320003939722.[0m
Best trial: 0. Best value: 0.856732:   6%|6         | 19/300 [00:11<03:06,  1.51it/s]Best trial: 0. Best value: 0.856732:   6%|6         | 19/300 [00:11<03:06,  1.51it/s]Best trial: 0. Best value: 0.856732:   7%|6         | 20/300 [00:11<02:46,  1.68it/s]                                                                                     [32m[I 2026-07-24 17:45:31,960][0m Trial 20 finished with value: 0.8426770412685907 and parameters: {'max_depth': 6, 'subsample_freq': 1, 'learning_rate': 0.036407362381260376, 'num_leaves': 25, 'min_child_samples': 15, 'min_child_weight': 1.2842053273933614, 'min_split_gain': 0.02923176276447655, 'colsample_bytree': 0.8085111056304206, 'reg_alpha': 0.05, 'reg_lambda': 0.001, 'cat_smooth': 23.90466840705691, 'cat_l2': 7.513509404109659, 'min_data_per_group': 40, 'max_cat_to_onehot': 4, 'max_cat_threshold': 16, 'max_bin': 63, 'subsample': 0.992801732721426}. Best is trial 0 with value: 0.8567320003939722.[0m
Best trial: 0. Best value: 0.856732:   7%|6         | 20/300 [00:11<02:46,  1.68it/s]Best trial: 0. Best value: 0.856732:   7%|6         | 20/300 [00:12<02:46,  1.68it/s]Best trial: 0. Best value: 0.856732:   7%|7         | 21/300 [00:12<02:50,  1.63it/s]                                                                                     [32m[I 2026-07-24 17:45:32,502][0m Trial 21 finished with value: 0.848300994779868 and parameters: {'max_depth': 6, 'subsample_freq': 1, 'learning_rate': 0.07125812601747572, 'num_leaves': 21, 'min_child_samples': 25, 'min_child_weight': 0.004823952415411242, 'min_split_gain': 0.00175997126650802, 'colsample_bytree': 0.8520870422575607, 'reg_alpha': 0.01, 'reg_lambda': 0.0, 'cat_smooth': 12.869060212113839, 'cat_l2': 11.447144201891986, 'min_data_per_group': 100, 'max_cat_to_onehot': 4, 'max_cat_threshold': 16, 'max_bin': 127, 'subsample': 0.772371399309731}. Best is trial 0 with value: 0.8567320003939722.[0m
Best trial: 0. Best value: 0.856732:   7%|7         | 21/300 [00:12<02:50,  1.63it/s]Best trial: 0. Best value: 0.856732:   7%|7         | 21/300 [00:12<02:50,  1.63it/s]Best trial: 0. Best value: 0.856732:   7%|7         | 22/300 [00:12<02:44,  1.69it/s]                                                                                     [32m[I 2026-07-24 17:45:33,128][0m Trial 22 finished with value: 0.8581207524869496 and parameters: {'max_depth': 6, 'subsample_freq': 1, 'learning_rate': 0.09809099031447788, 'num_leaves': 18, 'min_child_samples': 15, 'min_child_weight': 0.3606462270328805, 'min_split_gain': 0.00790297918200589, 'colsample_bytree': 0.8933543401174467, 'reg_alpha': 1.0, 'reg_lambda': 0.0, 'cat_smooth': 14.171084241642761, 'cat_l2': 15.935822096030133, 'min_data_per_group': 70, 'max_cat_to_onehot': 4, 'max_cat_threshold': 32, 'max_bin': 63, 'subsample': 0.7606267713826459}. Best is trial 22 with value: 0.8581207524869496.[0m
