Best trial: 81. Best value: 0.860938:  29%|##9       | 88/300 [00:52<02:17,  1.54it/s]Best trial: 81. Best value: 0.860938:  29%|##9       | 88/300 [00:52<02:17,  1.54it/s]Best trial: 81. Best value: 0.860938:  30%|##9       | 89/300 [00:52<02:17,  1.54it/s]                                                                                      [32m[I 2026-07-24 17:46:13,528][0m Trial 89 finished with value: 0.8511178961883186 and parameters: {'max_depth': 7, 'subsample_freq': 1, 'learning_rate': 0.05430191764888359, 'num_leaves': 4, 'min_child_samples': 5, 'min_child_weight': 1.4436398222394127, 'min_split_gain': 0.1274991532690055, 'colsample_bytree': 0.8824252926680111, 'reg_alpha': 0.05, 'reg_lambda': 0.05, 'cat_smooth': 22.949702159841177, 'cat_l2': 4.498154477384186, 'min_data_per_group': 50, 'max_cat_to_onehot': 10, 'max_cat_threshold': 8, 'max_bin': 255, 'subsample': 0.980823716997473}. Best is trial 81 with value: 0.8609376538954002.[0m
Best trial: 81. Best value: 0.860938:  30%|##9       | 89/300 [00:53<02:17,  1.54it/s]Best trial: 81. Best value: 0.860938:  30%|##9       | 89/300 [00:53<02:17,  1.54it/s]Best trial: 81. Best value: 0.860938:  30%|###       | 90/300 [00:53<02:14,  1.57it/s]                                                                                      [32m[I 2026-07-24 17:46:14,197][0m Trial 90 finished with value: 0.8581306017925737 and parameters: {'max_depth': 7, 'subsample_freq': 1, 'learning_rate': 0.0719711328600266, 'num_leaves': 7, 'min_child_samples': 10, 'min_child_weight': 1.7287766407727447, 'min_split_gain': 0.13280977202909935, 'colsample_bytree': 0.8425453225821157, 'reg_alpha': 0.05, 'reg_lambda': 0.05, 'cat_smooth': 26.121218381721476, 'cat_l2': 5.7241882868764495, 'min_data_per_group': 50, 'max_cat_to_onehot': 10, 'max_cat_threshold': 8, 'max_bin': 255, 'subsample': 0.9315188195321069}. Best is trial 81 with value: 0.8609376538954002.[0m
Best trial: 81. Best value: 0.860938:  30%|###       | 90/300 [00:54<02:14,  1.57it/s]Best trial: 81. Best value: 0.860938:  30%|###       | 90/300 [00:54<02:14,  1.57it/s]Best trial: 81. Best value: 0.860938:  30%|###       | 91/300 [00:54<02:15,  1.55it/s]                                                                                      [32m[I 2026-07-24 17:46:14,835][0m Trial 91 finished with value: 0.8581404510981976 and parameters: {'max_depth': 7, 'subsample_freq': 1, 'learning_rate': 0.07456810849541369, 'num_leaves': 7, 'min_child_samples': 10, 'min_child_weight': 1.69994295272374, 'min_split_gain': 0.1398012463963237, 'colsample_bytree': 0.8393068554576818, 'reg_alpha': 0.05, 'reg_lambda': 0.05, 'cat_smooth': 26.141052897643792, 'cat_l2': 6.2644788961004565, 'min_data_per_group': 50, 'max_cat_to_onehot': 10, 'max_cat_threshold': 8, 'max_bin': 255, 'subsample': 0.9330156323551725}. Best is trial 81 with value: 0.8609376538954002.[0m
Best trial: 81. Best value: 0.860938:  30%|###       | 91/300 [00:54<02:15,  1.55it/s]Best trial: 81. Best value: 0.860938:  30%|###       | 91/300 [00:54<02:15,  1.55it/s]Best trial: 81. Best value: 0.860938:  31%|###       | 92/300 [00:54<02:14,  1.54it/s]                                                                                      [32m[I 2026-07-24 17:46:15,484][0m Trial 92 finished with value: 0.8581404510981976 and parameters: {'max_depth': 7, 'subsample_freq': 1, 'learning_rate': 0.08077925502595873, 'num_leaves': 8, 'min_child_samples': 10, 'min_child_weight': 1.1289978243587853, 'min_split_gain': 0.14402917928036663, 'colsample_bytree': 0.8627815031051679, 'reg_alpha': 0.05, 'reg_lambda': 0.05, 'cat_smooth': 28.441608792156096, 'cat_l2': 6.2408002884387646, 'min_data_per_group': 60, 'max_cat_to_onehot': 10, 'max_cat_threshold': 8, 'max_bin': 255, 'subsample': 0.9456207604679613}. Best is trial 81 with value: 0.8609376538954002.[0m
Best trial: 81. Best value: 0.860938:  31%|###       | 92/300 [00:55<02:14,  1.54it/s]Best trial: 81. Best value: 0.860938:  31%|###       | 92/300 [00:55<02:14,  1.54it/s]Best trial: 81. Best value: 0.860938:  31%|###1      | 93/300 [00:55<02:13,  1.55it/s]                                                                                      [32m[I 2026-07-24 17:46:16,109][0m Trial 93 finished with value: 0.8553432483009947 and parameters: {'max_depth': 7, 'subsample_freq': 1, 'learning_rate': 0.0834199659569006, 'num_leaves': 8, 'min_child_samples': 10, 'min_child_weight': 1.0911571676347769, 'min_split_gain': 0.14319252496734453, 'colsample_bytree': 0.8328163365769333, 'reg_alpha': 0.05, 'reg_lambda': 0.05, 'cat_smooth': 29.083554883642886, 'cat_l2': 7.580916182706423, 'min_data_per_group': 60, 'max_cat_to_onehot': 10, 'max_cat_threshold': 8, 'max_bin': 255, 'subsample': 0.9447300863755757}. Best is trial 81 with value: 0.8609376538954002.[0m
Best trial: 81. Best value: 0.860938:  31%|###1      | 93/300 [00:56<02:13,  1.55it/s]Best trial: 81. Best value: 0.860938:  31%|###1      | 93/300 [00:56<02:13,  1.55it/s]Best trial: 81. Best value: 0.860938:  31%|###1      | 94/300 [00:56<02:12,  1.56it/s]                                                                                      [32m[I 2026-07-24 17:46:16,812][0m Trial 94 finished with value: 0.8553333989953709 and parameters: {'max_depth': 7, 'subsample_freq': 1, 'learning_rate': 0.06116634559457638, 'num_leaves': 9, 'min_child_samples': 10, 'min_child_weight': 0.864131996039562, 'min_split_gain': 0.1408296347130978, 'colsample_bytree': 0.8641379133723136, 'reg_alpha': 0.05, 'reg_lambda': 0.05, 'cat_smooth': 29.971896000242715, 'cat_l2': 6.488937352255089, 'min_data_per_group': 40, 'max_cat_to_onehot': 10, 'max_cat_threshold': 8, 'max_bin': 255, 'subsample': 0.9133881689161323}. Best is trial 81 with value: 0.8609376538954002.[0m
Best trial: 81. Best value: 0.860938:  31%|###1      | 94/300 [00:56<02:12,  1.56it/s]Best trial: 81. Best value: 0.860938:  31%|###1      | 94/300 [00:56<02:12,  1.56it/s]Best trial: 81. Best value: 0.860938:  32%|###1      | 95/300 [00:56<02:14,  1.52it/s]                                                                                      [32m[I 2026-07-24 17:46:17,411][0m Trial 95 finished with value: 0.8581404510981976 and parameters: {'max_depth': 7, 'subsample_freq': 1, 'learning_rate': 0.07768005306693782, 'num_leaves': 7, 'min_child_samples': 10, 'min_child_weight': 1.226370175576204, 'min_split_gain': 0.14056988816341012, 'colsample_bytree': 0.8569870012248146, 'reg_alpha': 0.05, 'reg_lambda': 0.05, 'cat_smooth': 28.214412129397648, 'cat_l2': 8.099086536501563, 'min_data_per_group': 60, 'max_cat_to_onehot': 10, 'max_cat_threshold': 8, 'max_bin': 255, 'subsample': 0.9328323995310521}. Best is trial 81 with value: 0.8609376538954002.[0m
Best trial: 81. Best value: 0.860938:  32%|###1      | 95/300 [00:57<02:14,  1.52it/s]Best trial: 81. Best value: 0.860938:  32%|###1      | 95/300 [00:57<02:14,  1.52it/s]Best trial: 81. Best value: 0.860938:  32%|###2      | 96/300 [00:57<02:09,  1.57it/s]                                                                                      [32m[I 2026-07-24 17:46:18,016][0m Trial 96 finished with value: 0.8497094454840933 and parameters: {'max_depth': 7, 'subsample_freq': 1, 'learning_rate': 0.0637019361674821, 'num_leaves': 6, 'min_child_samples': 10, 'min_child_weight': 0.7561981920086541, 'min_split_gain': 0.11594901140739895, 'colsample_bytree': 0.8670522449799569, 'reg_alpha': 0.05, 'reg_lambda': 0.1, 'cat_smooth': 25.100484576637122, 'cat_l2': 6.860417775378027, 'min_data_per_group': 40, 'max_cat_to_onehot': 10, 'max_cat_threshold': 8, 'max_bin': 255, 'subsample': 0.9570295818745205}. Best is trial 81 with value: 0.8609376538954002.[0m
Best trial: 81. Best value: 0.860938:  32%|###2      | 96/300 [00:57<02:09,  1.57it/s]Best trial: 81. Best value: 0.860938:  32%|###2      | 96/300 [00:58<02:09,  1.57it/s]Best trial: 81. Best value: 0.860938:  32%|###2      | 97/300 [00:58<02:07,  1.59it/s]                                                                                      [32m[I 2026-07-24 17:46:18,678][0m Trial 97 finished with value: 0.8581503004038215 and parameters: {'max_depth': 7, 'subsample_freq': 1, 'learning_rate': 0.08059371350263307, 'num_leaves': 8, 'min_child_samples': 5, 'min_child_weight': 1.972119363906521, 'min_split_gain': 0.11151781609114478, 'colsample_bytree': 0.823310988783075, 'reg_alpha': 0.05, 'reg_lambda': 0.05, 'cat_smooth': 27.6571741365003, 'cat_l2': 6.093444290628289, 'min_data_per_group': 50, 'max_cat_to_onehot': 10, 'max_cat_threshold': 8, 'max_bin': 127, 'subsample': 0.9439207974362016}. Best is trial 81 with value: 0.8609376538954002.[0m
Best trial: 81. Best value: 0.860938:  32%|###2      | 97/300 [00:58<02:07,  1.59it/s]Best trial: 81. Best value: 0.860938:  32%|###2      | 97/300 [00:58<02:07,  1.59it/s]Best trial: 81. Best value: 0.860938:  33%|###2      | 98/300 [00:58<02:09,  1.56it/s]                                                                                      [32m[I 2026-07-24 17:46:19,437][0m Trial 98 finished with value: 0.8567320003939722 and parameters: {'max_depth': 7, 'subsample_freq': 1, 'learning_rate': 0.04779249894158849, 'num_leaves': 9, 'min_child_samples': 5, 'min_child_weight': 1.9668520806431944, 'min_split_gain': 0.10449466598631896, 'colsample_bytree': 0.7980783400367303, 'reg_alpha': 0.05, 'reg_lambda': 0.01, 'cat_smooth': 27.156903655709606, 'cat_l2': 9.058151548614878, 'min_data_per_group': 50, 'max_cat_to_onehot': 10, 'max_cat_threshold': 8, 'max_bin': 127, 'subsample': 0.9176505146902426}. Best is trial 81 with value: 0.8609376538954002.[0m
Best trial: 81. Best value: 0.860938:  33%|###2      | 98/300 [00:59<02:09,  1.56it/s]Best trial: 81. Best value: 0.860938:  33%|###2      | 98/300 [00:59<02:09,  1.56it/s]Best trial: 81. Best value: 0.860938:  33%|###3      | 99/300 [00:59<02:16,  1.48it/s]                                                                                      [32m[I 2026-07-24 17:46:20,098][0m Trial 99 finished with value: 0.8482911454742441 and parameters: {'max_depth': 7, 'subsample_freq': 1, 'learning_rate': 0.08728154207998948, 'num_leaves': 11, 'min_child_samples': 5, 'min_child_weight': 0.0019715982264433486, 'min_split_gain': 0.11036057507481044, 'colsample_bytree': 0.815437841491078, 'reg_alpha': 0.001, 'reg_lambda': 0.05, 'cat_smooth': 26.223128110928418, 'cat_l2': 7.541841800213917, 'min_data_per_group': 50, 'max_cat_to_onehot': 10, 'max_cat_threshold': 8, 'max_bin': 127, 'subsample': 0.9679162888225212}. Best is trial 81 with value: 0.8609376538954002.[0m
Best trial: 81. Best value: 0.860938:  33%|###3      | 99/300 [01:00<02:16,  1.48it/s]Best trial: 81. Best value: 0.860938:  33%|###3      | 99/300 [01:00<02:16,  1.48it/s]Best trial: 81. Best value: 0.860938:  33%|###3      | 100/300 [01:00<02:14,  1.48it/s]                                                                                       [32m[I 2026-07-24 17:46:20,820][0m Trial 100 finished with value: 0.8539150989855215 and parameters: {'max_depth': 7, 'subsample_freq': 1, 'learning_rate': 0.05846452835317507, 'num_leaves': 7, 'min_child_samples': 5, 'min_child_weight': 1.4193391993182012, 'min_split_gain': 0.08822129147020583, 'colsample_bytree': 0.833681600475815, 'reg_alpha': 0.05, 'reg_lambda': 0.01, 'cat_smooth': 22.95470942605494, 'cat_l2': 4.818582332908951, 'min_data_per_group': 40, 'max_cat_to_onehot': 10, 'max_cat_threshold': 8, 'max_bin': 127, 'subsample': 0.931326056293881}. Best is trial 81 with value: 0.8609376538954002.[0m
Best trial: 81. Best value: 0.860938:  33%|###3      | 100/300 [01:00<02:14,  1.48it/s]Best trial: 81. Best value: 0.860938:  33%|###3      | 100/300 [01:00<02:14,  1.48it/s]Best trial: 81. Best value: 0.860938:  34%|###3      | 101/300 [01:00<02:16,  1.45it/s]                                                                                       [32m[I 2026-07-24 17:46:21,453][0m Trial 101 finished with value: 0.8567418496995962 and parameters: {'max_depth': 7, 'subsample_freq': 1, 'learning_rate': 0.08017249300040685, 'num_leaves': 8, 'min_child_samples': 10, 'min_child_weight': 1.0201195908943534, 'min_split_gain': 0.14705662489835752, 'colsample_bytree': 0.8212539202279999, 'reg_alpha': 0.05, 'reg_lambda': 0.05, 'cat_smooth': 28.171460425452466, 'cat_l2': 4.878106668270412, 'min_data_per_group': 60, 'max_cat_to_onehot': 10, 'max_cat_threshold': 8, 'max_bin': 127, 'subsample': 0.9457728617106921}. Best is trial 81 with value: 0.8609376538954002.[0m
Best trial: 81. Best value: 0.860938:  34%|###3      | 101/300 [01:01<02:16,  1.45it/s]Best trial: 81. Best value: 0.860938:  34%|###3      | 101/300 [01:01<02:16,  1.45it/s]Best trial: 81. Best value: 0.860938:  34%|###4      | 102/300 [01:01<02:13,  1.49it/s]                                                                                       [32m[I 2026-07-24 17:46:22,053][0m Trial 102 finished with value: 0.8553432483009947 and parameters: {'max_depth': 7, 'subsample_freq': 1, 'learning_rate': 0.07432056708782175, 'num_leaves': 6, 'min_child_samples': 10, 'min_child_weight': 1.3604738437399542, 'min_split_gain': 0.13663894084661507, 'colsample_bytree': 0.8531811534649286, 'reg_alpha': 0.05, 'reg_lambda': 0.05, 'cat_smooth': 27.511471540147586, 'cat_l2': 5.810912617528295, 'min_data_per_group': 40, 'max_cat_to_onehot': 10, 'max_cat_threshold': 8, 'max_bin': 255, 'subsample': 0.9582872546873148}. Best is trial 81 with value: 0.8609376538954002.[0m
Best trial: 81. Best value: 0.860938:  34%|###4      | 102/300 [01:02<02:13,  1.49it/s]Best trial: 81. Best value: 0.860938:  34%|###4      | 102/300 [01:02<02:13,  1.49it/s]Best trial: 81. Best value: 0.860938:  34%|###4      | 103/300 [01:02<02:08,  1.53it/s]                                                                                       [32m[I 2026-07-24 17:46:22,723][0m Trial 103 finished with value: 0.8539052496798977 and parameters: {'max_depth': 7, 'subsample_freq': 1, 'learning_rate': 0.06673801795850827, 'num_leaves': 10, 'min_child_samples': 5, 'min_child_weight': 1.606053525730757, 'min_split_gain': 0.09884829463603663, 'colsample_bytree': 0.8278620796715542, 'reg_alpha': 0.05, 'reg_lambda': 0.05, 'cat_smooth': 26.042304945450425, 'cat_l2': 7.230102441989391, 'min_data_per_group': 50, 'max_cat_to_onehot': 10, 'max_cat_threshold': 8, 'max_bin': 255, 'subsample': 0.9794451074573655}. Best is trial 81 with value: 0.8609376538954002.[0m
Best trial: 81. Best value: 0.860938:  34%|###4      | 103/300 [01:02<02:08,  1.53it/s]Best trial: 81. Best value: 0.860938:  34%|###4      | 103/300 [01:02<02:08,  1.53it/s]Best trial: 81. Best value: 0.860938:  35%|###4      | 104/300 [01:02<02:08,  1.53it/s]                                                                                       [32m[I 2026-07-24 17:46:23,449][0m Trial 104 finished with value: 0.8510981975770708 and parameters: {'max_depth': 7, 'subsample_freq': 1, 'learning_rate': 0.09431296203214093, 'num_leaves': 7, 'min_child_samples': 40, 'min_child_weight': 1.171482596638786, 'min_split_gain': 0.09484417265923478, 'colsample_bytree': 0.8909172424831535, 'reg_alpha': 0.05, 'reg_lambda': 0.05, 'cat_smooth': 16.974722536223243, 'cat_l2': 6.395581005587947, 'min_data_per_group': 40, 'max_cat_to_onehot': 10, 'max_cat_threshold': 8, 'max_bin': 127, 'subsample': 0.9376528921367555}. Best is trial 81 with value: 0.8609376538954002.[0m
Best trial: 81. Best value: 0.860938:  35%|###4      | 104/300 [01:03<02:08,  1.53it/s]Best trial: 81. Best value: 0.860938:  35%|###4      | 104/300 [01:03<02:08,  1.53it/s]Best trial: 81. Best value: 0.860938:  35%|###5      | 105/300 [01:03<02:11,  1.48it/s]                                                                                       [32m[I 2026-07-24 17:46:24,116][0m Trial 105 finished with value: 0.8581306017925737 and parameters: {'max_depth': 7, 'subsample_freq': 1, 'learning_rate': 0.07437219752061355, 'num_leaves': 5, 'min_child_samples': 5, 'min_child_weight': 0.971455357013194, 'min_split_gain': 0.11345978069405771, 'colsample_bytree': 0.8631387127083289, 'reg_alpha': 0.05, 'reg_lambda': 0.01, 'cat_smooth': 27.8068456871271, 'cat_l2': 6.100777803183936, 'min_data_per_group': 50, 'max_cat_to_onehot': 10, 'max_cat_threshold': 8, 'max_bin': 255, 'subsample': 0.9434575444894824}. Best is trial 81 with value: 0.8609376538954002.[0m
Best trial: 81. Best value: 0.860938:  35%|###5      | 105/300 [01:04<02:11,  1.48it/s]Best trial: 81. Best value: 0.860938:  35%|###5      | 105/300 [01:04<02:11,  1.48it/s]Best trial: 81. Best value: 0.860938:  35%|###5      | 106/300 [01:04<02:10,  1.49it/s]                                                                                       [32m[I 2026-07-24 17:46:24,747][0m Trial 106 finished with value: 0.8525263468925441 and parameters: {'max_depth': 7, 'subsample_freq': 1, 'learning_rate': 0.08207109037245007, 'num_leaves': 8, 'min_child_samples': 10, 'min_child_weight': 0.6755315351134455, 'min_split_gain': 0.10476930435691612, 'colsample_bytree': 0.871140909925371, 'reg_alpha': 0.05, 'reg_lambda': 1.0, 'cat_smooth': 15.97307533154443, 'cat_l2': 8.407389934645247, 'min_data_per_group': 60, 'max_cat_to_onehot': 10, 'max_cat_threshold': 8, 'max_bin': 255, 'subsample': 0.9495184685983993}. Best is trial 81 with value: 0.8609376538954002.[0m
Best trial: 81. Best value: 0.860938:  35%|###5      | 106/300 [01:04<02:10,  1.49it/s]Best trial: 81. Best value: 0.860938:  35%|###5      | 106/300 [01:04<02:10,  1.49it/s]Best trial: 81. Best value: 0.860938:  36%|###5      | 107/300 [01:04<02:08,  1.50it/s]                                                                                       [32m[I 2026-07-24 17:46:25,368][0m Trial 107 finished with value: 0.8497094454840933 and parameters: {'max_depth': 7, 'subsample_freq': 1, 'learning_rate': 0.10222494693892625, 'num_leaves': 4, 'min_child_samples': 5, 'min_child_weight': 0.8668424515980834, 'min_split_gain': 0.11017313228176534, 'colsample_bytree': 0.8485900053243813, 'reg_alpha': 0.05, 'reg_lambda': 0.01, 'cat_smooth': 28.850403906280537, 'cat_l2': 4.196106093963544, 'min_data_per_group': 40, 'max_cat_to_onehot': 10, 'max_cat_threshold': 8, 'max_bin': 31, 'subsample': 0.9249864777863024}. Best is trial 81 with value: 0.8609376538954002.[0m
Best trial: 81. Best value: 0.860938:  36%|###5      | 107/300 [01:05<02:08,  1.50it/s]Best trial: 81. Best value: 0.860938:  36%|###5      | 107/300 [01:05<02:08,  1.50it/s]Best trial: 81. Best value: 0.860938:  36%|###6      | 108/300 [01:05<02:04,  1.54it/s]                                                                                       [32m[I 2026-07-24 17:46:26,115][0m Trial 108 finished with value: 0.8483108440854921 and parameters: {'max_depth': 7, 'subsample_freq': 1, 'learning_rate': 0.08745616153671809, 'num_leaves': 6, 'min_child_samples': 10, 'min_child_weight': 1.8391159023392678, 'min_split_gain': 0.12065228239542505, 'colsample_bytree': 0.8970530607207945, 'reg_alpha': 0.05, 'reg_lambda': 2.0, 'cat_smooth': 23.624487311120852, 'cat_l2': 13.715824772934065, 'min_data_per_group': 30, 'max_cat_to_onehot': 10, 'max_cat_threshold': 8, 'max_bin': 255, 'subsample': 0.8988671501847034}. Best is trial 81 with value: 0.8609376538954002.[0m
Best trial: 81. Best value: 0.860938:  36%|###6      | 108/300 [01:06<02:04,  1.54it/s]Best trial: 81. Best value: 0.860938:  36%|###6      | 108/300 [01:06<02:04,  1.54it/s]Best trial: 81. Best value: 0.860938:  36%|###6      | 109/300 [01:06<02:09,  1.47it/s]                                                                                       [32m[I 2026-07-24 17:46:26,736][0m Trial 109 finished with value: 0.855323549689747 and parameters: {'max_depth': 7, 'subsample_freq': 1, 'learning_rate': 0.12290432311799208, 'num_leaves': 9, 'min_child_samples': 5, 'min_child_weight': 1.5935946914592847, 'min_split_gain': 0.13648493748841575, 'colsample_bytree': 0.8380311035996327, 'reg_alpha': 0.01, 'reg_lambda': 0.01, 'cat_smooth': 18.889115451844077, 'cat_l2': 11.070388497218651, 'min_data_per_group': 40, 'max_cat_to_onehot': 10, 'max_cat_threshold': 8, 'max_bin': 255, 'subsample': 0.971679910149631}. Best is trial 81 with value: 0.8609376538954002.[0m
Best trial: 81. Best value: 0.860938:  36%|###6      | 109/300 [01:06<02:09,  1.47it/s]Best trial: 81. Best value: 0.860938:  36%|###6      | 109/300 [01:06<02:09,  1.47it/s]Best trial: 81. Best value: 0.860938:  37%|###6      | 110/300 [01:06<02:05,  1.52it/s]                                                                                       [32m[I 2026-07-24 17:46:27,491][0m Trial 110 finished with value: 0.859529203191175 and parameters: {'max_depth': 7, 'subsample_freq': 1, 'learning_rate': 0.05306861515759683, 'num_leaves': 5, 'min_child_samples': 10, 'min_child_weight': 1.287262341819142, 'min_split_gain': 0.05588973335710386, 'colsample_bytree': 0.8822191220754761, 'reg_alpha': 0.05, 'reg_lambda': 0.05, 'cat_smooth': 29.527982473638875, 'cat_l2': 9.235559327923669, 'min_data_per_group': 50, 'max_cat_to_onehot': 10, 'max_cat_threshold': 8, 'max_bin': 255, 'subsample': 0.9134878165822605}. Best is trial 81 with value: 0.8609376538954002.[0m
