Best trial: 111. Best value: 0.862366:  44%|####4     | 132/300 [01:22<01:50,  1.51it/s]Best trial: 111. Best value: 0.862366:  44%|####4     | 132/300 [01:22<01:50,  1.51it/s]Best trial: 111. Best value: 0.862366:  44%|####4     | 133/300 [01:22<01:49,  1.53it/s]                                                                                        [32m[I 2026-07-24 17:46:42,726][0m Trial 133 finished with value: 0.8581503004038215 and parameters: {'max_depth': 7, 'subsample_freq': 1, 'learning_rate': 0.07823655389773713, 'num_leaves': 6, 'min_child_samples': 10, 'min_child_weight': 1.578489531452439, 'min_split_gain': 0.1488391683834333, 'colsample_bytree': 0.8638378898978264, 'reg_alpha': 0.05, 'reg_lambda': 0.05, 'cat_smooth': 24.990268584448916, 'cat_l2': 10.021319054362284, 'min_data_per_group': 60, 'max_cat_to_onehot': 10, 'max_cat_threshold': 8, 'max_bin': 255, 'subsample': 0.9431858329997543}. Best is trial 111 with value: 0.8623658032108736.[0m
Best trial: 111. Best value: 0.862366:  44%|####4     | 133/300 [01:22<01:49,  1.53it/s]Best trial: 111. Best value: 0.862366:  44%|####4     | 133/300 [01:22<01:49,  1.53it/s]Best trial: 111. Best value: 0.862366:  45%|####4     | 134/300 [01:22<01:48,  1.53it/s]                                                                                        [32m[I 2026-07-24 17:46:43,369][0m Trial 134 finished with value: 0.8539249482911455 and parameters: {'max_depth': 7, 'subsample_freq': 1, 'learning_rate': 0.08438808962201134, 'num_leaves': 6, 'min_child_samples': 10, 'min_child_weight': 1.5674569072373064, 'min_split_gain': 0.14742086596766674, 'colsample_bytree': 0.8749489712978871, 'reg_alpha': 0.05, 'reg_lambda': 0.05, 'cat_smooth': 24.541239918958002, 'cat_l2': 9.547623518040817, 'min_data_per_group': 60, 'max_cat_to_onehot': 10, 'max_cat_threshold': 8, 'max_bin': 255, 'subsample': 0.9445777797851175}. Best is trial 111 with value: 0.8623658032108736.[0m
Best trial: 111. Best value: 0.862366:  45%|####4     | 134/300 [01:23<01:48,  1.53it/s]Best trial: 111. Best value: 0.862366:  45%|####4     | 134/300 [01:23<01:48,  1.53it/s]Best trial: 111. Best value: 0.862366:  45%|####5     | 135/300 [01:23<01:47,  1.53it/s]                                                                                        [32m[I 2026-07-24 17:46:43,995][0m Trial 135 finished with value: 0.8483206933911159 and parameters: {'max_depth': 7, 'subsample_freq': 1, 'learning_rate': 0.05626047804835593, 'num_leaves': 4, 'min_child_samples': 5, 'min_child_weight': 0.9699585087163899, 'min_split_gain': 0.14900073240370637, 'colsample_bytree': 0.8650248971653939, 'reg_alpha': 0.05, 'reg_lambda': 0.01, 'cat_smooth': 25.474710752021974, 'cat_l2': 10.84271650844759, 'min_data_per_group': 70, 'max_cat_to_onehot': 10, 'max_cat_threshold': 8, 'max_bin': 255, 'subsample': 0.9647814765205421}. Best is trial 111 with value: 0.8623658032108736.[0m
Best trial: 111. Best value: 0.862366:  45%|####5     | 135/300 [01:23<01:47,  1.53it/s]Best trial: 111. Best value: 0.862366:  45%|####5     | 135/300 [01:24<01:47,  1.53it/s]Best trial: 111. Best value: 0.862366:  45%|####5     | 136/300 [01:24<01:45,  1.56it/s]                                                                                        [32m[I 2026-07-24 17:46:44,625][0m Trial 136 finished with value: 0.8567418496995962 and parameters: {'max_depth': 7, 'subsample_freq': 1, 'learning_rate': 0.09774228647242778, 'num_leaves': 5, 'min_child_samples': 10, 'min_child_weight': 1.5441852325343481, 'min_split_gain': 0.07109383713340904, 'colsample_bytree': 0.8352278011951325, 'reg_alpha': 0.1, 'reg_lambda': 0.05, 'cat_smooth': 16.423388404556064, 'cat_l2': 11.59447863116229, 'min_data_per_group': 50, 'max_cat_to_onehot': 10, 'max_cat_threshold': 8, 'max_bin': 127, 'subsample': 0.9391221713245382}. Best is trial 111 with value: 0.8623658032108736.[0m
Best trial: 111. Best value: 0.862366:  45%|####5     | 136/300 [01:24<01:45,  1.56it/s]Best trial: 111. Best value: 0.862366:  45%|####5     | 136/300 [01:24<01:45,  1.56it/s]Best trial: 111. Best value: 0.862366:  46%|####5     | 137/300 [01:24<01:44,  1.56it/s]                                                                                        [32m[I 2026-07-24 17:46:45,330][0m Trial 137 finished with value: 0.8567221510883483 and parameters: {'max_depth': 7, 'subsample_freq': 1, 'learning_rate': 0.06057439665539239, 'num_leaves': 6, 'min_child_samples': 5, 'min_child_weight': 1.3743051731280784, 'min_split_gain': 0.14556862803464726, 'colsample_bytree': 0.8442566323213248, 'reg_alpha': 0.01, 'reg_lambda': 0.01, 'cat_smooth': 17.46050705935894, 'cat_l2': 10.104832752154383, 'min_data_per_group': 60, 'max_cat_to_onehot': 10, 'max_cat_threshold': 8, 'max_bin': 255, 'subsample': 0.9166294111674635}. Best is trial 111 with value: 0.8623658032108736.[0m
Best trial: 111. Best value: 0.862366:  46%|####5     | 137/300 [01:25<01:44,  1.56it/s]Best trial: 111. Best value: 0.862366:  46%|####5     | 137/300 [01:25<01:44,  1.56it/s]Best trial: 111. Best value: 0.862366:  46%|####6     | 138/300 [01:25<01:46,  1.52it/s]                                                                                        [32m[I 2026-07-24 17:46:46,054][0m Trial 138 finished with value: 0.8440953412784399 and parameters: {'max_depth': 7, 'subsample_freq': 1, 'learning_rate': 0.06633579773630485, 'num_leaves': 10, 'min_child_samples': 10, 'min_child_weight': 1.74978335809037, 'min_split_gain': 0.10931360590252243, 'colsample_bytree': 0.8768720998971482, 'reg_alpha': 0.5, 'reg_lambda': 2.0, 'cat_smooth': 25.658198311874926, 'cat_l2': 13.263011318313197, 'min_data_per_group': 40, 'max_cat_to_onehot': 10, 'max_cat_threshold': 8, 'max_bin': 255, 'subsample': 0.9540010752573488}. Best is trial 111 with value: 0.8623658032108736.[0m
Best trial: 111. Best value: 0.862366:  46%|####6     | 138/300 [01:26<01:46,  1.52it/s]Best trial: 111. Best value: 0.862366:  46%|####6     | 138/300 [01:26<01:46,  1.52it/s]Best trial: 111. Best value: 0.862366:  46%|####6     | 139/300 [01:26<01:48,  1.48it/s]                                                                                        [32m[I 2026-07-24 17:46:46,721][0m Trial 139 finished with value: 0.8356544863587118 and parameters: {'max_depth': 7, 'subsample_freq': 0, 'learning_rate': 0.011958040783261736, 'num_leaves': 6, 'min_child_samples': 15, 'min_child_weight': 0.8134195702838948, 'min_split_gain': 0.10681404875536962, 'colsample_bytree': 0.8634205638048708, 'reg_alpha': 0.05, 'reg_lambda': 0.01, 'cat_smooth': 23.65432255158747, 'cat_l2': 5.353523433809377, 'min_data_per_group': 30, 'max_cat_to_onehot': 10, 'max_cat_threshold': 8, 'max_bin': 255}. Best is trial 111 with value: 0.8623658032108736.[0m
Best trial: 111. Best value: 0.862366:  46%|####6     | 139/300 [01:26<01:48,  1.48it/s]Best trial: 111. Best value: 0.862366:  46%|####6     | 139/300 [01:26<01:48,  1.48it/s]Best trial: 111. Best value: 0.862366:  47%|####6     | 140/300 [01:26<01:48,  1.48it/s]                                                                                        [32m[I 2026-07-24 17:46:47,331][0m Trial 140 finished with value: 0.8567516990052202 and parameters: {'max_depth': 7, 'subsample_freq': 1, 'learning_rate': 0.08926736684597135, 'num_leaves': 4, 'min_child_samples': 5, 'min_child_weight': 1.1270755281872689, 'min_split_gain': 0.11150443339604023, 'colsample_bytree': 0.8518476047880067, 'reg_alpha': 0.0, 'reg_lambda': 0.05, 'cat_smooth': 26.42592982751569, 'cat_l2': 14.699079424783607, 'min_data_per_group': 50, 'max_cat_to_onehot': 10, 'max_cat_threshold': 8, 'max_bin': 255, 'subsample': 0.9767665501511916}. Best is trial 111 with value: 0.8623658032108736.[0m
Best trial: 111. Best value: 0.862366:  47%|####6     | 140/300 [01:27<01:48,  1.48it/s]Best trial: 111. Best value: 0.862366:  47%|####6     | 140/300 [01:27<01:48,  1.48it/s]Best trial: 111. Best value: 0.862366:  47%|####6     | 141/300 [01:27<01:43,  1.53it/s]                                                                                        [32m[I 2026-07-24 17:46:48,048][0m Trial 141 finished with value: 0.8595587511080469 and parameters: {'max_depth': 7, 'subsample_freq': 1, 'learning_rate': 0.07698153561451603, 'num_leaves': 7, 'min_child_samples': 10, 'min_child_weight': 1.2469607699765473, 'min_split_gain': 0.13890794883296323, 'colsample_bytree': 0.8715348878718341, 'reg_alpha': 0.05, 'reg_lambda': 0.05, 'cat_smooth': 27.929810597483467, 'cat_l2': 7.863040119423137, 'min_data_per_group': 60, 'max_cat_to_onehot': 10, 'max_cat_threshold': 8, 'max_bin': 255, 'subsample': 0.9309638952328819}. Best is trial 111 with value: 0.8623658032108736.[0m
Best trial: 111. Best value: 0.862366:  47%|####6     | 141/300 [01:27<01:43,  1.53it/s]Best trial: 111. Best value: 0.862366:  47%|####6     | 141/300 [01:28<01:43,  1.53it/s]Best trial: 111. Best value: 0.862366:  47%|####7     | 142/300 [01:28<01:46,  1.49it/s]                                                                                        [32m[I 2026-07-24 17:46:48,729][0m Trial 142 finished with value: 0.8553333989953709 and parameters: {'max_depth': 7, 'subsample_freq': 1, 'learning_rate': 0.07000536180905058, 'num_leaves': 8, 'min_child_samples': 10, 'min_child_weight': 1.5011221545814488, 'min_split_gain': 0.13848417076109223, 'colsample_bytree': 0.8711141340407154, 'reg_alpha': 0.05, 'reg_lambda': 0.05, 'cat_smooth': 25.051453145770594, 'cat_l2': 6.541028007677651, 'min_data_per_group': 60, 'max_cat_to_onehot': 10, 'max_cat_threshold': 8, 'max_bin': 255, 'subsample': 0.942900281289418}. Best is trial 111 with value: 0.8623658032108736.[0m
Best trial: 111. Best value: 0.862366:  47%|####7     | 142/300 [01:28<01:46,  1.49it/s]Best trial: 111. Best value: 0.862366:  47%|####7     | 142/300 [01:28<01:46,  1.49it/s]Best trial: 111. Best value: 0.862366:  48%|####7     | 143/300 [01:28<01:46,  1.47it/s]                                                                                        [32m[I 2026-07-24 17:46:49,403][0m Trial 143 finished with value: 0.8567516990052202 and parameters: {'max_depth': 7, 'subsample_freq': 1, 'learning_rate': 0.08093786073799153, 'num_leaves': 5, 'min_child_samples': 10, 'min_child_weight': 1.985682063638187, 'min_split_gain': 0.13199960076379308, 'colsample_bytree': 0.8853896557635235, 'reg_alpha': 0.05, 'reg_lambda': 0.05, 'cat_smooth': 27.031091614063538, 'cat_l2': 7.775058083309446, 'min_data_per_group': 60, 'max_cat_to_onehot': 10, 'max_cat_threshold': 8, 'max_bin': 255, 'subsample': 0.9274710568255383}. Best is trial 111 with value: 0.8623658032108736.[0m
Best trial: 111. Best value: 0.862366:  48%|####7     | 143/300 [01:29<01:46,  1.47it/s]Best trial: 111. Best value: 0.862366:  48%|####7     | 143/300 [01:29<01:46,  1.47it/s]Best trial: 111. Best value: 0.862366:  48%|####8     | 144/300 [01:29<01:45,  1.48it/s]                                                                                        [32m[I 2026-07-24 17:46:50,093][0m Trial 144 finished with value: 0.85251649758692 and parameters: {'max_depth': 7, 'subsample_freq': 1, 'learning_rate': 0.07622681260679204, 'num_leaves': 8, 'min_child_samples': 10, 'min_child_weight': 1.0223590974540628, 'min_split_gain': 0.14501595661920316, 'colsample_bytree': 0.8926196808690069, 'reg_alpha': 0.05, 'reg_lambda': 0.05, 'cat_smooth': 15.908465513279264, 'cat_l2': 9.7725824885099, 'min_data_per_group': 40, 'max_cat_to_onehot': 10, 'max_cat_threshold': 8, 'max_bin': 255, 'subsample': 0.9351610198418476}. Best is trial 111 with value: 0.8623658032108736.[0m
Best trial: 111. Best value: 0.862366:  48%|####8     | 144/300 [01:30<01:45,  1.48it/s]Best trial: 111. Best value: 0.862366:  48%|####8     | 144/300 [01:30<01:45,  1.48it/s]Best trial: 111. Best value: 0.862366:  48%|####8     | 145/300 [01:30<01:45,  1.47it/s]                                                                                        [32m[I 2026-07-24 17:46:50,806][0m Trial 145 finished with value: 0.859529203191175 and parameters: {'max_depth': 7, 'subsample_freq': 1, 'learning_rate': 0.07248363987504663, 'num_leaves': 7, 'min_child_samples': 5, 'min_child_weight': 1.2619840151771438, 'min_split_gain': 0.12496461302450926, 'colsample_bytree': 0.7240821271867997, 'reg_alpha': 0.05, 'reg_lambda': 0.01, 'cat_smooth': 27.432425959967205, 'cat_l2': 8.94257334867619, 'min_data_per_group': 50, 'max_cat_to_onehot': 10, 'max_cat_threshold': 8, 'max_bin': 255, 'subsample': 0.9107421190770514}. Best is trial 111 with value: 0.8623658032108736.[0m
Best trial: 111. Best value: 0.862366:  48%|####8     | 145/300 [01:30<01:45,  1.47it/s]Best trial: 111. Best value: 0.862366:  48%|####8     | 145/300 [01:30<01:45,  1.47it/s]Best trial: 111. Best value: 0.862366:  49%|####8     | 146/300 [01:30<01:46,  1.44it/s]                                                                                        [32m[I 2026-07-24 17:46:51,513][0m Trial 146 finished with value: 0.8525263468925441 and parameters: {'max_depth': 7, 'subsample_freq': 1, 'learning_rate': 0.06338497334760694, 'num_leaves': 7, 'min_child_samples': 5, 'min_child_weight': 1.3107262171521359, 'min_split_gain': 0.11529998966121614, 'colsample_bytree': 0.7508004570352645, 'reg_alpha': 0.05, 'reg_lambda': 0.01, 'cat_smooth': 27.61623953698762, 'cat_l2': 12.569379353364301, 'min_data_per_group': 50, 'max_cat_to_onehot': 10, 'max_cat_threshold': 8, 'max_bin': 255, 'subsample': 0.9081133454467736}. Best is trial 111 with value: 0.8623658032108736.[0m
Best trial: 111. Best value: 0.862366:  49%|####8     | 146/300 [01:31<01:46,  1.44it/s]Best trial: 111. Best value: 0.862366:  49%|####8     | 146/300 [01:31<01:46,  1.44it/s]Best trial: 111. Best value: 0.862366:  49%|####9     | 147/300 [01:31<01:45,  1.44it/s]                                                                                        [32m[I 2026-07-24 17:46:52,138][0m Trial 147 finished with value: 0.8539249482911455 and parameters: {'max_depth': 7, 'subsample_freq': 1, 'learning_rate': 0.07201096734032643, 'num_leaves': 5, 'min_child_samples': 5, 'min_child_weight': 1.5846343671023135, 'min_split_gain': 0.12542998411928177, 'colsample_bytree': 0.7311433325302019, 'reg_alpha': 0.05, 'reg_lambda': 0.01, 'cat_smooth': 14.635524349032373, 'cat_l2': 9.044224908471792, 'min_data_per_group': 50, 'max_cat_to_onehot': 10, 'max_cat_threshold': 8, 'max_bin': 255, 'subsample': 0.9209710740102512}. Best is trial 111 with value: 0.8623658032108736.[0m
Best trial: 111. Best value: 0.862366:  49%|####9     | 147/300 [01:32<01:45,  1.44it/s]Best trial: 111. Best value: 0.862366:  49%|####9     | 147/300 [01:32<01:45,  1.44it/s]Best trial: 111. Best value: 0.862366:  49%|####9     | 148/300 [01:32<01:42,  1.48it/s]                                                                                        [32m[I 2026-07-24 17:46:52,853][0m Trial 148 finished with value: 0.8553235496897468 and parameters: {'max_depth': 7, 'subsample_freq': 1, 'learning_rate': 0.0662539703491774, 'num_leaves': 6, 'min_child_samples': 5, 'min_child_weight': 1.739306113895701, 'min_split_gain': 0.09902857000357715, 'colsample_bytree': 0.7134511444555821, 'reg_alpha': 0.05, 'reg_lambda': 0.01, 'cat_smooth': 28.956153479507954, 'cat_l2': 8.721950626230921, 'min_data_per_group': 40, 'max_cat_to_onehot': 10, 'max_cat_threshold': 8, 'max_bin': 127, 'subsample': 0.912400422797526}. Best is trial 111 with value: 0.8623658032108736.[0m
Best trial: 111. Best value: 0.862366:  49%|####9     | 148/300 [01:32<01:42,  1.48it/s]Best trial: 111. Best value: 0.862366:  49%|####9     | 148/300 [01:32<01:42,  1.48it/s]Best trial: 111. Best value: 0.862366:  50%|####9     | 149/300 [01:32<01:43,  1.45it/s]                                                                                        [32m[I 2026-07-24 17:46:53,495][0m Trial 149 finished with value: 0.8511178961883188 and parameters: {'max_depth': 7, 'subsample_freq': 1, 'learning_rate': 0.1403398696719231, 'num_leaves': 9, 'min_child_samples': 5, 'min_child_weight': 1.281538378343928, 'min_split_gain': 0.12197049386557249, 'colsample_bytree': 0.879859735265135, 'reg_alpha': 0.05, 'reg_lambda': 0.01, 'cat_smooth': 26.559023726801723, 'cat_l2': 15.931559936051126, 'min_data_per_group': 50, 'max_cat_to_onehot': 10, 'max_cat_threshold': 8, 'max_bin': 255, 'subsample': 0.9300834960722686}. Best is trial 111 with value: 0.8623658032108736.[0m
Best trial: 111. Best value: 0.862366:  50%|####9     | 149/300 [01:33<01:43,  1.45it/s]Best trial: 111. Best value: 0.862366:  50%|####9     | 149/300 [01:33<01:43,  1.45it/s]Best trial: 111. Best value: 0.862366:  50%|#####     | 150/300 [01:33<01:41,  1.48it/s]                                                                                        [32m[I 2026-07-24 17:46:54,163][0m Trial 150 finished with value: 0.8581404510981976 and parameters: {'max_depth': 7, 'subsample_freq': 1, 'learning_rate': 0.0744629254622019, 'num_leaves': 6, 'min_child_samples': 5, 'min_child_weight': 0.9571349652215796, 'min_split_gain': 0.13471678510153212, 'colsample_bytree': 0.8888745550893007, 'reg_alpha': 0.05, 'reg_lambda': 0.001, 'cat_smooth': 19.851610318210938, 'cat_l2': 10.811513336892375, 'min_data_per_group': 40, 'max_cat_to_onehot': 10, 'max_cat_threshold': 8, 'max_bin': 255, 'subsample': 0.8919293619614813}. Best is trial 111 with value: 0.8623658032108736.[0m
Best trial: 111. Best value: 0.862366:  50%|#####     | 150/300 [01:34<01:41,  1.48it/s]Best trial: 111. Best value: 0.862366:  50%|#####     | 150/300 [01:34<01:41,  1.48it/s]Best trial: 111. Best value: 0.862366:  50%|#####     | 151/300 [01:34<01:39,  1.50it/s]                                                                                        [32m[I 2026-07-24 17:46:54,839][0m Trial 151 finished with value: 0.8595489018024229 and parameters: {'max_depth': 7, 'subsample_freq': 1, 'learning_rate': 0.08453540872450493, 'num_leaves': 7, 'min_child_samples': 10, 'min_child_weight': 1.1390589743309287, 'min_split_gain': 0.142373712118595, 'colsample_bytree': 0.7697839218726007, 'reg_alpha': 0.05, 'reg_lambda': 0.05, 'cat_smooth': 29.7988487370009, 'cat_l2': 1.3554893199160232, 'min_data_per_group': 60, 'max_cat_to_onehot': 10, 'max_cat_threshold': 8, 'max_bin': 255, 'subsample': 0.9427015468086885}. Best is trial 111 with value: 0.8623658032108736.[0m
Best trial: 111. Best value: 0.862366:  50%|#####     | 151/300 [01:34<01:39,  1.50it/s]Best trial: 111. Best value: 0.862366:  50%|#####     | 151/300 [01:34<01:39,  1.50it/s]Best trial: 111. Best value: 0.862366:  51%|#####     | 152/300 [01:34<01:39,  1.48it/s]                                                                                        [32m[I 2026-07-24 17:46:55,477][0m Trial 152 finished with value: 0.8581306017925737 and parameters: {'max_depth': 7, 'subsample_freq': 1, 'learning_rate': 0.08993990767049885, 'num_leaves': 7, 'min_child_samples': 10, 'min_child_weight': 1.4245721283116541, 'min_split_gain': 0.1294240363367425, 'colsample_bytree': 0.7421959536739999, 'reg_alpha': 0.05, 'reg_lambda': 0.01, 'cat_smooth': 29.458396571625773, 'cat_l2': 1.3357381547299527, 'min_data_per_group': 50, 'max_cat_to_onehot': 10, 'max_cat_threshold': 8, 'max_bin': 255, 'subsample': 0.9609491206572136}. Best is trial 111 with value: 0.8623658032108736.[0m
Best trial: 111. Best value: 0.862366:  51%|#####     | 152/300 [01:35<01:39,  1.48it/s]Best trial: 111. Best value: 0.862366:  51%|#####     | 152/300 [01:35<01:39,  1.48it/s]Best trial: 111. Best value: 0.862366:  51%|#####1    | 153/300 [01:35<01:36,  1.52it/s]                                                                                        [32m[I 2026-07-24 17:46:56,080][0m Trial 153 finished with value: 0.8497192947897172 and parameters: {'max_depth': 7, 'subsample_freq': 1, 'learning_rate': 0.0844847599081115, 'num_leaves': 5, 'min_child_samples': 10, 'min_child_weight': 1.1774367129601404, 'min_split_gain': 0.13672507234160156, 'colsample_bytree': 0.7663972712054596, 'reg_alpha': 0.05, 'reg_lambda': 0.1, 'cat_smooth': 25.896144188847686, 'cat_l2': 10.130157535109005, 'min_data_per_group': 60, 'max_cat_to_onehot': 10, 'max_cat_threshold': 8, 'max_bin': 255, 'subsample': 0.936955429331056}. Best is trial 111 with value: 0.8623658032108736.[0m
Best trial: 111. Best value: 0.862366:  51%|#####1    | 153/300 [01:36<01:36,  1.52it/s]Best trial: 111. Best value: 0.862366:  51%|#####1    | 153/300 [01:36<01:36,  1.52it/s]Best trial: 111. Best value: 0.862366:  51%|#####1    | 154/300 [01:36<01:34,  1.55it/s]                                                                                        [32m[I 2026-07-24 17:46:56,682][0m Trial 154 finished with value: 0.8497192947897172 and parameters: {'max_depth': 7, 'subsample_freq': 1, 'learning_rate': 0.07018910910509105, 'num_leaves': 6, 'min_child_samples': 5, 'min_child_weight': 0.7100136162307756, 'min_split_gain': 0.1015850742301662, 'colsample_bytree': 0.7713118610848073, 'reg_alpha': 0.05, 'reg_lambda': 0.05, 'cat_smooth': 29.982632820117843, 'cat_l2': 11.541113770591254, 'min_data_per_group': 50, 'max_cat_to_onehot': 10, 'max_cat_threshold': 8, 'max_bin': 255, 'subsample': 0.9523588115966942}. Best is trial 111 with value: 0.8623658032108736.[0m
