Best trial: 61. Best value: 0.859549:  22%|##2       | 66/300 [00:39<02:23,  1.63it/s]Best trial: 61. Best value: 0.859549:  22%|##2       | 66/300 [00:39<02:23,  1.63it/s]Best trial: 61. Best value: 0.859549:  22%|##2       | 67/300 [00:39<02:18,  1.69it/s]                                                                                      [32m[I 2026-07-24 17:45:59,951][0m Trial 67 finished with value: 0.8511375947995667 and parameters: {'max_depth': 7, 'subsample_freq': 0, 'learning_rate': 0.07162370411141754, 'num_leaves': 5, 'min_child_samples': 5, 'min_child_weight': 0.562121990257603, 'min_split_gain': 0.11239253232644544, 'colsample_bytree': 0.8817157561990739, 'reg_alpha': 0.05, 'reg_lambda': 0.01, 'cat_smooth': 19.85099353478637, 'cat_l2': 14.478815242264556, 'min_data_per_group': 40, 'max_cat_to_onehot': 10, 'max_cat_threshold': 8, 'max_bin': 255}. Best is trial 61 with value: 0.8595489018024229.[0m
Best trial: 61. Best value: 0.859549:  22%|##2       | 67/300 [00:39<02:18,  1.69it/s]Best trial: 61. Best value: 0.859549:  22%|##2       | 67/300 [00:40<02:18,  1.69it/s]Best trial: 61. Best value: 0.859549:  23%|##2       | 68/300 [00:40<02:13,  1.74it/s]                                                                                      [32m[I 2026-07-24 17:46:00,490][0m Trial 68 finished with value: 0.8553333989953709 and parameters: {'max_depth': 7, 'subsample_freq': 1, 'learning_rate': 0.06944777999103256, 'num_leaves': 6, 'min_child_samples': 5, 'min_child_weight': 0.2625598554243859, 'min_split_gain': 0.10280847039014372, 'colsample_bytree': 0.8920101726466142, 'reg_alpha': 0.05, 'reg_lambda': 0.01, 'cat_smooth': 21.176462651652827, 'cat_l2': 10.209212447855794, 'min_data_per_group': 50, 'max_cat_to_onehot': 10, 'max_cat_threshold': 8, 'max_bin': 255, 'subsample': 0.9960655201728976}. Best is trial 61 with value: 0.8595489018024229.[0m
Best trial: 61. Best value: 0.859549:  23%|##2       | 68/300 [00:40<02:13,  1.74it/s]Best trial: 61. Best value: 0.859549:  23%|##2       | 68/300 [00:40<02:13,  1.74it/s]Best trial: 61. Best value: 0.859549:  23%|##3       | 69/300 [00:40<02:09,  1.78it/s]                                                                                      [32m[I 2026-07-24 17:46:01,057][0m Trial 69 finished with value: 0.8553333989953709 and parameters: {'max_depth': 7, 'subsample_freq': 1, 'learning_rate': 0.08434225973607688, 'num_leaves': 5, 'min_child_samples': 10, 'min_child_weight': 1.1295918012724182, 'min_split_gain': 0.09710079551769493, 'colsample_bytree': 0.8769112392882812, 'reg_alpha': 0.05, 'reg_lambda': 0.01, 'cat_smooth': 18.773176302245467, 'cat_l2': 18.74399269569655, 'min_data_per_group': 50, 'max_cat_to_onehot': 10, 'max_cat_threshold': 8, 'max_bin': 255, 'subsample': 0.9741401004524957}. Best is trial 61 with value: 0.8595489018024229.[0m
Best trial: 61. Best value: 0.859549:  23%|##3       | 69/300 [00:41<02:09,  1.78it/s]Best trial: 61. Best value: 0.859549:  23%|##3       | 69/300 [00:41<02:09,  1.78it/s]Best trial: 61. Best value: 0.859549:  23%|##3       | 70/300 [00:41<02:09,  1.78it/s]                                                                                      [32m[I 2026-07-24 17:46:01,711][0m Trial 70 finished with value: 0.8553333989953709 and parameters: {'max_depth': 7, 'subsample_freq': 1, 'learning_rate': 0.05587394379695168, 'num_leaves': 7, 'min_child_samples': 5, 'min_child_weight': 1.6411386987536631, 'min_split_gain': 0.10653539648981064, 'colsample_bytree': 0.8382925344392312, 'reg_alpha': 0.05, 'reg_lambda': 0.01, 'cat_smooth': 18.114236354177297, 'cat_l2': 1.7119392298019218, 'min_data_per_group': 60, 'max_cat_to_onehot': 10, 'max_cat_threshold': 8, 'max_bin': 255, 'subsample': 0.906996598864478}. Best is trial 61 with value: 0.8595489018024229.[0m
Best trial: 61. Best value: 0.859549:  23%|##3       | 70/300 [00:41<02:09,  1.78it/s]Best trial: 61. Best value: 0.859549:  23%|##3       | 70/300 [00:41<02:09,  1.78it/s]Best trial: 61. Best value: 0.859549:  24%|##3       | 71/300 [00:41<02:16,  1.68it/s]                                                                                      [32m[I 2026-07-24 17:46:02,395][0m Trial 71 finished with value: 0.8511277454939427 and parameters: {'max_depth': 7, 'subsample_freq': 1, 'learning_rate': 0.0767989920060159, 'num_leaves': 6, 'min_child_samples': 10, 'min_child_weight': 0.8071394960230109, 'min_split_gain': 0.07610119409575593, 'colsample_bytree': 0.9153838281650242, 'reg_alpha': 0.05, 'reg_lambda': 0.01, 'cat_smooth': 16.575529780086082, 'cat_l2': 12.476043522989942, 'min_data_per_group': 40, 'max_cat_to_onehot': 10, 'max_cat_threshold': 8, 'max_bin': 255, 'subsample': 0.9399487615962463}. Best is trial 61 with value: 0.8595489018024229.[0m
Best trial: 61. Best value: 0.859549:  24%|##3       | 71/300 [00:42<02:16,  1.68it/s]Best trial: 61. Best value: 0.859549:  24%|##3       | 71/300 [00:42<02:16,  1.68it/s]Best trial: 61. Best value: 0.859549:  24%|##4       | 72/300 [00:42<02:21,  1.61it/s]                                                                                      [32m[I 2026-07-24 17:46:03,004][0m Trial 72 finished with value: 0.8539249482911455 and parameters: {'max_depth': 7, 'subsample_freq': 1, 'learning_rate': 0.09933517872199225, 'num_leaves': 4, 'min_child_samples': 15, 'min_child_weight': 0.9372667774319474, 'min_split_gain': 0.11422440753212747, 'colsample_bytree': 0.8984296585665691, 'reg_alpha': 0.05, 'reg_lambda': 0.01, 'cat_smooth': 19.3195641887815, 'cat_l2': 9.815685458333597, 'min_data_per_group': 30, 'max_cat_to_onehot': 10, 'max_cat_threshold': 8, 'max_bin': 255, 'subsample': 0.9046091368188041}. Best is trial 61 with value: 0.8595489018024229.[0m
Best trial: 61. Best value: 0.859549:  24%|##4       | 72/300 [00:42<02:21,  1.61it/s]Best trial: 61. Best value: 0.859549:  24%|##4       | 72/300 [00:43<02:21,  1.61it/s]Best trial: 61. Best value: 0.859549:  24%|##4       | 73/300 [00:43<02:18,  1.63it/s]                                                                                      [32m[I 2026-07-24 17:46:03,599][0m Trial 73 finished with value: 0.8567221510883483 and parameters: {'max_depth': 7, 'subsample_freq': 1, 'learning_rate': 0.08603177569108628, 'num_leaves': 8, 'min_child_samples': 5, 'min_child_weight': 1.1721822918019345, 'min_split_gain': 0.10071991336473585, 'colsample_bytree': 0.8662207687361807, 'reg_alpha': 0.05, 'reg_lambda': 0.01, 'cat_smooth': 17.35431297156207, 'cat_l2': 11.323403144460203, 'min_data_per_group': 40, 'max_cat_to_onehot': 10, 'max_cat_threshold': 8, 'max_bin': 255, 'subsample': 0.9633180401481871}. Best is trial 61 with value: 0.8595489018024229.[0m
Best trial: 61. Best value: 0.859549:  24%|##4       | 73/300 [00:43<02:18,  1.63it/s]Best trial: 61. Best value: 0.859549:  24%|##4       | 73/300 [00:43<02:18,  1.63it/s]Best trial: 61. Best value: 0.859549:  25%|##4       | 74/300 [00:43<02:17,  1.64it/s]                                                                                      [32m[I 2026-07-24 17:46:04,206][0m Trial 74 finished with value: 0.8426967398798386 and parameters: {'max_depth': 7, 'subsample_freq': 1, 'learning_rate': 0.06661024286294048, 'num_leaves': 5, 'min_child_samples': 10, 'min_child_weight': 0.612253243833417, 'min_split_gain': 0.08882617250378777, 'colsample_bytree': 0.8857105156062335, 'reg_alpha': 1.0, 'reg_lambda': 0.01, 'cat_smooth': 15.415734152300951, 'cat_l2': 7.925305559837762, 'min_data_per_group': 30, 'max_cat_to_onehot': 10, 'max_cat_threshold': 8, 'max_bin': 255, 'subsample': 0.9396877648782421}. Best is trial 61 with value: 0.8595489018024229.[0m
Best trial: 61. Best value: 0.859549:  25%|##4       | 74/300 [00:44<02:17,  1.64it/s]Best trial: 61. Best value: 0.859549:  25%|##4       | 74/300 [00:44<02:17,  1.64it/s]Best trial: 61. Best value: 0.859549:  25%|##5       | 75/300 [00:44<02:17,  1.64it/s]                                                                                      [32m[I 2026-07-24 17:46:04,831][0m Trial 75 finished with value: 0.8539249482911455 and parameters: {'max_depth': 7, 'subsample_freq': 1, 'learning_rate': 0.07572307727370424, 'num_leaves': 6, 'min_child_samples': 10, 'min_child_weight': 0.7698800180377291, 'min_split_gain': 0.0886585832560732, 'colsample_bytree': 0.8767390019683625, 'reg_alpha': 0.001, 'reg_lambda': 1.0, 'cat_smooth': 20.752434945357216, 'cat_l2': 6.658915771512464, 'min_data_per_group': 40, 'max_cat_to_onehot': 10, 'max_cat_threshold': 8, 'max_bin': 255, 'subsample': 0.8968000539924996}. Best is trial 61 with value: 0.8595489018024229.[0m
Best trial: 61. Best value: 0.859549:  25%|##5       | 75/300 [00:44<02:17,  1.64it/s]Best trial: 61. Best value: 0.859549:  25%|##5       | 75/300 [00:44<02:17,  1.64it/s]Best trial: 61. Best value: 0.859549:  25%|##5       | 76/300 [00:44<02:17,  1.63it/s]                                                                                      [32m[I 2026-07-24 17:46:05,408][0m Trial 76 finished with value: 0.8469023933812665 and parameters: {'max_depth': 6, 'subsample_freq': 0, 'learning_rate': 0.059016774698686734, 'num_leaves': 7, 'min_child_samples': 15, 'min_child_weight': 0.42745763955723876, 'min_split_gain': 0.10754937332224856, 'colsample_bytree': 0.8991150428618507, 'reg_alpha': 0.05, 'reg_lambda': 0.01, 'cat_smooth': 14.269030093031022, 'cat_l2': 15.03470090225226, 'min_data_per_group': 70, 'max_cat_to_onehot': 10, 'max_cat_threshold': 8, 'max_bin': 255}. Best is trial 61 with value: 0.8595489018024229.[0m
Best trial: 61. Best value: 0.859549:  25%|##5       | 76/300 [00:45<02:17,  1.63it/s]Best trial: 61. Best value: 0.859549:  25%|##5       | 76/300 [00:45<02:17,  1.63it/s]Best trial: 61. Best value: 0.859549:  26%|##5       | 77/300 [00:45<02:14,  1.65it/s]                                                                                      [32m[I 2026-07-24 17:46:06,001][0m Trial 77 finished with value: 0.8511080468826947 and parameters: {'max_depth': 7, 'subsample_freq': 1, 'learning_rate': 0.0906016286163449, 'num_leaves': 5, 'min_child_samples': 5, 'min_child_weight': 1.995599532542819, 'min_split_gain': 0.11673354283275514, 'colsample_bytree': 0.9084899943331987, 'reg_alpha': 0.0, 'reg_lambda': 0.01, 'cat_smooth': 22.12294168486207, 'cat_l2': 8.879673679786197, 'min_data_per_group': 50, 'max_cat_to_onehot': 10, 'max_cat_threshold': 8, 'max_bin': 255, 'subsample': 0.9342795339735843}. Best is trial 61 with value: 0.8595489018024229.[0m
Best trial: 61. Best value: 0.859549:  26%|##5       | 77/300 [00:45<02:14,  1.65it/s]Best trial: 61. Best value: 0.859549:  26%|##5       | 77/300 [00:46<02:14,  1.65it/s]Best trial: 61. Best value: 0.859549:  26%|##6       | 78/300 [00:46<02:12,  1.67it/s]                                                                                      [32m[I 2026-07-24 17:46:06,640][0m Trial 78 finished with value: 0.8539052496798977 and parameters: {'max_depth': 7, 'subsample_freq': 1, 'learning_rate': 0.07914535808363245, 'num_leaves': 4, 'min_child_samples': 15, 'min_child_weight': 1.4638127168823594, 'min_split_gain': 0.07903291635845654, 'colsample_bytree': 0.8879157640875324, 'reg_alpha': 0.05, 'reg_lambda': 2.0, 'cat_smooth': 17.918671184816944, 'cat_l2': 12.972827662293467, 'min_data_per_group': 50, 'max_cat_to_onehot': 10, 'max_cat_threshold': 8, 'max_bin': 255, 'subsample': 0.8781960338647218}. Best is trial 61 with value: 0.8595489018024229.[0m
Best trial: 61. Best value: 0.859549:  26%|##6       | 78/300 [00:46<02:12,  1.67it/s]Best trial: 61. Best value: 0.859549:  26%|##6       | 78/300 [00:46<02:12,  1.67it/s]Best trial: 61. Best value: 0.859549:  26%|##6       | 79/300 [00:46<02:16,  1.62it/s]                                                                                      [32m[I 2026-07-24 17:46:07,138][0m Trial 79 finished with value: 0.8398699891657639 and parameters: {'max_depth': 6, 'subsample_freq': 1, 'learning_rate': 0.11134297705940861, 'num_leaves': 9, 'min_child_samples': 5, 'min_child_weight': 1.0112527467454897, 'min_split_gain': 0.10032156485879994, 'colsample_bytree': 0.9291211451879218, 'reg_alpha': 1.0, 'reg_lambda': 0.01, 'cat_smooth': 15.884155692356304, 'cat_l2': 11.775678013030982, 'min_data_per_group': 30, 'max_cat_to_onehot': 10, 'max_cat_threshold': 8, 'max_bin': 255, 'subsample': 0.9870597225732578}. Best is trial 61 with value: 0.8595489018024229.[0m
Best trial: 61. Best value: 0.859549:  26%|##6       | 79/300 [00:47<02:16,  1.62it/s]Best trial: 61. Best value: 0.859549:  26%|##6       | 79/300 [00:47<02:16,  1.62it/s]Best trial: 61. Best value: 0.859549:  27%|##6       | 80/300 [00:47<02:06,  1.73it/s]                                                                                      [32m[I 2026-07-24 17:46:07,728][0m Trial 80 finished with value: 0.8497291440953413 and parameters: {'max_depth': 7, 'subsample_freq': 1, 'learning_rate': 0.06579882647714975, 'num_leaves': 7, 'min_child_samples': 10, 'min_child_weight': 0.5303379727106684, 'min_split_gain': 0.10882238130033281, 'colsample_bytree': 0.8554123344084609, 'reg_alpha': 0.1, 'reg_lambda': 0.001, 'cat_smooth': 14.604788936056474, 'cat_l2': 21.882665060679034, 'min_data_per_group': 40, 'max_cat_to_onehot': 10, 'max_cat_threshold': 32, 'max_bin': 31, 'subsample': 0.9213796265746}. Best is trial 61 with value: 0.8595489018024229.[0m
Best trial: 61. Best value: 0.859549:  27%|##6       | 80/300 [00:47<02:06,  1.73it/s]Best trial: 61. Best value: 0.859549:  27%|##6       | 80/300 [00:47<02:06,  1.73it/s]Best trial: 61. Best value: 0.859549:  27%|##7       | 81/300 [00:47<02:07,  1.71it/s]                                                                                      [32m[I 2026-07-24 17:46:08,362][0m Trial 81 finished with value: 0.8609376538954002 and parameters: {'max_depth': 7, 'subsample_freq': 1, 'learning_rate': 0.09779605583799666, 'num_leaves': 8, 'min_child_samples': 5, 'min_child_weight': 1.343011339760481, 'min_split_gain': 0.10338202993952948, 'colsample_bytree': 0.864587970576739, 'reg_alpha': 0.05, 'reg_lambda': 0.01, 'cat_smooth': 17.348470847884172, 'cat_l2': 10.834577649227581, 'min_data_per_group': 40, 'max_cat_to_onehot': 10, 'max_cat_threshold': 8, 'max_bin': 255, 'subsample': 0.9635757755858331}. Best is trial 81 with value: 0.8609376538954002.[0m
Best trial: 61. Best value: 0.859549:  27%|##7       | 81/300 [00:48<02:07,  1.71it/s]Best trial: 81. Best value: 0.860938:  27%|##7       | 81/300 [00:48<02:07,  1.71it/s]Best trial: 81. Best value: 0.860938:  27%|##7       | 82/300 [00:48<02:10,  1.67it/s]                                                                                      [32m[I 2026-07-24 17:46:08,963][0m Trial 82 finished with value: 0.8567320003939722 and parameters: {'max_depth': 7, 'subsample_freq': 1, 'learning_rate': 0.09654113433581966, 'num_leaves': 6, 'min_child_samples': 5, 'min_child_weight': 1.2373715818140718, 'min_split_gain': 0.09716806280594921, 'colsample_bytree': 0.8698322439318475, 'reg_alpha': 0.05, 'reg_lambda': 0.01, 'cat_smooth': 19.44561438828829, 'cat_l2': 9.68400449199213, 'min_data_per_group': 40, 'max_cat_to_onehot': 10, 'max_cat_threshold': 8, 'max_bin': 255, 'subsample': 0.9640992130631751}. Best is trial 81 with value: 0.8609376538954002.[0m
Best trial: 81. Best value: 0.860938:  27%|##7       | 82/300 [00:48<02:10,  1.67it/s]Best trial: 81. Best value: 0.860938:  27%|##7       | 82/300 [00:49<02:10,  1.67it/s]Best trial: 81. Best value: 0.860938:  28%|##7       | 83/300 [00:49<02:09,  1.67it/s]                                                                                      [32m[I 2026-07-24 17:46:09,606][0m Trial 83 finished with value: 0.8595489018024229 and parameters: {'max_depth': 7, 'subsample_freq': 1, 'learning_rate': 0.10021078269688673, 'num_leaves': 6, 'min_child_samples': 5, 'min_child_weight': 1.7040980709115043, 'min_split_gain': 0.09709266264735664, 'colsample_bytree': 0.8443779375583831, 'reg_alpha': 0.05, 'reg_lambda': 0.01, 'cat_smooth': 22.721188762583182, 'cat_l2': 9.615815512119005, 'min_data_per_group': 40, 'max_cat_to_onehot': 10, 'max_cat_threshold': 8, 'max_bin': 255, 'subsample': 0.9620402693375641}. Best is trial 81 with value: 0.8609376538954002.[0m
Best trial: 81. Best value: 0.860938:  28%|##7       | 83/300 [00:49<02:09,  1.67it/s]Best trial: 81. Best value: 0.860938:  28%|##7       | 83/300 [00:49<02:09,  1.67it/s]Best trial: 81. Best value: 0.860938:  28%|##8       | 84/300 [00:49<02:12,  1.63it/s]                                                                                      [32m[I 2026-07-24 17:46:10,262][0m Trial 84 finished with value: 0.8553235496897468 and parameters: {'max_depth': 7, 'subsample_freq': 1, 'learning_rate': 0.10607562758747789, 'num_leaves': 6, 'min_child_samples': 5, 'min_child_weight': 1.6556827706301278, 'min_split_gain': 0.09224103912740556, 'colsample_bytree': 0.8447735962999855, 'reg_alpha': 0.01, 'reg_lambda': 0.01, 'cat_smooth': 24.263010153917456, 'cat_l2': 10.603239948300685, 'min_data_per_group': 40, 'max_cat_to_onehot': 10, 'max_cat_threshold': 8, 'max_bin': 255, 'subsample': 0.9880810891795041}. Best is trial 81 with value: 0.8609376538954002.[0m
Best trial: 81. Best value: 0.860938:  28%|##8       | 84/300 [00:50<02:12,  1.63it/s]Best trial: 81. Best value: 0.860938:  28%|##8       | 84/300 [00:50<02:12,  1.63it/s]Best trial: 81. Best value: 0.860938:  28%|##8       | 85/300 [00:50<02:14,  1.60it/s]                                                                                      [32m[I 2026-07-24 17:46:10,944][0m Trial 85 finished with value: 0.8581404510981976 and parameters: {'max_depth': 7, 'subsample_freq': 1, 'learning_rate': 0.07036920821660791, 'num_leaves': 8, 'min_child_samples': 5, 'min_child_weight': 1.667168863248009, 'min_split_gain': 0.12164702589197497, 'colsample_bytree': 0.880666843780391, 'reg_alpha': 0.05, 'reg_lambda': 0.05, 'cat_smooth': 26.622670944450583, 'cat_l2': 7.828791754463087, 'min_data_per_group': 50, 'max_cat_to_onehot': 10, 'max_cat_threshold': 8, 'max_bin': 255, 'subsample': 0.950297449525954}. Best is trial 81 with value: 0.8609376538954002.[0m
Best trial: 81. Best value: 0.860938:  28%|##8       | 85/300 [00:50<02:14,  1.60it/s]Best trial: 81. Best value: 0.860938:  28%|##8       | 85/300 [00:50<02:14,  1.60it/s]Best trial: 81. Best value: 0.860938:  29%|##8       | 86/300 [00:50<02:16,  1.57it/s]                                                                                      [32m[I 2026-07-24 17:46:11,600][0m Trial 86 finished with value: 0.8581306017925737 and parameters: {'max_depth': 7, 'subsample_freq': 1, 'learning_rate': 0.07096319191433377, 'num_leaves': 5, 'min_child_samples': 5, 'min_child_weight': 1.7032056560810127, 'min_split_gain': 0.12456292263879333, 'colsample_bytree': 0.8787793888751801, 'reg_alpha': 0.05, 'reg_lambda': 0.05, 'cat_smooth': 26.883181878867106, 'cat_l2': 5.306589074225062, 'min_data_per_group': 50, 'max_cat_to_onehot': 10, 'max_cat_threshold': 8, 'max_bin': 255, 'subsample': 0.9552285811551939}. Best is trial 81 with value: 0.8609376538954002.[0m
Best trial: 81. Best value: 0.860938:  29%|##8       | 86/300 [00:51<02:16,  1.57it/s]Best trial: 81. Best value: 0.860938:  29%|##8       | 86/300 [00:51<02:16,  1.57it/s]Best trial: 81. Best value: 0.860938:  29%|##9       | 87/300 [00:51<02:18,  1.54it/s]                                                                                      [32m[I 2026-07-24 17:46:12,261][0m Trial 87 finished with value: 0.8567221510883483 and parameters: {'max_depth': 7, 'subsample_freq': 1, 'learning_rate': 0.06952124620573162, 'num_leaves': 8, 'min_child_samples': 5, 'min_child_weight': 1.7629254825174372, 'min_split_gain': 0.1276527955043763, 'colsample_bytree': 0.8760516925615169, 'reg_alpha': 0.05, 'reg_lambda': 0.05, 'cat_smooth': 27.053793931916346, 'cat_l2': 5.362015335039738, 'min_data_per_group': 50, 'max_cat_to_onehot': 10, 'max_cat_threshold': 8, 'max_bin': 255, 'subsample': 0.9492378001756686}. Best is trial 81 with value: 0.8609376538954002.[0m
Best trial: 81. Best value: 0.860938:  29%|##9       | 87/300 [00:52<02:18,  1.54it/s]Best trial: 81. Best value: 0.860938:  29%|##9       | 87/300 [00:52<02:18,  1.54it/s]Best trial: 81. Best value: 0.860938:  29%|##9       | 88/300 [00:52<02:17,  1.54it/s]                                                                                      [32m[I 2026-07-24 17:46:12,920][0m Trial 88 finished with value: 0.8384615384615385 and parameters: {'max_depth': 7, 'subsample_freq': 1, 'learning_rate': 0.010808468262504962, 'num_leaves': 5, 'min_child_samples': 5, 'min_child_weight': 1.2956917339115648, 'min_split_gain': 0.11963643120493615, 'colsample_bytree': 0.8511535865435103, 'reg_alpha': 0.05, 'reg_lambda': 0.05, 'cat_smooth': 25.475314782036687, 'cat_l2': 3.497725117843325, 'min_data_per_group': 60, 'max_cat_to_onehot': 10, 'max_cat_threshold': 8, 'max_bin': 255, 'subsample': 0.9645211877982608}. Best is trial 81 with value: 0.8609376538954002.[0m
