Best trial: 216. Best value: 0.863755:  81%|########  | 242/300 [02:34<00:40,  1.44it/s]Best trial: 216. Best value: 0.863755:  81%|########  | 242/300 [02:34<00:40,  1.44it/s]Best trial: 216. Best value: 0.863755:  81%|########1 | 243/300 [02:34<00:40,  1.41it/s]                                                                                        [32m[I 2026-07-24 17:47:55,515][0m Trial 243 finished with value: 0.8581503004038217 and parameters: {'max_depth': 7, 'subsample_freq': 1, 'learning_rate': 0.1082492233392516, 'num_leaves': 4, 'min_child_samples': 10, 'min_child_weight': 0.6581185234986202, 'min_split_gain': 0.08928162728300969, 'colsample_bytree': 0.8759015565375559, 'reg_alpha': 0.001, 'reg_lambda': 0.05, 'cat_smooth': 28.043389792087986, 'cat_l2': 8.169696812057666, 'min_data_per_group': 60, 'max_cat_to_onehot': 10, 'max_cat_threshold': 8, 'max_bin': 127, 'subsample': 0.9600053072833467}. Best is trial 216 with value: 0.863754555303851.[0m
Best trial: 216. Best value: 0.863755:  81%|########1 | 243/300 [02:35<00:40,  1.41it/s]Best trial: 216. Best value: 0.863755:  81%|########1 | 243/300 [02:35<00:40,  1.41it/s]Best trial: 216. Best value: 0.863755:  81%|########1 | 244/300 [02:35<00:39,  1.42it/s]                                                                                        [32m[I 2026-07-24 17:47:56,217][0m Trial 244 finished with value: 0.8539150989855215 and parameters: {'max_depth': 7, 'subsample_freq': 1, 'learning_rate': 0.09330170295733423, 'num_leaves': 6, 'min_child_samples': 10, 'min_child_weight': 1.1377117254697173, 'min_split_gain': 0.0852296822007927, 'colsample_bytree': 0.8915141140008832, 'reg_alpha': 0.001, 'reg_lambda': 0.05, 'cat_smooth': 29.986611494921924, 'cat_l2': 9.858449211150315, 'min_data_per_group': 90, 'max_cat_to_onehot': 10, 'max_cat_threshold': 8, 'max_bin': 127, 'subsample': 0.9737594511177567}. Best is trial 216 with value: 0.863754555303851.[0m
Best trial: 216. Best value: 0.863755:  81%|########1 | 244/300 [02:36<00:39,  1.42it/s]Best trial: 216. Best value: 0.863755:  81%|########1 | 244/300 [02:36<00:39,  1.42it/s]Best trial: 216. Best value: 0.863755:  82%|########1 | 245/300 [02:36<00:38,  1.42it/s]                                                                                        [32m[I 2026-07-24 17:47:56,988][0m Trial 245 finished with value: 0.8595489018024228 and parameters: {'max_depth': 7, 'subsample_freq': 1, 'learning_rate': 0.09874935652634148, 'num_leaves': 5, 'min_child_samples': 10, 'min_child_weight': 1.0293904795902757, 'min_split_gain': 0.09445964353491329, 'colsample_bytree': 0.9124442929697135, 'reg_alpha': 0.001, 'reg_lambda': 0.01, 'cat_smooth': 28.290054007071337, 'cat_l2': 7.877914823552052, 'min_data_per_group': 60, 'max_cat_to_onehot': 10, 'max_cat_threshold': 32, 'max_bin': 255, 'subsample': 0.9698728471659667}. Best is trial 216 with value: 0.863754555303851.[0m
Best trial: 216. Best value: 0.863755:  82%|########1 | 245/300 [02:36<00:38,  1.42it/s]Best trial: 216. Best value: 0.863755:  82%|########1 | 245/300 [02:37<00:38,  1.42it/s]Best trial: 216. Best value: 0.863755:  82%|########2 | 246/300 [02:37<00:38,  1.39it/s]                                                                                        [32m[I 2026-07-24 17:47:57,717][0m Trial 246 finished with value: 0.8567418496995962 and parameters: {'max_depth': 7, 'subsample_freq': 1, 'learning_rate': 0.09727433536615838, 'num_leaves': 5, 'min_child_samples': 10, 'min_child_weight': 0.9434036576329576, 'min_split_gain': 0.09466315826775142, 'colsample_bytree': 0.8825635394102691, 'reg_alpha': 0.0, 'reg_lambda': 0.01, 'cat_smooth': 27.302774440448914, 'cat_l2': 8.975326767218482, 'min_data_per_group': 60, 'max_cat_to_onehot': 10, 'max_cat_threshold': 8, 'max_bin': 255, 'subsample': 0.9523525968880973}. Best is trial 216 with value: 0.863754555303851.[0m
Best trial: 216. Best value: 0.863755:  82%|########2 | 246/300 [02:37<00:38,  1.39it/s]Best trial: 216. Best value: 0.863755:  82%|########2 | 246/300 [02:37<00:38,  1.39it/s]Best trial: 216. Best value: 0.863755:  82%|########2 | 247/300 [02:37<00:38,  1.37it/s]                                                                                        [32m[I 2026-07-24 17:47:58,248][0m Trial 247 finished with value: 0.8356446370530877 and parameters: {'max_depth': 7, 'subsample_freq': 1, 'learning_rate': 0.09806767817075829, 'num_leaves': 6, 'min_child_samples': 10, 'min_child_weight': 0.7938259573680944, 'min_split_gain': 0.09772722442577603, 'colsample_bytree': 0.9283426999196982, 'reg_alpha': 2.0, 'reg_lambda': 0.01, 'cat_smooth': 28.51936188046522, 'cat_l2': 7.169970635155097, 'min_data_per_group': 60, 'max_cat_to_onehot': 10, 'max_cat_threshold': 32, 'max_bin': 255, 'subsample': 0.9839479024034279}. Best is trial 216 with value: 0.863754555303851.[0m
Best trial: 216. Best value: 0.863755:  82%|########2 | 247/300 [02:38<00:38,  1.37it/s]Best trial: 216. Best value: 0.863755:  82%|########2 | 247/300 [02:38<00:38,  1.37it/s]Best trial: 216. Best value: 0.863755:  83%|########2 | 248/300 [02:38<00:34,  1.51it/s]                                                                                        [32m[I 2026-07-24 17:47:58,882][0m Trial 248 finished with value: 0.8595587511080469 and parameters: {'max_depth': 7, 'subsample_freq': 1, 'learning_rate': 0.10503910920582077, 'num_leaves': 5, 'min_child_samples': 10, 'min_child_weight': 1.037106447492355, 'min_split_gain': 0.10026776015148542, 'colsample_bytree': 0.9196922973095328, 'reg_alpha': 0.001, 'reg_lambda': 0.01, 'cat_smooth': 27.963730011417372, 'cat_l2': 9.849764196864585, 'min_data_per_group': 60, 'max_cat_to_onehot': 10, 'max_cat_threshold': 32, 'max_bin': 255, 'subsample': 0.9641030821675789}. Best is trial 216 with value: 0.863754555303851.[0m
Best trial: 216. Best value: 0.863755:  83%|########2 | 248/300 [02:38<00:34,  1.51it/s]Best trial: 216. Best value: 0.863755:  83%|########2 | 248/300 [02:38<00:34,  1.51it/s]Best trial: 216. Best value: 0.863755:  83%|########2 | 249/300 [02:38<00:33,  1.53it/s]                                                                                        [32m[I 2026-07-24 17:47:59,564][0m Trial 249 finished with value: 0.8553333989953709 and parameters: {'max_depth': 7, 'subsample_freq': 1, 'learning_rate': 0.09102256072228825, 'num_leaves': 5, 'min_child_samples': 10, 'min_child_weight': 0.987061445687756, 'min_split_gain': 0.09363938526595293, 'colsample_bytree': 0.9096360860161892, 'reg_alpha': 0.001, 'reg_lambda': 0.01, 'cat_smooth': 27.657575119830863, 'cat_l2': 10.498137156170886, 'min_data_per_group': 60, 'max_cat_to_onehot': 10, 'max_cat_threshold': 32, 'max_bin': 255, 'subsample': 0.9751714731047637}. Best is trial 216 with value: 0.863754555303851.[0m
Best trial: 216. Best value: 0.863755:  83%|########2 | 249/300 [02:39<00:33,  1.53it/s]Best trial: 216. Best value: 0.863755:  83%|########2 | 249/300 [02:39<00:33,  1.53it/s]Best trial: 216. Best value: 0.863755:  83%|########3 | 250/300 [02:39<00:33,  1.51it/s]                                                                                        [32m[I 2026-07-24 17:48:00,245][0m Trial 250 finished with value: 0.8553235496897468 and parameters: {'max_depth': 7, 'subsample_freq': 1, 'learning_rate': 0.10126266721978162, 'num_leaves': 5, 'min_child_samples': 10, 'min_child_weight': 1.0552201049310541, 'min_split_gain': 0.06367291070928521, 'colsample_bytree': 0.9142095581519272, 'reg_alpha': 0.001, 'reg_lambda': 0.01, 'cat_smooth': 27.95489335855261, 'cat_l2': 9.769701197105805, 'min_data_per_group': 70, 'max_cat_to_onehot': 10, 'max_cat_threshold': 32, 'max_bin': 255, 'subsample': 0.8247627963045694}. Best is trial 216 with value: 0.863754555303851.[0m
Best trial: 216. Best value: 0.863755:  83%|########3 | 250/300 [02:40<00:33,  1.51it/s]Best trial: 216. Best value: 0.863755:  83%|########3 | 250/300 [02:40<00:33,  1.51it/s]Best trial: 216. Best value: 0.863755:  84%|########3 | 251/300 [02:40<00:32,  1.49it/s]                                                                                        [32m[I 2026-07-24 17:48:00,897][0m Trial 251 finished with value: 0.8581404510981976 and parameters: {'max_depth': 7, 'subsample_freq': 1, 'learning_rate': 0.10731708130763623, 'num_leaves': 6, 'min_child_samples': 10, 'min_child_weight': 0.8574683312779235, 'min_split_gain': 0.09927633828093757, 'colsample_bytree': 0.8999142821889706, 'reg_alpha': 0.001, 'reg_lambda': 0.01, 'cat_smooth': 27.227503063479077, 'cat_l2': 4.027747626136444, 'min_data_per_group': 60, 'max_cat_to_onehot': 10, 'max_cat_threshold': 32, 'max_bin': 255, 'subsample': 0.963724101178771}. Best is trial 216 with value: 0.863754555303851.[0m
Best trial: 216. Best value: 0.863755:  84%|########3 | 251/300 [02:40<00:32,  1.49it/s]Best trial: 216. Best value: 0.863755:  84%|########3 | 251/300 [02:40<00:32,  1.49it/s]Best trial: 216. Best value: 0.863755:  84%|########4 | 252/300 [02:40<00:31,  1.50it/s]                                                                                        [32m[I 2026-07-24 17:48:01,570][0m Trial 252 finished with value: 0.8581404510981976 and parameters: {'max_depth': 7, 'subsample_freq': 1, 'learning_rate': 0.10514227119312032, 'num_leaves': 5, 'min_child_samples': 10, 'min_child_weight': 1.2760887371662186, 'min_split_gain': 0.057842050719689356, 'colsample_bytree': 0.9225500727686041, 'reg_alpha': 0.1, 'reg_lambda': 0.01, 'cat_smooth': 28.43396107297167, 'cat_l2': 9.49331021866447, 'min_data_per_group': 60, 'max_cat_to_onehot': 10, 'max_cat_threshold': 32, 'max_bin': 255, 'subsample': 0.9601055439390034}. Best is trial 216 with value: 0.863754555303851.[0m
Best trial: 216. Best value: 0.863755:  84%|########4 | 252/300 [02:41<00:31,  1.50it/s]Best trial: 216. Best value: 0.863755:  84%|########4 | 252/300 [02:41<00:31,  1.50it/s]Best trial: 216. Best value: 0.863755:  84%|########4 | 253/300 [02:41<00:31,  1.50it/s]                                                                                        [32m[I 2026-07-24 17:48:02,157][0m Trial 253 finished with value: 0.8581306017925737 and parameters: {'max_depth': 7, 'subsample_freq': 1, 'learning_rate': 0.09455926257868914, 'num_leaves': 6, 'min_child_samples': 15, 'min_child_weight': 0.7153094271509151, 'min_split_gain': 0.048846155698633556, 'colsample_bytree': 0.8710377849914114, 'reg_alpha': 0.001, 'reg_lambda': 0.01, 'cat_smooth': 18.982329879327498, 'cat_l2': 11.823322158073816, 'min_data_per_group': 60, 'max_cat_to_onehot': 4, 'max_cat_threshold': 32, 'max_bin': 255, 'subsample': 0.9662221777570391}. Best is trial 216 with value: 0.863754555303851.[0m
Best trial: 216. Best value: 0.863755:  84%|########4 | 253/300 [02:42<00:31,  1.50it/s]Best trial: 216. Best value: 0.863755:  84%|########4 | 253/300 [02:42<00:31,  1.50it/s]Best trial: 216. Best value: 0.863755:  85%|########4 | 254/300 [02:42<00:29,  1.55it/s]                                                                                        [32m[I 2026-07-24 17:48:02,787][0m Trial 254 finished with value: 0.8567418496995962 and parameters: {'max_depth': 7, 'subsample_freq': 1, 'learning_rate': 0.10151502640243588, 'num_leaves': 4, 'min_child_samples': 10, 'min_child_weight': 1.2031834319753458, 'min_split_gain': 0.09087213838774894, 'colsample_bytree': 0.917728357839147, 'reg_alpha': 0.001, 'reg_lambda': 0.01, 'cat_smooth': 16.90706586877845, 'cat_l2': 8.552930314213084, 'min_data_per_group': 60, 'max_cat_to_onehot': 10, 'max_cat_threshold': 32, 'max_bin': 255, 'subsample': 0.9784859543060274}. Best is trial 216 with value: 0.863754555303851.[0m
Best trial: 216. Best value: 0.863755:  85%|########4 | 254/300 [02:42<00:29,  1.55it/s]Best trial: 216. Best value: 0.863755:  85%|########4 | 254/300 [02:42<00:29,  1.55it/s]Best trial: 216. Best value: 0.863755:  85%|########5 | 255/300 [02:42<00:28,  1.57it/s]                                                                                        [32m[I 2026-07-24 17:48:03,468][0m Trial 255 finished with value: 0.8539150989855215 and parameters: {'max_depth': 7, 'subsample_freq': 1, 'learning_rate': 0.08992576132686468, 'num_leaves': 5, 'min_child_samples': 10, 'min_child_weight': 0.9915566071311477, 'min_split_gain': 0.09633106409386642, 'colsample_bytree': 0.7638811252304644, 'reg_alpha': 0.001, 'reg_lambda': 0.01, 'cat_smooth': 28.965000101520005, 'cat_l2': 9.123481331271703, 'min_data_per_group': 40, 'max_cat_to_onehot': 10, 'max_cat_threshold': 32, 'max_bin': 255, 'subsample': 0.9700465852620865}. Best is trial 216 with value: 0.863754555303851.[0m
Best trial: 216. Best value: 0.863755:  85%|########5 | 255/300 [02:43<00:28,  1.57it/s]Best trial: 216. Best value: 0.863755:  85%|########5 | 255/300 [02:43<00:28,  1.57it/s]Best trial: 216. Best value: 0.863755:  85%|########5 | 256/300 [02:43<00:28,  1.53it/s]                                                                                        [32m[I 2026-07-24 17:48:04,120][0m Trial 256 finished with value: 0.8511178961883188 and parameters: {'max_depth': 7, 'subsample_freq': 1, 'learning_rate': 0.12330828277470993, 'num_leaves': 4, 'min_child_samples': 10, 'min_child_weight': 0.8630832964595138, 'min_split_gain': 0.07983698549336826, 'colsample_bytree': 0.8883330229668246, 'reg_alpha': 0.001, 'reg_lambda': 0.5, 'cat_smooth': 29.59512710756804, 'cat_l2': 11.164435413462847, 'min_data_per_group': 70, 'max_cat_to_onehot': 10, 'max_cat_threshold': 32, 'max_bin': 255, 'subsample': 0.9091366219924807}. Best is trial 216 with value: 0.863754555303851.[0m
Best trial: 216. Best value: 0.863755:  85%|########5 | 256/300 [02:44<00:28,  1.53it/s]Best trial: 216. Best value: 0.863755:  85%|########5 | 256/300 [02:44<00:28,  1.53it/s]Best trial: 216. Best value: 0.863755:  86%|########5 | 257/300 [02:44<00:27,  1.54it/s]                                                                                        [32m[I 2026-07-24 17:48:04,784][0m Trial 257 finished with value: 0.8581404510981976 and parameters: {'max_depth': 7, 'subsample_freq': 1, 'learning_rate': 0.106326504752248, 'num_leaves': 6, 'min_child_samples': 10, 'min_child_weight': 1.2967754638650095, 'min_split_gain': 0.09313221998882387, 'colsample_bytree': 0.9347147932303014, 'reg_alpha': 0.001, 'reg_lambda': 0.01, 'cat_smooth': 27.9049517592221, 'cat_l2': 10.16747702415825, 'min_data_per_group': 60, 'max_cat_to_onehot': 10, 'max_cat_threshold': 32, 'max_bin': 255, 'subsample': 0.9589218042164426}. Best is trial 216 with value: 0.863754555303851.[0m
Best trial: 216. Best value: 0.863755:  86%|########5 | 257/300 [02:44<00:27,  1.54it/s]Best trial: 216. Best value: 0.863755:  86%|########5 | 257/300 [02:44<00:27,  1.54it/s]Best trial: 216. Best value: 0.863755:  86%|########6 | 258/300 [02:44<00:27,  1.53it/s]                                                                                        [32m[I 2026-07-24 17:48:05,437][0m Trial 258 finished with value: 0.8567320003939722 and parameters: {'max_depth': 7, 'subsample_freq': 1, 'learning_rate': 0.14215424619105282, 'num_leaves': 5, 'min_child_samples': 15, 'min_child_weight': 0.5950606229041008, 'min_split_gain': 0.09960545283701774, 'colsample_bytree': 0.8936321201301386, 'reg_alpha': 0.001, 'reg_lambda': 0.0, 'cat_smooth': 29.97951190860289, 'cat_l2': 8.242679279405362, 'min_data_per_group': 60, 'max_cat_to_onehot': 10, 'max_cat_threshold': 8, 'max_bin': 255, 'subsample': 0.8513247262391868}. Best is trial 216 with value: 0.863754555303851.[0m
Best trial: 216. Best value: 0.863755:  86%|########6 | 258/300 [02:45<00:27,  1.53it/s]Best trial: 216. Best value: 0.863755:  86%|########6 | 258/300 [02:45<00:27,  1.53it/s]Best trial: 216. Best value: 0.863755:  86%|########6 | 259/300 [02:45<00:26,  1.53it/s]                                                                                        [32m[I 2026-07-24 17:48:06,016][0m Trial 259 finished with value: 0.8370530877573131 and parameters: {'max_depth': 7, 'subsample_freq': 1, 'learning_rate': 0.09430090464461673, 'num_leaves': 4, 'min_child_samples': 10, 'min_child_weight': 1.0791213128946815, 'min_split_gain': 0.07443379836414413, 'colsample_bytree': 0.8750680913417026, 'reg_alpha': 1.0, 'reg_lambda': 1.0, 'cat_smooth': 28.293703319145482, 'cat_l2': 8.70169977567903, 'min_data_per_group': 40, 'max_cat_to_onehot': 10, 'max_cat_threshold': 8, 'max_bin': 255, 'subsample': 0.98466714619543}. Best is trial 216 with value: 0.863754555303851.[0m
Best trial: 216. Best value: 0.863755:  86%|########6 | 259/300 [02:45<00:26,  1.53it/s]Best trial: 216. Best value: 0.863755:  86%|########6 | 259/300 [02:46<00:26,  1.53it/s]Best trial: 216. Best value: 0.863755:  87%|########6 | 260/300 [02:46<00:25,  1.58it/s]                                                                                        [32m[I 2026-07-24 17:48:06,576][0m Trial 260 finished with value: 0.8511178961883188 and parameters: {'max_depth': 7, 'subsample_freq': 0, 'learning_rate': 0.13197880380188173, 'num_leaves': 5, 'min_child_samples': 10, 'min_child_weight': 0.7384075022727802, 'min_split_gain': 0.09584481237413722, 'colsample_bytree': 0.9249132476774682, 'reg_alpha': 0.001, 'reg_lambda': 0.01, 'cat_smooth': 18.35797292958886, 'cat_l2': 14.861858390447406, 'min_data_per_group': 60, 'max_cat_to_onehot': 10, 'max_cat_threshold': 8, 'max_bin': 255}. Best is trial 216 with value: 0.863754555303851.[0m
Best trial: 216. Best value: 0.863755:  87%|########6 | 260/300 [02:46<00:25,  1.58it/s]Best trial: 216. Best value: 0.863755:  87%|########6 | 260/300 [02:46<00:25,  1.58it/s]Best trial: 216. Best value: 0.863755:  87%|########7 | 261/300 [02:46<00:23,  1.64it/s]                                                                                        [32m[I 2026-07-24 17:48:07,275][0m Trial 261 finished with value: 0.8595489018024228 and parameters: {'max_depth': 7, 'subsample_freq': 1, 'learning_rate': 0.11896069155735203, 'num_leaves': 6, 'min_child_samples': 5, 'min_child_weight': 1.4418520101258505, 'min_split_gain': 0.0894977377165362, 'colsample_bytree': 0.8665978320636638, 'reg_alpha': 0.001, 'reg_lambda': 0.01, 'cat_smooth': 28.859266718016613, 'cat_l2': 13.86148152949176, 'min_data_per_group': 60, 'max_cat_to_onehot': 10, 'max_cat_threshold': 32, 'max_bin': 255, 'subsample': 0.948597094777425}. Best is trial 216 with value: 0.863754555303851.[0m
Best trial: 216. Best value: 0.863755:  87%|########7 | 261/300 [02:47<00:23,  1.64it/s]Best trial: 216. Best value: 0.863755:  87%|########7 | 261/300 [02:47<00:23,  1.64it/s]Best trial: 216. Best value: 0.863755:  87%|########7 | 262/300 [02:47<00:24,  1.57it/s]                                                                                        [32m[I 2026-07-24 17:48:07,986][0m Trial 262 finished with value: 0.8581503004038215 and parameters: {'max_depth': 7, 'subsample_freq': 1, 'learning_rate': 0.11963701462904155, 'num_leaves': 6, 'min_child_samples': 10, 'min_child_weight': 1.333479497762575, 'min_split_gain': 0.08258929930729264, 'colsample_bytree': 0.8643806071771755, 'reg_alpha': 0.001, 'reg_lambda': 0.01, 'cat_smooth': 28.756184775509436, 'cat_l2': 7.884688469850875, 'min_data_per_group': 60, 'max_cat_to_onehot': 10, 'max_cat_threshold': 32, 'max_bin': 255, 'subsample': 0.9493571987041827}. Best is trial 216 with value: 0.863754555303851.[0m
Best trial: 216. Best value: 0.863755:  87%|########7 | 262/300 [02:47<00:24,  1.57it/s]Best trial: 216. Best value: 0.863755:  87%|########7 | 262/300 [02:48<00:24,  1.57it/s]Best trial: 216. Best value: 0.863755:  88%|########7 | 263/300 [02:48<00:24,  1.52it/s]                                                                                        [32m[I 2026-07-24 17:48:08,634][0m Trial 263 finished with value: 0.8511080468826948 and parameters: {'max_depth': 7, 'subsample_freq': 1, 'learning_rate': 0.127915166940034, 'num_leaves': 7, 'min_child_samples': 5, 'min_child_weight': 1.486240553174476, 'min_split_gain': 0.05434031514704797, 'colsample_bytree': 0.8579725967143071, 'reg_alpha': 0.001, 'reg_lambda': 2.0, 'cat_smooth': 29.25792263781379, 'cat_l2': 9.545783848213532, 'min_data_per_group': 60, 'max_cat_to_onehot': 10, 'max_cat_threshold': 16, 'max_bin': 255, 'subsample': 0.9671719984200017}. Best is trial 216 with value: 0.863754555303851.[0m
Best trial: 216. Best value: 0.863755:  88%|########7 | 263/300 [02:48<00:24,  1.52it/s]Best trial: 216. Best value: 0.863755:  88%|########7 | 263/300 [02:48<00:24,  1.52it/s]Best trial: 216. Best value: 0.863755:  88%|########8 | 264/300 [02:48<00:23,  1.52it/s]                                                                                        [32m[I 2026-07-24 17:48:09,274][0m Trial 264 finished with value: 0.8595587511080469 and parameters: {'max_depth': 7, 'subsample_freq': 1, 'learning_rate': 0.11439354593863076, 'num_leaves': 6, 'min_child_samples': 10, 'min_child_weight': 1.2021368224250402, 'min_split_gain': 0.08898046294637776, 'colsample_bytree': 0.8701146654157447, 'reg_alpha': 0.001, 'reg_lambda': 0.01, 'cat_smooth': 28.681598252193687, 'cat_l2': 20.32683105082766, 'min_data_per_group': 60, 'max_cat_to_onehot': 10, 'max_cat_threshold': 32, 'max_bin': 63, 'subsample': 0.9567848112773758}. Best is trial 216 with value: 0.863754555303851.[0m
