Best trial: 0. Best value: 0.856732:   7%|7         | 22/300 [00:13<02:44,  1.69it/s]Best trial: 22. Best value: 0.858121:   7%|7         | 22/300 [00:13<02:44,  1.69it/s]Best trial: 22. Best value: 0.858121:   8%|7         | 23/300 [00:13<02:46,  1.66it/s]                                                                                      [32m[I 2026-07-24 17:45:33,708][0m Trial 23 finished with value: 0.8510883482714469 and parameters: {'max_depth': 4, 'subsample_freq': 1, 'learning_rate': 0.11522000486366778, 'num_leaves': 13, 'min_child_samples': 10, 'min_child_weight': 0.33068725286618283, 'min_split_gain': 0.014207454700926332, 'colsample_bytree': 0.9070063445908169, 'reg_alpha': 1.0, 'reg_lambda': 0.0, 'cat_smooth': 8.426284599470513, 'cat_l2': 17.503484128561656, 'min_data_per_group': 60, 'max_cat_to_onehot': 4, 'max_cat_threshold': 32, 'max_bin': 63, 'subsample': 0.8311120351785738}. Best is trial 22 with value: 0.8581207524869496.[0m
Best trial: 22. Best value: 0.858121:   8%|7         | 23/300 [00:13<02:46,  1.66it/s]Best trial: 22. Best value: 0.858121:   8%|7         | 23/300 [00:13<02:46,  1.66it/s]Best trial: 22. Best value: 0.858121:   8%|8         | 24/300 [00:13<02:45,  1.67it/s]                                                                                      [32m[I 2026-07-24 17:45:34,307][0m Trial 24 finished with value: 0.8468826947700187 and parameters: {'max_depth': 7, 'subsample_freq': 1, 'learning_rate': 0.09701271436278709, 'num_leaves': 20, 'min_child_samples': 15, 'min_child_weight': 0.9333310276570049, 'min_split_gain': 0.010838495963327067, 'colsample_bytree': 0.9582805307813207, 'reg_alpha': 1.0, 'reg_lambda': 2.0, 'cat_smooth': 14.829132360885222, 'cat_l2': 14.18661981471945, 'min_data_per_group': 50, 'max_cat_to_onehot': 4, 'max_cat_threshold': 16, 'max_bin': 63, 'subsample': 0.7395468432846681}. Best is trial 22 with value: 0.8581207524869496.[0m
Best trial: 22. Best value: 0.858121:   8%|8         | 24/300 [00:14<02:45,  1.67it/s]Best trial: 22. Best value: 0.858121:   8%|8         | 24/300 [00:14<02:45,  1.67it/s]Best trial: 22. Best value: 0.858121:   8%|8         | 25/300 [00:14<02:43,  1.68it/s]                                                                                      [32m[I 2026-07-24 17:45:34,917][0m Trial 25 finished with value: 0.8539052496798976 and parameters: {'max_depth': 5, 'subsample_freq': 1, 'learning_rate': 0.12186596626128117, 'num_leaves': 31, 'min_child_samples': 15, 'min_child_weight': 0.36688019044577574, 'min_split_gain': 0.028606805942594134, 'colsample_bytree': 0.9366695129523847, 'reg_alpha': 0.5, 'reg_lambda': 0.0, 'cat_smooth': 10.786148843449041, 'cat_l2': 19.480130678163412, 'min_data_per_group': 80, 'max_cat_to_onehot': 4, 'max_cat_threshold': 32, 'max_bin': 63, 'subsample': 0.7832659818712381}. Best is trial 22 with value: 0.8581207524869496.[0m
Best trial: 22. Best value: 0.858121:   8%|8         | 25/300 [00:14<02:43,  1.68it/s]Best trial: 22. Best value: 0.858121:   8%|8         | 25/300 [00:14<02:43,  1.68it/s]Best trial: 22. Best value: 0.858121:   9%|8         | 26/300 [00:14<02:44,  1.66it/s]                                                                                      [32m[I 2026-07-24 17:45:35,413][0m Trial 26 finished with value: 0.8384319905446664 and parameters: {'max_depth': 6, 'subsample_freq': 0, 'learning_rate': 0.08265608973173239, 'num_leaves': 18, 'min_child_samples': 5, 'min_child_weight': 0.7913900903914305, 'min_split_gain': 0.009963441425610882, 'colsample_bytree': 0.8866549737811553, 'reg_alpha': 1.0, 'reg_lambda': 0.0, 'cat_smooth': 18.4357564548877, 'cat_l2': 23.2037515893751, 'min_data_per_group': 30, 'max_cat_to_onehot': 4, 'max_cat_threshold': 16, 'max_bin': 63}. Best is trial 22 with value: 0.8581207524869496.[0m
Best trial: 22. Best value: 0.858121:   9%|8         | 26/300 [00:15<02:44,  1.66it/s]Best trial: 22. Best value: 0.858121:   9%|8         | 26/300 [00:15<02:44,  1.66it/s]Best trial: 22. Best value: 0.858121:   9%|9         | 27/300 [00:15<02:35,  1.75it/s]                                                                                      [32m[I 2026-07-24 17:45:36,004][0m Trial 27 finished with value: 0.8468925440756427 and parameters: {'max_depth': 5, 'subsample_freq': 1, 'learning_rate': 0.09755235023292863, 'num_leaves': 27, 'min_child_samples': 10, 'min_child_weight': 0.09731398852958198, 'min_split_gain': 0.02897792155757533, 'colsample_bytree': 0.8304971929921768, 'reg_alpha': 1.0, 'reg_lambda': 0.0, 'cat_smooth': 14.040306838525986, 'cat_l2': 7.862475361216066, 'min_data_per_group': 100, 'max_cat_to_onehot': 4, 'max_cat_threshold': 32, 'max_bin': 63, 'subsample': 0.8532129108204989}. Best is trial 22 with value: 0.8581207524869496.[0m
Best trial: 22. Best value: 0.858121:   9%|9         | 27/300 [00:15<02:35,  1.75it/s]Best trial: 22. Best value: 0.858121:   9%|9         | 27/300 [00:16<02:35,  1.75it/s]Best trial: 22. Best value: 0.858121:   9%|9         | 28/300 [00:16<02:36,  1.73it/s]                                                                                      [32m[I 2026-07-24 17:45:36,471][0m Trial 28 finished with value: 0.8511080468826947 and parameters: {'max_depth': 7, 'subsample_freq': 0, 'learning_rate': 0.1330564579154309, 'num_leaves': 15, 'min_child_samples': 25, 'min_child_weight': 0.30273233076999884, 'min_split_gain': 0.04860101139799958, 'colsample_bytree': 0.8498002578838881, 'reg_alpha': 0.5, 'reg_lambda': 0.0, 'cat_smooth': 17.263579777261747, 'cat_l2': 14.871735069550075, 'min_data_per_group': 70, 'max_cat_to_onehot': 4, 'max_cat_threshold': 32, 'max_bin': 127}. Best is trial 22 with value: 0.8581207524869496.[0m
Best trial: 22. Best value: 0.858121:   9%|9         | 28/300 [00:16<02:36,  1.73it/s]Best trial: 22. Best value: 0.858121:   9%|9         | 28/300 [00:16<02:36,  1.73it/s]Best trial: 22. Best value: 0.858121:  10%|9         | 29/300 [00:16<02:27,  1.84it/s]                                                                                      [32m[I 2026-07-24 17:45:37,067][0m Trial 29 finished with value: 0.8553137003841229 and parameters: {'max_depth': 4, 'subsample_freq': 1, 'learning_rate': 0.0751585714422534, 'num_leaves': 13, 'min_child_samples': 20, 'min_child_weight': 1.9933596409701728, 'min_split_gain': 0.00036832349324828666, 'colsample_bytree': 0.9714607942232182, 'reg_alpha': 2.0, 'reg_lambda': 0.5, 'cat_smooth': 6.841311610557816, 'cat_l2': 11.820130327415109, 'min_data_per_group': 100, 'max_cat_to_onehot': 4, 'max_cat_threshold': 16, 'max_bin': 63, 'subsample': 0.7486403290509139}. Best is trial 22 with value: 0.8581207524869496.[0m
Best trial: 22. Best value: 0.858121:  10%|9         | 29/300 [00:17<02:27,  1.84it/s]Best trial: 22. Best value: 0.858121:  10%|9         | 29/300 [00:17<02:27,  1.84it/s]Best trial: 22. Best value: 0.858121:  10%|#         | 30/300 [00:17<02:30,  1.79it/s]                                                                                      [32m[I 2026-07-24 17:45:37,772][0m Trial 30 finished with value: 0.8454446961489215 and parameters: {'max_depth': 6, 'subsample_freq': 1, 'learning_rate': 0.035231112359857514, 'num_leaves': 25, 'min_child_samples': 15, 'min_child_weight': 0.05046865983507655, 'min_split_gain': 0.010060025374389214, 'colsample_bytree': 0.9240292261845702, 'reg_alpha': 0.001, 'reg_lambda': 1.0, 'cat_smooth': 10.935771549769127, 'cat_l2': 13.225719644203892, 'min_data_per_group': 60, 'max_cat_to_onehot': 4, 'max_cat_threshold': 32, 'max_bin': 31, 'subsample': 0.8180320638887336}. Best is trial 22 with value: 0.8581207524869496.[0m
Best trial: 22. Best value: 0.858121:  10%|#         | 30/300 [00:17<02:30,  1.79it/s]Best trial: 22. Best value: 0.858121:  10%|#         | 30/300 [00:17<02:30,  1.79it/s]Best trial: 22. Best value: 0.858121:  10%|#         | 31/300 [00:17<02:42,  1.66it/s]                                                                                      [32m[I 2026-07-24 17:45:38,366][0m Trial 31 finished with value: 0.8496995961784695 and parameters: {'max_depth': 4, 'subsample_freq': 1, 'learning_rate': 0.06733200782664617, 'num_leaves': 13, 'min_child_samples': 20, 'min_child_weight': 1.912557610357103, 'min_split_gain': 0.0009851136104843251, 'colsample_bytree': 0.981940534987666, 'reg_alpha': 2.0, 'reg_lambda': 0.5, 'cat_smooth': 7.647375430185749, 'cat_l2': 11.584922648376942, 'min_data_per_group': 110, 'max_cat_to_onehot': 4, 'max_cat_threshold': 16, 'max_bin': 63, 'subsample': 0.7621652505135029}. Best is trial 22 with value: 0.8581207524869496.[0m
Best trial: 22. Best value: 0.858121:  10%|#         | 31/300 [00:18<02:42,  1.66it/s]Best trial: 22. Best value: 0.858121:  10%|#         | 31/300 [00:18<02:42,  1.66it/s]Best trial: 22. Best value: 0.858121:  11%|#         | 32/300 [00:18<02:41,  1.66it/s]                                                                                      [32m[I 2026-07-24 17:45:39,056][0m Trial 32 finished with value: 0.8482911454742441 and parameters: {'max_depth': 4, 'subsample_freq': 1, 'learning_rate': 0.0808383280334496, 'num_leaves': 10, 'min_child_samples': 20, 'min_child_weight': 1.026426041764186, 'min_split_gain': 0.00984017485904454, 'colsample_bytree': 0.9732347324262969, 'reg_alpha': 2.0, 'reg_lambda': 0.5, 'cat_smooth': 9.70976406218279, 'cat_l2': 16.169166421397986, 'min_data_per_group': 100, 'max_cat_to_onehot': 4, 'max_cat_threshold': 16, 'max_bin': 63, 'subsample': 0.7338075116005612}. Best is trial 22 with value: 0.8581207524869496.[0m
Best trial: 22. Best value: 0.858121:  11%|#         | 32/300 [00:19<02:41,  1.66it/s]Best trial: 22. Best value: 0.858121:  11%|#         | 32/300 [00:19<02:41,  1.66it/s]Best trial: 22. Best value: 0.858121:  11%|#1        | 33/300 [00:19<02:47,  1.59it/s]                                                                                      [32m[I 2026-07-24 17:45:39,663][0m Trial 33 finished with value: 0.8496995961784695 and parameters: {'max_depth': 5, 'subsample_freq': 1, 'learning_rate': 0.10569164643157868, 'num_leaves': 18, 'min_child_samples': 25, 'min_child_weight': 0.5164988043531209, 'min_split_gain': 0.026734520309558633, 'colsample_bytree': 0.9399586004029864, 'reg_alpha': 2.0, 'reg_lambda': 0.5, 'cat_smooth': 6.2410147301787795, 'cat_l2': 22.65128134946731, 'min_data_per_group': 80, 'max_cat_to_onehot': 4, 'max_cat_threshold': 16, 'max_bin': 63, 'subsample': 0.7952777954297143}. Best is trial 22 with value: 0.8581207524869496.[0m
Best trial: 22. Best value: 0.858121:  11%|#1        | 33/300 [00:19<02:47,  1.59it/s]Best trial: 22. Best value: 0.858121:  11%|#1        | 33/300 [00:19<02:47,  1.59it/s]Best trial: 22. Best value: 0.858121:  11%|#1        | 34/300 [00:19<02:42,  1.63it/s]                                                                                      [32m[I 2026-07-24 17:45:40,324][0m Trial 34 finished with value: 0.8412685905643652 and parameters: {'max_depth': 4, 'subsample_freq': 1, 'learning_rate': 0.05685192715779992, 'num_leaves': 12, 'min_child_samples': 10, 'min_child_weight': 1.9693731108264962, 'min_split_gain': 2.1969866968396534e-05, 'colsample_bytree': 0.9807704863106217, 'reg_alpha': 0.05, 'reg_lambda': 2.0, 'cat_smooth': 7.186834663150947, 'cat_l2': 9.236998312623411, 'min_data_per_group': 120, 'max_cat_to_onehot': 4, 'max_cat_threshold': 16, 'max_bin': 63, 'subsample': 0.7278574110770432}. Best is trial 22 with value: 0.8581207524869496.[0m
Best trial: 22. Best value: 0.858121:  11%|#1        | 34/300 [00:20<02:42,  1.63it/s]Best trial: 22. Best value: 0.858121:  11%|#1        | 34/300 [00:20<02:42,  1.63it/s]Best trial: 22. Best value: 0.858121:  12%|#1        | 35/300 [00:20<02:48,  1.57it/s]                                                                                      [32m[I 2026-07-24 17:45:40,885][0m Trial 35 finished with value: 0.8510981975770708 and parameters: {'max_depth': 5, 'subsample_freq': 1, 'learning_rate': 0.14943186144016776, 'num_leaves': 9, 'min_child_samples': 20, 'min_child_weight': 0.13391610862896608, 'min_split_gain': 0.010116315660502693, 'colsample_bytree': 0.9529389121878683, 'reg_alpha': 0.01, 'reg_lambda': 0.05, 'cat_smooth': 8.997724792767583, 'cat_l2': 7.148244592655191, 'min_data_per_group': 100, 'max_cat_to_onehot': 4, 'max_cat_threshold': 16, 'max_bin': 31, 'subsample': 0.7676538515106195}. Best is trial 22 with value: 0.8581207524869496.[0m
Best trial: 22. Best value: 0.858121:  12%|#1        | 35/300 [00:20<02:48,  1.57it/s]Best trial: 22. Best value: 0.858121:  12%|#1        | 35/300 [00:20<02:48,  1.57it/s]Best trial: 22. Best value: 0.858121:  12%|#2        | 36/300 [00:20<02:42,  1.63it/s]                                                                                      [32m[I 2026-07-24 17:45:41,453][0m Trial 36 finished with value: 0.8511178961883188 and parameters: {'max_depth': 3, 'subsample_freq': 1, 'learning_rate': 0.08888096869797847, 'num_leaves': 5, 'min_child_samples': 15, 'min_child_weight': 0.33634189935176845, 'min_split_gain': 0.033925735833705235, 'colsample_bytree': 0.915814168197883, 'reg_alpha': 2.0, 'reg_lambda': 0.01, 'cat_smooth': 5.684107009977155, 'cat_l2': 4.803907898389311, 'min_data_per_group': 110, 'max_cat_to_onehot': 4, 'max_cat_threshold': 8, 'max_bin': 127, 'subsample': 0.8399609519709}. Best is trial 22 with value: 0.8581207524869496.[0m
Best trial: 22. Best value: 0.858121:  12%|#2        | 36/300 [00:21<02:42,  1.63it/s]Best trial: 22. Best value: 0.858121:  12%|#2        | 36/300 [00:21<02:42,  1.63it/s]Best trial: 22. Best value: 0.858121:  12%|#2        | 37/300 [00:21<02:37,  1.67it/s]                                                                                      [32m[I 2026-07-24 17:45:41,919][0m Trial 37 finished with value: 0.8440657933615681 and parameters: {'max_depth': 4, 'subsample_freq': 0, 'learning_rate': 0.11610969459238646, 'num_leaves': 14, 'min_child_samples': 35, 'min_child_weight': 1.2089210469423712, 'min_split_gain': 0.042468978758001916, 'colsample_bytree': 0.9684031156657774, 'reg_alpha': 1.0, 'reg_lambda': 0.05, 'cat_smooth': 21.829634281732464, 'cat_l2': 11.97870253285385, 'min_data_per_group': 80, 'max_cat_to_onehot': 4, 'max_cat_threshold': 16, 'max_bin': 63}. Best is trial 22 with value: 0.8581207524869496.[0m
Best trial: 22. Best value: 0.858121:  12%|#2        | 37/300 [00:21<02:37,  1.67it/s]Best trial: 22. Best value: 0.858121:  12%|#2        | 37/300 [00:21<02:37,  1.67it/s]Best trial: 22. Best value: 0.858121:  13%|#2        | 38/300 [00:21<02:26,  1.79it/s]                                                                                      [32m[I 2026-07-24 17:45:42,499][0m Trial 38 finished with value: 0.8468826947700187 and parameters: {'max_depth': 3, 'subsample_freq': 1, 'learning_rate': 0.07307395241476602, 'num_leaves': 6, 'min_child_samples': 25, 'min_child_weight': 0.02906712782543278, 'min_split_gain': 0.021126098975600572, 'colsample_bytree': 0.886022542457511, 'reg_alpha': 2.0, 'reg_lambda': 0.5, 'cat_smooth': 14.014092928501364, 'cat_l2': 3.6532150422581338, 'min_data_per_group': 110, 'max_cat_to_onehot': 4, 'max_cat_threshold': 8, 'max_bin': 255, 'subsample': 0.753476191253553}. Best is trial 22 with value: 0.8581207524869496.[0m
Best trial: 22. Best value: 0.858121:  13%|#2        | 38/300 [00:22<02:26,  1.79it/s]Best trial: 22. Best value: 0.858121:  13%|#2        | 38/300 [00:22<02:26,  1.79it/s]Best trial: 22. Best value: 0.858121:  13%|#3        | 39/300 [00:22<02:27,  1.77it/s]                                                                                      [32m[I 2026-07-24 17:45:43,212][0m Trial 39 finished with value: 0.8496995961784695 and parameters: {'max_depth': 6, 'subsample_freq': 0, 'learning_rate': 0.12752707138476624, 'num_leaves': 17, 'min_child_samples': 20, 'min_child_weight': 0.7613840516306504, 'min_split_gain': 0.006650219983265384, 'colsample_bytree': 0.9459731124553774, 'reg_alpha': 0.1, 'reg_lambda': 0.001, 'cat_smooth': 11.973531145367609, 'cat_l2': 5.987061542045302, 'min_data_per_group': 120, 'max_cat_to_onehot': 4, 'max_cat_threshold': 32, 'max_bin': 63}. Best is trial 22 with value: 0.8581207524869496.[0m
Best trial: 22. Best value: 0.858121:  13%|#3        | 39/300 [00:23<02:27,  1.77it/s]Best trial: 22. Best value: 0.858121:  13%|#3        | 39/300 [00:23<02:27,  1.77it/s]Best trial: 22. Best value: 0.858121:  13%|#3        | 40/300 [00:23<02:38,  1.64it/s]                                                                                      [32m[I 2026-07-24 17:45:43,837][0m Trial 40 finished with value: 0.8482517482517483 and parameters: {'max_depth': 3, 'subsample_freq': 1, 'learning_rate': 0.06316199653272832, 'num_leaves': 7, 'min_child_samples': 5, 'min_child_weight': 0.2189765960884655, 'min_split_gain': 0.11782349065802897, 'colsample_bytree': 0.9923980602865469, 'reg_alpha': 0.001, 'reg_lambda': 0.1, 'cat_smooth': 28.536018861016203, 'cat_l2': 20.50077874614472, 'min_data_per_group': 50, 'max_cat_to_onehot': 4, 'max_cat_threshold': 8, 'max_bin': 31, 'subsample': 0.7782120281359768}. Best is trial 22 with value: 0.8581207524869496.[0m
Best trial: 22. Best value: 0.858121:  13%|#3        | 40/300 [00:23<02:38,  1.64it/s]Best trial: 22. Best value: 0.858121:  13%|#3        | 40/300 [00:23<02:38,  1.64it/s]Best trial: 22. Best value: 0.858121:  14%|#3        | 41/300 [00:23<02:38,  1.63it/s]                                                                                      [32m[I 2026-07-24 17:45:44,519][0m Trial 41 finished with value: 0.8539052496798976 and parameters: {'max_depth': 5, 'subsample_freq': 1, 'learning_rate': 0.11872681636574957, 'num_leaves': 31, 'min_child_samples': 15, 'min_child_weight': 0.4044371675055196, 'min_split_gain': 0.017702871823956783, 'colsample_bytree': 0.9644048498570901, 'reg_alpha': 0.5, 'reg_lambda': 0.0, 'cat_smooth': 10.271109253291058, 'cat_l2': 18.740559129637735, 'min_data_per_group': 70, 'max_cat_to_onehot': 4, 'max_cat_threshold': 32, 'max_bin': 63, 'subsample': 0.7846628446387526}. Best is trial 22 with value: 0.8581207524869496.[0m
Best trial: 22. Best value: 0.858121:  14%|#3        | 41/300 [00:24<02:38,  1.63it/s]Best trial: 22. Best value: 0.858121:  14%|#3        | 41/300 [00:24<02:38,  1.63it/s]Best trial: 22. Best value: 0.858121:  14%|#4        | 42/300 [00:24<02:43,  1.58it/s]                                                                                      [32m[I 2026-07-24 17:45:45,136][0m Trial 42 finished with value: 0.8525066482812962 and parameters: {'max_depth': 5, 'subsample_freq': 1, 'learning_rate': 0.10285741158159262, 'num_leaves': 24, 'min_child_samples': 10, 'min_child_weight': 0.27453973198978976, 'min_split_gain': 0.024360337291386966, 'colsample_bytree': 0.9330665883225864, 'reg_alpha': 0.5, 'reg_lambda': 0.0, 'cat_smooth': 11.33909913538788, 'cat_l2': 28.125250372871154, 'min_data_per_group': 80, 'max_cat_to_onehot': 4, 'max_cat_threshold': 32, 'max_bin': 63, 'subsample': 0.7927438191582309}. Best is trial 22 with value: 0.8581207524869496.[0m
Best trial: 22. Best value: 0.858121:  14%|#4        | 42/300 [00:25<02:43,  1.58it/s]Best trial: 22. Best value: 0.858121:  14%|#4        | 42/300 [00:25<02:43,  1.58it/s]Best trial: 22. Best value: 0.858121:  14%|#4        | 43/300 [00:25<02:43,  1.57it/s]                                                                                      [32m[I 2026-07-24 17:45:45,809][0m Trial 43 finished with value: 0.8510883482714469 and parameters: {'max_depth': 5, 'subsample_freq': 1, 'learning_rate': 0.08372933895987619, 'num_leaves': 29, 'min_child_samples': 15, 'min_child_weight': 0.13572998013427964, 'min_split_gain': 0.034049150368137826, 'colsample_bytree': 0.9473372310247274, 'reg_alpha': 0.5, 'reg_lambda': 0.0, 'cat_smooth': 8.164842040801888, 'cat_l2': 15.382841620082033, 'min_data_per_group': 90, 'max_cat_to_onehot': 4, 'max_cat_threshold': 32, 'max_bin': 63, 'subsample': 0.758969078670069}. Best is trial 22 with value: 0.8581207524869496.[0m
Best trial: 22. Best value: 0.858121:  14%|#4        | 43/300 [00:25<02:43,  1.57it/s]Best trial: 22. Best value: 0.858121:  14%|#4        | 43/300 [00:25<02:43,  1.57it/s]Best trial: 22. Best value: 0.858121:  15%|#4        | 44/300 [00:25<02:44,  1.55it/s]                                                                                      [32m[I 2026-07-24 17:45:46,356][0m Trial 44 finished with value: 0.8539249482911455 and parameters: {'max_depth': 4, 'subsample_freq': 1, 'learning_rate': 0.1284388720207334, 'num_leaves': 9, 'min_child_samples': 20, 'min_child_weight': 0.48284855562889106, 'min_split_gain': 0.0833193224691309, 'colsample_bytree': 0.9171480335734163, 'reg_alpha': 0.5, 'reg_lambda': 0.01, 'cat_smooth': 13.826436099864159, 'cat_l2': 12.683572027921606, 'min_data_per_group': 80, 'max_cat_to_onehot': 4, 'max_cat_threshold': 32, 'max_bin': 255, 'subsample': 0.8691927474999539}. Best is trial 22 with value: 0.8581207524869496.[0m
