Best trial: 1. Best value: 0.852077:  21%|##1       | 21/100 [00:31<02:08,  1.62s/it]Best trial: 1. Best value: 0.852077:  21%|##1       | 21/100 [00:31<02:08,  1.62s/it]Best trial: 1. Best value: 0.852077:  22%|##2       | 22/100 [00:31<02:07,  1.64s/it]                                                                                     [32m[I 2026-07-24 18:56:05,693][0m Trial 22 finished with value: 0.8427000229817132 and parameters: {'max_depth': 7, 'subsample_freq': 1, 'learning_rate': 0.1331526650426528, 'num_leaves': 28, 'min_child_samples': 5, 'min_child_weight': 0.6261539591301274, 'min_split_gain': 0.10347481395210927, 'colsample_bytree': 0.7366952613939468, 'reg_alpha': 0.5, 'reg_lambda': 0.1, 'cat_smooth': 28.614982011290998, 'cat_l2': 19.432140531395603, 'min_data_per_group': 20, 'max_cat_to_onehot': 10, 'max_cat_threshold': 16, 'max_bin': 63, 'subsample': 0.7494704914875306}. Best is trial 1 with value: 0.8520765619357168.[0m
Best trial: 1. Best value: 0.852077:  22%|##2       | 22/100 [00:33<02:07,  1.64s/it]Best trial: 1. Best value: 0.852077:  22%|##2       | 22/100 [00:33<02:07,  1.64s/it]Best trial: 1. Best value: 0.852077:  23%|##3       | 23/100 [00:33<02:06,  1.64s/it]                                                                                     [32m[I 2026-07-24 18:56:07,360][0m Trial 23 finished with value: 0.845044157720214 and parameters: {'max_depth': 7, 'subsample_freq': 1, 'learning_rate': 0.11256838311739861, 'num_leaves': 27, 'min_child_samples': 10, 'min_child_weight': 1.3943791950388698, 'min_split_gain': 0.08140410101959336, 'colsample_bytree': 0.8036279521055059, 'reg_alpha': 0.5, 'reg_lambda': 0.1, 'cat_smooth': 27.54448258807291, 'cat_l2': 29.08151999628881, 'min_data_per_group': 30, 'max_cat_to_onehot': 10, 'max_cat_threshold': 16, 'max_bin': 63, 'subsample': 0.7535756084719363}. Best is trial 1 with value: 0.8520765619357168.[0m
Best trial: 1. Best value: 0.852077:  23%|##3       | 23/100 [00:35<02:06,  1.64s/it]Best trial: 1. Best value: 0.852077:  23%|##3       | 23/100 [00:35<02:06,  1.64s/it]Best trial: 1. Best value: 0.852077:  24%|##4       | 24/100 [00:35<02:05,  1.65s/it]                                                                                     [32m[I 2026-07-24 18:56:09,084][0m Trial 24 finished with value: 0.8478577760267901 and parameters: {'max_depth': 7, 'subsample_freq': 1, 'learning_rate': 0.13783204008468164, 'num_leaves': 29, 'min_child_samples': 10, 'min_child_weight': 1.9755758100370011, 'min_split_gain': 0.05963322641648411, 'colsample_bytree': 0.7399439088631836, 'reg_alpha': 0.5, 'reg_lambda': 0.05, 'cat_smooth': 29.67604871415704, 'cat_l2': 11.638513543463882, 'min_data_per_group': 40, 'max_cat_to_onehot': 10, 'max_cat_threshold': 16, 'max_bin': 63, 'subsample': 0.7007460131639982}. Best is trial 1 with value: 0.8520765619357168.[0m
Best trial: 1. Best value: 0.852077:  24%|##4       | 24/100 [00:36<02:05,  1.65s/it]Best trial: 1. Best value: 0.852077:  24%|##4       | 24/100 [00:36<02:05,  1.65s/it]Best trial: 1. Best value: 0.852077:  25%|##5       | 25/100 [00:36<02:05,  1.67s/it]                                                                                     [32m[I 2026-07-24 18:56:10,735][0m Trial 25 finished with value: 0.8450375915164647 and parameters: {'max_depth': 6, 'subsample_freq': 1, 'learning_rate': 0.0904606433053203, 'num_leaves': 26, 'min_child_samples': 5, 'min_child_weight': 0.6868055049611332, 'min_split_gain': 0.12549473754412088, 'colsample_bytree': 0.8432269272493538, 'reg_alpha': 0.5, 'reg_lambda': 0.1, 'cat_smooth': 26.008597303173207, 'cat_l2': 16.983584722027523, 'min_data_per_group': 60, 'max_cat_to_onehot': 10, 'max_cat_threshold': 8, 'max_bin': 63, 'subsample': 0.7802791856845608}. Best is trial 1 with value: 0.8520765619357168.[0m
Best trial: 1. Best value: 0.852077:  25%|##5       | 25/100 [00:38<02:05,  1.67s/it]Best trial: 1. Best value: 0.852077:  25%|##5       | 25/100 [00:38<02:05,  1.67s/it]Best trial: 1. Best value: 0.852077:  26%|##6       | 26/100 [00:38<02:03,  1.67s/it]                                                                                     [32m[I 2026-07-24 18:56:12,121][0m Trial 26 finished with value: 0.8384812370727864 and parameters: {'max_depth': 7, 'subsample_freq': 0, 'learning_rate': 0.07015148195055707, 'num_leaves': 13, 'min_child_samples': 15, 'min_child_weight': 0.3456163791864388, 'min_split_gain': 0.10107664261356394, 'colsample_bytree': 0.7864576913234655, 'reg_alpha': 0.001, 'reg_lambda': 0.1, 'cat_smooth': 23.03202324264563, 'cat_l2': 23.079121799110872, 'min_data_per_group': 50, 'max_cat_to_onehot': 4, 'max_cat_threshold': 16, 'max_bin': 63}. Best is trial 1 with value: 0.8520765619357168.[0m
Best trial: 1. Best value: 0.852077:  26%|##6       | 26/100 [00:39<02:03,  1.67s/it]Best trial: 1. Best value: 0.852077:  26%|##6       | 26/100 [00:39<02:03,  1.67s/it]Best trial: 1. Best value: 0.852077:  27%|##7       | 27/100 [00:39<01:55,  1.58s/it]                                                                                     [32m[I 2026-07-24 18:56:13,735][0m Trial 27 finished with value: 0.8455070750845399 and parameters: {'max_depth': 5, 'subsample_freq': 1, 'learning_rate': 0.111791652592662, 'num_leaves': 31, 'min_child_samples': 10, 'min_child_weight': 0.9902600055953128, 'min_split_gain': 0.08252508563488713, 'colsample_bytree': 0.9065843306144442, 'reg_alpha': 0.5, 'reg_lambda': 0.05, 'cat_smooth': 27.844565905548798, 'cat_l2': 9.924573442936293, 'min_data_per_group': 30, 'max_cat_to_onehot': 10, 'max_cat_threshold': 16, 'max_bin': 127, 'subsample': 0.7352068248684512}. Best is trial 1 with value: 0.8520765619357168.[0m
Best trial: 1. Best value: 0.852077:  27%|##7       | 27/100 [00:41<01:55,  1.58s/it]Best trial: 1. Best value: 0.852077:  27%|##7       | 27/100 [00:41<01:55,  1.58s/it]Best trial: 1. Best value: 0.852077:  28%|##8       | 28/100 [00:41<01:54,  1.59s/it]                                                                                     [32m[I 2026-07-24 18:56:15,063][0m Trial 28 finished with value: 0.8389572868446108 and parameters: {'max_depth': 6, 'subsample_freq': 1, 'learning_rate': 0.1339311824003722, 'num_leaves': 21, 'min_child_samples': 5, 'min_child_weight': 0.5031257972103699, 'min_split_gain': 0.10857493974640357, 'colsample_bytree': 0.7666267256475233, 'reg_alpha': 2.0, 'reg_lambda': 0.1, 'cat_smooth': 25.30696378135551, 'cat_l2': 15.879950717855566, 'min_data_per_group': 20, 'max_cat_to_onehot': 10, 'max_cat_threshold': 32, 'max_bin': 31, 'subsample': 0.8331420812261942}. Best is trial 1 with value: 0.8520765619357168.[0m
Best trial: 1. Best value: 0.852077:  28%|##8       | 28/100 [00:42<01:54,  1.59s/it]Best trial: 1. Best value: 0.852077:  28%|##8       | 28/100 [00:42<01:54,  1.59s/it]Best trial: 1. Best value: 0.852077:  29%|##9       | 29/100 [00:42<01:47,  1.51s/it]                                                                                     [32m[I 2026-07-24 18:56:16,591][0m Trial 29 finished with value: 0.8436291408122395 and parameters: {'max_depth': 7, 'subsample_freq': 0, 'learning_rate': 0.09448335916329535, 'num_leaves': 25, 'min_child_samples': 25, 'min_child_weight': 1.0239865426987185, 'min_split_gain': 0.0728072780569406, 'colsample_bytree': 0.7945281440179166, 'reg_alpha': 0.0, 'reg_lambda': 0.0, 'cat_smooth': 18.979042242811342, 'cat_l2': 8.66847544460023, 'min_data_per_group': 90, 'max_cat_to_onehot': 4, 'max_cat_threshold': 8, 'max_bin': 63}. Best is trial 1 with value: 0.8520765619357168.[0m
Best trial: 1. Best value: 0.852077:  29%|##9       | 29/100 [00:44<01:47,  1.51s/it]Best trial: 1. Best value: 0.852077:  29%|##9       | 29/100 [00:44<01:47,  1.51s/it]Best trial: 1. Best value: 0.852077:  30%|###       | 30/100 [00:44<01:46,  1.51s/it]                                                                                     [32m[I 2026-07-24 18:56:18,352][0m Trial 30 finished with value: 0.8501854952559178 and parameters: {'max_depth': 6, 'subsample_freq': 1, 'learning_rate': 0.1496181979726065, 'num_leaves': 19, 'min_child_samples': 15, 'min_child_weight': 0.24660133347013, 'min_split_gain': 0.09351652833618485, 'colsample_bytree': 0.7470643000018611, 'reg_alpha': 0.01, 'reg_lambda': 0.5, 'cat_smooth': 14.299277984604878, 'cat_l2': 12.043651498303355, 'min_data_per_group': 60, 'max_cat_to_onehot': 10, 'max_cat_threshold': 32, 'max_bin': 127, 'subsample': 0.7741298048132882}. Best is trial 1 with value: 0.8520765619357168.[0m
Best trial: 1. Best value: 0.852077:  30%|###       | 30/100 [00:46<01:46,  1.51s/it]Best trial: 1. Best value: 0.852077:  30%|###       | 30/100 [00:46<01:46,  1.51s/it]Best trial: 1. Best value: 0.852077:  31%|###1      | 31/100 [00:46<01:49,  1.59s/it]                                                                                     [32m[I 2026-07-24 18:56:20,089][0m Trial 31 finished with value: 0.8459831248563642 and parameters: {'max_depth': 6, 'subsample_freq': 1, 'learning_rate': 0.14821387343046674, 'num_leaves': 18, 'min_child_samples': 15, 'min_child_weight': 0.07939848733894803, 'min_split_gain': 0.09506055415922167, 'colsample_bytree': 0.7199662830341396, 'reg_alpha': 0.01, 'reg_lambda': 0.5, 'cat_smooth': 12.216691536409112, 'cat_l2': 10.841726877161424, 'min_data_per_group': 60, 'max_cat_to_onehot': 10, 'max_cat_threshold': 32, 'max_bin': 127, 'subsample': 0.7711984842072672}. Best is trial 1 with value: 0.8520765619357168.[0m
Best trial: 1. Best value: 0.852077:  31%|###1      | 31/100 [00:47<01:49,  1.59s/it]Best trial: 1. Best value: 0.852077:  31%|###1      | 31/100 [00:47<01:49,  1.59s/it]Best trial: 1. Best value: 0.852077:  32%|###2      | 32/100 [00:47<01:51,  1.63s/it]                                                                                     [32m[I 2026-07-24 18:56:21,784][0m Trial 32 finished with value: 0.8473882924587149 and parameters: {'max_depth': 5, 'subsample_freq': 1, 'learning_rate': 0.11501498675906083, 'num_leaves': 15, 'min_child_samples': 10, 'min_child_weight': 0.25895986336634297, 'min_split_gain': 0.08876389189157868, 'colsample_bytree': 0.7500482526185087, 'reg_alpha': 0.1, 'reg_lambda': 0.5, 'cat_smooth': 16.913939722446578, 'cat_l2': 12.924030294165737, 'min_data_per_group': 70, 'max_cat_to_onehot': 10, 'max_cat_threshold': 32, 'max_bin': 127, 'subsample': 0.721760035999743}. Best is trial 1 with value: 0.8520765619357168.[0m
Best trial: 1. Best value: 0.852077:  32%|###2      | 32/100 [00:49<01:51,  1.63s/it]Best trial: 1. Best value: 0.852077:  32%|###2      | 32/100 [00:49<01:51,  1.63s/it]Best trial: 1. Best value: 0.852077:  33%|###3      | 33/100 [00:49<01:50,  1.65s/it]                                                                                     [32m[I 2026-07-24 18:56:23,539][0m Trial 33 finished with value: 0.8492465281197674 and parameters: {'max_depth': 7, 'subsample_freq': 1, 'learning_rate': 0.13229995062877395, 'num_leaves': 20, 'min_child_samples': 20, 'min_child_weight': 0.1300045937349768, 'min_split_gain': 0.11203029854465252, 'colsample_bytree': 0.7573034366535365, 'reg_alpha': 0.01, 'reg_lambda': 0.5, 'cat_smooth': 15.94312190081586, 'cat_l2': 6.683279737716122, 'min_data_per_group': 80, 'max_cat_to_onehot': 10, 'max_cat_threshold': 32, 'max_bin': 127, 'subsample': 0.8976441753883967}. Best is trial 1 with value: 0.8520765619357168.[0m
Best trial: 1. Best value: 0.852077:  33%|###3      | 33/100 [00:51<01:50,  1.65s/it]Best trial: 1. Best value: 0.852077:  33%|###3      | 33/100 [00:51<01:50,  1.65s/it]Best trial: 1. Best value: 0.852077:  34%|###4      | 34/100 [00:51<01:51,  1.68s/it]                                                                                     [32m[I 2026-07-24 18:56:25,087][0m Trial 34 finished with value: 0.8441019074821892 and parameters: {'max_depth': 4, 'subsample_freq': 1, 'learning_rate': 0.1321658466103351, 'num_leaves': 10, 'min_child_samples': 25, 'min_child_weight': 0.03561926187728905, 'min_split_gain': 0.11145582862546932, 'colsample_bytree': 0.7235396873923883, 'reg_alpha': 0.01, 'reg_lambda': 0.5, 'cat_smooth': 13.400236245142267, 'cat_l2': 5.902061112797199, 'min_data_per_group': 80, 'max_cat_to_onehot': 10, 'max_cat_threshold': 32, 'max_bin': 127, 'subsample': 0.9110511509392427}. Best is trial 1 with value: 0.8520765619357168.[0m
Best trial: 1. Best value: 0.852077:  34%|###4      | 34/100 [00:52<01:51,  1.68s/it]Best trial: 1. Best value: 0.852077:  34%|###4      | 34/100 [00:52<01:51,  1.68s/it]Best trial: 1. Best value: 0.852077:  35%|###5      | 35/100 [00:52<01:46,  1.65s/it]                                                                                     [32m[I 2026-07-24 18:56:27,241][0m Trial 35 finished with value: 0.8445615417446404 and parameters: {'max_depth': 6, 'subsample_freq': 1, 'learning_rate': 0.10674972668953477, 'num_leaves': 14, 'min_child_samples': 20, 'min_child_weight': 0.11925300420493, 'min_split_gain': 0.0075270450625569835, 'colsample_bytree': 0.9491266954634354, 'reg_alpha': 0.01, 'reg_lambda': 0.5, 'cat_smooth': 13.938588846863857, 'cat_l2': 4.957215987473867, 'min_data_per_group': 80, 'max_cat_to_onehot': 10, 'max_cat_threshold': 32, 'max_bin': 127, 'subsample': 0.9666143534699351}. Best is trial 1 with value: 0.8520765619357168.[0m
Best trial: 1. Best value: 0.852077:  35%|###5      | 35/100 [00:54<01:46,  1.65s/it]Best trial: 1. Best value: 0.852077:  35%|###5      | 35/100 [00:55<01:46,  1.65s/it]Best trial: 1. Best value: 0.852077:  36%|###6      | 36/100 [00:55<01:55,  1.81s/it]                                                                                     [32m[I 2026-07-24 18:56:28,683][0m Trial 36 finished with value: 0.8440887750746905 and parameters: {'max_depth': 7, 'subsample_freq': 0, 'learning_rate': 0.12313657518069406, 'num_leaves': 20, 'min_child_samples': 30, 'min_child_weight': 0.04510671711758807, 'min_split_gain': 0.12502368435407651, 'colsample_bytree': 0.7477009789938576, 'reg_alpha': 0.01, 'reg_lambda': 0.5, 'cat_smooth': 15.403383456538997, 'cat_l2': 3.6579717968778316, 'min_data_per_group': 100, 'max_cat_to_onehot': 4, 'max_cat_threshold': 32, 'max_bin': 127}. Best is trial 1 with value: 0.8520765619357168.[0m
Best trial: 1. Best value: 0.852077:  36%|###6      | 36/100 [00:56<01:55,  1.81s/it]Best trial: 1. Best value: 0.852077:  36%|###6      | 36/100 [00:56<01:55,  1.81s/it]Best trial: 1. Best value: 0.852077:  37%|###7      | 37/100 [00:56<01:46,  1.69s/it]                                                                                     [32m[I 2026-07-24 18:56:30,369][0m Trial 37 finished with value: 0.8455136412882892 and parameters: {'max_depth': 6, 'subsample_freq': 1, 'learning_rate': 0.09534322292266802, 'num_leaves': 10, 'min_child_samples': 50, 'min_child_weight': 0.025892844420038, 'min_split_gain': 0.13397936350920486, 'colsample_bytree': 0.8310080917861908, 'reg_alpha': 0.01, 'reg_lambda': 0.05, 'cat_smooth': 8.966271352884451, 'cat_l2': 7.577278536774252, 'min_data_per_group': 90, 'max_cat_to_onehot': 10, 'max_cat_threshold': 32, 'max_bin': 127, 'subsample': 0.8895653158276453}. Best is trial 1 with value: 0.8520765619357168.[0m
Best trial: 1. Best value: 0.852077:  37%|###7      | 37/100 [00:58<01:46,  1.69s/it]Best trial: 1. Best value: 0.852077:  37%|###7      | 37/100 [00:58<01:46,  1.69s/it]Best trial: 1. Best value: 0.852077:  38%|###8      | 38/100 [00:58<01:44,  1.68s/it]                                                                                     [32m[I 2026-07-24 18:56:32,134][0m Trial 38 finished with value: 0.84644604222069 and parameters: {'max_depth': 7, 'subsample_freq': 1, 'learning_rate': 0.12654405811230957, 'num_leaves': 17, 'min_child_samples': 15, 'min_child_weight': 0.12021872711951748, 'min_split_gain': 0.10262146968375531, 'colsample_bytree': 0.9230329699851746, 'reg_alpha': 0.05, 'reg_lambda': 2.0, 'cat_smooth': 10.159790061059216, 'cat_l2': 4.897286775455734, 'min_data_per_group': 100, 'max_cat_to_onehot': 4, 'max_cat_threshold': 32, 'max_bin': 255, 'subsample': 0.8322956150548029}. Best is trial 1 with value: 0.8520765619357168.[0m
Best trial: 1. Best value: 0.852077:  38%|###8      | 38/100 [00:59<01:44,  1.68s/it]Best trial: 1. Best value: 0.852077:  38%|###8      | 38/100 [00:59<01:44,  1.68s/it]Best trial: 1. Best value: 0.852077:  39%|###9      | 39/100 [00:59<01:44,  1.71s/it]                                                                                     [32m[I 2026-07-24 18:56:33,351][0m Trial 39 finished with value: 0.8323713844840607 and parameters: {'max_depth': 5, 'subsample_freq': 0, 'learning_rate': 0.10734632305210742, 'num_leaves': 6, 'min_child_samples': 20, 'min_child_weight': 0.062436205790215, 'min_split_gain': 0.07572147661876029, 'colsample_bytree': 0.9898893428192431, 'reg_alpha': 1.0, 'reg_lambda': 0.01, 'cat_smooth': 6.141446372943204, 'cat_l2': 3.4636736454296417, 'min_data_per_group': 80, 'max_cat_to_onehot': 10, 'max_cat_threshold': 32, 'max_bin': 127}. Best is trial 1 with value: 0.8520765619357168.[0m
Best trial: 1. Best value: 0.852077:  39%|###9      | 39/100 [01:01<01:44,  1.71s/it]Best trial: 1. Best value: 0.852077:  39%|###9      | 39/100 [01:01<01:44,  1.71s/it]Best trial: 1. Best value: 0.852077:  40%|####      | 40/100 [01:01<01:33,  1.56s/it]                                                                                     [32m[I 2026-07-24 18:56:35,152][0m Trial 40 finished with value: 0.8445713910502644 and parameters: {'max_depth': 7, 'subsample_freq': 1, 'learning_rate': 0.05456774290705642, 'num_leaves': 8, 'min_child_samples': 40, 'min_child_weight': 0.008907317246923466, 'min_split_gain': 0.05700696828298109, 'colsample_bytree': 0.9740313357523671, 'reg_alpha': 0.01, 'reg_lambda': 0.5, 'cat_smooth': 18.64560660033881, 'cat_l2': 7.502467271450042, 'min_data_per_group': 70, 'max_cat_to_onehot': 10, 'max_cat_threshold': 8, 'max_bin': 31, 'subsample': 0.955468076667577}. Best is trial 1 with value: 0.8520765619357168.[0m
Best trial: 1. Best value: 0.852077:  40%|####      | 40/100 [01:02<01:33,  1.56s/it]Best trial: 1. Best value: 0.852077:  40%|####      | 40/100 [01:02<01:33,  1.56s/it]Best trial: 1. Best value: 0.852077:  41%|####1     | 41/100 [01:02<01:36,  1.64s/it]                                                                                     [32m[I 2026-07-24 18:56:37,316][0m Trial 41 finished with value: 0.8408155225056633 and parameters: {'max_depth': 7, 'subsample_freq': 1, 'learning_rate': 0.13951927398688257, 'num_leaves': 29, 'min_child_samples': 5, 'min_child_weight': 0.24594671382876573, 'min_split_gain': 0.09042969266268823, 'colsample_bytree': 0.7737381397100696, 'reg_alpha': 0.0, 'reg_lambda': 0.001, 'cat_smooth': 19.880876645620805, 'cat_l2': 24.108473309762765, 'min_data_per_group': 40, 'max_cat_to_onehot': 10, 'max_cat_threshold': 32, 'max_bin': 255, 'subsample': 0.7276696353908704}. Best is trial 1 with value: 0.8520765619357168.[0m
Best trial: 1. Best value: 0.852077:  41%|####1     | 41/100 [01:04<01:36,  1.64s/it]Best trial: 1. Best value: 0.852077:  41%|####1     | 41/100 [01:05<01:36,  1.64s/it]Best trial: 1. Best value: 0.852077:  42%|####2     | 42/100 [01:05<01:44,  1.79s/it]                                                                                     [32m[I 2026-07-24 18:56:38,602][0m Trial 42 finished with value: 0.8337962506976592 and parameters: {'max_depth': 7, 'subsample_freq': 1, 'learning_rate': 0.14051045133147025, 'num_leaves': 27, 'min_child_samples': 20, 'min_child_weight': 0.16475499002144586, 'min_split_gain': 0.10993551796014446, 'colsample_bytree': 0.7546664380337371, 'reg_alpha': 2.0, 'reg_lambda': 1.0, 'cat_smooth': 28.793765415948297, 'cat_l2': 9.757845025384558, 'min_data_per_group': 50, 'max_cat_to_onehot': 10, 'max_cat_threshold': 32, 'max_bin': 127, 'subsample': 0.9277292229050315}. Best is trial 1 with value: 0.8520765619357168.[0m
Best trial: 1. Best value: 0.852077:  42%|####2     | 42/100 [01:06<01:44,  1.79s/it]Best trial: 1. Best value: 0.852077:  42%|####2     | 42/100 [01:06<01:44,  1.79s/it]Best trial: 1. Best value: 0.852077:  43%|####3     | 43/100 [01:06<01:33,  1.64s/it]                                                                                     [32m[I 2026-07-24 18:56:40,074][0m Trial 43 finished with value: 0.8440953412784399 and parameters: {'max_depth': 7, 'subsample_freq': 1, 'learning_rate': 0.12658249549953293, 'num_leaves': 23, 'min_child_samples': 10, 'min_child_weight': 0.5903950797614532, 'min_split_gain': 0.0767604138772755, 'colsample_bytree': 0.7208125471111733, 'reg_alpha': 0.001, 'reg_lambda': 0.05, 'cat_smooth': 14.730308240162223, 'cat_l2': 6.161954451212175, 'min_data_per_group': 60, 'max_cat_to_onehot': 10, 'max_cat_threshold': 8, 'max_bin': 127, 'subsample': 0.9999330120848586}. Best is trial 1 with value: 0.8520765619357168.[0m
