Best trial: 1. Best value: 0.852077:  43%|####3     | 43/100 [01:07<01:33,  1.64s/it]Best trial: 1. Best value: 0.852077:  43%|####3     | 43/100 [01:07<01:33,  1.64s/it]Best trial: 1. Best value: 0.852077:  44%|####4     | 44/100 [01:07<01:28,  1.59s/it]                                                                                     [32m[I 2026-07-24 18:56:41,676][0m Trial 44 finished with value: 0.8473882924587149 and parameters: {'max_depth': 6, 'subsample_freq': 1, 'learning_rate': 0.14814463064821198, 'num_leaves': 29, 'min_child_samples': 15, 'min_child_weight': 0.12348836206969811, 'min_split_gain': 0.1147145171623477, 'colsample_bytree': 0.7862221529417304, 'reg_alpha': 0.5, 'reg_lambda': 0.0, 'cat_smooth': 7.847266466964832, 'cat_l2': 19.484782553098885, 'min_data_per_group': 70, 'max_cat_to_onehot': 10, 'max_cat_threshold': 16, 'max_bin': 63, 'subsample': 0.7029666195286978}. Best is trial 1 with value: 0.8520765619357168.[0m
Best trial: 1. Best value: 0.852077:  44%|####4     | 44/100 [01:09<01:28,  1.59s/it]Best trial: 1. Best value: 0.852077:  44%|####4     | 44/100 [01:09<01:28,  1.59s/it]Best trial: 1. Best value: 0.852077:  45%|####5     | 45/100 [01:09<01:27,  1.59s/it]                                                                                     [32m[I 2026-07-24 18:56:43,558][0m Trial 45 finished with value: 0.8389408713352376 and parameters: {'max_depth': 7, 'subsample_freq': 1, 'learning_rate': 0.11517978832491678, 'num_leaves': 31, 'min_child_samples': 10, 'min_child_weight': 0.2698991829106517, 'min_split_gain': 0.0982865389023849, 'colsample_bytree': 0.7031395456143145, 'reg_alpha': 0.01, 'reg_lambda': 0.01, 'cat_smooth': 12.155604596943625, 'cat_l2': 28.78236392960134, 'min_data_per_group': 110, 'max_cat_to_onehot': 10, 'max_cat_threshold': 32, 'max_bin': 255, 'subsample': 0.8842563436087935}. Best is trial 1 with value: 0.8520765619357168.[0m
Best trial: 1. Best value: 0.852077:  45%|####5     | 45/100 [01:11<01:27,  1.59s/it]Best trial: 1. Best value: 0.852077:  45%|####5     | 45/100 [01:11<01:27,  1.59s/it]Best trial: 1. Best value: 0.852077:  46%|####6     | 46/100 [01:11<01:30,  1.68s/it]                                                                                     [32m[I 2026-07-24 18:56:45,523][0m Trial 46 finished with value: 0.8431563741422895 and parameters: {'max_depth': 7, 'subsample_freq': 1, 'learning_rate': 0.13657293885405217, 'num_leaves': 25, 'min_child_samples': 5, 'min_child_weight': 0.8253205876991795, 'min_split_gain': 0.08966832633769549, 'colsample_bytree': 0.8187263014581081, 'reg_alpha': 0.05, 'reg_lambda': 0.5, 'cat_smooth': 22.74859127999233, 'cat_l2': 13.212167878845126, 'min_data_per_group': 30, 'max_cat_to_onehot': 4, 'max_cat_threshold': 8, 'max_bin': 127, 'subsample': 0.7665734961639104}. Best is trial 1 with value: 0.8520765619357168.[0m
Best trial: 1. Best value: 0.852077:  46%|####6     | 46/100 [01:13<01:30,  1.68s/it]Best trial: 1. Best value: 0.852077:  46%|####6     | 46/100 [01:13<01:30,  1.68s/it]Best trial: 1. Best value: 0.852077:  47%|####6     | 47/100 [01:13<01:33,  1.77s/it]                                                                                     [32m[I 2026-07-24 18:56:46,845][0m Trial 47 finished with value: 0.8441248891953116 and parameters: {'max_depth': 6, 'subsample_freq': 0, 'learning_rate': 0.1012277057216582, 'num_leaves': 4, 'min_child_samples': 20, 'min_child_weight': 1.475512145733064, 'min_split_gain': 0.06544369440860903, 'colsample_bytree': 0.7752358491341134, 'reg_alpha': 0.001, 'reg_lambda': 0.1, 'cat_smooth': 26.963438339389118, 'cat_l2': 7.9894894757834205, 'min_data_per_group': 20, 'max_cat_to_onehot': 10, 'max_cat_threshold': 16, 'max_bin': 63}. Best is trial 1 with value: 0.8520765619357168.[0m
Best trial: 1. Best value: 0.852077:  47%|####6     | 47/100 [01:14<01:33,  1.77s/it]Best trial: 1. Best value: 0.852077:  47%|####6     | 47/100 [01:14<01:33,  1.77s/it]Best trial: 1. Best value: 0.852077:  48%|####8     | 48/100 [01:14<01:25,  1.64s/it]                                                                                     [32m[I 2026-07-24 18:56:48,496][0m Trial 48 finished with value: 0.8445713910502644 and parameters: {'max_depth': 4, 'subsample_freq': 1, 'learning_rate': 0.12194931590183512, 'num_leaves': 12, 'min_child_samples': 10, 'min_child_weight': 0.3895164363018089, 'min_split_gain': 0.052089639483778996, 'colsample_bytree': 0.7567900245529868, 'reg_alpha': 1.0, 'reg_lambda': 2.0, 'cat_smooth': 25.26844026141628, 'cat_l2': 2.0117836511701936, 'min_data_per_group': 40, 'max_cat_to_onehot': 10, 'max_cat_threshold': 16, 'max_bin': 31, 'subsample': 0.7388222115934155}. Best is trial 1 with value: 0.8520765619357168.[0m
Best trial: 1. Best value: 0.852077:  48%|####8     | 48/100 [01:16<01:25,  1.64s/it]Best trial: 1. Best value: 0.852077:  48%|####8     | 48/100 [01:16<01:25,  1.64s/it]Best trial: 1. Best value: 0.852077:  49%|####9     | 49/100 [01:16<01:23,  1.63s/it]                                                                                     [32m[I 2026-07-24 18:56:49,987][0m Trial 49 finished with value: 0.8417577727436881 and parameters: {'max_depth': 7, 'subsample_freq': 1, 'learning_rate': 0.13064762596934748, 'num_leaves': 17, 'min_child_samples': 15, 'min_child_weight': 1.129973903813779, 'min_split_gain': 0.13693830413632765, 'colsample_bytree': 0.7991745768441162, 'reg_alpha': 0.01, 'reg_lambda': 1.0, 'cat_smooth': 21.39221662313371, 'cat_l2': 17.240615377795176, 'min_data_per_group': 50, 'max_cat_to_onehot': 10, 'max_cat_threshold': 8, 'max_bin': 127, 'subsample': 0.9787705973831009}. Best is trial 1 with value: 0.8520765619357168.[0m
Best trial: 1. Best value: 0.852077:  49%|####9     | 49/100 [01:17<01:23,  1.63s/it]Best trial: 1. Best value: 0.852077:  49%|####9     | 49/100 [01:17<01:23,  1.63s/it]Best trial: 1. Best value: 0.852077:  50%|#####     | 50/100 [01:17<01:19,  1.59s/it]                                                                                     [32m[I 2026-07-24 18:56:51,564][0m Trial 50 finished with value: 0.8469056764831412 and parameters: {'max_depth': 6, 'subsample_freq': 1, 'learning_rate': 0.14142459008231884, 'num_leaves': 23, 'min_child_samples': 25, 'min_child_weight': 0.006183600787901004, 'min_split_gain': 0.09400525096671858, 'colsample_bytree': 0.8679702101213598, 'reg_alpha': 0.5, 'reg_lambda': 0.05, 'cat_smooth': 16.546631088988704, 'cat_l2': 6.519442704029292, 'min_data_per_group': 120, 'max_cat_to_onehot': 10, 'max_cat_threshold': 32, 'max_bin': 63, 'subsample': 0.8257422251585398}. Best is trial 1 with value: 0.8520765619357168.[0m
Best trial: 1. Best value: 0.852077:  50%|#####     | 50/100 [01:19<01:19,  1.59s/it]Best trial: 1. Best value: 0.852077:  50%|#####     | 50/100 [01:19<01:19,  1.59s/it]Best trial: 1. Best value: 0.852077:  51%|#####1    | 51/100 [01:19<01:17,  1.59s/it]                                                                                     [32m[I 2026-07-24 18:56:53,427][0m Trial 51 finished with value: 0.8469188088906399 and parameters: {'max_depth': 6, 'subsample_freq': 1, 'learning_rate': 0.08491987754105931, 'num_leaves': 20, 'min_child_samples': 15, 'min_child_weight': 0.18601186636093234, 'min_split_gain': 0.011358695266548313, 'colsample_bytree': 0.9006856120449693, 'reg_alpha': 0.001, 'reg_lambda': 0.001, 'cat_smooth': 29.143211117036003, 'cat_l2': 1.029069616935206, 'min_data_per_group': 30, 'max_cat_to_onehot': 10, 'max_cat_threshold': 16, 'max_bin': 127, 'subsample': 0.792018678188463}. Best is trial 1 with value: 0.8520765619357168.[0m
Best trial: 1. Best value: 0.852077:  51%|#####1    | 51/100 [01:21<01:17,  1.59s/it]Best trial: 1. Best value: 0.852077:  51%|#####1    | 51/100 [01:21<01:17,  1.59s/it]Best trial: 1. Best value: 0.852077:  52%|#####2    | 52/100 [01:21<01:20,  1.67s/it]                                                                                     [32m[I 2026-07-24 18:56:55,574][0m Trial 52 finished with value: 0.8426934567779639 and parameters: {'max_depth': 6, 'subsample_freq': 1, 'learning_rate': 0.055703884234478966, 'num_leaves': 20, 'min_child_samples': 5, 'min_child_weight': 0.06421708080185343, 'min_split_gain': 0.03153763827056413, 'colsample_bytree': 0.8737631611446405, 'reg_alpha': 0.001, 'reg_lambda': 0.001, 'cat_smooth': 24.047119621687774, 'cat_l2': 1.346879590991308, 'min_data_per_group': 20, 'max_cat_to_onehot': 10, 'max_cat_threshold': 16, 'max_bin': 127, 'subsample': 0.8569823310755244}. Best is trial 1 with value: 0.8520765619357168.[0m
Best trial: 1. Best value: 0.852077:  52%|#####2    | 52/100 [01:23<01:20,  1.67s/it]Best trial: 1. Best value: 0.852077:  52%|#####2    | 52/100 [01:23<01:20,  1.67s/it]Best trial: 1. Best value: 0.852077:  53%|#####3    | 53/100 [01:23<01:25,  1.82s/it]                                                                                     [32m[I 2026-07-24 18:56:57,713][0m Trial 53 finished with value: 0.845976558652615 and parameters: {'max_depth': 7, 'subsample_freq': 1, 'learning_rate': 0.06755278519962499, 'num_leaves': 19, 'min_child_samples': 10, 'min_child_weight': 0.1463321460620885, 'min_split_gain': 0.039272253697618324, 'colsample_bytree': 0.8902710990436342, 'reg_alpha': 0.001, 'reg_lambda': 0.001, 'cat_smooth': 26.869673226283098, 'cat_l2': 2.566850346662168, 'min_data_per_group': 30, 'max_cat_to_onehot': 10, 'max_cat_threshold': 16, 'max_bin': 127, 'subsample': 0.8740165820878155}. Best is trial 1 with value: 0.8520765619357168.[0m
Best trial: 1. Best value: 0.852077:  53%|#####3    | 53/100 [01:25<01:25,  1.82s/it]Best trial: 1. Best value: 0.852077:  53%|#####3    | 53/100 [01:25<01:25,  1.82s/it]Best trial: 1. Best value: 0.852077:  54%|#####4    | 54/100 [01:25<01:28,  1.91s/it]                                                                                     [32m[I 2026-07-24 18:56:59,764][0m Trial 54 finished with value: 0.8459699924488656 and parameters: {'max_depth': 6, 'subsample_freq': 1, 'learning_rate': 0.04341384007919782, 'num_leaves': 16, 'min_child_samples': 15, 'min_child_weight': 0.5255953218474686, 'min_split_gain': 0.03134323931428008, 'colsample_bytree': 0.8511916200871557, 'reg_alpha': 0.001, 'reg_lambda': 0.001, 'cat_smooth': 28.087418011914455, 'cat_l2': 3.071207101629435, 'min_data_per_group': 20, 'max_cat_to_onehot': 10, 'max_cat_threshold': 16, 'max_bin': 127, 'subsample': 0.923673217120671}. Best is trial 1 with value: 0.8520765619357168.[0m
Best trial: 1. Best value: 0.852077:  54%|#####4    | 54/100 [01:27<01:28,  1.91s/it]Best trial: 1. Best value: 0.852077:  54%|#####4    | 54/100 [01:27<01:28,  1.91s/it]Best trial: 1. Best value: 0.852077:  55%|#####5    | 55/100 [01:27<01:28,  1.96s/it]                                                                                     [32m[I 2026-07-24 18:57:02,224][0m Trial 55 finished with value: 0.8483206933911158 and parameters: {'max_depth': 5, 'subsample_freq': 1, 'learning_rate': 0.030165603029932972, 'num_leaves': 21, 'min_child_samples': 5, 'min_child_weight': 0.22800838995775702, 'min_split_gain': 0.017519879247141275, 'colsample_bytree': 0.9362464668457247, 'reg_alpha': 0.1, 'reg_lambda': 0.5, 'cat_smooth': 23.933169260099426, 'cat_l2': 25.521688339516665, 'min_data_per_group': 40, 'max_cat_to_onehot': 10, 'max_cat_threshold': 16, 'max_bin': 127, 'subsample': 0.8088524219104983}. Best is trial 1 with value: 0.8520765619357168.[0m
Best trial: 1. Best value: 0.852077:  55%|#####5    | 55/100 [01:29<01:28,  1.96s/it]Best trial: 1. Best value: 0.852077:  55%|#####5    | 55/100 [01:29<01:28,  1.96s/it]Best trial: 1. Best value: 0.852077:  56%|#####6    | 56/100 [01:29<01:32,  2.10s/it]                                                                                     [32m[I 2026-07-24 18:57:04,036][0m Trial 56 finished with value: 0.8440953412784399 and parameters: {'max_depth': 7, 'subsample_freq': 1, 'learning_rate': 0.07511196701793584, 'num_leaves': 28, 'min_child_samples': 20, 'min_child_weight': 0.29870708539215274, 'min_split_gain': 0.06713528688075372, 'colsample_bytree': 0.8837873176710818, 'reg_alpha': 0.5, 'reg_lambda': 0.1, 'cat_smooth': 29.87608958423504, 'cat_l2': 1.8916849374315903, 'min_data_per_group': 30, 'max_cat_to_onehot': 10, 'max_cat_threshold': 16, 'max_bin': 63, 'subsample': 0.8533293073323829}. Best is trial 1 with value: 0.8520765619357168.[0m
Best trial: 1. Best value: 0.852077:  56%|#####6    | 56/100 [01:31<01:32,  2.10s/it]Best trial: 1. Best value: 0.852077:  56%|#####6    | 56/100 [01:31<01:32,  2.10s/it]Best trial: 1. Best value: 0.852077:  57%|#####6    | 57/100 [01:31<01:26,  2.02s/it]                                                                                     [32m[I 2026-07-24 18:57:05,959][0m Trial 57 finished with value: 0.8497225778915921 and parameters: {'max_depth': 7, 'subsample_freq': 1, 'learning_rate': 0.12020747078354467, 'num_leaves': 22, 'min_child_samples': 15, 'min_child_weight': 0.7344303818602065, 'min_split_gain': 0.1460855777749954, 'colsample_bytree': 0.9175390972826765, 'reg_alpha': 0.0, 'reg_lambda': 0.1, 'cat_smooth': 26.255809712245025, 'cat_l2': 22.037375480685384, 'min_data_per_group': 20, 'max_cat_to_onehot': 10, 'max_cat_threshold': 16, 'max_bin': 127, 'subsample': 0.7177839385889759}. Best is trial 1 with value: 0.8520765619357168.[0m
Best trial: 1. Best value: 0.852077:  57%|#####6    | 57/100 [01:33<01:26,  2.02s/it]Best trial: 1. Best value: 0.852077:  57%|#####6    | 57/100 [01:33<01:26,  2.02s/it]Best trial: 1. Best value: 0.852077:  58%|#####8    | 58/100 [01:33<01:23,  1.99s/it]                                                                                     [32m[I 2026-07-24 18:57:07,524][0m Trial 58 finished with value: 0.8380051873009619 and parameters: {'max_depth': 7, 'subsample_freq': 1, 'learning_rate': 0.11649646903628329, 'num_leaves': 22, 'min_child_samples': 10, 'min_child_weight': 0.8179041059186215, 'min_split_gain': 0.14135628689120594, 'colsample_bytree': 0.9150946224022731, 'reg_alpha': 2.0, 'reg_lambda': 0.1, 'cat_smooth': 28.838889637392242, 'cat_l2': 21.85508470709673, 'min_data_per_group': 20, 'max_cat_to_onehot': 10, 'max_cat_threshold': 8, 'max_bin': 255, 'subsample': 0.7150798573838553}. Best is trial 1 with value: 0.8520765619357168.[0m
Best trial: 1. Best value: 0.852077:  58%|#####8    | 58/100 [01:35<01:23,  1.99s/it]Best trial: 1. Best value: 0.852077:  58%|#####8    | 58/100 [01:35<01:23,  1.99s/it]Best trial: 1. Best value: 0.852077:  59%|#####8    | 59/100 [01:35<01:16,  1.87s/it]                                                                                     [32m[I 2026-07-24 18:57:08,843][0m Trial 59 finished with value: 0.8403394727338389 and parameters: {'max_depth': 7, 'subsample_freq': 0, 'learning_rate': 0.14996895250002534, 'num_leaves': 24, 'min_child_samples': 10, 'min_child_weight': 1.5760122772676903, 'min_split_gain': 0.1469411309803577, 'colsample_bytree': 0.946874556017254, 'reg_alpha': 0.0, 'reg_lambda': 0.1, 'cat_smooth': 27.548342838578648, 'cat_l2': 29.68601036536889, 'min_data_per_group': 100, 'max_cat_to_onehot': 4, 'max_cat_threshold': 16, 'max_bin': 63}. Best is trial 1 with value: 0.8520765619357168.[0m
Best trial: 1. Best value: 0.852077:  59%|#####8    | 59/100 [01:36<01:16,  1.87s/it]Best trial: 1. Best value: 0.852077:  59%|#####8    | 59/100 [01:36<01:16,  1.87s/it]Best trial: 1. Best value: 0.852077:  60%|######    | 60/100 [01:36<01:07,  1.70s/it]                                                                                     [32m[I 2026-07-24 18:57:10,599][0m Trial 60 finished with value: 0.8478676253324141 and parameters: {'max_depth': 7, 'subsample_freq': 1, 'learning_rate': 0.12688995688301952, 'num_leaves': 30, 'min_child_samples': 30, 'min_child_weight': 0.4670633089756772, 'min_split_gain': 0.10625013421399347, 'colsample_bytree': 0.7299899458223552, 'reg_alpha': 0.0, 'reg_lambda': 0.1, 'cat_smooth': 26.220099682412375, 'cat_l2': 17.679788946757828, 'min_data_per_group': 50, 'max_cat_to_onehot': 10, 'max_cat_threshold': 16, 'max_bin': 127, 'subsample': 0.715313172443929}. Best is trial 1 with value: 0.8520765619357168.[0m
Best trial: 1. Best value: 0.852077:  60%|######    | 60/100 [01:38<01:07,  1.70s/it]Best trial: 1. Best value: 0.852077:  60%|######    | 60/100 [01:38<01:07,  1.70s/it]Best trial: 1. Best value: 0.852077:  61%|######1   | 61/100 [01:38<01:06,  1.71s/it]                                                                                     [32m[I 2026-07-24 18:57:12,690][0m Trial 61 finished with value: 0.8473784431530911 and parameters: {'max_depth': 7, 'subsample_freq': 1, 'learning_rate': 0.10928591822473029, 'num_leaves': 22, 'min_child_samples': 15, 'min_child_weight': 1.282391723351571, 'min_split_gain': 0.12064864441392513, 'colsample_bytree': 0.7429971407845869, 'reg_alpha': 0.0, 'reg_lambda': 0.1, 'cat_smooth': 24.86809490624192, 'cat_l2': 14.861412299954905, 'min_data_per_group': 20, 'max_cat_to_onehot': 10, 'max_cat_threshold': 16, 'max_bin': 127, 'subsample': 0.7429547639505456}. Best is trial 1 with value: 0.8520765619357168.[0m
Best trial: 1. Best value: 0.852077:  61%|######1   | 61/100 [01:40<01:06,  1.71s/it]Best trial: 1. Best value: 0.852077:  61%|######1   | 61/100 [01:40<01:06,  1.71s/it]Best trial: 1. Best value: 0.852077:  62%|######2   | 62/100 [01:40<01:09,  1.83s/it]                                                                                     [32m[I 2026-07-24 18:57:14,467][0m Trial 62 finished with value: 0.8478446436192915 and parameters: {'max_depth': 6, 'subsample_freq': 1, 'learning_rate': 0.14063964794825318, 'num_leaves': 19, 'min_child_samples': 15, 'min_child_weight': 1.970954205056983, 'min_split_gain': 0.1286319626680831, 'colsample_bytree': 0.8963248111530805, 'reg_alpha': 0.001, 'reg_lambda': 0.05, 'cat_smooth': 25.94248080743538, 'cat_l2': 26.114084287649415, 'min_data_per_group': 30, 'max_cat_to_onehot': 10, 'max_cat_threshold': 16, 'max_bin': 127, 'subsample': 0.7624415217561463}. Best is trial 1 with value: 0.8520765619357168.[0m
Best trial: 1. Best value: 0.852077:  62%|######2   | 62/100 [01:42<01:09,  1.83s/it]Best trial: 1. Best value: 0.852077:  62%|######2   | 62/100 [01:42<01:09,  1.83s/it]Best trial: 1. Best value: 0.852077:  63%|######3   | 63/100 [01:42<01:07,  1.81s/it]                                                                                     [32m[I 2026-07-24 18:57:16,451][0m Trial 63 finished with value: 0.84644604222069 and parameters: {'max_depth': 7, 'subsample_freq': 1, 'learning_rate': 0.08762121390073156, 'num_leaves': 18, 'min_child_samples': 20, 'min_child_weight': 0.7108740604659923, 'min_split_gain': 0.08510141799927688, 'colsample_bytree': 0.8568222099754149, 'reg_alpha': 0.5, 'reg_lambda': 0.1, 'cat_smooth': 28.172776132353793, 'cat_l2': 11.461128021169047, 'min_data_per_group': 20, 'max_cat_to_onehot': 10, 'max_cat_threshold': 16, 'max_bin': 127, 'subsample': 0.7292069755551922}. Best is trial 1 with value: 0.8520765619357168.[0m
Best trial: 1. Best value: 0.852077:  63%|######3   | 63/100 [01:44<01:07,  1.81s/it]Best trial: 1. Best value: 0.852077:  63%|######3   | 63/100 [01:44<01:07,  1.81s/it]Best trial: 1. Best value: 0.852077:  64%|######4   | 64/100 [01:44<01:07,  1.87s/it]                                                                                     [32m[I 2026-07-24 18:57:18,517][0m Trial 64 finished with value: 0.8375389868347615 and parameters: {'max_depth': 7, 'subsample_freq': 1, 'learning_rate': 0.09660943719333383, 'num_leaves': 27, 'min_child_samples': 5, 'min_child_weight': 0.37523530490741497, 'min_split_gain': 0.07862565038614291, 'colsample_bytree': 0.9119149724672515, 'reg_alpha': 0.0, 'reg_lambda': 0.0, 'cat_smooth': 26.954327994678863, 'cat_l2': 21.560516963929032, 'min_data_per_group': 60, 'max_cat_to_onehot': 10, 'max_cat_threshold': 16, 'max_bin': 127, 'subsample': 0.8975407151235848}. Best is trial 1 with value: 0.8520765619357168.[0m
Best trial: 1. Best value: 0.852077:  64%|######4   | 64/100 [01:46<01:07,  1.87s/it]Best trial: 1. Best value: 0.852077:  64%|######4   | 64/100 [01:46<01:07,  1.87s/it]Best trial: 1. Best value: 0.852077:  65%|######5   | 65/100 [01:46<01:07,  1.92s/it]                                                                                     [32m[I 2026-07-24 18:57:20,569][0m Trial 65 finished with value: 0.8440887750746905 and parameters: {'max_depth': 6, 'subsample_freq': 1, 'learning_rate': 0.11883649051754634, 'num_leaves': 25, 'min_child_samples': 10, 'min_child_weight': 0.20344765178920218, 'min_split_gain': 0.0226220029141936, 'colsample_bytree': 0.7625660510514866, 'reg_alpha': 0.01, 'reg_lambda': 0.5, 'cat_smooth': 29.233082762837416, 'cat_l2': 19.21801004356346, 'min_data_per_group': 30, 'max_cat_to_onehot': 10, 'max_cat_threshold': 8, 'max_bin': 31, 'subsample': 0.7876842449078291}. Best is trial 1 with value: 0.8520765619357168.[0m
