Best trial: 1. Best value: 0.852077:  87%|########7 | 87/100 [02:28<00:22,  1.75s/it]Best trial: 1. Best value: 0.852077:  87%|########7 | 87/100 [02:28<00:22,  1.75s/it]Best trial: 1. Best value: 0.852077:  88%|########8 | 88/100 [02:28<00:21,  1.81s/it]                                                                                     [32m[I 2026-07-24 18:58:02,420][0m Trial 88 finished with value: 0.8333202009258348 and parameters: {'max_depth': 7, 'subsample_freq': 0, 'learning_rate': 0.0521509850210634, 'num_leaves': 14, 'min_child_samples': 35, 'min_child_weight': 0.503813564297298, 'min_split_gain': 0.09288961712154985, 'colsample_bytree': 0.9462467776222023, 'reg_alpha': 2.0, 'reg_lambda': 0.05, 'cat_smooth': 5.152927555213509, 'cat_l2': 10.645111833682448, 'min_data_per_group': 20, 'max_cat_to_onehot': 10, 'max_cat_threshold': 32, 'max_bin': 63}. Best is trial 1 with value: 0.8520765619357168.[0m
Best trial: 1. Best value: 0.852077:  88%|########8 | 88/100 [02:30<00:21,  1.81s/it]Best trial: 1. Best value: 0.852077:  88%|########8 | 88/100 [02:30<00:21,  1.81s/it]Best trial: 1. Best value: 0.852077:  89%|########9 | 89/100 [02:30<00:18,  1.67s/it]                                                                                     [32m[I 2026-07-24 18:58:04,110][0m Trial 89 finished with value: 0.8450408746183395 and parameters: {'max_depth': 7, 'subsample_freq': 1, 'learning_rate': 0.14368289865655534, 'num_leaves': 11, 'min_child_samples': 35, 'min_child_weight': 0.2981899467337888, 'min_split_gain': 0.10733148258021358, 'colsample_bytree': 0.9804947812293636, 'reg_alpha': 0.5, 'reg_lambda': 0.001, 'cat_smooth': 11.856542769313204, 'cat_l2': 11.286873127185634, 'min_data_per_group': 30, 'max_cat_to_onehot': 10, 'max_cat_threshold': 32, 'max_bin': 31, 'subsample': 0.7090577785774844}. Best is trial 1 with value: 0.8520765619357168.[0m
Best trial: 1. Best value: 0.852077:  89%|########9 | 89/100 [02:31<00:18,  1.67s/it]Best trial: 1. Best value: 0.852077:  89%|########9 | 89/100 [02:31<00:18,  1.67s/it]Best trial: 1. Best value: 0.852077:  90%|######### | 90/100 [02:31<00:16,  1.67s/it]                                                                                     [32m[I 2026-07-24 18:58:05,818][0m Trial 90 finished with value: 0.8488098755704389 and parameters: {'max_depth': 7, 'subsample_freq': 1, 'learning_rate': 0.11800219098162146, 'num_leaves': 18, 'min_child_samples': 30, 'min_child_weight': 1.3759647812009144, 'min_split_gain': 0.1011644069106278, 'colsample_bytree': 0.9655784368502919, 'reg_alpha': 0.0, 'reg_lambda': 0.001, 'cat_smooth': 10.731700040738994, 'cat_l2': 8.068023751849587, 'min_data_per_group': 20, 'max_cat_to_onehot': 10, 'max_cat_threshold': 32, 'max_bin': 255, 'subsample': 0.7437412221237459}. Best is trial 1 with value: 0.8520765619357168.[0m
Best trial: 1. Best value: 0.852077:  90%|######### | 90/100 [02:33<00:16,  1.67s/it]Best trial: 1. Best value: 0.852077:  90%|######### | 90/100 [02:33<00:16,  1.67s/it]Best trial: 1. Best value: 0.852077:  91%|#########1| 91/100 [02:33<00:15,  1.69s/it]                                                                                     [32m[I 2026-07-24 18:58:07,530][0m Trial 91 finished with value: 0.8455103581864144 and parameters: {'max_depth': 7, 'subsample_freq': 1, 'learning_rate': 0.1273955588930843, 'num_leaves': 19, 'min_child_samples': 45, 'min_child_weight': 1.0722968000259254, 'min_split_gain': 0.06503491322533943, 'colsample_bytree': 0.9317730968878248, 'reg_alpha': 0.5, 'reg_lambda': 0.1, 'cat_smooth': 12.927632552634416, 'cat_l2': 5.664435090510774, 'min_data_per_group': 50, 'max_cat_to_onehot': 10, 'max_cat_threshold': 32, 'max_bin': 63, 'subsample': 0.7183464370831314}. Best is trial 1 with value: 0.8520765619357168.[0m
Best trial: 1. Best value: 0.852077:  91%|#########1| 91/100 [02:35<00:15,  1.69s/it]Best trial: 1. Best value: 0.852077:  91%|#########1| 91/100 [02:35<00:15,  1.69s/it]Best trial: 1. Best value: 0.852077:  92%|#########2| 92/100 [02:35<00:13,  1.69s/it]                                                                                     [32m[I 2026-07-24 18:58:09,230][0m Trial 92 finished with value: 0.8530089628681178 and parameters: {'max_depth': 7, 'subsample_freq': 1, 'learning_rate': 0.14543029929604373, 'num_leaves': 16, 'min_child_samples': 35, 'min_child_weight': 1.1441588080348284, 'min_split_gain': 0.07074078669716788, 'colsample_bytree': 0.9406386213591118, 'reg_alpha': 0.5, 'reg_lambda': 0.05, 'cat_smooth': 14.759011982530762, 'cat_l2': 6.985602579442557, 'min_data_per_group': 30, 'max_cat_to_onehot': 10, 'max_cat_threshold': 32, 'max_bin': 63, 'subsample': 0.7290275330628179}. Best is trial 92 with value: 0.8530089628681178.[0m
Best trial: 1. Best value: 0.852077:  92%|#########2| 92/100 [02:36<00:13,  1.69s/it]Best trial: 92. Best value: 0.853009:  92%|#########2| 92/100 [02:37<00:13,  1.69s/it]Best trial: 92. Best value: 0.853009:  93%|#########3| 93/100 [02:37<00:11,  1.70s/it]                                                                                      [32m[I 2026-07-24 18:58:11,111][0m Trial 93 finished with value: 0.8422338225155127 and parameters: {'max_depth': 7, 'subsample_freq': 1, 'learning_rate': 0.05915405341952791, 'num_leaves': 13, 'min_child_samples': 40, 'min_child_weight': 0.3654106691338562, 'min_split_gain': 0.09078357032460913, 'colsample_bytree': 0.9547844531300301, 'reg_alpha': 0.5, 'reg_lambda': 0.05, 'cat_smooth': 13.951995406909404, 'cat_l2': 10.138772678972972, 'min_data_per_group': 20, 'max_cat_to_onehot': 10, 'max_cat_threshold': 32, 'max_bin': 63, 'subsample': 0.7341466862549472}. Best is trial 92 with value: 0.8530089628681178.[0m
Best trial: 92. Best value: 0.853009:  93%|#########3| 93/100 [02:38<00:11,  1.70s/it]Best trial: 92. Best value: 0.853009:  93%|#########3| 93/100 [02:38<00:11,  1.70s/it]Best trial: 92. Best value: 0.853009:  94%|#########3| 94/100 [02:38<00:10,  1.75s/it]                                                                                      [32m[I 2026-07-24 18:58:12,883][0m Trial 94 finished with value: 0.8483239764929906 and parameters: {'max_depth': 7, 'subsample_freq': 1, 'learning_rate': 0.14444224476486517, 'num_leaves': 16, 'min_child_samples': 40, 'min_child_weight': 1.2983145287619433, 'min_split_gain': 0.07227659509307814, 'colsample_bytree': 0.7122647234551618, 'reg_alpha': 0.5, 'reg_lambda': 0.05, 'cat_smooth': 8.233854184649653, 'cat_l2': 16.427194134763187, 'min_data_per_group': 30, 'max_cat_to_onehot': 10, 'max_cat_threshold': 32, 'max_bin': 63, 'subsample': 0.7279212819882183}. Best is trial 92 with value: 0.8530089628681178.[0m
Best trial: 92. Best value: 0.853009:  94%|#########3| 94/100 [02:40<00:10,  1.75s/it]Best trial: 92. Best value: 0.853009:  94%|#########3| 94/100 [02:40<00:10,  1.75s/it]Best trial: 92. Best value: 0.853009:  95%|#########5| 95/100 [02:40<00:08,  1.75s/it]                                                                                      [32m[I 2026-07-24 18:58:14,626][0m Trial 95 finished with value: 0.851134311697692 and parameters: {'max_depth': 7, 'subsample_freq': 1, 'learning_rate': 0.1372922808807335, 'num_leaves': 16, 'min_child_samples': 35, 'min_child_weight': 0.022900088047995232, 'min_split_gain': 0.08398242081198684, 'colsample_bytree': 0.98299856536031, 'reg_alpha': 0.5, 'reg_lambda': 0.05, 'cat_smooth': 11.336185516778961, 'cat_l2': 7.020430951582972, 'min_data_per_group': 20, 'max_cat_to_onehot': 10, 'max_cat_threshold': 8, 'max_bin': 63, 'subsample': 0.7075942554038838}. Best is trial 92 with value: 0.8530089628681178.[0m
Best trial: 92. Best value: 0.853009:  95%|#########5| 95/100 [02:42<00:08,  1.75s/it]Best trial: 92. Best value: 0.853009:  95%|#########5| 95/100 [02:42<00:08,  1.75s/it]Best trial: 92. Best value: 0.853009:  96%|#########6| 96/100 [02:42<00:07,  1.75s/it]                                                                                      [32m[I 2026-07-24 18:58:16,484][0m Trial 96 finished with value: 0.850664828129617 and parameters: {'max_depth': 7, 'subsample_freq': 1, 'learning_rate': 0.13596193436956291, 'num_leaves': 14, 'min_child_samples': 35, 'min_child_weight': 0.0027396001967290606, 'min_split_gain': 0.08443045578614478, 'colsample_bytree': 0.983041390523373, 'reg_alpha': 0.05, 'reg_lambda': 0.05, 'cat_smooth': 11.684012047815514, 'cat_l2': 6.8215762937710664, 'min_data_per_group': 20, 'max_cat_to_onehot': 10, 'max_cat_threshold': 8, 'max_bin': 63, 'subsample': 0.7090223800611866}. Best is trial 92 with value: 0.8530089628681178.[0m
Best trial: 92. Best value: 0.853009:  96%|#########6| 96/100 [02:44<00:07,  1.75s/it]Best trial: 92. Best value: 0.853009:  96%|#########6| 96/100 [02:44<00:07,  1.75s/it]Best trial: 92. Best value: 0.853009:  97%|#########7| 97/100 [02:44<00:05,  1.78s/it]                                                                                      [32m[I 2026-07-24 18:58:18,167][0m Trial 97 finished with value: 0.8492465281197678 and parameters: {'max_depth': 7, 'subsample_freq': 1, 'learning_rate': 0.1392732257615263, 'num_leaves': 16, 'min_child_samples': 35, 'min_child_weight': 0.0022112897335964166, 'min_split_gain': 0.0849719986350223, 'colsample_bytree': 0.9804813890205598, 'reg_alpha': 0.05, 'reg_lambda': 0.05, 'cat_smooth': 9.667637066946668, 'cat_l2': 6.935227949926176, 'min_data_per_group': 30, 'max_cat_to_onehot': 10, 'max_cat_threshold': 8, 'max_bin': 63, 'subsample': 0.7054798470021583}. Best is trial 92 with value: 0.8530089628681178.[0m
Best trial: 92. Best value: 0.853009:  97%|#########7| 97/100 [02:45<00:05,  1.78s/it]Best trial: 92. Best value: 0.853009:  97%|#########7| 97/100 [02:45<00:05,  1.78s/it]Best trial: 92. Best value: 0.853009:  98%|#########8| 98/100 [02:45<00:03,  1.75s/it]                                                                                      [32m[I 2026-07-24 18:58:19,870][0m Trial 98 finished with value: 0.8497291440953413 and parameters: {'max_depth': 6, 'subsample_freq': 1, 'learning_rate': 0.12194535096162701, 'num_leaves': 14, 'min_child_samples': 35, 'min_child_weight': 0.0157628576637645, 'min_split_gain': 0.09726554979321006, 'colsample_bytree': 0.9981126328647355, 'reg_alpha': 0.05, 'reg_lambda': 0.05, 'cat_smooth': 11.231518679363615, 'cat_l2': 7.310402237721099, 'min_data_per_group': 20, 'max_cat_to_onehot': 10, 'max_cat_threshold': 8, 'max_bin': 63, 'subsample': 0.7230703036122677}. Best is trial 92 with value: 0.8530089628681178.[0m
Best trial: 92. Best value: 0.853009:  98%|#########8| 98/100 [02:47<00:03,  1.75s/it]Best trial: 92. Best value: 0.853009:  98%|#########8| 98/100 [02:47<00:03,  1.75s/it]Best trial: 92. Best value: 0.853009:  99%|#########9| 99/100 [02:47<00:01,  1.74s/it]                                                                                      [32m[I 2026-07-24 18:58:21,584][0m Trial 99 finished with value: 0.8469155257887652 and parameters: {'max_depth': 6, 'subsample_freq': 1, 'learning_rate': 0.13630495319847427, 'num_leaves': 14, 'min_child_samples': 35, 'min_child_weight': 0.005154750797895972, 'min_split_gain': 0.09717861289511265, 'colsample_bytree': 0.9954320471005502, 'reg_alpha': 0.05, 'reg_lambda': 0.05, 'cat_smooth': 11.40237872878624, 'cat_l2': 6.337328869382267, 'min_data_per_group': 20, 'max_cat_to_onehot': 10, 'max_cat_threshold': 8, 'max_bin': 63, 'subsample': 0.7071700348357803}. Best is trial 92 with value: 0.8530089628681178.[0m
Best trial: 92. Best value: 0.853009:  99%|#########9| 99/100 [02:49<00:01,  1.74s/it]Best trial: 92. Best value: 0.853009:  99%|#########9| 99/100 [02:49<00:01,  1.74s/it]Best trial: 92. Best value: 0.853009: 100%|##########| 100/100 [02:49<00:00,  1.73s/it]Best trial: 92. Best value: 0.853009: 100%|##########| 100/100 [02:49<00:00,  1.69s/it]

======================================================================
Saving Optuna Results
======================================================================
Trials saved to: ./outputs/optuna/260_lightgbm_optuna_3_seeds_100_trials.csv
Best parameters saved to: ./outputs/optuna/260_lightgbm_optuna_3_seeds_100_trials_best_params.yaml

======================================================================
Optuna Results
======================================================================

Best trial:
Trial number: 92
Multi-seed CV Accuracy: 0.8530
Seed CV STD: 0.0043
All folds CV STD: 0.0245
Mean best iteration: 93.6
Median best iteration: 46.0

Seed results:
Seed 12648430: 0.8553 ± 0.0319
Seed 42: 0.8470 ± 0.0202
Seed 2026: 0.8568 ± 0.0178

Best parameters:
max_depth: 7
subsample_freq: 1
learning_rate: 0.14543029929604373
num_leaves: 16
min_child_samples: 35
min_child_weight: 1.1441588080348284
min_split_gain: 0.07074078669716788
colsample_bytree: 0.9406386213591118
reg_alpha: 0.5
reg_lambda: 0.05
cat_smooth: 14.759011982530762
cat_l2: 6.985602579442557
min_data_per_group: 30
max_cat_to_onehot: 10
max_cat_threshold: 32
max_bin: 63
subsample: 0.7290275330628179

Top 10 trials:
 trial_number  cv_score  seed_cv_std   cv_std  seed_0_cv_mean  seed_1_cv_mean  seed_2_cv_mean  params_cat_l2  params_cat_smooth  params_colsample_bytree  params_learning_rate  params_max_bin  params_max_cat_threshold  params_max_cat_to_onehot  params_max_depth  params_min_child_samples  params_min_child_weight  params_min_data_per_group  params_min_split_gain  params_num_leaves  params_reg_alpha  params_reg_lambda  params_subsample  params_subsample_freq
           92  0.853009     0.004326 0.024470        0.855294        0.846952        0.856781       6.985603          14.759012                 0.940639              0.145430              63                        32                        10                 7                        35                 1.144159                         30               0.070741                 16             0.500              0.050          0.729028                      1
            1  0.852077     0.009169 0.025982        0.863755        0.841357        0.851118       7.399983          28.835494                 0.886934              0.117847             127                         8                        10                 7                        10                 0.435116                         60               0.087768                  4             0.001              0.050          0.969671                      1
           80  0.851607     0.004628 0.020070        0.852507        0.845543        0.856771      12.112502          10.965743                 0.965252              0.111995              63                        32                        10                 7                        30                 0.913192                         20               0.105342                 16             0.500              0.001          0.711004                      1
           95  0.851134     0.005255 0.023213        0.849690        0.845543        0.858170       7.020431          11.336186                 0.982999              0.137292              63                         8                        10                 7                        35                 0.022900                         20               0.083982                 16             0.500              0.050          0.707594                      1
           79  0.851131     0.006041 0.021593        0.853905        0.842746        0.856742      12.039435          11.595473                 0.962985              0.113805              63                        32                        10                 7                        35                 0.457055                         20               0.092657                 16             0.500              0.001          0.711968                      1
           81  0.850671     0.004627 0.020322        0.849700        0.845553        0.856762      11.063981          11.508848                 0.966783              0.111521              63                        32                        10                 7                        35                 0.550707                         20               0.103083                 16             0.500              0.001          0.710553                      1
           96  0.850665     0.006602 0.023669        0.855304        0.841328        0.855363       6.821576          11.684012                 0.983041              0.135962              63                         8                        10                 7                        35                 0.002740                         20               0.084430                 14             0.050              0.050          0.709022                      1
           30  0.850185     0.010269 0.023331        0.858111        0.835684        0.856762      12.043651          14.299278                 0.747064              0.149618             127                        32                        10                 6                        15                 0.246601                         60               0.093517                 19             0.010              0.500          0.774130                      1
           98  0.849729     0.003043 0.023992        0.846873        0.848370        0.853945       7.310402          11.231519                 0.998113              0.121945              63                         8                        10                 6                        35                 0.015763                         20               0.097266                 14             0.050              0.050          0.723070                      1
           71  0.849726     0.009370 0.023734        0.859529        0.837102        0.852546       5.635418          10.972002                 0.809152              0.141870              63                        32                        10                 7                        20                 1.492723                         20               0.093347                 19             0.500              0.100          0.726130                      1
