
======================================================================
Experiment: 260_lightgbm_optuna_3_seeds_100_trials
======================================================================

======================================================================
Optuna Study
======================================================================
Study name: lightgbm_tuning_3_seeds
Direction: maximize
Number of trials: 100
CV folds: 5
Holdout evaluation: disabled during tuning
  0%|          | 0/100 [00:00<?, ?it/s]                                       [32m[I 2026-07-24 18:55:33,438][0m Trial 0 finished with value: 0.8483206933911159 and parameters: {'max_depth': 4, 'subsample_freq': 0, 'learning_rate': 0.1, 'num_leaves': 7, 'min_child_samples': 20, 'min_child_weight': 1.0, 'min_split_gain': 0.0, 'colsample_bytree': 1.0, 'reg_alpha': 0.0, 'reg_lambda': 0.0, 'cat_smooth': 10.0, 'cat_l2': 10.0, 'min_data_per_group': 100, 'max_cat_to_onehot': 4, 'max_cat_threshold': 32, 'max_bin': 255}. Best is trial 0 with value: 0.8483206933911159.[0m
  0%|          | 0/100 [00:01<?, ?it/s]Best trial: 0. Best value: 0.848321:   0%|          | 0/100 [00:01<?, ?it/s]Best trial: 0. Best value: 0.848321:   1%|1         | 1/100 [00:01<01:59,  1.21s/it]                                                                                    [32m[I 2026-07-24 18:55:34,662][0m Trial 1 finished with value: 0.8520765619357168 and parameters: {'max_depth': 7, 'subsample_freq': 1, 'learning_rate': 0.11784745281602944, 'num_leaves': 4, 'min_child_samples': 10, 'min_child_weight': 0.43511604559295053, 'min_split_gain': 0.08776787070217627, 'colsample_bytree': 0.8869339873610533, 'reg_alpha': 0.001, 'reg_lambda': 0.05, 'cat_smooth': 28.83549369109806, 'cat_l2': 7.399983164441014, 'min_data_per_group': 60, 'max_cat_to_onehot': 10, 'max_cat_threshold': 8, 'max_bin': 127, 'subsample': 0.9696707640811784}. Best is trial 1 with value: 0.8520765619357168.[0m
Best trial: 0. Best value: 0.848321:   1%|1         | 1/100 [00:02<01:59,  1.21s/it]Best trial: 1. Best value: 0.852077:   1%|1         | 1/100 [00:02<01:59,  1.21s/it]Best trial: 1. Best value: 0.852077:   2%|2         | 2/100 [00:02<01:59,  1.22s/it]                                                                                    [32m[I 2026-07-24 18:55:35,997][0m Trial 2 finished with value: 0.8319019009159855 and parameters: {'max_depth': 5, 'subsample_freq': 1, 'learning_rate': 0.034876875688281114, 'num_leaves': 11, 'min_child_samples': 50, 'min_child_weight': 0.013629854053684897, 'min_split_gain': 0.001172938622937608, 'colsample_bytree': 0.9595170165314884, 'reg_alpha': 2.0, 'reg_lambda': 0.01, 'cat_smooth': 6.0760317726722315, 'cat_l2': 12.566351968687012, 'min_data_per_group': 110, 'max_cat_to_onehot': 10, 'max_cat_threshold': 32, 'max_bin': 31, 'subsample': 0.8652928556477891}. Best is trial 1 with value: 0.8520765619357168.[0m
Best trial: 1. Best value: 0.852077:   2%|2         | 2/100 [00:03<01:59,  1.22s/it]Best trial: 1. Best value: 0.852077:   2%|2         | 2/100 [00:03<01:59,  1.22s/it]Best trial: 1. Best value: 0.852077:   3%|3         | 3/100 [00:03<02:03,  1.28s/it]                                                                                    [32m[I 2026-07-24 18:55:37,310][0m Trial 3 finished with value: 0.8394234873108112 and parameters: {'max_depth': 4, 'subsample_freq': 0, 'learning_rate': 0.047021968477310126, 'num_leaves': 9, 'min_child_samples': 40, 'min_child_weight': 0.03801075335648979, 'min_split_gain': 0.04192772335190007, 'colsample_bytree': 0.957920207853992, 'reg_alpha': 0.05, 'reg_lambda': 0.05, 'cat_smooth': 8.878800783328249, 'cat_l2': 2.5549891851379063, 'min_data_per_group': 70, 'max_cat_to_onehot': 10, 'max_cat_threshold': 16, 'max_bin': 255}. Best is trial 1 with value: 0.8520765619357168.[0m
Best trial: 1. Best value: 0.852077:   3%|3         | 3/100 [00:04<02:03,  1.28s/it]Best trial: 1. Best value: 0.852077:   3%|3         | 3/100 [00:05<02:03,  1.28s/it]Best trial: 1. Best value: 0.852077:   4%|4         | 4/100 [00:05<02:03,  1.29s/it]                                                                                    [32m[I 2026-07-24 18:55:38,497][0m Trial 4 finished with value: 0.834249318756361 and parameters: {'max_depth': 3, 'subsample_freq': 1, 'learning_rate': 0.0464442166671286, 'num_leaves': 8, 'min_child_samples': 20, 'min_child_weight': 0.016909002567346613, 'min_split_gain': 0.1495314661502933, 'colsample_bytree': 0.9311287775558904, 'reg_alpha': 1.0, 'reg_lambda': 2.0, 'cat_smooth': 20.372723463452132, 'cat_l2': 4.323451145942618, 'min_data_per_group': 110, 'max_cat_to_onehot': 4, 'max_cat_threshold': 8, 'max_bin': 127, 'subsample': 0.9305983701944758}. Best is trial 1 with value: 0.8520765619357168.[0m
Best trial: 1. Best value: 0.852077:   4%|4         | 4/100 [00:06<02:03,  1.29s/it]Best trial: 1. Best value: 0.852077:   4%|4         | 4/100 [00:06<02:03,  1.29s/it]Best trial: 1. Best value: 0.852077:   5%|5         | 5/100 [00:06<01:58,  1.25s/it]                                                                                    [32m[I 2026-07-24 18:55:39,758][0m Trial 5 finished with value: 0.8389638530483601 and parameters: {'max_depth': 3, 'subsample_freq': 1, 'learning_rate': 0.0476666471835043, 'num_leaves': 4, 'min_child_samples': 35, 'min_child_weight': 0.1621942874614874, 'min_split_gain': 0.10972933849057206, 'colsample_bytree': 0.9035726341245387, 'reg_alpha': 0.01, 'reg_lambda': 0.05, 'cat_smooth': 7.189759825611653, 'cat_l2': 5.29959971257599, 'min_data_per_group': 120, 'max_cat_to_onehot': 4, 'max_cat_threshold': 8, 'max_bin': 255, 'subsample': 0.9785709002743803}. Best is trial 1 with value: 0.8520765619357168.[0m
Best trial: 1. Best value: 0.852077:   5%|5         | 5/100 [00:07<01:58,  1.25s/it]Best trial: 1. Best value: 0.852077:   5%|5         | 5/100 [00:07<01:58,  1.25s/it]Best trial: 1. Best value: 0.852077:   6%|6         | 6/100 [00:07<01:57,  1.26s/it]                                                                                    [32m[I 2026-07-24 18:55:41,012][0m Trial 6 finished with value: 0.8384812370727864 and parameters: {'max_depth': 3, 'subsample_freq': 0, 'learning_rate': 0.04025069726877214, 'num_leaves': 4, 'min_child_samples': 20, 'min_child_weight': 0.09277291871321285, 'min_split_gain': 0.14393174947870263, 'colsample_bytree': 0.8304559020992359, 'reg_alpha': 0.001, 'reg_lambda': 0.01, 'cat_smooth': 24.599279585861296, 'cat_l2': 1.7963705562696306, 'min_data_per_group': 80, 'max_cat_to_onehot': 4, 'max_cat_threshold': 8, 'max_bin': 127}. Best is trial 1 with value: 0.8520765619357168.[0m
Best trial: 1. Best value: 0.852077:   6%|6         | 6/100 [00:08<01:57,  1.26s/it]Best trial: 1. Best value: 0.852077:   6%|6         | 6/100 [00:08<01:57,  1.26s/it]Best trial: 1. Best value: 0.852077:   7%|7         | 7/100 [00:08<01:56,  1.25s/it]                                                                                    [32m[I 2026-07-24 18:55:42,597][0m Trial 7 finished with value: 0.8464394760169407 and parameters: {'max_depth': 7, 'subsample_freq': 1, 'learning_rate': 0.10426922558569879, 'num_leaves': 17, 'min_child_samples': 45, 'min_child_weight': 0.003331421893687277, 'min_split_gain': 0.03797795990187137, 'colsample_bytree': 0.8761235794564499, 'reg_alpha': 0.0, 'reg_lambda': 0.5, 'cat_smooth': 11.175573660999595, 'cat_l2': 6.368473316185764, 'min_data_per_group': 120, 'max_cat_to_onehot': 10, 'max_cat_threshold': 32, 'max_bin': 255, 'subsample': 0.8056674832270686}. Best is trial 1 with value: 0.8520765619357168.[0m
Best trial: 1. Best value: 0.852077:   7%|7         | 7/100 [00:10<01:56,  1.25s/it]Best trial: 1. Best value: 0.852077:   7%|7         | 7/100 [00:10<01:56,  1.25s/it]Best trial: 1. Best value: 0.852077:   8%|8         | 8/100 [00:10<02:05,  1.36s/it]                                                                                    [32m[I 2026-07-24 18:55:43,711][0m Trial 8 finished with value: 0.8300370990511835 and parameters: {'max_depth': 3, 'subsample_freq': 0, 'learning_rate': 0.04934375462904019, 'num_leaves': 6, 'min_child_samples': 20, 'min_child_weight': 0.08564285158890014, 'min_split_gain': 0.06799828559244712, 'colsample_bytree': 0.7085942114656694, 'reg_alpha': 2.0, 'reg_lambda': 1.0, 'cat_smooth': 21.50384761724077, 'cat_l2': 8.745765415155446, 'min_data_per_group': 40, 'max_cat_to_onehot': 4, 'max_cat_threshold': 8, 'max_bin': 255}. Best is trial 1 with value: 0.8520765619357168.[0m
Best trial: 1. Best value: 0.852077:   8%|8         | 8/100 [00:11<02:05,  1.36s/it]Best trial: 1. Best value: 0.852077:   8%|8         | 8/100 [00:11<02:05,  1.36s/it]Best trial: 1. Best value: 0.852077:   9%|9         | 9/100 [00:11<01:56,  1.28s/it]                                                                                    [32m[I 2026-07-24 18:55:45,003][0m Trial 9 finished with value: 0.8431629403460389 and parameters: {'max_depth': 3, 'subsample_freq': 0, 'learning_rate': 0.032147812158991824, 'num_leaves': 7, 'min_child_samples': 10, 'min_child_weight': 0.19676019237130227, 'min_split_gain': 0.13503577478327655, 'colsample_bytree': 0.997529139320637, 'reg_alpha': 0.001, 'reg_lambda': 0.01, 'cat_smooth': 17.79748542452589, 'cat_l2': 14.221689250187023, 'min_data_per_group': 110, 'max_cat_to_onehot': 10, 'max_cat_threshold': 32, 'max_bin': 31}. Best is trial 1 with value: 0.8520765619357168.[0m
Best trial: 1. Best value: 0.852077:   9%|9         | 9/100 [00:12<01:56,  1.28s/it]Best trial: 1. Best value: 0.852077:   9%|9         | 9/100 [00:12<01:56,  1.28s/it]Best trial: 1. Best value: 0.852077:  10%|#         | 10/100 [00:12<01:55,  1.28s/it]                                                                                     [32m[I 2026-07-24 18:55:46,514][0m Trial 10 finished with value: 0.8487934600610657 and parameters: {'max_depth': 7, 'subsample_freq': 1, 'learning_rate': 0.14253623187051875, 'num_leaves': 30, 'min_child_samples': 5, 'min_child_weight': 1.8686354097379643, 'min_split_gain': 0.08712670405674161, 'colsample_bytree': 0.7719820386484885, 'reg_alpha': 0.5, 'reg_lambda': 0.1, 'cat_smooth': 29.051228245308838, 'cat_l2': 25.55738690931781, 'min_data_per_group': 20, 'max_cat_to_onehot': 10, 'max_cat_threshold': 16, 'max_bin': 63, 'subsample': 0.703059468898998}. Best is trial 1 with value: 0.8520765619357168.[0m
Best trial: 1. Best value: 0.852077:  10%|#         | 10/100 [00:14<01:55,  1.28s/it]Best trial: 1. Best value: 0.852077:  10%|#         | 10/100 [00:14<01:55,  1.28s/it]Best trial: 1. Best value: 0.852077:  11%|#1        | 11/100 [00:14<02:00,  1.36s/it]                                                                                     [32m[I 2026-07-24 18:55:48,047][0m Trial 11 finished with value: 0.8492629436291409 and parameters: {'max_depth': 7, 'subsample_freq': 1, 'learning_rate': 0.14765736734154225, 'num_leaves': 29, 'min_child_samples': 5, 'min_child_weight': 1.8845988154291393, 'min_split_gain': 0.08959899058003491, 'colsample_bytree': 0.7723382709594743, 'reg_alpha': 0.5, 'reg_lambda': 0.1, 'cat_smooth': 29.217358921682397, 'cat_l2': 29.648935333077524, 'min_data_per_group': 20, 'max_cat_to_onehot': 10, 'max_cat_threshold': 16, 'max_bin': 63, 'subsample': 0.7140407948602441}. Best is trial 1 with value: 0.8520765619357168.[0m
Best trial: 1. Best value: 0.852077:  11%|#1        | 11/100 [00:15<02:00,  1.36s/it]Best trial: 1. Best value: 0.852077:  11%|#1        | 11/100 [00:15<02:00,  1.36s/it]Best trial: 1. Best value: 0.852077:  12%|#2        | 12/100 [00:15<02:04,  1.41s/it]                                                                                     [32m[I 2026-07-24 18:55:49,564][0m Trial 12 finished with value: 0.8478610591286646 and parameters: {'max_depth': 6, 'subsample_freq': 1, 'learning_rate': 0.14701896641154547, 'num_leaves': 30, 'min_child_samples': 5, 'min_child_weight': 0.6746925368299548, 'min_split_gain': 0.09564233519188844, 'colsample_bytree': 0.8185900884384663, 'reg_alpha': 0.5, 'reg_lambda': 0.001, 'cat_smooth': 29.9146014994597, 'cat_l2': 28.88789950214659, 'min_data_per_group': 50, 'max_cat_to_onehot': 10, 'max_cat_threshold': 16, 'max_bin': 63, 'subsample': 0.7212242368798473}. Best is trial 1 with value: 0.8520765619357168.[0m
Best trial: 1. Best value: 0.852077:  12%|#2        | 12/100 [00:17<02:04,  1.41s/it]Best trial: 1. Best value: 0.852077:  12%|#2        | 12/100 [00:17<02:04,  1.41s/it]Best trial: 1. Best value: 0.852077:  13%|#3        | 13/100 [00:17<02:05,  1.44s/it]                                                                                     [32m[I 2026-07-24 18:55:51,294][0m Trial 13 finished with value: 0.8468958271775174 and parameters: {'max_depth': 6, 'subsample_freq': 1, 'learning_rate': 0.10235153682828946, 'num_leaves': 23, 'min_child_samples': 10, 'min_child_weight': 0.42497657803133615, 'min_split_gain': 0.07090342449193768, 'colsample_bytree': 0.7047780994885955, 'reg_alpha': 0.1, 'reg_lambda': 0.1, 'cat_smooth': 26.02245304478896, 'cat_l2': 1.014428141717294, 'min_data_per_group': 20, 'max_cat_to_onehot': 10, 'max_cat_threshold': 16, 'max_bin': 63, 'subsample': 0.8114176860244116}. Best is trial 1 with value: 0.8520765619357168.[0m
Best trial: 1. Best value: 0.852077:  13%|#3        | 13/100 [00:18<02:05,  1.44s/it]Best trial: 1. Best value: 0.852077:  13%|#3        | 13/100 [00:19<02:05,  1.44s/it]Best trial: 1. Best value: 0.852077:  14%|#4        | 14/100 [00:19<02:11,  1.53s/it]                                                                                     [32m[I 2026-07-24 18:55:52,740][0m Trial 14 finished with value: 0.8427131553892119 and parameters: {'max_depth': 7, 'subsample_freq': 1, 'learning_rate': 0.07875284895816027, 'num_leaves': 15, 'min_child_samples': 10, 'min_child_weight': 1.9294708578169353, 'min_split_gain': 0.11824054939042988, 'colsample_bytree': 0.7639407968037798, 'reg_alpha': 0.5, 'reg_lambda': 0.1, 'cat_smooth': 26.27168458020257, 'cat_l2': 15.438513754523166, 'min_data_per_group': 50, 'max_cat_to_onehot': 10, 'max_cat_threshold': 8, 'max_bin': 127, 'subsample': 0.904679868323889}. Best is trial 1 with value: 0.8520765619357168.[0m
Best trial: 1. Best value: 0.852077:  14%|#4        | 14/100 [00:20<02:11,  1.53s/it]Best trial: 1. Best value: 0.852077:  14%|#4        | 14/100 [00:20<02:11,  1.53s/it]Best trial: 1. Best value: 0.852077:  15%|#5        | 15/100 [00:20<02:07,  1.50s/it]                                                                                     [32m[I 2026-07-24 18:55:54,398][0m Trial 15 finished with value: 0.8483141271873667 and parameters: {'max_depth': 6, 'subsample_freq': 1, 'learning_rate': 0.12598593940186883, 'num_leaves': 24, 'min_child_samples': 30, 'min_child_weight': 0.4082416424445405, 'min_split_gain': 0.06169640055302515, 'colsample_bytree': 0.8637795259116162, 'reg_alpha': 0.001, 'reg_lambda': 1.0, 'cat_smooth': 24.424779187007218, 'cat_l2': 19.9164767660987, 'min_data_per_group': 70, 'max_cat_to_onehot': 10, 'max_cat_threshold': 16, 'max_bin': 63, 'subsample': 0.7948427838078357}. Best is trial 1 with value: 0.8520765619357168.[0m
Best trial: 1. Best value: 0.852077:  15%|#5        | 15/100 [00:22<02:07,  1.50s/it]Best trial: 1. Best value: 0.852077:  15%|#5        | 15/100 [00:22<02:07,  1.50s/it]Best trial: 1. Best value: 0.852077:  16%|#6        | 16/100 [00:22<02:10,  1.55s/it]                                                                                     [32m[I 2026-07-24 18:55:55,815][0m Trial 16 finished with value: 0.843632423914114 and parameters: {'max_depth': 7, 'subsample_freq': 1, 'learning_rate': 0.06852194789568175, 'num_leaves': 22, 'min_child_samples': 15, 'min_child_weight': 0.8699580253955749, 'min_split_gain': 0.09535638171404749, 'colsample_bytree': 0.7697532482390617, 'reg_alpha': 0.05, 'reg_lambda': 0.05, 'cat_smooth': 15.824991747775563, 'cat_l2': 2.783969978819783, 'min_data_per_group': 40, 'max_cat_to_onehot': 10, 'max_cat_threshold': 16, 'max_bin': 127, 'subsample': 0.9987233784423711}. Best is trial 1 with value: 0.8520765619357168.[0m
Best trial: 1. Best value: 0.852077:  16%|#6        | 16/100 [00:23<02:10,  1.55s/it]Best trial: 1. Best value: 0.852077:  16%|#6        | 16/100 [00:23<02:10,  1.55s/it]Best trial: 1. Best value: 0.852077:  17%|#7        | 17/100 [00:23<02:05,  1.51s/it]                                                                                     [32m[I 2026-07-24 18:55:57,466][0m Trial 17 finished with value: 0.8455234905939131 and parameters: {'max_depth': 6, 'subsample_freq': 1, 'learning_rate': 0.11983791466047292, 'num_leaves': 18, 'min_child_samples': 5, 'min_child_weight': 0.33006977127481824, 'min_split_gain': 0.12042566266724788, 'colsample_bytree': 0.8484035857294598, 'reg_alpha': 0.01, 'reg_lambda': 2.0, 'cat_smooth': 28.27415583740909, 'cat_l2': 7.269355548328846, 'min_data_per_group': 30, 'max_cat_to_onehot': 10, 'max_cat_threshold': 8, 'max_bin': 63, 'subsample': 0.8596002826073345}. Best is trial 1 with value: 0.8520765619357168.[0m
Best trial: 1. Best value: 0.852077:  17%|#7        | 17/100 [00:25<02:05,  1.51s/it]Best trial: 1. Best value: 0.852077:  17%|#7        | 17/100 [00:25<02:05,  1.51s/it]Best trial: 1. Best value: 0.852077:  18%|#8        | 18/100 [00:25<02:07,  1.55s/it]                                                                                     [32m[I 2026-07-24 18:55:59,086][0m Trial 18 finished with value: 0.8413014215831117 and parameters: {'max_depth': 7, 'subsample_freq': 1, 'learning_rate': 0.08017534819339074, 'num_leaves': 26, 'min_child_samples': 25, 'min_child_weight': 1.221714401226166, 'min_split_gain': 0.04770793839183491, 'colsample_bytree': 0.7353905565434864, 'reg_alpha': 1.0, 'reg_lambda': 0.5, 'cat_smooth': 21.876780298675136, 'cat_l2': 4.001704967961259, 'min_data_per_group': 90, 'max_cat_to_onehot': 10, 'max_cat_threshold': 8, 'max_bin': 127, 'subsample': 0.7520285221027606}. Best is trial 1 with value: 0.8520765619357168.[0m
Best trial: 1. Best value: 0.852077:  18%|#8        | 18/100 [00:26<02:07,  1.55s/it]Best trial: 1. Best value: 0.852077:  18%|#8        | 18/100 [00:26<02:07,  1.55s/it]Best trial: 1. Best value: 0.852077:  19%|#9        | 19/100 [00:26<02:07,  1.58s/it]                                                                                     [32m[I 2026-07-24 18:56:00,572][0m Trial 19 finished with value: 0.8445648248465151 and parameters: {'max_depth': 5, 'subsample_freq': 1, 'learning_rate': 0.12144013553239438, 'num_leaves': 12, 'min_child_samples': 15, 'min_child_weight': 0.0016337528975691768, 'min_split_gain': 0.08656426056088294, 'colsample_bytree': 0.8122233031805683, 'reg_alpha': 0.1, 'reg_lambda': 0.0, 'cat_smooth': 26.994815855577183, 'cat_l2': 21.364764406408945, 'min_data_per_group': 60, 'max_cat_to_onehot': 10, 'max_cat_threshold': 16, 'max_bin': 31, 'subsample': 0.9438365235343716}. Best is trial 1 with value: 0.8520765619357168.[0m
Best trial: 1. Best value: 0.852077:  19%|#9        | 19/100 [00:28<02:07,  1.58s/it]Best trial: 1. Best value: 0.852077:  19%|#9        | 19/100 [00:28<02:07,  1.58s/it]Best trial: 1. Best value: 0.852077:  20%|##        | 20/100 [00:28<02:03,  1.55s/it]                                                                                     [32m[I 2026-07-24 18:56:02,371][0m Trial 20 finished with value: 0.8487868938573165 and parameters: {'max_depth': 6, 'subsample_freq': 1, 'learning_rate': 0.08424437153749602, 'num_leaves': 20, 'min_child_samples': 15, 'min_child_weight': 0.18375384531134364, 'min_split_gain': 0.027555023456101634, 'colsample_bytree': 0.88471652158716, 'reg_alpha': 0.001, 'reg_lambda': 0.001, 'cat_smooth': 23.924995716816028, 'cat_l2': 1.091855961228734, 'min_data_per_group': 30, 'max_cat_to_onehot': 10, 'max_cat_threshold': 16, 'max_bin': 127, 'subsample': 0.8603587429453063}. Best is trial 1 with value: 0.8520765619357168.[0m
Best trial: 1. Best value: 0.852077:  20%|##        | 20/100 [00:30<02:03,  1.55s/it]Best trial: 1. Best value: 0.852077:  20%|##        | 20/100 [00:30<02:03,  1.55s/it]Best trial: 1. Best value: 0.852077:  21%|##1       | 21/100 [00:30<02:08,  1.62s/it]                                                                                     [32m[I 2026-07-24 18:56:04,035][0m Trial 21 finished with value: 0.8473850093568404 and parameters: {'max_depth': 7, 'subsample_freq': 1, 'learning_rate': 0.14883847981874118, 'num_leaves': 31, 'min_child_samples': 5, 'min_child_weight': 1.7569954771691516, 'min_split_gain': 0.08117318877253657, 'colsample_bytree': 0.7867711399797508, 'reg_alpha': 0.5, 'reg_lambda': 0.1, 'cat_smooth': 29.851738740690443, 'cat_l2': 26.068943258557265, 'min_data_per_group': 20, 'max_cat_to_onehot': 10, 'max_cat_threshold': 16, 'max_bin': 63, 'subsample': 0.7048454741686573}. Best is trial 1 with value: 0.8520765619357168.[0m
