Best trial: 1. Best value: 0.852077:  65%|######5   | 65/100 [01:48<01:07,  1.92s/it]Best trial: 1. Best value: 0.852077:  65%|######5   | 65/100 [01:48<01:07,  1.92s/it]Best trial: 1. Best value: 0.852077:  66%|######6   | 66/100 [01:48<01:06,  1.97s/it]                                                                                     [32m[I 2026-07-24 18:57:22,659][0m Trial 66 finished with value: 0.8492629436291409 and parameters: {'max_depth': 7, 'subsample_freq': 1, 'learning_rate': 0.06249837608898326, 'num_leaves': 19, 'min_child_samples': 20, 'min_child_weight': 0.09540873508956742, 'min_split_gain': 0.07175051635656504, 'colsample_bytree': 0.9230959995323738, 'reg_alpha': 0.5, 'reg_lambda': 0.001, 'cat_smooth': 17.499755610264973, 'cat_l2': 13.751787470573033, 'min_data_per_group': 20, 'max_cat_to_onehot': 10, 'max_cat_threshold': 32, 'max_bin': 63, 'subsample': 0.7169260322177368}. Best is trial 1 with value: 0.8520765619357168.[0m
Best trial: 1. Best value: 0.852077:  66%|######6   | 66/100 [01:50<01:06,  1.97s/it]Best trial: 1. Best value: 0.852077:  66%|######6   | 66/100 [01:50<01:06,  1.97s/it]Best trial: 1. Best value: 0.852077:  67%|######7   | 67/100 [01:50<01:06,  2.00s/it]                                                                                     [32m[I 2026-07-24 18:57:24,674][0m Trial 67 finished with value: 0.8445812403558882 and parameters: {'max_depth': 7, 'subsample_freq': 1, 'learning_rate': 0.03953310570299982, 'num_leaves': 16, 'min_child_samples': 20, 'min_child_weight': 0.09615074205843649, 'min_split_gain': 0.07396427347108073, 'colsample_bytree': 0.9288933207323231, 'reg_alpha': 0.5, 'reg_lambda': 2.0, 'cat_smooth': 16.708542439406774, 'cat_l2': 8.960945267584135, 'min_data_per_group': 20, 'max_cat_to_onehot': 10, 'max_cat_threshold': 32, 'max_bin': 63, 'subsample': 0.7117901669439105}. Best is trial 1 with value: 0.8520765619357168.[0m
Best trial: 1. Best value: 0.852077:  67%|######7   | 67/100 [01:52<01:06,  2.00s/it]Best trial: 1. Best value: 0.852077:  67%|######7   | 67/100 [01:52<01:06,  2.00s/it]Best trial: 1. Best value: 0.852077:  68%|######8   | 68/100 [01:52<01:04,  2.01s/it]                                                                                     [32m[I 2026-07-24 18:57:26,716][0m Trial 68 finished with value: 0.8445812403558882 and parameters: {'max_depth': 7, 'subsample_freq': 1, 'learning_rate': 0.034716462248027775, 'num_leaves': 30, 'min_child_samples': 25, 'min_child_weight': 0.0013178494735989633, 'min_split_gain': 0.08445695969782833, 'colsample_bytree': 0.9725801976751768, 'reg_alpha': 0.5, 'reg_lambda': 0.01, 'cat_smooth': 17.734071830687895, 'cat_l2': 13.988293531219576, 'min_data_per_group': 80, 'max_cat_to_onehot': 10, 'max_cat_threshold': 32, 'max_bin': 63, 'subsample': 0.7015359996583644}. Best is trial 1 with value: 0.8520765619357168.[0m
Best trial: 1. Best value: 0.852077:  68%|######8   | 68/100 [01:54<01:04,  2.01s/it]Best trial: 1. Best value: 0.852077:  68%|######8   | 68/100 [01:54<01:04,  2.01s/it]Best trial: 1. Best value: 0.852077:  69%|######9   | 69/100 [01:54<01:02,  2.02s/it]                                                                                     [32m[I 2026-07-24 18:57:28,439][0m Trial 69 finished with value: 0.8492530943235169 and parameters: {'max_depth': 7, 'subsample_freq': 1, 'learning_rate': 0.1324944073085581, 'num_leaves': 21, 'min_child_samples': 20, 'min_child_weight': 1.0739732155188109, 'min_split_gain': 0.06821525401583017, 'colsample_bytree': 0.7800322792745322, 'reg_alpha': 0.5, 'reg_lambda': 0.1, 'cat_smooth': 12.843646674870556, 'cat_l2': 5.36965459505408, 'min_data_per_group': 40, 'max_cat_to_onehot': 10, 'max_cat_threshold': 32, 'max_bin': 63, 'subsample': 0.754041991507255}. Best is trial 1 with value: 0.8520765619357168.[0m
Best trial: 1. Best value: 0.852077:  69%|######9   | 69/100 [01:56<01:02,  2.02s/it]Best trial: 1. Best value: 0.852077:  69%|######9   | 69/100 [01:56<01:02,  2.02s/it]Best trial: 1. Best value: 0.852077:  70%|#######   | 70/100 [01:56<00:57,  1.93s/it]                                                                                     [32m[I 2026-07-24 18:57:30,509][0m Trial 70 finished with value: 0.8483141271873665 and parameters: {'max_depth': 7, 'subsample_freq': 1, 'learning_rate': 0.13185945277435113, 'num_leaves': 21, 'min_child_samples': 25, 'min_child_weight': 1.0675344624701322, 'min_split_gain': 0.06971830964977396, 'colsample_bytree': 0.7790776793212302, 'reg_alpha': 0.5, 'reg_lambda': 0.1, 'cat_smooth': 12.596114605947628, 'cat_l2': 4.183675533535159, 'min_data_per_group': 40, 'max_cat_to_onehot': 4, 'max_cat_threshold': 32, 'max_bin': 63, 'subsample': 0.7473207213290077}. Best is trial 1 with value: 0.8520765619357168.[0m
Best trial: 1. Best value: 0.852077:  70%|#######   | 70/100 [01:58<00:57,  1.93s/it]Best trial: 1. Best value: 0.852077:  70%|#######   | 70/100 [01:58<00:57,  1.93s/it]Best trial: 1. Best value: 0.852077:  71%|#######1  | 71/100 [01:58<00:57,  1.97s/it]                                                                                     [32m[I 2026-07-24 18:57:32,408][0m Trial 71 finished with value: 0.8497258609934666 and parameters: {'max_depth': 7, 'subsample_freq': 1, 'learning_rate': 0.14187023434324922, 'num_leaves': 19, 'min_child_samples': 20, 'min_child_weight': 1.4927229326439904, 'min_split_gain': 0.09334664597038744, 'colsample_bytree': 0.8091521025276336, 'reg_alpha': 0.5, 'reg_lambda': 0.1, 'cat_smooth': 10.97200224129443, 'cat_l2': 5.635418207997847, 'min_data_per_group': 20, 'max_cat_to_onehot': 10, 'max_cat_threshold': 32, 'max_bin': 63, 'subsample': 0.7261303914208744}. Best is trial 1 with value: 0.8520765619357168.[0m
Best trial: 1. Best value: 0.852077:  71%|#######1  | 71/100 [02:00<00:57,  1.97s/it]Best trial: 1. Best value: 0.852077:  71%|#######1  | 71/100 [02:00<00:57,  1.97s/it]Best trial: 1. Best value: 0.852077:  72%|#######2  | 72/100 [02:00<00:54,  1.95s/it]                                                                                     [32m[I 2026-07-24 18:57:34,197][0m Trial 72 finished with value: 0.8478577760267901 and parameters: {'max_depth': 7, 'subsample_freq': 1, 'learning_rate': 0.14417372425894445, 'num_leaves': 19, 'min_child_samples': 20, 'min_child_weight': 0.8595798437455419, 'min_split_gain': 0.06197425263650133, 'colsample_bytree': 0.8052219467370941, 'reg_alpha': 0.5, 'reg_lambda': 0.1, 'cat_smooth': 10.572831903453729, 'cat_l2': 5.580051313062021, 'min_data_per_group': 70, 'max_cat_to_onehot': 10, 'max_cat_threshold': 32, 'max_bin': 63, 'subsample': 0.7287211062110263}. Best is trial 1 with value: 0.8520765619357168.[0m
Best trial: 1. Best value: 0.852077:  72%|#######2  | 72/100 [02:01<00:54,  1.95s/it]Best trial: 1. Best value: 0.852077:  72%|#######2  | 72/100 [02:01<00:54,  1.95s/it]Best trial: 1. Best value: 0.852077:  73%|#######3  | 73/100 [02:01<00:51,  1.90s/it]                                                                                     [32m[I 2026-07-24 18:57:35,949][0m Trial 73 finished with value: 0.8473784431530911 and parameters: {'max_depth': 7, 'subsample_freq': 1, 'learning_rate': 0.13172453282018212, 'num_leaves': 18, 'min_child_samples': 20, 'min_child_weight': 1.54702708684137, 'min_split_gain': 0.09943361513187918, 'colsample_bytree': 0.8272671019549991, 'reg_alpha': 0.5, 'reg_lambda': 0.1, 'cat_smooth': 11.149875575841286, 'cat_l2': 6.825885799828839, 'min_data_per_group': 20, 'max_cat_to_onehot': 10, 'max_cat_threshold': 32, 'max_bin': 63, 'subsample': 0.7542775963659936}. Best is trial 1 with value: 0.8520765619357168.[0m
Best trial: 1. Best value: 0.852077:  73%|#######3  | 73/100 [02:03<00:51,  1.90s/it]Best trial: 1. Best value: 0.852077:  73%|#######3  | 73/100 [02:03<00:51,  1.90s/it]Best trial: 1. Best value: 0.852077:  74%|#######4  | 74/100 [02:03<00:48,  1.86s/it]                                                                                     [32m[I 2026-07-24 18:57:37,978][0m Trial 74 finished with value: 0.8464493253225647 and parameters: {'max_depth': 7, 'subsample_freq': 1, 'learning_rate': 0.06407007877367428, 'num_leaves': 21, 'min_child_samples': 25, 'min_child_weight': 1.248517867562087, 'min_split_gain': 0.0902803762638354, 'colsample_bytree': 0.7605732716728251, 'reg_alpha': 0.5, 'reg_lambda': 0.5, 'cat_smooth': 14.390477407262306, 'cat_l2': 4.787574330380794, 'min_data_per_group': 90, 'max_cat_to_onehot': 10, 'max_cat_threshold': 32, 'max_bin': 63, 'subsample': 0.7203779478255702}. Best is trial 1 with value: 0.8520765619357168.[0m
Best trial: 1. Best value: 0.852077:  74%|#######4  | 74/100 [02:05<00:48,  1.86s/it]Best trial: 1. Best value: 0.852077:  74%|#######4  | 74/100 [02:05<00:48,  1.86s/it]Best trial: 1. Best value: 0.852077:  75%|#######5  | 75/100 [02:05<00:47,  1.91s/it]                                                                                     [32m[I 2026-07-24 18:57:39,607][0m Trial 75 finished with value: 0.8445648248465151 and parameters: {'max_depth': 7, 'subsample_freq': 1, 'learning_rate': 0.12146048377591318, 'num_leaves': 14, 'min_child_samples': 20, 'min_child_weight': 0.5994746548666997, 'min_split_gain': 0.0812536093598014, 'colsample_bytree': 0.9386396721619459, 'reg_alpha': 1.0, 'reg_lambda': 1.0, 'cat_smooth': 13.049639666125572, 'cat_l2': 5.241877675956825, 'min_data_per_group': 40, 'max_cat_to_onehot': 10, 'max_cat_threshold': 32, 'max_bin': 63, 'subsample': 0.7370535021187173}. Best is trial 1 with value: 0.8520765619357168.[0m
Best trial: 1. Best value: 0.852077:  75%|#######5  | 75/100 [02:07<00:47,  1.91s/it]Best trial: 1. Best value: 0.852077:  75%|#######5  | 75/100 [02:07<00:47,  1.91s/it]Best trial: 1. Best value: 0.852077:  76%|#######6  | 76/100 [02:07<00:43,  1.82s/it]                                                                                     [32m[I 2026-07-24 18:57:41,054][0m Trial 76 finished with value: 0.8394037886995633 and parameters: {'max_depth': 7, 'subsample_freq': 0, 'learning_rate': 0.13580753679565463, 'num_leaves': 24, 'min_child_samples': 15, 'min_child_weight': 0.32297632826667055, 'min_split_gain': 0.0529079143023487, 'colsample_bytree': 0.7922526855038856, 'reg_alpha': 0.05, 'reg_lambda': 0.1, 'cat_smooth': 15.476979256686887, 'cat_l2': 4.48545763053188, 'min_data_per_group': 60, 'max_cat_to_onehot': 10, 'max_cat_threshold': 32, 'max_bin': 63}. Best is trial 1 with value: 0.8520765619357168.[0m
Best trial: 1. Best value: 0.852077:  76%|#######6  | 76/100 [02:08<00:43,  1.82s/it]Best trial: 1. Best value: 0.852077:  76%|#######6  | 76/100 [02:08<00:43,  1.82s/it]Best trial: 1. Best value: 0.852077:  77%|#######7  | 77/100 [02:08<00:39,  1.71s/it]                                                                                     [32m[I 2026-07-24 18:57:42,887][0m Trial 77 finished with value: 0.8492498112216422 and parameters: {'max_depth': 7, 'subsample_freq': 1, 'learning_rate': 0.10468104466989794, 'num_leaves': 19, 'min_child_samples': 45, 'min_child_weight': 0.4507589544671959, 'min_split_gain': 0.09377175646664451, 'colsample_bytree': 0.9231401349180727, 'reg_alpha': 0.01, 'reg_lambda': 0.001, 'cat_smooth': 8.907389902223208, 'cat_l2': 8.690121740518125, 'min_data_per_group': 30, 'max_cat_to_onehot': 10, 'max_cat_threshold': 32, 'max_bin': 63, 'subsample': 0.7578528200632814}. Best is trial 1 with value: 0.8520765619357168.[0m
Best trial: 1. Best value: 0.852077:  77%|#######7  | 77/100 [02:10<00:39,  1.71s/it]Best trial: 1. Best value: 0.852077:  77%|#######7  | 77/100 [02:10<00:39,  1.71s/it]Best trial: 1. Best value: 0.852077:  78%|#######8  | 78/100 [02:10<00:38,  1.75s/it]                                                                                     [32m[I 2026-07-24 18:57:44,811][0m Trial 78 finished with value: 0.848780327653567 and parameters: {'max_depth': 7, 'subsample_freq': 1, 'learning_rate': 0.10328916080325001, 'num_leaves': 17, 'min_child_samples': 40, 'min_child_weight': 0.7398856683478372, 'min_split_gain': 0.04439053519306756, 'colsample_bytree': 0.9202222310940891, 'reg_alpha': 0.1, 'reg_lambda': 0.001, 'cat_smooth': 9.153336895207104, 'cat_l2': 8.590251381756369, 'min_data_per_group': 30, 'max_cat_to_onehot': 10, 'max_cat_threshold': 32, 'max_bin': 63, 'subsample': 0.7753427442393502}. Best is trial 1 with value: 0.8520765619357168.[0m
Best trial: 1. Best value: 0.852077:  78%|#######8  | 78/100 [02:12<00:38,  1.75s/it]Best trial: 1. Best value: 0.852077:  78%|#######8  | 78/100 [02:12<00:38,  1.75s/it]Best trial: 1. Best value: 0.852077:  79%|#######9  | 79/100 [02:12<00:37,  1.80s/it]                                                                                     [32m[I 2026-07-24 18:57:46,427][0m Trial 79 finished with value: 0.8511310285958175 and parameters: {'max_depth': 7, 'subsample_freq': 1, 'learning_rate': 0.11380548260447693, 'num_leaves': 16, 'min_child_samples': 35, 'min_child_weight': 0.4570545812295692, 'min_split_gain': 0.0926567141723506, 'colsample_bytree': 0.9629849425163997, 'reg_alpha': 0.5, 'reg_lambda': 0.001, 'cat_smooth': 11.59547286167269, 'cat_l2': 12.039434769540495, 'min_data_per_group': 20, 'max_cat_to_onehot': 10, 'max_cat_threshold': 32, 'max_bin': 63, 'subsample': 0.7119679585479797}. Best is trial 1 with value: 0.8520765619357168.[0m
Best trial: 1. Best value: 0.852077:  79%|#######9  | 79/100 [02:14<00:37,  1.80s/it]Best trial: 1. Best value: 0.852077:  79%|#######9  | 79/100 [02:14<00:37,  1.80s/it]Best trial: 1. Best value: 0.852077:  80%|########  | 80/100 [02:14<00:34,  1.74s/it]                                                                                     [32m[I 2026-07-24 18:57:48,393][0m Trial 80 finished with value: 0.8516070783676417 and parameters: {'max_depth': 7, 'subsample_freq': 1, 'learning_rate': 0.11199481625968079, 'num_leaves': 16, 'min_child_samples': 30, 'min_child_weight': 0.913191748817828, 'min_split_gain': 0.10534237004555883, 'colsample_bytree': 0.9652522414310398, 'reg_alpha': 0.5, 'reg_lambda': 0.001, 'cat_smooth': 10.965743414064107, 'cat_l2': 12.11250205999298, 'min_data_per_group': 20, 'max_cat_to_onehot': 10, 'max_cat_threshold': 32, 'max_bin': 63, 'subsample': 0.7110039414263114}. Best is trial 1 with value: 0.8520765619357168.[0m
Best trial: 1. Best value: 0.852077:  80%|########  | 80/100 [02:16<00:34,  1.74s/it]Best trial: 1. Best value: 0.852077:  80%|########  | 80/100 [02:16<00:34,  1.74s/it]Best trial: 1. Best value: 0.852077:  81%|########1 | 81/100 [02:16<00:34,  1.81s/it]                                                                                     [32m[I 2026-07-24 18:57:50,319][0m Trial 81 finished with value: 0.8506713943333661 and parameters: {'max_depth': 7, 'subsample_freq': 1, 'learning_rate': 0.11152115249335355, 'num_leaves': 16, 'min_child_samples': 35, 'min_child_weight': 0.5507073212477487, 'min_split_gain': 0.10308296167956578, 'colsample_bytree': 0.9667832546946029, 'reg_alpha': 0.5, 'reg_lambda': 0.001, 'cat_smooth': 11.508848371822076, 'cat_l2': 11.06398076899375, 'min_data_per_group': 20, 'max_cat_to_onehot': 10, 'max_cat_threshold': 32, 'max_bin': 63, 'subsample': 0.7105534930212319}. Best is trial 1 with value: 0.8520765619357168.[0m
Best trial: 1. Best value: 0.852077:  81%|########1 | 81/100 [02:17<00:34,  1.81s/it]Best trial: 1. Best value: 0.852077:  81%|########1 | 81/100 [02:18<00:34,  1.81s/it]Best trial: 1. Best value: 0.852077:  82%|########2 | 82/100 [02:18<00:33,  1.86s/it]                                                                                     [32m[I 2026-07-24 18:57:52,175][0m Trial 82 finished with value: 0.8478544929249155 and parameters: {'max_depth': 7, 'subsample_freq': 1, 'learning_rate': 0.11206410077533427, 'num_leaves': 15, 'min_child_samples': 35, 'min_child_weight': 0.5780358523498994, 'min_split_gain': 0.10506925631539771, 'colsample_bytree': 0.9723694890987793, 'reg_alpha': 0.5, 'reg_lambda': 0.001, 'cat_smooth': 11.66355610480146, 'cat_l2': 10.674842939333297, 'min_data_per_group': 20, 'max_cat_to_onehot': 10, 'max_cat_threshold': 32, 'max_bin': 63, 'subsample': 0.7132045569899146}. Best is trial 1 with value: 0.8520765619357168.[0m
Best trial: 1. Best value: 0.852077:  82%|########2 | 82/100 [02:19<00:33,  1.86s/it]Best trial: 1. Best value: 0.852077:  82%|########2 | 82/100 [02:19<00:33,  1.86s/it]Best trial: 1. Best value: 0.852077:  83%|########2 | 83/100 [02:19<00:31,  1.84s/it]                                                                                     [32m[I 2026-07-24 18:57:53,923][0m Trial 83 finished with value: 0.847398141764339 and parameters: {'max_depth': 7, 'subsample_freq': 1, 'learning_rate': 0.09053713756420226, 'num_leaves': 16, 'min_child_samples': 35, 'min_child_weight': 0.4378261286707879, 'min_split_gain': 0.10010735050147018, 'colsample_bytree': 0.9608900607048976, 'reg_alpha': 0.5, 'reg_lambda': 0.001, 'cat_smooth': 9.635643163917775, 'cat_l2': 12.105754846403569, 'min_data_per_group': 20, 'max_cat_to_onehot': 10, 'max_cat_threshold': 32, 'max_bin': 63, 'subsample': 0.7087373735740304}. Best is trial 1 with value: 0.8520765619357168.[0m
Best trial: 1. Best value: 0.852077:  83%|########2 | 83/100 [02:21<00:31,  1.84s/it]Best trial: 1. Best value: 0.852077:  83%|########2 | 83/100 [02:21<00:31,  1.84s/it]Best trial: 1. Best value: 0.852077:  84%|########4 | 84/100 [02:21<00:29,  1.82s/it]                                                                                     [32m[I 2026-07-24 18:57:55,706][0m Trial 84 finished with value: 0.8492530943235167 and parameters: {'max_depth': 7, 'subsample_freq': 1, 'learning_rate': 0.10919248080711091, 'num_leaves': 13, 'min_child_samples': 30, 'min_child_weight': 0.8615377412296752, 'min_split_gain': 0.0966002171866291, 'colsample_bytree': 0.9947899365517544, 'reg_alpha': 0.5, 'reg_lambda': 0.001, 'cat_smooth': 7.83758163861488, 'cat_l2': 15.750127439676524, 'min_data_per_group': 20, 'max_cat_to_onehot': 10, 'max_cat_threshold': 32, 'max_bin': 63, 'subsample': 0.7248599075297847}. Best is trial 1 with value: 0.8520765619357168.[0m
Best trial: 1. Best value: 0.852077:  84%|########4 | 84/100 [02:23<00:29,  1.82s/it]Best trial: 1. Best value: 0.852077:  84%|########4 | 84/100 [02:23<00:29,  1.82s/it]Best trial: 1. Best value: 0.852077:  85%|########5 | 85/100 [02:23<00:27,  1.81s/it]                                                                                     [32m[I 2026-07-24 18:57:57,530][0m Trial 85 finished with value: 0.8474014248662135 and parameters: {'max_depth': 7, 'subsample_freq': 1, 'learning_rate': 0.1253627604184547, 'num_leaves': 15, 'min_child_samples': 35, 'min_child_weight': 1.6703302110616909, 'min_split_gain': 0.08694449229392456, 'colsample_bytree': 0.9558576770734707, 'reg_alpha': 0.5, 'reg_lambda': 0.001, 'cat_smooth': 11.176579518910769, 'cat_l2': 9.563268853697133, 'min_data_per_group': 20, 'max_cat_to_onehot': 10, 'max_cat_threshold': 32, 'max_bin': 63, 'subsample': 0.7339397259933889}. Best is trial 1 with value: 0.8520765619357168.[0m
Best trial: 1. Best value: 0.852077:  85%|########5 | 85/100 [02:25<00:27,  1.81s/it]Best trial: 1. Best value: 0.852077:  85%|########5 | 85/100 [02:25<00:27,  1.81s/it]Best trial: 1. Best value: 0.852077:  86%|########6 | 86/100 [02:25<00:25,  1.81s/it]                                                                                     [32m[I 2026-07-24 18:57:59,149][0m Trial 86 finished with value: 0.8436357070159888 and parameters: {'max_depth': 3, 'subsample_freq': 1, 'learning_rate': 0.09964810869804328, 'num_leaves': 7, 'min_child_samples': 40, 'min_child_weight': 0.9525297232820161, 'min_split_gain': 0.11555351340094734, 'colsample_bytree': 0.9606557817277851, 'reg_alpha': 0.5, 'reg_lambda': 0.001, 'cat_smooth': 13.76825366943343, 'cat_l2': 13.824020046372013, 'min_data_per_group': 20, 'max_cat_to_onehot': 10, 'max_cat_threshold': 32, 'max_bin': 63, 'subsample': 0.7002006366447565}. Best is trial 1 with value: 0.8520765619357168.[0m
Best trial: 1. Best value: 0.852077:  86%|########6 | 86/100 [02:26<00:25,  1.81s/it]Best trial: 1. Best value: 0.852077:  86%|########6 | 86/100 [02:26<00:25,  1.81s/it]Best trial: 1. Best value: 0.852077:  87%|########7 | 87/100 [02:26<00:22,  1.75s/it]                                                                                     [32m[I 2026-07-24 18:58:01,089][0m Trial 87 finished with value: 0.8478643422305394 and parameters: {'max_depth': 7, 'subsample_freq': 1, 'learning_rate': 0.11538907137732818, 'num_leaves': 17, 'min_child_samples': 30, 'min_child_weight': 0.6931711442855003, 'min_split_gain': 0.0784981060689561, 'colsample_bytree': 0.9872577617228369, 'reg_alpha': 0.5, 'reg_lambda': 0.001, 'cat_smooth': 10.09085119991525, 'cat_l2': 12.527058101633529, 'min_data_per_group': 30, 'max_cat_to_onehot': 4, 'max_cat_threshold': 8, 'max_bin': 63, 'subsample': 0.7217381905353654}. Best is trial 1 with value: 0.8520765619357168.[0m
