Best trial: 31. Best value: 0.855819:  61%|######1   | 61/100 [04:45<03:27,  5.32s/it]Best trial: 31. Best value: 0.855819:  61%|######1   | 61/100 [04:45<03:27,  5.32s/it]Best trial: 31. Best value: 0.855819:  62%|######2   | 62/100 [04:45<03:17,  5.19s/it]                                                                                      [32m[I 2026-07-27 14:21:45,610][0m Trial 62 finished with value: 0.8534817295380673 and parameters: {'learning_rate': 0.10154173174199499, 'max_depth': 2, 'subsample': 0.8089070247857366, 'colsample_bytree': 0.8165675319988719, 'reg_alpha': 0.14332437541451373, 'reg_lambda': 0.6084815148372533}. Best is trial 31 with value: 0.8558192980728192.[0m
Best trial: 31. Best value: 0.855819:  62%|######2   | 62/100 [04:50<03:17,  5.19s/it]Best trial: 31. Best value: 0.855819:  62%|######2   | 62/100 [04:51<03:17,  5.19s/it]Best trial: 31. Best value: 0.855819:  63%|######3   | 63/100 [04:51<03:14,  5.26s/it]                                                                                      [32m[I 2026-07-27 14:21:50,244][0m Trial 63 finished with value: 0.8530122459699925 and parameters: {'learning_rate': 0.10940236297647533, 'max_depth': 2, 'subsample': 0.8215471147929695, 'colsample_bytree': 0.8267290543374463, 'reg_alpha': 0.08891704321503868, 'reg_lambda': 0.659407363571702}. Best is trial 31 with value: 0.8558192980728192.[0m
Best trial: 31. Best value: 0.855819:  63%|######3   | 63/100 [04:55<03:14,  5.26s/it]Best trial: 31. Best value: 0.855819:  63%|######3   | 63/100 [04:55<03:14,  5.26s/it]Best trial: 31. Best value: 0.855819:  64%|######4   | 64/100 [04:55<03:02,  5.07s/it]                                                                                      [32m[I 2026-07-27 14:21:55,738][0m Trial 64 finished with value: 0.8516037952657672 and parameters: {'learning_rate': 0.050095313623518954, 'max_depth': 2, 'subsample': 0.8675861936142274, 'colsample_bytree': 0.8146967339495622, 'reg_alpha': 0.15544900417180268, 'reg_lambda': 0.5733134840768424}. Best is trial 31 with value: 0.8558192980728192.[0m
Best trial: 31. Best value: 0.855819:  64%|######4   | 64/100 [05:01<03:02,  5.07s/it]Best trial: 31. Best value: 0.855819:  64%|######4   | 64/100 [05:01<03:02,  5.07s/it]Best trial: 31. Best value: 0.855819:  65%|######5   | 65/100 [05:01<03:01,  5.20s/it]                                                                                      [32m[I 2026-07-27 14:22:00,425][0m Trial 65 finished with value: 0.8520798450375914 and parameters: {'learning_rate': 0.11216567247463725, 'max_depth': 2, 'subsample': 0.8411001382234743, 'colsample_bytree': 0.8030250403963343, 'reg_alpha': 0.13312682806491555, 'reg_lambda': 0.5342673470225302}. Best is trial 31 with value: 0.8558192980728192.[0m
Best trial: 31. Best value: 0.855819:  65%|######5   | 65/100 [05:05<03:01,  5.20s/it]Best trial: 31. Best value: 0.855819:  65%|######5   | 65/100 [05:05<03:01,  5.20s/it]Best trial: 31. Best value: 0.855819:  66%|######6   | 66/100 [05:05<02:51,  5.04s/it]                                                                                      [32m[I 2026-07-27 14:22:05,206][0m Trial 66 finished with value: 0.8520765619357169 and parameters: {'learning_rate': 0.10708564312138096, 'max_depth': 2, 'subsample': 0.8510585645964867, 'colsample_bytree': 0.8386143733939594, 'reg_alpha': 0.09650035427067225, 'reg_lambda': 0.7046637161544759}. Best is trial 31 with value: 0.8558192980728192.[0m
Best trial: 31. Best value: 0.855819:  66%|######6   | 66/100 [05:10<02:51,  5.04s/it]Best trial: 31. Best value: 0.855819:  66%|######6   | 66/100 [05:10<02:51,  5.04s/it]Best trial: 31. Best value: 0.855819:  67%|######7   | 67/100 [05:10<02:43,  4.96s/it]                                                                                      [32m[I 2026-07-27 14:22:10,128][0m Trial 67 finished with value: 0.852546045503792 and parameters: {'learning_rate': 0.09719505001160465, 'max_depth': 2, 'subsample': 0.8793190725051008, 'colsample_bytree': 0.9758509839184598, 'reg_alpha': 0.13512880251217588, 'reg_lambda': 0.5881723844960437}. Best is trial 31 with value: 0.8558192980728192.[0m
Best trial: 31. Best value: 0.855819:  67%|######7   | 67/100 [05:15<02:43,  4.96s/it]Best trial: 31. Best value: 0.855819:  67%|######7   | 67/100 [05:15<02:43,  4.96s/it]Best trial: 31. Best value: 0.855819:  68%|######8   | 68/100 [05:15<02:38,  4.95s/it]                                                                                      [32m[I 2026-07-27 14:22:14,629][0m Trial 68 finished with value: 0.8511310285958174 and parameters: {'learning_rate': 0.11656060410520812, 'max_depth': 2, 'subsample': 0.8305644976163107, 'colsample_bytree': 0.832722732009721, 'reg_alpha': 0.1094881723974847, 'reg_lambda': 0.7466310861490106}. Best is trial 31 with value: 0.8558192980728192.[0m
Best trial: 31. Best value: 0.855819:  68%|######8   | 68/100 [05:19<02:38,  4.95s/it]Best trial: 31. Best value: 0.855819:  68%|######8   | 68/100 [05:20<02:38,  4.95s/it]Best trial: 31. Best value: 0.855819:  69%|######9   | 69/100 [05:20<02:29,  4.82s/it]                                                                                      [32m[I 2026-07-27 14:22:19,618][0m Trial 69 finished with value: 0.8530089628681178 and parameters: {'learning_rate': 0.10453463389246656, 'max_depth': 2, 'subsample': 0.9740580038620195, 'colsample_bytree': 0.8189301686313788, 'reg_alpha': 0.12737641752315693, 'reg_lambda': 0.6227321422814764}. Best is trial 31 with value: 0.8558192980728192.[0m
Best trial: 31. Best value: 0.855819:  69%|######9   | 69/100 [05:24<02:29,  4.82s/it]Best trial: 31. Best value: 0.855819:  69%|######9   | 69/100 [05:25<02:29,  4.82s/it]Best trial: 31. Best value: 0.855819:  70%|#######   | 70/100 [05:25<02:26,  4.87s/it]                                                                                      [32m[I 2026-07-27 14:22:24,061][0m Trial 70 finished with value: 0.8530122459699924 and parameters: {'learning_rate': 0.10064636027381864, 'max_depth': 2, 'subsample': 0.8161059686595634, 'colsample_bytree': 0.8445367290295709, 'reg_alpha': 0.1551514343463113, 'reg_lambda': 0.5296563412924324}. Best is trial 31 with value: 0.8558192980728192.[0m
Best trial: 31. Best value: 0.855819:  70%|#######   | 70/100 [05:29<02:26,  4.87s/it]Best trial: 31. Best value: 0.855819:  70%|#######   | 70/100 [05:29<02:26,  4.87s/it]Best trial: 31. Best value: 0.855819:  71%|#######1  | 71/100 [05:29<02:17,  4.74s/it]                                                                                      [32m[I 2026-07-27 14:22:28,528][0m Trial 71 finished with value: 0.8506713943333661 and parameters: {'learning_rate': 0.09412303937725372, 'max_depth': 2, 'subsample': 0.8460829449309507, 'colsample_bytree': 0.8569001128043506, 'reg_alpha': 0.010382494636196553, 'reg_lambda': 0.9659455782680529}. Best is trial 31 with value: 0.8558192980728192.[0m
Best trial: 31. Best value: 0.855819:  71%|#######1  | 71/100 [05:33<02:17,  4.74s/it]Best trial: 31. Best value: 0.855819:  71%|#######1  | 71/100 [05:33<02:17,  4.74s/it]Best trial: 31. Best value: 0.855819:  72%|#######2  | 72/100 [05:33<02:10,  4.66s/it]                                                                                      [32m[I 2026-07-27 14:22:33,113][0m Trial 72 finished with value: 0.8534784464361929 and parameters: {'learning_rate': 0.09815190203828303, 'max_depth': 2, 'subsample': 0.8444135079307313, 'colsample_bytree': 0.8523347222091393, 'reg_alpha': 0.038477258961897846, 'reg_lambda': 0.9007909797146693}. Best is trial 31 with value: 0.8558192980728192.[0m
Best trial: 31. Best value: 0.855819:  72%|#######2  | 72/100 [05:38<02:10,  4.66s/it]Best trial: 31. Best value: 0.855819:  72%|#######2  | 72/100 [05:38<02:10,  4.66s/it]Best trial: 31. Best value: 0.855819:  73%|#######3  | 73/100 [05:38<02:05,  4.64s/it]                                                                                      [32m[I 2026-07-27 14:22:37,616][0m Trial 73 finished with value: 0.8511310285958172 and parameters: {'learning_rate': 0.09576245406299815, 'max_depth': 2, 'subsample': 0.8369759392781225, 'colsample_bytree': 0.877327226597909, 'reg_alpha': 0.061515434305179015, 'reg_lambda': 0.6859948531994208}. Best is trial 31 with value: 0.8558192980728192.[0m
Best trial: 31. Best value: 0.855819:  73%|#######3  | 73/100 [05:42<02:05,  4.64s/it]Best trial: 31. Best value: 0.855819:  73%|#######3  | 73/100 [05:43<02:05,  4.64s/it]Best trial: 31. Best value: 0.855819:  74%|#######4  | 74/100 [05:43<01:59,  4.60s/it]                                                                                      [32m[I 2026-07-27 14:22:42,167][0m Trial 74 finished with value: 0.8506713943333661 and parameters: {'learning_rate': 0.0922738087616377, 'max_depth': 2, 'subsample': 0.8582643357660393, 'colsample_bytree': 0.9049129764283412, 'reg_alpha': 0.045727831153842394, 'reg_lambda': 1.1670830617710453}. Best is trial 31 with value: 0.8558192980728192.[0m
Best trial: 31. Best value: 0.855819:  74%|#######4  | 74/100 [05:47<01:59,  4.60s/it]Best trial: 31. Best value: 0.855819:  74%|#######4  | 74/100 [05:47<01:59,  4.60s/it]Best trial: 31. Best value: 0.855819:  75%|#######5  | 75/100 [05:47<01:54,  4.59s/it]                                                                                      [32m[I 2026-07-27 14:22:46,551][0m Trial 75 finished with value: 0.8511408779014413 and parameters: {'learning_rate': 0.11401017228538562, 'max_depth': 2, 'subsample': 0.8666337191178672, 'colsample_bytree': 0.8280764010936871, 'reg_alpha': 0.07431901389761746, 'reg_lambda': 0.8182632560026524}. Best is trial 31 with value: 0.8558192980728192.[0m
Best trial: 31. Best value: 0.855819:  75%|#######5  | 75/100 [05:51<01:54,  4.59s/it]Best trial: 31. Best value: 0.855819:  75%|#######5  | 75/100 [05:52<01:54,  4.59s/it]Best trial: 31. Best value: 0.855819:  76%|#######6  | 76/100 [05:52<01:48,  4.52s/it]                                                                                      [32m[I 2026-07-27 14:22:50,969][0m Trial 76 finished with value: 0.852536196198168 and parameters: {'learning_rate': 0.11091655623655128, 'max_depth': 2, 'subsample': 0.8512732206281004, 'colsample_bytree': 0.8355391062748365, 'reg_alpha': 0.16506863149182727, 'reg_lambda': 1.0712627932503604}. Best is trial 31 with value: 0.8558192980728192.[0m
Best trial: 31. Best value: 0.855819:  76%|#######6  | 76/100 [05:56<01:48,  4.52s/it]Best trial: 31. Best value: 0.855819:  76%|#######6  | 76/100 [05:56<01:48,  4.52s/it]Best trial: 31. Best value: 0.855819:  77%|#######7  | 77/100 [05:56<01:43,  4.49s/it]                                                                                      [32m[I 2026-07-27 14:22:55,586][0m Trial 77 finished with value: 0.8525493286056666 and parameters: {'learning_rate': 0.10278707609814274, 'max_depth': 2, 'subsample': 0.8748723662583475, 'colsample_bytree': 0.822114288744949, 'reg_alpha': 0.1197144437104039, 'reg_lambda': 0.9806467162986992}. Best is trial 31 with value: 0.8558192980728192.[0m
Best trial: 31. Best value: 0.855819:  77%|#######7  | 77/100 [06:00<01:43,  4.49s/it]Best trial: 31. Best value: 0.855819:  77%|#######7  | 77/100 [06:01<01:43,  4.49s/it]Best trial: 31. Best value: 0.855819:  78%|#######8  | 78/100 [06:01<01:39,  4.53s/it]                                                                                      [32m[I 2026-07-27 14:23:00,169][0m Trial 78 finished with value: 0.8530056797662432 and parameters: {'learning_rate': 0.1170265822706758, 'max_depth': 2, 'subsample': 0.8237784607609804, 'colsample_bytree': 0.934852050092422, 'reg_alpha': 0.10406171452535164, 'reg_lambda': 0.782437800150867}. Best is trial 31 with value: 0.8558192980728192.[0m
Best trial: 31. Best value: 0.855819:  78%|#######8  | 78/100 [06:05<01:39,  4.53s/it]Best trial: 31. Best value: 0.855819:  78%|#######8  | 78/100 [06:05<01:39,  4.53s/it]Best trial: 31. Best value: 0.855819:  79%|#######9  | 79/100 [06:05<01:35,  4.55s/it]                                                                                      [32m[I 2026-07-27 14:23:05,199][0m Trial 79 finished with value: 0.8539413638005188 and parameters: {'learning_rate': 0.10772115084066967, 'max_depth': 2, 'subsample': 0.8290493491472797, 'colsample_bytree': 0.8086827743893372, 'reg_alpha': 0.1799920735994565, 'reg_lambda': 1.27988607059849}. Best is trial 31 with value: 0.8558192980728192.[0m
Best trial: 31. Best value: 0.855819:  79%|#######9  | 79/100 [06:10<01:35,  4.55s/it]Best trial: 31. Best value: 0.855819:  79%|#######9  | 79/100 [06:10<01:35,  4.55s/it]Best trial: 31. Best value: 0.855819:  80%|########  | 80/100 [06:10<01:33,  4.69s/it]                                                                                      [32m[I 2026-07-27 14:23:10,037][0m Trial 80 finished with value: 0.845976558652615 and parameters: {'learning_rate': 0.09114013795690286, 'max_depth': 4, 'subsample': 0.8106961507524132, 'colsample_bytree': 0.8410008960799368, 'reg_alpha': 0.08343511659273774, 'reg_lambda': 0.6609254972445964}. Best is trial 31 with value: 0.8558192980728192.[0m
Best trial: 31. Best value: 0.855819:  80%|########  | 80/100 [06:15<01:33,  4.69s/it]Best trial: 31. Best value: 0.855819:  80%|########  | 80/100 [06:15<01:33,  4.69s/it]Best trial: 31. Best value: 0.855819:  81%|########1 | 81/100 [06:15<01:29,  4.73s/it]                                                                                      [32m[I 2026-07-27 14:23:14,799][0m Trial 81 finished with value: 0.8520732788338422 and parameters: {'learning_rate': 0.10818692455414776, 'max_depth': 2, 'subsample': 0.8303469564912098, 'colsample_bytree': 0.8100360600834093, 'reg_alpha': 0.18638888639254503, 'reg_lambda': 1.7164846158771052}. Best is trial 31 with value: 0.8558192980728192.[0m
Best trial: 31. Best value: 0.855819:  81%|########1 | 81/100 [06:20<01:29,  4.73s/it]Best trial: 31. Best value: 0.855819:  81%|########1 | 81/100 [06:20<01:29,  4.73s/it]Best trial: 31. Best value: 0.855819:  82%|########2 | 82/100 [06:20<01:25,  4.75s/it]                                                                                      [32m[I 2026-07-27 14:23:19,201][0m Trial 82 finished with value: 0.8525427624019173 and parameters: {'learning_rate': 0.09943867098445058, 'max_depth': 2, 'subsample': 0.841924198693173, 'colsample_bytree': 0.8005067959631836, 'reg_alpha': 0.17724064047625498, 'reg_lambda': 1.377502177146382}. Best is trial 31 with value: 0.8558192980728192.[0m
Best trial: 31. Best value: 0.855819:  82%|########2 | 82/100 [06:24<01:25,  4.75s/it]Best trial: 31. Best value: 0.855819:  82%|########2 | 82/100 [06:24<01:25,  4.75s/it]Best trial: 31. Best value: 0.855819:  83%|########2 | 83/100 [06:24<01:18,  4.64s/it]                                                                                      [32m[I 2026-07-27 14:23:23,346][0m Trial 83 finished with value: 0.8534751633343184 and parameters: {'learning_rate': 0.11316815660676835, 'max_depth': 2, 'subsample': 0.8475093318865256, 'colsample_bytree': 0.8143259294500246, 'reg_alpha': 0.0602964608253428, 'reg_lambda': 1.2315571818531261}. Best is trial 31 with value: 0.8558192980728192.[0m
Best trial: 31. Best value: 0.855819:  83%|########2 | 83/100 [06:28<01:18,  4.64s/it]Best trial: 31. Best value: 0.855819:  83%|########2 | 83/100 [06:28<01:18,  4.64s/it]Best trial: 31. Best value: 0.855819:  84%|########4 | 84/100 [06:28<01:11,  4.49s/it]                                                                                      [32m[I 2026-07-27 14:23:27,568][0m Trial 84 finished with value: 0.8544206966742177 and parameters: {'learning_rate': 0.10380868575821159, 'max_depth': 2, 'subsample': 0.8356399857862722, 'colsample_bytree': 0.827933981496339, 'reg_alpha': 0.1982442770637925, 'reg_lambda': 1.5323766521661824}. Best is trial 31 with value: 0.8558192980728192.[0m
Best trial: 31. Best value: 0.855819:  84%|########4 | 84/100 [06:32<01:11,  4.49s/it]Best trial: 31. Best value: 0.855819:  84%|########4 | 84/100 [06:33<01:11,  4.49s/it]Best trial: 31. Best value: 0.855819:  85%|########5 | 85/100 [06:33<01:06,  4.41s/it]                                                                                      [32m[I 2026-07-27 14:23:32,238][0m Trial 85 finished with value: 0.8506648281296169 and parameters: {'learning_rate': 0.10312507561946334, 'max_depth': 2, 'subsample': 0.8355310228067067, 'colsample_bytree': 0.8298861489356021, 'reg_alpha': 0.19996333529175286, 'reg_lambda': 2.3303956714349}. Best is trial 31 with value: 0.8558192980728192.[0m
Best trial: 31. Best value: 0.855819:  85%|########5 | 85/100 [06:37<01:06,  4.41s/it]Best trial: 31. Best value: 0.855819:  85%|########5 | 85/100 [06:37<01:06,  4.41s/it]Best trial: 31. Best value: 0.855819:  86%|########6 | 86/100 [06:37<01:02,  4.49s/it]                                                                                      [32m[I 2026-07-27 14:23:36,777][0m Trial 86 finished with value: 0.8501986276634165 and parameters: {'learning_rate': 0.09601224265048684, 'max_depth': 2, 'subsample': 0.863363372098427, 'colsample_bytree': 0.8262546426637084, 'reg_alpha': 0.19319044910288824, 'reg_lambda': 1.916737445348504}. Best is trial 31 with value: 0.8558192980728192.[0m
Best trial: 31. Best value: 0.855819:  86%|########6 | 86/100 [06:42<01:02,  4.49s/it]Best trial: 31. Best value: 0.855819:  86%|########6 | 86/100 [06:42<01:02,  4.49s/it]Best trial: 31. Best value: 0.855819:  87%|########7 | 87/100 [06:42<00:58,  4.50s/it]                                                                                      [32m[I 2026-07-27 14:23:41,711][0m Trial 87 finished with value: 0.852546045503792 and parameters: {'learning_rate': 0.055894337570050495, 'max_depth': 2, 'subsample': 0.8559254976748678, 'colsample_bytree': 0.8471228153592747, 'reg_alpha': 0.18929764132790072, 'reg_lambda': 1.5164684893206362}. Best is trial 31 with value: 0.8558192980728192.[0m
Best trial: 31. Best value: 0.855819:  87%|########7 | 87/100 [06:47<00:58,  4.50s/it]Best trial: 31. Best value: 0.855819:  87%|########7 | 87/100 [06:47<00:58,  4.50s/it]Best trial: 31. Best value: 0.855819:  88%|########8 | 88/100 [06:47<00:55,  4.63s/it]                                                                                      [32m[I 2026-07-27 14:23:46,324][0m Trial 88 finished with value: 0.8506681112314914 and parameters: {'learning_rate': 0.08700531087968269, 'max_depth': 2, 'subsample': 0.8059597015368055, 'colsample_bytree': 0.836536469425741, 'reg_alpha': 0.14415001404874017, 'reg_lambda': 0.5699052959152124}. Best is trial 31 with value: 0.8558192980728192.[0m
Best trial: 31. Best value: 0.855819:  88%|########8 | 88/100 [06:51<00:55,  4.63s/it]Best trial: 31. Best value: 0.855819:  88%|########8 | 88/100 [06:51<00:55,  4.63s/it]Best trial: 31. Best value: 0.855819:  89%|########9 | 89/100 [06:51<00:50,  4.62s/it]                                                                                      [32m[I 2026-07-27 14:23:51,010][0m Trial 89 finished with value: 0.8525427624019173 and parameters: {'learning_rate': 0.07815809668357451, 'max_depth': 2, 'subsample': 0.8191535140136591, 'colsample_bytree': 0.852382805800696, 'reg_alpha': 0.09323293674148507, 'reg_lambda': 0.7136299283795486}. Best is trial 31 with value: 0.8558192980728192.[0m
Best trial: 31. Best value: 0.855819:  89%|########9 | 89/100 [06:56<00:50,  4.62s/it]Best trial: 31. Best value: 0.855819:  89%|########9 | 89/100 [06:56<00:50,  4.62s/it]Best trial: 31. Best value: 0.855819:  90%|######### | 90/100 [06:56<00:46,  4.65s/it]                                                                                      [32m[I 2026-07-27 14:23:55,588][0m Trial 90 finished with value: 0.8534718802324436 and parameters: {'learning_rate': 0.11825455314482027, 'max_depth': 2, 'subsample': 0.8139660447977949, 'colsample_bytree': 0.8696838322954029, 'reg_alpha': 0.11248015388605147, 'reg_lambda': 0.6265773386520921}. Best is trial 31 with value: 0.8558192980728192.[0m
Best trial: 31. Best value: 0.855819:  90%|######### | 90/100 [07:00<00:46,  4.65s/it]Best trial: 31. Best value: 0.855819:  90%|######### | 90/100 [07:01<00:46,  4.65s/it]Best trial: 31. Best value: 0.855819:  91%|#########1| 91/100 [07:01<00:41,  4.63s/it]                                                                                      [32m[I 2026-07-27 14:24:00,120][0m Trial 91 finished with value: 0.8506713943333661 and parameters: {'learning_rate': 0.10883229238333478, 'max_depth': 2, 'subsample': 0.8288927283656801, 'colsample_bytree': 0.8053167944664166, 'reg_alpha': 0.17736556368977674, 'reg_lambda': 1.290298775871598}. Best is trial 31 with value: 0.8558192980728192.[0m
Best trial: 31. Best value: 0.855819:  91%|#########1| 91/100 [07:05<00:41,  4.63s/it]Best trial: 31. Best value: 0.855819:  91%|#########1| 91/100 [07:05<00:41,  4.63s/it]Best trial: 31. Best value: 0.855819:  92%|#########2| 92/100 [07:05<00:36,  4.60s/it]                                                                                      [32m[I 2026-07-27 14:24:04,575][0m Trial 92 finished with value: 0.8520732788338422 and parameters: {'learning_rate': 0.10656877116577754, 'max_depth': 2, 'subsample': 0.8375992067506305, 'colsample_bytree': 0.818568800513064, 'reg_alpha': 0.17921175677963885, 'reg_lambda': 1.5189293065780947}. Best is trial 31 with value: 0.8558192980728192.[0m
