Best trial: 31. Best value: 0.855819:  92%|#########2| 92/100 [07:09<00:36,  4.60s/it]Best trial: 31. Best value: 0.855819:  92%|#########2| 92/100 [07:10<00:36,  4.60s/it]Best trial: 31. Best value: 0.855819:  93%|#########3| 93/100 [07:10<00:31,  4.56s/it]                                                                                      [32m[I 2026-07-27 14:24:08,931][0m Trial 93 finished with value: 0.8506681112314914 and parameters: {'learning_rate': 0.11082075701942942, 'max_depth': 2, 'subsample': 0.8432996815556236, 'colsample_bytree': 0.8231602982819369, 'reg_alpha': 0.18445396964058974, 'reg_lambda': 1.8568076065625443}. Best is trial 31 with value: 0.8558192980728192.[0m
Best trial: 31. Best value: 0.855819:  93%|#########3| 93/100 [07:14<00:31,  4.56s/it]Best trial: 31. Best value: 0.855819:  93%|#########3| 93/100 [07:14<00:31,  4.56s/it]Best trial: 31. Best value: 0.855819:  94%|#########3| 94/100 [07:14<00:26,  4.50s/it]                                                                                      [32m[I 2026-07-27 14:24:13,449][0m Trial 94 finished with value: 0.8516103614695164 and parameters: {'learning_rate': 0.10486691260287305, 'max_depth': 2, 'subsample': 0.8254124699837448, 'colsample_bytree': 0.8110146024507962, 'reg_alpha': 0.13841814715767173, 'reg_lambda': 1.5816004275148154}. Best is trial 31 with value: 0.8558192980728192.[0m
Best trial: 31. Best value: 0.855819:  94%|#########3| 94/100 [07:18<00:26,  4.50s/it]Best trial: 31. Best value: 0.855819:  94%|#########3| 94/100 [07:18<00:26,  4.50s/it]Best trial: 31. Best value: 0.855819:  95%|#########5| 95/100 [07:18<00:22,  4.50s/it]                                                                                      [32m[I 2026-07-27 14:24:18,138][0m Trial 95 finished with value: 0.8530023966643684 and parameters: {'learning_rate': 0.10105451331809719, 'max_depth': 2, 'subsample': 0.851663588485418, 'colsample_bytree': 0.8847337408860362, 'reg_alpha': 0.19893084893450233, 'reg_lambda': 0.9360784522626073}. Best is trial 31 with value: 0.8558192980728192.[0m
Best trial: 31. Best value: 0.855819:  95%|#########5| 95/100 [07:23<00:22,  4.50s/it]Best trial: 31. Best value: 0.855819:  95%|#########5| 95/100 [07:23<00:22,  4.50s/it]Best trial: 31. Best value: 0.855819:  96%|#########6| 96/100 [07:23<00:18,  4.56s/it]                                                                                      [32m[I 2026-07-27 14:24:23,109][0m Trial 96 finished with value: 0.8534850126399421 and parameters: {'learning_rate': 0.062467983300951, 'max_depth': 2, 'subsample': 0.8589512402573785, 'colsample_bytree': 0.8297534006875431, 'reg_alpha': 0.19209873236214775, 'reg_lambda': 0.512670484270566}. Best is trial 31 with value: 0.8558192980728192.[0m
Best trial: 31. Best value: 0.855819:  96%|#########6| 96/100 [07:28<00:18,  4.56s/it]Best trial: 31. Best value: 0.855819:  96%|#########6| 96/100 [07:28<00:18,  4.56s/it]Best trial: 31. Best value: 0.855819:  97%|#########7| 97/100 [07:28<00:14,  4.68s/it]                                                                                      [32m[I 2026-07-27 14:24:27,764][0m Trial 97 finished with value: 0.8515906628582685 and parameters: {'learning_rate': 0.11449073112769514, 'max_depth': 2, 'subsample': 0.8354615429643678, 'colsample_bytree': 0.8184206954845071, 'reg_alpha': 0.16737168590958187, 'reg_lambda': 0.7518507579740386}. Best is trial 31 with value: 0.8558192980728192.[0m
Best trial: 31. Best value: 0.855819:  97%|#########7| 97/100 [07:33<00:14,  4.68s/it]Best trial: 31. Best value: 0.855819:  97%|#########7| 97/100 [07:33<00:14,  4.68s/it]Best trial: 31. Best value: 0.855819:  98%|#########8| 98/100 [07:33<00:09,  4.68s/it]                                                                                      [32m[I 2026-07-27 14:24:32,435][0m Trial 98 finished with value: 0.8511375947995665 and parameters: {'learning_rate': 0.10371253058267328, 'max_depth': 2, 'subsample': 0.8322896680599148, 'colsample_bytree': 0.8426766041593078, 'reg_alpha': 0.17285315183447683, 'reg_lambda': 1.4526229960868653}. Best is trial 31 with value: 0.8558192980728192.[0m
Best trial: 31. Best value: 0.855819:  98%|#########8| 98/100 [07:37<00:09,  4.68s/it]Best trial: 31. Best value: 0.855819:  98%|#########8| 98/100 [07:37<00:09,  4.68s/it]Best trial: 31. Best value: 0.855819:  99%|#########9| 99/100 [07:37<00:04,  4.67s/it]                                                                                      [32m[I 2026-07-27 14:24:37,125][0m Trial 99 finished with value: 0.8520732788338421 and parameters: {'learning_rate': 0.0980838009240972, 'max_depth': 2, 'subsample': 0.8001375539410266, 'colsample_bytree': 0.8080520561712367, 'reg_alpha': 0.14993210563648413, 'reg_lambda': 1.676193931832192}. Best is trial 31 with value: 0.8558192980728192.[0m
Best trial: 31. Best value: 0.855819:  99%|#########9| 99/100 [07:42<00:04,  4.67s/it]Best trial: 31. Best value: 0.855819:  99%|#########9| 99/100 [07:42<00:04,  4.67s/it]Best trial: 31. Best value: 0.855819: 100%|##########| 100/100 [07:42<00:00,  4.68s/it]Best trial: 31. Best value: 0.855819: 100%|##########| 100/100 [07:42<00:00,  4.63s/it]

======================================================================
Saving Optuna Results
======================================================================
Trials saved to: ./outputs/optuna/292_xgboost_optuna_3_seeds_100_trials.csv
Best parameters saved to: ./outputs/optuna/292_xgboost_optuna_3_seeds_100_trials_best_params.yaml

======================================================================
Optuna Results
======================================================================

Best trial:
Trial number: 31
Multi-seed CV Accuracy: 0.8558
Seed CV STD: 0.0084
All folds CV STD: 0.0207
Mean best iteration: 228.6
Median best iteration: 107.0

Seed results:
Seed 12648430: 0.8638 ± 0.0269
Seed 42: 0.8441 ± 0.0132
Seed 2026: 0.8596 ± 0.0133

Best parameters:
learning_rate: 0.11176949123089937
max_depth: 2
subsample: 0.8364402681078542
colsample_bytree: 0.8244924870903084
reg_alpha: 0.09960972038669126
reg_lambda: 0.5828846693956847

Top 10 trials:
 trial_number  cv_score  seed_cv_std   cv_std  seed_0_cv_mean  seed_1_cv_mean  seed_2_cv_mean  params_colsample_bytree  params_learning_rate  params_max_depth  params_reg_alpha  params_reg_lambda  params_subsample
           31  0.855819     0.008439 0.020730        0.863764        0.844135        0.859559                 0.824492              0.111769                 2          0.099610           0.582885          0.836440
           15  0.855350     0.011025 0.025789        0.860948        0.839949        0.865153                 0.834685              0.101362                 2          0.093578           0.672200          0.838743
           33  0.854890     0.009730 0.024557        0.859549        0.841347        0.863774                 0.818399              0.099660                 2          0.106112           0.680498          0.847492
           51  0.854421     0.007259 0.024823        0.859539        0.844154        0.859569                 0.824796              0.115059                 2          0.142053           0.548005          0.819371
           84  0.854421     0.009308 0.023994        0.859549        0.841357        0.862356                 0.827934              0.103809                 2          0.198244           1.532377          0.835640
           23  0.854414     0.008277 0.021446        0.860948        0.842736        0.859559                 0.833786              0.109659                 2          0.143115           0.754933          0.859102
           38  0.853951     0.006945 0.024916        0.858131        0.844164        0.859559                 0.888635              0.051667                 2          0.190457           0.868182          0.842881
           10  0.853945     0.011958 0.021250        0.860948        0.837112        0.863774                 0.817095              0.107234                 2          0.130116           0.520706          0.800023
           56  0.853945     0.009079 0.022305        0.858140        0.841338        0.862356                 0.852637              0.096582                 2          0.060273           0.946811          0.846018
           79  0.853941     0.008945 0.021444        0.859549        0.841318        0.860957                 0.808683              0.107721                 2          0.179992           1.279886          0.829049
