Best trial: 15. Best value: 0.85535:  30%|###       | 30/100 [02:11<04:59,  4.28s/it]Best trial: 15. Best value: 0.85535:  30%|###       | 30/100 [02:11<04:59,  4.28s/it]Best trial: 15. Best value: 0.85535:  31%|###1      | 31/100 [02:11<04:54,  4.27s/it]                                                                                     [32m[I 2026-07-27 14:19:10,565][0m Trial 31 finished with value: 0.8558192980728192 and parameters: {'learning_rate': 0.11176949123089937, 'max_depth': 2, 'subsample': 0.8364402681078542, 'colsample_bytree': 0.8244924870903084, 'reg_alpha': 0.09960972038669126, 'reg_lambda': 0.5828846693956847}. Best is trial 31 with value: 0.8558192980728192.[0m
Best trial: 15. Best value: 0.85535:  31%|###1      | 31/100 [02:15<04:54,  4.27s/it]Best trial: 31. Best value: 0.855819:  31%|###1      | 31/100 [02:16<04:54,  4.27s/it]Best trial: 31. Best value: 0.855819:  32%|###2      | 32/100 [02:16<04:56,  4.36s/it]                                                                                      [32m[I 2026-07-27 14:19:14,933][0m Trial 32 finished with value: 0.8530089628681178 and parameters: {'learning_rate': 0.11465784400650175, 'max_depth': 2, 'subsample': 0.8383683949098844, 'colsample_bytree': 0.8221743931747625, 'reg_alpha': 0.1487179282785009, 'reg_lambda': 0.5875283334580657}. Best is trial 31 with value: 0.8558192980728192.[0m
Best trial: 31. Best value: 0.855819:  32%|###2      | 32/100 [02:20<04:56,  4.36s/it]Best trial: 31. Best value: 0.855819:  32%|###2      | 32/100 [02:20<04:56,  4.36s/it]Best trial: 31. Best value: 0.855819:  33%|###3      | 33/100 [02:20<04:52,  4.36s/it]                                                                                      [32m[I 2026-07-27 14:19:19,298][0m Trial 33 finished with value: 0.8548901802422929 and parameters: {'learning_rate': 0.09965961619195265, 'max_depth': 2, 'subsample': 0.847492014833448, 'colsample_bytree': 0.8183994736625807, 'reg_alpha': 0.1061121278505328, 'reg_lambda': 0.6804979462405855}. Best is trial 31 with value: 0.8558192980728192.[0m
Best trial: 31. Best value: 0.855819:  33%|###3      | 33/100 [02:24<04:52,  4.36s/it]Best trial: 31. Best value: 0.855819:  33%|###3      | 33/100 [02:24<04:52,  4.36s/it]Best trial: 31. Best value: 0.855819:  34%|###4      | 34/100 [02:24<04:48,  4.37s/it]                                                                                      [32m[I 2026-07-27 14:19:23,424][0m Trial 34 finished with value: 0.8530089628681178 and parameters: {'learning_rate': 0.08281481262492582, 'max_depth': 2, 'subsample': 0.8528921107101646, 'colsample_bytree': 0.8004978031733023, 'reg_alpha': 0.07748362720753771, 'reg_lambda': 0.6904974397156357}. Best is trial 31 with value: 0.8558192980728192.[0m
Best trial: 31. Best value: 0.855819:  34%|###4      | 34/100 [02:28<04:48,  4.37s/it]Best trial: 31. Best value: 0.855819:  34%|###4      | 34/100 [02:28<04:48,  4.37s/it]Best trial: 31. Best value: 0.855819:  35%|###5      | 35/100 [02:28<04:38,  4.29s/it]                                                                                      [32m[I 2026-07-27 14:19:27,865][0m Trial 35 finished with value: 0.851134311697692 and parameters: {'learning_rate': 0.09984157479585767, 'max_depth': 2, 'subsample': 0.8686492753834838, 'colsample_bytree': 0.8427888202706514, 'reg_alpha': 0.10646882880868813, 'reg_lambda': 0.7955323081214966}. Best is trial 31 with value: 0.8558192980728192.[0m
Best trial: 31. Best value: 0.855819:  35%|###5      | 35/100 [02:33<04:38,  4.29s/it]Best trial: 31. Best value: 0.855819:  35%|###5      | 35/100 [02:33<04:38,  4.29s/it]Best trial: 31. Best value: 0.855819:  36%|###6      | 36/100 [02:33<04:37,  4.34s/it]                                                                                      [32m[I 2026-07-27 14:19:32,098][0m Trial 36 finished with value: 0.8497258609934666 and parameters: {'learning_rate': 0.08988439999537393, 'max_depth': 2, 'subsample': 0.884939190298061, 'colsample_bytree': 0.859351097038738, 'reg_alpha': 0.08192803978242362, 'reg_lambda': 0.9410954360706635}. Best is trial 31 with value: 0.8558192980728192.[0m
Best trial: 31. Best value: 0.855819:  36%|###6      | 36/100 [02:37<04:37,  4.34s/it]Best trial: 31. Best value: 0.855819:  36%|###6      | 36/100 [02:37<04:37,  4.34s/it]Best trial: 31. Best value: 0.855819:  37%|###7      | 37/100 [02:37<04:31,  4.31s/it]                                                                                      [32m[I 2026-07-27 14:19:36,340][0m Trial 37 finished with value: 0.8534817295380677 and parameters: {'learning_rate': 0.10226851219656284, 'max_depth': 2, 'subsample': 0.9067240161866585, 'colsample_bytree': 0.8208498043957279, 'reg_alpha': 0.051600508319166224, 'reg_lambda': 0.6868310399174359}. Best is trial 31 with value: 0.8558192980728192.[0m
Best trial: 31. Best value: 0.855819:  37%|###7      | 37/100 [02:41<04:31,  4.31s/it]Best trial: 31. Best value: 0.855819:  37%|###7      | 37/100 [02:41<04:31,  4.31s/it]Best trial: 31. Best value: 0.855819:  38%|###8      | 38/100 [02:41<04:25,  4.29s/it]                                                                                      [32m[I 2026-07-27 14:19:41,286][0m Trial 38 finished with value: 0.8539512131061427 and parameters: {'learning_rate': 0.05166743983320415, 'max_depth': 2, 'subsample': 0.8428809231147152, 'colsample_bytree': 0.8886345971926313, 'reg_alpha': 0.19045678483734174, 'reg_lambda': 0.8681818833651386}. Best is trial 31 with value: 0.8558192980728192.[0m
Best trial: 31. Best value: 0.855819:  38%|###8      | 38/100 [02:46<04:25,  4.29s/it]Best trial: 31. Best value: 0.855819:  38%|###8      | 38/100 [02:46<04:25,  4.29s/it]Best trial: 31. Best value: 0.855819:  39%|###9      | 39/100 [02:46<04:33,  4.48s/it]                                                                                      [32m[I 2026-07-27 14:19:45,514][0m Trial 39 finished with value: 0.8534850126399421 and parameters: {'learning_rate': 0.11385393794817554, 'max_depth': 2, 'subsample': 0.8582184616927565, 'colsample_bytree': 0.8544310591877207, 'reg_alpha': 0.06473492673080825, 'reg_lambda': 0.7408619188295203}. Best is trial 31 with value: 0.8558192980728192.[0m
Best trial: 31. Best value: 0.855819:  39%|###9      | 39/100 [02:50<04:33,  4.48s/it]Best trial: 31. Best value: 0.855819:  39%|###9      | 39/100 [02:50<04:33,  4.48s/it]Best trial: 31. Best value: 0.855819:  40%|####      | 40/100 [02:50<04:24,  4.41s/it]                                                                                      [32m[I 2026-07-27 14:19:50,047][0m Trial 40 finished with value: 0.8469155257887652 and parameters: {'learning_rate': 0.09390031530895997, 'max_depth': 3, 'subsample': 0.8274786215801007, 'colsample_bytree': 0.9222615161766572, 'reg_alpha': 0.03445911191820708, 'reg_lambda': 2.4513654119597765}. Best is trial 31 with value: 0.8558192980728192.[0m
Best trial: 31. Best value: 0.855819:  40%|####      | 40/100 [02:55<04:24,  4.41s/it]Best trial: 31. Best value: 0.855819:  40%|####      | 40/100 [02:55<04:24,  4.41s/it]Best trial: 31. Best value: 0.855819:  41%|####1     | 41/100 [02:55<04:22,  4.45s/it]                                                                                      [32m[I 2026-07-27 14:19:55,405][0m Trial 41 finished with value: 0.853015529071867 and parameters: {'learning_rate': 0.05201876565767161, 'max_depth': 2, 'subsample': 0.8451368252219615, 'colsample_bytree': 0.8919507770794689, 'reg_alpha': 0.19613482777029195, 'reg_lambda': 0.893793420686696}. Best is trial 31 with value: 0.8558192980728192.[0m
Best trial: 31. Best value: 0.855819:  41%|####1     | 41/100 [03:00<04:22,  4.45s/it]Best trial: 31. Best value: 0.855819:  41%|####1     | 41/100 [03:00<04:22,  4.45s/it]Best trial: 31. Best value: 0.855819:  42%|####2     | 42/100 [03:00<04:33,  4.72s/it]                                                                                      [32m[I 2026-07-27 14:20:00,934][0m Trial 42 finished with value: 0.850664828129617 and parameters: {'learning_rate': 0.059993615055484346, 'max_depth': 2, 'subsample': 0.8407229241285905, 'colsample_bytree': 0.9308233960841141, 'reg_alpha': 0.19392909656793103, 'reg_lambda': 0.8253136259247953}. Best is trial 31 with value: 0.8558192980728192.[0m
Best trial: 31. Best value: 0.855819:  42%|####2     | 42/100 [03:06<04:33,  4.72s/it]Best trial: 31. Best value: 0.855819:  42%|####2     | 42/100 [03:06<04:33,  4.72s/it]Best trial: 31. Best value: 0.855819:  43%|####3     | 43/100 [03:06<04:42,  4.96s/it]                                                                                      [32m[I 2026-07-27 14:20:05,939][0m Trial 43 finished with value: 0.851603795265767 and parameters: {'learning_rate': 0.06648010417266839, 'max_depth': 2, 'subsample': 0.8129705848760549, 'colsample_bytree': 0.8712376836905318, 'reg_alpha': 0.1819141929675976, 'reg_lambda': 1.0279627500695432}. Best is trial 31 with value: 0.8558192980728192.[0m
Best trial: 31. Best value: 0.855819:  43%|####3     | 43/100 [03:11<04:42,  4.96s/it]Best trial: 31. Best value: 0.855819:  43%|####3     | 43/100 [03:11<04:42,  4.96s/it]Best trial: 31. Best value: 0.855819:  44%|####4     | 44/100 [03:11<04:38,  4.98s/it]                                                                                      [32m[I 2026-07-27 14:20:11,185][0m Trial 44 finished with value: 0.8492629436291409 and parameters: {'learning_rate': 0.05934002180145167, 'max_depth': 2, 'subsample': 0.87179531879203, 'colsample_bytree': 0.9513347103955986, 'reg_alpha': 0.09999467303049547, 'reg_lambda': 0.6674022589260115}. Best is trial 31 with value: 0.8558192980728192.[0m
Best trial: 31. Best value: 0.855819:  44%|####4     | 44/100 [03:16<04:38,  4.98s/it]Best trial: 31. Best value: 0.855819:  44%|####4     | 44/100 [03:16<04:38,  4.98s/it]Best trial: 31. Best value: 0.855819:  45%|####5     | 45/100 [03:16<04:37,  5.05s/it]                                                                                      [32m[I 2026-07-27 14:20:16,270][0m Trial 45 finished with value: 0.8511408779014412 and parameters: {'learning_rate': 0.07858524691148688, 'max_depth': 2, 'subsample': 0.8493987942360294, 'colsample_bytree': 0.886106991774916, 'reg_alpha': 0.1628025180207245, 'reg_lambda': 0.8644153691732167}. Best is trial 31 with value: 0.8558192980728192.[0m
Best trial: 31. Best value: 0.855819:  45%|####5     | 45/100 [03:21<04:37,  5.05s/it]Best trial: 31. Best value: 0.855819:  45%|####5     | 45/100 [03:21<04:37,  5.05s/it]Best trial: 31. Best value: 0.855819:  46%|####6     | 46/100 [03:21<04:33,  5.06s/it]                                                                                      [32m[I 2026-07-27 14:20:21,639][0m Trial 46 finished with value: 0.8502051938671658 and parameters: {'learning_rate': 0.0562819686925495, 'max_depth': 2, 'subsample': 0.8295707533486673, 'colsample_bytree': 0.8095927142652675, 'reg_alpha': 0.12303966359090852, 'reg_lambda': 0.5672567178901402}. Best is trial 31 with value: 0.8558192980728192.[0m
Best trial: 31. Best value: 0.855819:  46%|####6     | 46/100 [03:26<04:33,  5.06s/it]Best trial: 31. Best value: 0.855819:  46%|####6     | 46/100 [03:27<04:33,  5.06s/it]Best trial: 31. Best value: 0.855819:  47%|####6     | 47/100 [03:27<04:33,  5.16s/it]                                                                                      [32m[I 2026-07-27 14:20:27,102][0m Trial 47 finished with value: 0.8436324239141141 and parameters: {'learning_rate': 0.10474683330808464, 'max_depth': 4, 'subsample': 0.8890729106372963, 'colsample_bytree': 0.8494793333179741, 'reg_alpha': 0.18778051391600542, 'reg_lambda': 0.7651600212458246}. Best is trial 31 with value: 0.8558192980728192.[0m
Best trial: 31. Best value: 0.855819:  47%|####6     | 47/100 [03:32<04:33,  5.16s/it]Best trial: 31. Best value: 0.855819:  47%|####6     | 47/100 [03:32<04:33,  5.16s/it]Best trial: 31. Best value: 0.855819:  48%|####8     | 48/100 [03:32<04:32,  5.25s/it]                                                                                      [32m[I 2026-07-27 14:20:32,318][0m Trial 48 finished with value: 0.8511375947995665 and parameters: {'learning_rate': 0.06957285619525558, 'max_depth': 2, 'subsample': 0.8389136348664027, 'colsample_bytree': 0.913292530511679, 'reg_alpha': 0.11096857326567726, 'reg_lambda': 1.0311248378375666}. Best is trial 31 with value: 0.8558192980728192.[0m
Best trial: 31. Best value: 0.855819:  48%|####8     | 48/100 [03:37<04:32,  5.25s/it]Best trial: 31. Best value: 0.855819:  48%|####8     | 48/100 [03:37<04:32,  5.25s/it]Best trial: 31. Best value: 0.855819:  49%|####9     | 49/100 [03:37<04:27,  5.24s/it]                                                                                      [32m[I 2026-07-27 14:20:37,737][0m Trial 49 finished with value: 0.8520831281394661 and parameters: {'learning_rate': 0.06488663074478489, 'max_depth': 2, 'subsample': 0.8612304876552502, 'colsample_bytree': 0.83302854059653, 'reg_alpha': 0.07035312156707853, 'reg_lambda': 1.3595846061182875}. Best is trial 31 with value: 0.8558192980728192.[0m
Best trial: 31. Best value: 0.855819:  49%|####9     | 49/100 [03:43<04:27,  5.24s/it]Best trial: 31. Best value: 0.855819:  49%|####9     | 49/100 [03:43<04:27,  5.24s/it]Best trial: 31. Best value: 0.855819:  50%|#####     | 50/100 [03:43<04:24,  5.30s/it]                                                                                      [32m[I 2026-07-27 14:20:43,030][0m Trial 50 finished with value: 0.850201910765291 and parameters: {'learning_rate': 0.08613821530610587, 'max_depth': 3, 'subsample': 0.9302267253048913, 'colsample_bytree': 0.8208808611314758, 'reg_alpha': 0.17117717909736951, 'reg_lambda': 0.6347139055333866}. Best is trial 31 with value: 0.8558192980728192.[0m
Best trial: 31. Best value: 0.855819:  50%|#####     | 50/100 [03:48<04:24,  5.30s/it]Best trial: 31. Best value: 0.855819:  50%|#####     | 50/100 [03:48<04:24,  5.30s/it]Best trial: 31. Best value: 0.855819:  51%|#####1    | 51/100 [03:48<04:19,  5.29s/it]                                                                                      [32m[I 2026-07-27 14:20:48,259][0m Trial 51 finished with value: 0.8544206966742177 and parameters: {'learning_rate': 0.1150585695214327, 'max_depth': 2, 'subsample': 0.8193709077197785, 'colsample_bytree': 0.8247962529116323, 'reg_alpha': 0.14205316286750214, 'reg_lambda': 0.5480045478208678}. Best is trial 31 with value: 0.8558192980728192.[0m
Best trial: 31. Best value: 0.855819:  51%|#####1    | 51/100 [03:53<04:19,  5.29s/it]Best trial: 31. Best value: 0.855819:  51%|#####1    | 51/100 [03:53<04:19,  5.29s/it]Best trial: 31. Best value: 0.855819:  52%|#####2    | 52/100 [03:53<04:13,  5.27s/it]                                                                                      [32m[I 2026-07-27 14:20:53,354][0m Trial 52 finished with value: 0.8511277454939427 and parameters: {'learning_rate': 0.11557529908092377, 'max_depth': 2, 'subsample': 0.817762861477794, 'colsample_bytree': 0.8258969767130435, 'reg_alpha': 0.14047991361063122, 'reg_lambda': 0.5643472580000547}. Best is trial 31 with value: 0.8558192980728192.[0m
Best trial: 31. Best value: 0.855819:  52%|#####2    | 52/100 [03:58<04:13,  5.27s/it]Best trial: 31. Best value: 0.855819:  52%|#####2    | 52/100 [03:58<04:13,  5.27s/it]Best trial: 31. Best value: 0.855819:  53%|#####3    | 53/100 [03:58<04:05,  5.22s/it]                                                                                      [32m[I 2026-07-27 14:20:58,295][0m Trial 53 finished with value: 0.8501953445615418 and parameters: {'learning_rate': 0.11643861283106811, 'max_depth': 2, 'subsample': 0.806842785654368, 'colsample_bytree': 0.8095724298403812, 'reg_alpha': 0.11639244926113976, 'reg_lambda': 0.7238690345696561}. Best is trial 31 with value: 0.8558192980728192.[0m
Best trial: 31. Best value: 0.855819:  53%|#####3    | 53/100 [04:03<04:05,  5.22s/it]Best trial: 31. Best value: 0.855819:  53%|#####3    | 53/100 [04:03<04:05,  5.22s/it]Best trial: 31. Best value: 0.855819:  54%|#####4    | 54/100 [04:03<03:56,  5.13s/it]                                                                                      [32m[I 2026-07-27 14:21:03,296][0m Trial 54 finished with value: 0.8525427624019173 and parameters: {'learning_rate': 0.11076930659197552, 'max_depth': 2, 'subsample': 0.8349895119783222, 'colsample_bytree': 0.8389268668591168, 'reg_alpha': 0.1695319883265959, 'reg_lambda': 0.5474297053004403}. Best is trial 31 with value: 0.8558192980728192.[0m
Best trial: 31. Best value: 0.855819:  54%|#####4    | 54/100 [04:08<03:56,  5.13s/it]Best trial: 31. Best value: 0.855819:  54%|#####4    | 54/100 [04:08<03:56,  5.13s/it]Best trial: 31. Best value: 0.855819:  55%|#####5    | 55/100 [04:08<03:49,  5.09s/it]                                                                                      [32m[I 2026-07-27 14:21:08,857][0m Trial 55 finished with value: 0.8506648281296169 and parameters: {'learning_rate': 0.0699564913365907, 'max_depth': 2, 'subsample': 0.8209417686761912, 'colsample_bytree': 0.8126941122179935, 'reg_alpha': 0.08616928348816044, 'reg_lambda': 0.6493518106400072}. Best is trial 31 with value: 0.8558192980728192.[0m
Best trial: 31. Best value: 0.855819:  55%|#####5    | 55/100 [04:14<03:49,  5.09s/it]Best trial: 31. Best value: 0.855819:  55%|#####5    | 55/100 [04:14<03:49,  5.09s/it]Best trial: 31. Best value: 0.855819:  56%|#####6    | 56/100 [04:14<03:50,  5.24s/it]                                                                                      [32m[I 2026-07-27 14:21:14,236][0m Trial 56 finished with value: 0.8539446469023932 and parameters: {'learning_rate': 0.09658203129740144, 'max_depth': 2, 'subsample': 0.8460177012290759, 'colsample_bytree': 0.8526373696833636, 'reg_alpha': 0.0602728767761822, 'reg_lambda': 0.9468108386936107}. Best is trial 31 with value: 0.8558192980728192.[0m
Best trial: 31. Best value: 0.855819:  56%|#####6    | 56/100 [04:19<03:50,  5.24s/it]Best trial: 31. Best value: 0.855819:  56%|#####6    | 56/100 [04:19<03:50,  5.24s/it]Best trial: 31. Best value: 0.855819:  57%|#####6    | 57/100 [04:19<03:46,  5.28s/it]                                                                                      [32m[I 2026-07-27 14:21:19,544][0m Trial 57 finished with value: 0.8516037952657672 and parameters: {'learning_rate': 0.10942588545264503, 'max_depth': 2, 'subsample': 0.8091045843772072, 'colsample_bytree': 0.8340711566737554, 'reg_alpha': 0.14776246192334275, 'reg_lambda': 0.5956113577362696}. Best is trial 31 with value: 0.8558192980728192.[0m
Best trial: 31. Best value: 0.855819:  57%|#####6    | 57/100 [04:24<03:46,  5.28s/it]Best trial: 31. Best value: 0.855819:  57%|#####6    | 57/100 [04:25<03:46,  5.28s/it]Best trial: 31. Best value: 0.855819:  58%|#####8    | 58/100 [04:25<03:41,  5.29s/it]                                                                                      [32m[I 2026-07-27 14:21:24,313][0m Trial 58 finished with value: 0.8501986276634165 and parameters: {'learning_rate': 0.11992737864426184, 'max_depth': 2, 'subsample': 0.8263086159227053, 'colsample_bytree': 0.8052839619707053, 'reg_alpha': 0.12458891990759573, 'reg_lambda': 0.5011846123400627}. Best is trial 31 with value: 0.8558192980728192.[0m
Best trial: 31. Best value: 0.855819:  58%|#####8    | 58/100 [04:29<03:41,  5.29s/it]Best trial: 31. Best value: 0.855819:  58%|#####8    | 58/100 [04:29<03:41,  5.29s/it]Best trial: 31. Best value: 0.855819:  59%|#####8    | 59/100 [04:29<03:30,  5.14s/it]                                                                                      [32m[I 2026-07-27 14:21:29,779][0m Trial 59 finished with value: 0.8511277454939427 and parameters: {'learning_rate': 0.10518952715772831, 'max_depth': 2, 'subsample': 0.8557136871582591, 'colsample_bytree': 0.8651799868672859, 'reg_alpha': 0.10053637149088394, 'reg_lambda': 0.7892461438248957}. Best is trial 31 with value: 0.8558192980728192.[0m
Best trial: 31. Best value: 0.855819:  59%|#####8    | 59/100 [04:35<03:30,  5.14s/it]Best trial: 31. Best value: 0.855819:  59%|#####8    | 59/100 [04:35<03:30,  5.14s/it]Best trial: 31. Best value: 0.855819:  60%|######    | 60/100 [04:35<03:29,  5.23s/it]                                                                                      [32m[I 2026-07-27 14:21:35,310][0m Trial 60 finished with value: 0.8502051938671658 and parameters: {'learning_rate': 0.0743976129475081, 'max_depth': 2, 'subsample': 0.8329739994134848, 'colsample_bytree': 0.8461733100170185, 'reg_alpha': 0.1309780770593337, 'reg_lambda': 0.858928257958142}. Best is trial 31 with value: 0.8558192980728192.[0m
Best trial: 31. Best value: 0.855819:  60%|######    | 60/100 [04:40<03:29,  5.23s/it]Best trial: 31. Best value: 0.855819:  60%|######    | 60/100 [04:40<03:29,  5.23s/it]Best trial: 31. Best value: 0.855819:  61%|######1   | 61/100 [04:40<03:27,  5.32s/it]                                                                                      [32m[I 2026-07-27 14:21:40,185][0m Trial 61 finished with value: 0.8534653140286944 and parameters: {'learning_rate': 0.10589030667084581, 'max_depth': 2, 'subsample': 0.8015417175365445, 'colsample_bytree': 0.8247576578571607, 'reg_alpha': 0.11493546632743794, 'reg_lambda': 0.5304176974716557}. Best is trial 31 with value: 0.8558192980728192.[0m
