
======================================================================
Experiment: 292_xgboost_optuna_3_seeds_100_trials
======================================================================

======================================================================
Optuna Study
======================================================================
Study name: xgboost_tuning_3_seeds
Direction: maximize
Number of trials: 100
CV folds: 5
Holdout evaluation: disabled during tuning
  0%|          | 0/100 [00:00<?, ?it/s]                                       [32m[I 2026-07-27 14:16:58,483][0m Trial 0 finished with value: 0.8492629436291409 and parameters: {'learning_rate': 0.1, 'max_depth': 3, 'subsample': 0.9, 'colsample_bytree': 1.0, 'reg_alpha': 0.0, 'reg_lambda': 1.0}. Best is trial 0 with value: 0.8492629436291409.[0m
  0%|          | 0/100 [00:03<?, ?it/s]Best trial: 0. Best value: 0.849263:   0%|          | 0/100 [00:03<?, ?it/s]Best trial: 0. Best value: 0.849263:   1%|1         | 1/100 [00:03<06:29,  3.94s/it]                                                                                    [32m[I 2026-07-27 14:17:01,973][0m Trial 1 finished with value: 0.8473751600512163 and parameters: {'learning_rate': 0.08256500327916354, 'max_depth': 4, 'subsample': 0.9851701522617, 'colsample_bytree': 0.8187179187275171, 'reg_alpha': 0.053432270935338005, 'reg_lambda': 2.7955005195460743}. Best is trial 0 with value: 0.8492629436291409.[0m
Best trial: 0. Best value: 0.849263:   1%|1         | 1/100 [00:07<06:29,  3.94s/it]Best trial: 0. Best value: 0.849263:   1%|1         | 1/100 [00:07<06:29,  3.94s/it]Best trial: 0. Best value: 0.849263:   2%|2         | 2/100 [00:07<06:00,  3.67s/it]                                                                                    [32m[I 2026-07-27 14:17:05,564][0m Trial 2 finished with value: 0.8511408779014412 and parameters: {'learning_rate': 0.0675523127923878, 'max_depth': 2, 'subsample': 0.9730113443543256, 'colsample_bytree': 0.9168475153358504, 'reg_alpha': 0.11477578576704822, 'reg_lambda': 0.8770301690749795}. Best is trial 2 with value: 0.8511408779014412.[0m
Best trial: 0. Best value: 0.849263:   2%|2         | 2/100 [00:10<06:00,  3.67s/it]Best trial: 2. Best value: 0.851141:   2%|2         | 2/100 [00:11<06:00,  3.67s/it]Best trial: 2. Best value: 0.851141:   3%|3         | 3/100 [00:11<05:53,  3.64s/it]                                                                                    [32m[I 2026-07-27 14:17:09,624][0m Trial 3 finished with value: 0.8483141271873667 and parameters: {'learning_rate': 0.07603265606752893, 'max_depth': 4, 'subsample': 0.9657431230046178, 'colsample_bytree': 0.9495893899391058, 'reg_alpha': 0.19646015931118993, 'reg_lambda': 0.7433142502634876}. Best is trial 2 with value: 0.8511408779014412.[0m
Best trial: 2. Best value: 0.851141:   3%|3         | 3/100 [00:14<05:53,  3.64s/it]Best trial: 2. Best value: 0.851141:   3%|3         | 3/100 [00:15<05:53,  3.64s/it]Best trial: 2. Best value: 0.851141:   4%|4         | 4/100 [00:15<06:05,  3.81s/it]                                                                                    [32m[I 2026-07-27 14:17:13,623][0m Trial 4 finished with value: 0.8483239764929905 and parameters: {'learning_rate': 0.08840749863226334, 'max_depth': 4, 'subsample': 0.9647492434309998, 'colsample_bytree': 0.8495309175489385, 'reg_alpha': 0.06732783772273765, 'reg_lambda': 1.7350890252969307}. Best is trial 2 with value: 0.8511408779014412.[0m
Best trial: 2. Best value: 0.851141:   4%|4         | 4/100 [00:18<06:05,  3.81s/it]Best trial: 2. Best value: 0.851141:   4%|4         | 4/100 [00:19<06:05,  3.81s/it]Best trial: 2. Best value: 0.851141:   5%|5         | 5/100 [00:19<06:09,  3.89s/it]                                                                                    [32m[I 2026-07-27 14:17:18,033][0m Trial 5 finished with value: 0.8511408779014413 and parameters: {'learning_rate': 0.07355251777035711, 'max_depth': 2, 'subsample': 0.9488312778810761, 'colsample_bytree': 0.9652233563157909, 'reg_alpha': 0.06597911488366533, 'reg_lambda': 1.5623295097256118}. Best is trial 5 with value: 0.8511408779014413.[0m
Best trial: 2. Best value: 0.851141:   5%|5         | 5/100 [00:23<06:09,  3.89s/it]Best trial: 5. Best value: 0.851141:   5%|5         | 5/100 [00:23<06:09,  3.89s/it]Best trial: 5. Best value: 0.851141:   6%|6         | 6/100 [00:23<06:21,  4.06s/it]                                                                                    [32m[I 2026-07-27 14:17:23,264][0m Trial 6 finished with value: 0.8487868938573163 and parameters: {'learning_rate': 0.06250543285710079, 'max_depth': 3, 'subsample': 0.9145297524542123, 'colsample_bytree': 0.8769891805910156, 'reg_alpha': 0.0729592344425476, 'reg_lambda': 0.9962723854034546}. Best is trial 5 with value: 0.8511408779014413.[0m
Best trial: 5. Best value: 0.851141:   6%|6         | 6/100 [00:28<06:21,  4.06s/it]Best trial: 5. Best value: 0.851141:   6%|6         | 6/100 [00:28<06:21,  4.06s/it]Best trial: 5. Best value: 0.851141:   7%|7         | 7/100 [00:28<06:52,  4.44s/it]                                                                                    [32m[I 2026-07-27 14:17:28,504][0m Trial 7 finished with value: 0.8501986276634165 and parameters: {'learning_rate': 0.054008424456082324, 'max_depth': 3, 'subsample': 0.8782260734572216, 'colsample_bytree': 0.8744818597853714, 'reg_alpha': 0.05237924308554179, 'reg_lambda': 0.824631712840213}. Best is trial 5 with value: 0.8511408779014413.[0m
Best trial: 5. Best value: 0.851141:   7%|7         | 7/100 [00:33<06:52,  4.44s/it]Best trial: 5. Best value: 0.851141:   7%|7         | 7/100 [00:33<06:52,  4.44s/it]Best trial: 5. Best value: 0.851141:   8%|8         | 8/100 [00:33<07:11,  4.69s/it]                                                                                    [32m[I 2026-07-27 14:17:33,385][0m Trial 8 finished with value: 0.8459929741619883 and parameters: {'learning_rate': 0.07365561719510001, 'max_depth': 4, 'subsample': 0.8957220309594373, 'colsample_bytree': 0.8559036311358668, 'reg_alpha': 0.1719468052359947, 'reg_lambda': 0.9228262638774823}. Best is trial 5 with value: 0.8511408779014413.[0m
Best trial: 5. Best value: 0.851141:   8%|8         | 8/100 [00:38<07:11,  4.69s/it]Best trial: 5. Best value: 0.851141:   8%|8         | 8/100 [00:38<07:11,  4.69s/it]Best trial: 5. Best value: 0.851141:   9%|9         | 9/100 [00:38<07:12,  4.75s/it]                                                                                    [32m[I 2026-07-27 14:17:38,042][0m Trial 9 finished with value: 0.8515972290620177 and parameters: {'learning_rate': 0.09638926365708868, 'max_depth': 3, 'subsample': 0.9972948146980465, 'colsample_bytree': 0.8492423945379517, 'reg_alpha': 0.03776654511293329, 'reg_lambda': 1.1996120197012092}. Best is trial 9 with value: 0.8515972290620177.[0m
Best trial: 5. Best value: 0.851141:   9%|9         | 9/100 [00:43<07:12,  4.75s/it]Best trial: 9. Best value: 0.851597:   9%|9         | 9/100 [00:43<07:12,  4.75s/it]Best trial: 9. Best value: 0.851597:  10%|#         | 10/100 [00:43<07:05,  4.73s/it]                                                                                     [32m[I 2026-07-27 14:17:42,789][0m Trial 10 finished with value: 0.8539446469023934 and parameters: {'learning_rate': 0.10723386697381056, 'max_depth': 2, 'subsample': 0.80002257967236, 'colsample_bytree': 0.8170947883956019, 'reg_alpha': 0.13011560021821125, 'reg_lambda': 0.5207056074892497}. Best is trial 10 with value: 0.8539446469023934.[0m
Best trial: 9. Best value: 0.851597:  10%|#         | 10/100 [00:48<07:05,  4.73s/it]Best trial: 10. Best value: 0.853945:  10%|#         | 10/100 [00:48<07:05,  4.73s/it]Best trial: 10. Best value: 0.853945:  11%|#1        | 11/100 [00:48<07:01,  4.74s/it]                                                                                      [32m[I 2026-07-27 14:17:46,940][0m Trial 11 finished with value: 0.8520634295282182 and parameters: {'learning_rate': 0.11931552736610178, 'max_depth': 2, 'subsample': 0.800217713284627, 'colsample_bytree': 0.80714362730565, 'reg_alpha': 0.13682929742756514, 'reg_lambda': 0.541665175552895}. Best is trial 10 with value: 0.8539446469023934.[0m
Best trial: 10. Best value: 0.853945:  11%|#1        | 11/100 [00:52<07:01,  4.74s/it]Best trial: 10. Best value: 0.853945:  11%|#1        | 11/100 [00:52<07:01,  4.74s/it]Best trial: 10. Best value: 0.853945:  12%|#2        | 12/100 [00:52<06:40,  4.55s/it]                                                                                      [32m[I 2026-07-27 14:17:51,281][0m Trial 12 finished with value: 0.8525394793000428 and parameters: {'learning_rate': 0.11919768915487781, 'max_depth': 2, 'subsample': 0.8008322226022031, 'colsample_bytree': 0.8080089920128805, 'reg_alpha': 0.13281325549856526, 'reg_lambda': 0.5550376233612517}. Best is trial 10 with value: 0.8539446469023934.[0m
Best trial: 10. Best value: 0.853945:  12%|#2        | 12/100 [00:56<06:40,  4.55s/it]Best trial: 10. Best value: 0.853945:  12%|#2        | 12/100 [00:56<06:40,  4.55s/it]Best trial: 10. Best value: 0.853945:  13%|#3        | 13/100 [00:56<06:30,  4.49s/it]                                                                                      [32m[I 2026-07-27 14:17:54,956][0m Trial 13 finished with value: 0.8530023966643685 and parameters: {'learning_rate': 0.11992751124367627, 'max_depth': 2, 'subsample': 0.8037847923765933, 'colsample_bytree': 0.8015965001394316, 'reg_alpha': 0.11942958101297067, 'reg_lambda': 0.5163902318737421}. Best is trial 10 with value: 0.8539446469023934.[0m
Best trial: 10. Best value: 0.853945:  13%|#3        | 13/100 [01:00<06:30,  4.49s/it]Best trial: 10. Best value: 0.853945:  13%|#3        | 13/100 [01:00<06:30,  4.49s/it]Best trial: 10. Best value: 0.853945:  14%|#4        | 14/100 [01:00<06:04,  4.24s/it]                                                                                      [32m[I 2026-07-27 14:17:58,955][0m Trial 14 finished with value: 0.8530056797662432 and parameters: {'learning_rate': 0.10765516270604866, 'max_depth': 2, 'subsample': 0.8342080787001404, 'colsample_bytree': 0.8292185364463691, 'reg_alpha': 0.1099851788188978, 'reg_lambda': 0.5057073961514925}. Best is trial 10 with value: 0.8539446469023934.[0m
Best trial: 10. Best value: 0.853945:  14%|#4        | 14/100 [01:04<06:04,  4.24s/it]Best trial: 10. Best value: 0.853945:  14%|#4        | 14/100 [01:04<06:04,  4.24s/it]Best trial: 10. Best value: 0.853945:  15%|#5        | 15/100 [01:04<05:54,  4.17s/it]                                                                                      [32m[I 2026-07-27 14:18:02,946][0m Trial 15 finished with value: 0.855349814504744 and parameters: {'learning_rate': 0.10136152127401915, 'max_depth': 2, 'subsample': 0.8387429226706943, 'colsample_bytree': 0.8346851967526235, 'reg_alpha': 0.09357795193625722, 'reg_lambda': 0.6721998860256027}. Best is trial 15 with value: 0.855349814504744.[0m
Best trial: 10. Best value: 0.853945:  15%|#5        | 15/100 [01:08<05:54,  4.17s/it]Best trial: 15. Best value: 0.85535:  15%|#5        | 15/100 [01:08<05:54,  4.17s/it] Best trial: 15. Best value: 0.85535:  16%|#6        | 16/100 [01:08<05:45,  4.12s/it]                                                                                     [32m[I 2026-07-27 14:18:06,787][0m Trial 16 finished with value: 0.8516070783676417 and parameters: {'learning_rate': 0.10323765185893659, 'max_depth': 2, 'subsample': 0.8439478394631621, 'colsample_bytree': 0.8996134086890346, 'reg_alpha': 0.0928217155079002, 'reg_lambda': 0.6876183803020144}. Best is trial 15 with value: 0.855349814504744.[0m
Best trial: 15. Best value: 0.85535:  16%|#6        | 16/100 [01:12<05:45,  4.12s/it]Best trial: 15. Best value: 0.85535:  16%|#6        | 16/100 [01:12<05:45,  4.12s/it]Best trial: 15. Best value: 0.85535:  17%|#7        | 17/100 [01:12<05:34,  4.03s/it]                                                                                     [32m[I 2026-07-27 14:18:10,930][0m Trial 17 finished with value: 0.8516103614695164 and parameters: {'learning_rate': 0.09031933517169023, 'max_depth': 3, 'subsample': 0.8333827141164094, 'colsample_bytree': 0.8296931618694472, 'reg_alpha': 0.15617957303037924, 'reg_lambda': 0.6429405278757293}. Best is trial 15 with value: 0.855349814504744.[0m
Best trial: 15. Best value: 0.85535:  17%|#7        | 17/100 [01:16<05:34,  4.03s/it]Best trial: 15. Best value: 0.85535:  17%|#7        | 17/100 [01:16<05:34,  4.03s/it]Best trial: 15. Best value: 0.85535:  18%|#8        | 18/100 [01:16<05:33,  4.07s/it]                                                                                     [32m[I 2026-07-27 14:18:14,959][0m Trial 18 finished with value: 0.8511310285958174 and parameters: {'learning_rate': 0.10829572029046829, 'max_depth': 2, 'subsample': 0.8622808538943632, 'colsample_bytree': 0.8808653061653643, 'reg_alpha': 0.09201961955047569, 'reg_lambda': 0.6233286991850836}. Best is trial 15 with value: 0.855349814504744.[0m
Best trial: 15. Best value: 0.85535:  18%|#8        | 18/100 [01:20<05:33,  4.07s/it]Best trial: 15. Best value: 0.85535:  18%|#8        | 18/100 [01:20<05:33,  4.07s/it]Best trial: 15. Best value: 0.85535:  19%|#9        | 19/100 [01:20<05:28,  4.05s/it]                                                                                     [32m[I 2026-07-27 14:18:19,425][0m Trial 19 finished with value: 0.8478577760267901 and parameters: {'learning_rate': 0.08665393863219632, 'max_depth': 3, 'subsample': 0.824707104218581, 'colsample_bytree': 0.8453599207480876, 'reg_alpha': 0.16090145615893753, 'reg_lambda': 2.931118230827829}. Best is trial 15 with value: 0.855349814504744.[0m
Best trial: 15. Best value: 0.85535:  19%|#9        | 19/100 [01:24<05:28,  4.05s/it]Best trial: 15. Best value: 0.85535:  19%|#9        | 19/100 [01:24<05:28,  4.05s/it]Best trial: 15. Best value: 0.85535:  20%|##        | 20/100 [01:24<05:34,  4.18s/it]                                                                                     [32m[I 2026-07-27 14:18:23,660][0m Trial 20 finished with value: 0.8511375947995666 and parameters: {'learning_rate': 0.09417795418912624, 'max_depth': 2, 'subsample': 0.8552576345178815, 'colsample_bytree': 0.83120293835207, 'reg_alpha': 0.01723530420950821, 'reg_lambda': 1.3896518826977378}. Best is trial 15 with value: 0.855349814504744.[0m
Best trial: 15. Best value: 0.85535:  20%|##        | 20/100 [01:29<05:34,  4.18s/it]Best trial: 15. Best value: 0.85535:  20%|##        | 20/100 [01:29<05:34,  4.18s/it]Best trial: 15. Best value: 0.85535:  21%|##1       | 21/100 [01:29<05:31,  4.20s/it]                                                                                     [32m[I 2026-07-27 14:18:27,787][0m Trial 21 finished with value: 0.8534817295380677 and parameters: {'learning_rate': 0.10711868087783948, 'max_depth': 2, 'subsample': 0.8236704170223158, 'colsample_bytree': 0.8299366375728561, 'reg_alpha': 0.09777090478367934, 'reg_lambda': 0.513584555042029}. Best is trial 15 with value: 0.855349814504744.[0m
Best trial: 15. Best value: 0.85535:  21%|##1       | 21/100 [01:33<05:31,  4.20s/it]Best trial: 15. Best value: 0.85535:  21%|##1       | 21/100 [01:33<05:31,  4.20s/it]Best trial: 15. Best value: 0.85535:  22%|##2       | 22/100 [01:33<05:25,  4.17s/it]                                                                                     [32m[I 2026-07-27 14:18:31,809][0m Trial 22 finished with value: 0.8525394793000426 and parameters: {'learning_rate': 0.1077494774365671, 'max_depth': 2, 'subsample': 0.817411455749755, 'colsample_bytree': 0.86665234455693, 'reg_alpha': 0.09256182328326425, 'reg_lambda': 0.6219887651562502}. Best is trial 15 with value: 0.855349814504744.[0m
Best trial: 15. Best value: 0.85535:  22%|##2       | 22/100 [01:37<05:25,  4.17s/it]Best trial: 15. Best value: 0.85535:  22%|##2       | 22/100 [01:37<05:25,  4.17s/it]Best trial: 15. Best value: 0.85535:  23%|##3       | 23/100 [01:37<05:17,  4.13s/it]                                                                                     [32m[I 2026-07-27 14:18:36,093][0m Trial 23 finished with value: 0.8544141304704685 and parameters: {'learning_rate': 0.10965896390667271, 'max_depth': 2, 'subsample': 0.8591015791313903, 'colsample_bytree': 0.8337861935718357, 'reg_alpha': 0.14311462115696022, 'reg_lambda': 0.7549328535229303}. Best is trial 15 with value: 0.855349814504744.[0m
Best trial: 15. Best value: 0.85535:  23%|##3       | 23/100 [01:41<05:17,  4.13s/it]Best trial: 15. Best value: 0.85535:  23%|##3       | 23/100 [01:41<05:17,  4.13s/it]Best trial: 15. Best value: 0.85535:  24%|##4       | 24/100 [01:41<05:17,  4.18s/it]                                                                                     [32m[I 2026-07-27 14:18:40,265][0m Trial 24 finished with value: 0.8516037952657672 and parameters: {'learning_rate': 0.11208843804771103, 'max_depth': 2, 'subsample': 0.8634932479051668, 'colsample_bytree': 0.8988229308558888, 'reg_alpha': 0.14019675560047204, 'reg_lambda': 0.7655357634170271}. Best is trial 15 with value: 0.855349814504744.[0m
Best trial: 15. Best value: 0.85535:  24%|##4       | 24/100 [01:45<05:17,  4.18s/it]Best trial: 15. Best value: 0.85535:  24%|##4       | 24/100 [01:45<05:17,  4.18s/it]Best trial: 15. Best value: 0.85535:  25%|##5       | 25/100 [01:45<05:13,  4.18s/it]                                                                                     [32m[I 2026-07-27 14:18:44,809][0m Trial 25 finished with value: 0.8516070783676417 and parameters: {'learning_rate': 0.09834614090342504, 'max_depth': 2, 'subsample': 0.8806064288467882, 'colsample_bytree': 0.8180154585724806, 'reg_alpha': 0.17757365109062742, 'reg_lambda': 1.1233232379349893}. Best is trial 15 with value: 0.855349814504744.[0m
Best trial: 15. Best value: 0.85535:  25%|##5       | 25/100 [01:50<05:13,  4.18s/it]Best trial: 15. Best value: 0.85535:  25%|##5       | 25/100 [01:50<05:13,  4.18s/it]Best trial: 15. Best value: 0.85535:  26%|##6       | 26/100 [01:50<05:16,  4.28s/it]                                                                                     [32m[I 2026-07-27 14:18:49,179][0m Trial 26 finished with value: 0.8530089628681177 and parameters: {'learning_rate': 0.08163478774769818, 'max_depth': 2, 'subsample': 0.8490887848462358, 'colsample_bytree': 0.8618370739675103, 'reg_alpha': 0.1502971670928191, 'reg_lambda': 0.7148928836632656}. Best is trial 15 with value: 0.855349814504744.[0m
Best trial: 15. Best value: 0.85535:  26%|##6       | 26/100 [01:54<05:16,  4.28s/it]Best trial: 15. Best value: 0.85535:  26%|##6       | 26/100 [01:54<05:16,  4.28s/it]Best trial: 15. Best value: 0.85535:  27%|##7       | 27/100 [01:54<05:14,  4.31s/it]                                                                                     [32m[I 2026-07-27 14:18:53,192][0m Trial 27 finished with value: 0.850201910765291 and parameters: {'learning_rate': 0.09377423773992792, 'max_depth': 3, 'subsample': 0.9246899743821806, 'colsample_bytree': 0.8374393656472382, 'reg_alpha': 0.1282290176236729, 'reg_lambda': 0.5992936905836339}. Best is trial 15 with value: 0.855349814504744.[0m
Best trial: 15. Best value: 0.85535:  27%|##7       | 27/100 [01:58<05:14,  4.31s/it]Best trial: 15. Best value: 0.85535:  27%|##7       | 27/100 [01:58<05:14,  4.31s/it]Best trial: 15. Best value: 0.85535:  28%|##8       | 28/100 [01:58<05:03,  4.22s/it]                                                                                     [32m[I 2026-07-27 14:18:57,130][0m Trial 28 finished with value: 0.8506681112314914 and parameters: {'learning_rate': 0.11215227339892656, 'max_depth': 2, 'subsample': 0.8146004688643569, 'colsample_bytree': 0.8144445463436769, 'reg_alpha': 0.1053824921592174, 'reg_lambda': 0.8277037671824798}. Best is trial 15 with value: 0.855349814504744.[0m
Best trial: 15. Best value: 0.85535:  28%|##8       | 28/100 [02:02<05:03,  4.22s/it]Best trial: 15. Best value: 0.85535:  28%|##8       | 28/100 [02:02<05:03,  4.22s/it]Best trial: 15. Best value: 0.85535:  29%|##9       | 29/100 [02:02<04:53,  4.14s/it]                                                                                     [32m[I 2026-07-27 14:19:01,757][0m Trial 29 finished with value: 0.8506648281296169 and parameters: {'learning_rate': 0.0994468969581894, 'max_depth': 3, 'subsample': 0.8718466499553279, 'colsample_bytree': 0.9906625190801395, 'reg_alpha': 0.08153953895629998, 'reg_lambda': 1.097674368147906}. Best is trial 15 with value: 0.855349814504744.[0m
Best trial: 15. Best value: 0.85535:  29%|##9       | 29/100 [02:07<04:53,  4.14s/it]Best trial: 15. Best value: 0.85535:  29%|##9       | 29/100 [02:07<04:53,  4.14s/it]Best trial: 15. Best value: 0.85535:  30%|###       | 30/100 [02:07<04:59,  4.28s/it]                                                                                     [32m[I 2026-07-27 14:19:05,989][0m Trial 30 finished with value: 0.8506615450277422 and parameters: {'learning_rate': 0.1027782037216378, 'max_depth': 2, 'subsample': 0.8934552968298712, 'colsample_bytree': 0.8408785553945801, 'reg_alpha': 0.12141982177499644, 'reg_lambda': 2.10716820311282}. Best is trial 15 with value: 0.855349814504744.[0m
